Protocol version 48
Exe version 1.1.2.7/Stdio (cstrike)
Exe build: 16:23:03 Oct  6 2020 (2369)
Executing ReGameDLL Configuration File 
unknown command "mp_freeforall"
unknown command "mp_maxmoney"
unknown command "mp_round_infinite"
unknown command "mp_hegrenade_penetration"
unknown command "mp_nadedrops"
unknown command "mp_roundrespawn_time"
unknown command "mp_auto_reload_weapons"
unknown command "mp_refill_bpammo_weapons"
unknown command "bot_deathmatch"
unknown command "mp_auto_join_team"
Executing ReGameDLL Configuration File 
unknown command "mp_freeforall"
unknown command "mp_maxmoney"
unknown command "mp_round_infinite"
unknown command "mp_hegrenade_penetration"
unknown command "mp_nadedrops"
unknown command "mp_roundrespawn_time"
unknown command "mp_auto_reload_weapons"
unknown command "mp_refill_bpammo_weapons"
unknown command "bot_deathmatch"
unknown command "mp_auto_join_team"
Server IP address 195.88.208.116:27015
   
   Metamod-r version 1.3.0.128 Copyright (c) 2016-2018 ReHLDS Team (rebuild of original Metamod by Will Day and Jussi Kivilinna)
   Metamod-r comes with ABSOLUTELY NO WARRANTY; for details type `meta gpl'.
   This is free software, and you are welcome to redistribute it
   under certain conditions; type `meta gpl' for details.
   
Metamod-r v1.3.0.128, API (5:13)
Metamod-r build: 17:47:48 Aug 24 2018
Metamod-r from: https://github.com/theAsmodai/metamod-r/commit/0cf2f70

   AMX Mod X version 1.9.0.5271 Copyright (c) 2004-2015 AMX Mod X Development Team 
   AMX Mod X comes with ABSOLUTELY NO WARRANTY; for details type `amxx gpl'.
   This is free software and you are welcome to redistribute it under 
   certain conditions; type 'amxx gpl' for details.
  
[WHB] Version: 1.5.696 Linux (Usage SSE 4.1)
[WHB] Success: Build ReHLDS version defined Linux '2369'
[WHB] Success: Configuration executed.
ReGameDLL version: 5.11.0.420-dev+m
L 04/05/2021 - 20:38:03: -------- Mapchange to jail_float --------
L 04/05/2021 - 20:38:03: [GEOIP] Database info: GeoLite2 Country database 2.0
[ReAimDetector] Version: 0.2.2 Linux 'Counter-Strike 1.6'
[ReAimDetector] Success: Build ReHLDS version defined Linux '2369'.
Executing ReGameDLL Configuration File 
unknown command "bot_deathmatch"
Executing ReGameDLL Configuration File 
unknown command "bot_deathmatch"
unknown command "amx_default_access"
unknown command "amx_password_field"
unknown command "amx_mode"
unknown command "amx_show_activity"
unknown command "amx_imessage"
unknown command "amx_freq_imessage"
unknown command "amx_plmenu_bantimes"
unknown command "amx_tempban_maxtime"
unknown command "amx_plmenu_slapdmg"
unknown command "amx_flood_time"
unknown command "amx_reservation"
unknown command "amx_hideslots"
unknown command "amx_time_display"
unknown command "amx_time_voice"
unknown command "amx_vote_delay"
unknown command "amx_vote_time"
unknown command "amx_vote_answers"
unknown command "amx_votekick_ratio"
unknown command "amx_voteban_ratio"
unknown command "amx_votemap_ratio"
unknown command "amx_vote_ratio"
unknown command "amx_extendmap_max"
unknown command "amx_extendmap_step"
unknown command "amx_language_display_msg"
unknown command "amx_help_display_msg"
unknown command "amx_help_display_msg_time"
unknown command "amx_help_amount_per_page"
unknown command "amx_statsx_duration"
unknown command "amx_statsx_freeze"
unknown command "amx_restrmapsettings"
unknown command "fb_kick_delay"
unknown command "fb_server_name"
unknown command "fb_sql_table"
unknown command "fb_sql_log_table"
unknown command "fb_ip_ban_time"
unknown command "fb_showhud"
unknown command "fb_offline_time"
unknown command "fb_unban_self"
unknown command "fb_unban_all"
unknown command "fb_oldmap_players"
unknown command "fb_bantime_access"
unknown command "fb_adminrcon_flag"
unknown command "fb_bantime_limit"
unknown command "fb_use_sql"
unknown command "fb_nvault_clear"
unknown command "fb_force_check"
unknown command "fb_cachetime"
unknown command "fb_oldkickinfo"
unknown command "fb_logtype"
unknown command "fb_loglevel"
unknown command "fb_logdays"
unknown command "fb_use_russian"
unknown command "fb_sql_clear"
unknown command "fb_subnet_except_ucp"
unknown command "fb_subnet_clients"
unknown command "fb_prefix_clients"
unknown command "fb_rec_snet"
unknown command "fb_rec_snet_time"
unknown command "fb_rec_snet_count"
unknown command "fb_rec_snet_bt"
unknown command "fb_subnet_recheck"
unknown command "fb_rec_snet_level"
unknown command "fb_cachetime_kick"
unknown command "fb_cacheonly"
unknown command "fb_showchat"
unknown command "fb_chatinfo"
unknown command "fb_hudinfo"
unknown command "fb_hudcolor"
unknown command "fb_hudpos"
unknown command "fb_serveronly"
unknown command "fb_confirmchat"
unknown command "fb_locknames"
unknown command "fb_newmenu"
unknown command "fb_show_bb"
unknown command "fb_noip_as_allip"
unknown command "fb_longtime_allservers"
unknown command "fb_force_bantype_ip"
unknown command "fb_no_confirm"
unknown command "fb_lock_def_time"
unknown command "fb_customreason_first"
unknown command "fb_customreason_flag"
unknown command "fb_plugin_prefix"
unknown command "fb_plugin_hprefix"
unknown command "fb_menu_nick_addons"
unknown command "fb_acp_admin_uid"
unknown command "fb_kick_all_from_ip"
unknown command "fb_positive_cache_mc"
unknown command "fb_menufilters"
unknown command "fb_menusort"
unknown command "amx_password_field"
unknown command "amx_amxadmins_table"
unknown command "amx_admins_table"
unknown command "fb_adminban_flag"
unknown command "amx_mode"
unknown command "amx_imessage"
unknown command "amx_freq_imessage"
unknown command "amx_plmenu_bantimes"
unknown command "amx_tempban_maxtime"
unknown command "amx_plmenu_slapdmg"
unknown command "amx_flood_time"
unknown command "amx_reservation"
unknown command "amx_hideslots"
unknown command "amx_time_display"
unknown command "amx_time_voice"
unknown command "amx_extendmap_max"
unknown command "amx_extendmap_step"
unknown command "amx_language_display_msg"
unknown command "amx_help_display_msg"
unknown command "amx_help_display_msg_time"
unknown command "amx_help_amount_per_page"
unknown command "amx_statsx_duration"
unknown command "amx_statsx_freeze"
unknown command "amx_restrmapsettings"
IP Подошёл.
L 04/05/2021 - 20:38:04: [colored_translit_config.amxx] Can't add menu item "Настройки чата" from plugin "Colored Translit Config" to menu set because the Menus Front-End plugin itself is not loaded!
L 04/05/2021 - 20:38:04: [map_chooser_14.amxx] Загружено 47 карт из addons/amxmodx/configs/maps.ini
L 04/05/2021 - 20:38:04: [map_chooser_14.amxx] Режим сортировки карт по онлайну выключен!
========== [Colored Translit] START SET FCVAR ==========
=========== [Colored Translit] END SET FCVAR ===========
=========== [Colored Translit] START DEBUG =============
[Colored Translit] Translit File Loaded. Symbols: 65
[Colored Translit] Swear File Loaded. Swears: 0
[Colored Translit] Replace File Loaded. Replacements: 1
[Colored Translit] Ignore File Loaded. Ignore Words: 35
[Colored Translit] Spam File Loaded. Spam Words: 172
[Colored Translit] Cheat File Loaded. Cheat Words: 206
[Colored Translit] Config File Executed. Version: 3.0
=========== [Colored Translit] END DEBUG ===============
[COVID mode]: Everything is fine! The configuration file is loaded! 
unknown command "vk"
couldn't exec addons/amxmodx/configs/jb_standard/all_cvars.cfg
unknown command "jbe_last_prisoner_money"
unknown command "jbe_vip_discount_shop"
L 04/05/2021 - 20:38:05: [admin_loader_for_fb.amxx] Загружено 15 администраторов из MySQL
Server logging data to file logs/L0405036.log
L 04/05/2021 - 20:38:05: Log file started (file "logs/L0405036.log") (game "cstrike") (version "48/1.1.2.7/Stdio/2369")
unknown command "sv_logecho"
unknown command "sv_logfile"
L 04/05/2021 - 20:38:05: Server cvar "mp_logdetail" = "3"
unknown command "mp_autocrosshair"
L 04/05/2021 - 20:38:05: Server cvar "sv_aim" = "0"
unknown command "sv_airmove"
unknown command "sv_voicequality"
unknown command "sv_voicecodec"
unknown command "amx_extendmap_max"
unknown command "amx_extendmap_step"
unknown command "cam_change"
unknown command "cam_connect"
unknown command "cam_message"
unknown command "sid_url"
unknown command "]fastcup.net/rating.html"
unknown command "precache_hl"
unknown command "precache_weapons"
unknown command "amx_extendmap_max"
unknown command "amx_extendmap_step"
unknown command "sv_consistency"
unknown command "amx_amxadmins_table"
unknown command "amx_admins_table"
L 04/05/2021 - 20:38:05: [pluginmenu.amxx] Can't add menu item "Plugin Cvars" from plugin "pluginmenu.amxx" to menu set because the Menus Front-End plugin itself is not loaded!
L 04/05/2021 - 20:38:05: [pluginmenu.amxx] Can't add menu item "Plugin Commands" from plugin "pluginmenu.amxx" to menu set because the Menus Front-End plugin itself is not loaded!
Connection to Steam servers successful.
fsdfsd - 1 - 1
   VAC secure mode disabled.
L 04/05/2021 - 20:38:06: [AMXX] Plugin ("gamecms_skins.amxx") is setting itself as failed.
L 04/05/2021 - 20:38:06: [AMXX] Plugin says: Can't connect to MySQL server on '45.136.56.141' (4)
L 04/05/2021 - 20:38:06: [AMXX] Run time error 1 (plugin "gamecms_skins.amxx") - forced exit
L 04/05/2021 - 20:38:08: "AMER<1><STEAM_1:0:1820957786><>" connected, address "84.54.92.26:36195"
L 04/05/2021 - 20:38:10: "S1mple<2><STEAM_1:0:2062532975><>" connected, address "178.121.83.152:17655"
L 04/05/2021 - 20:38:11: [admin_loader_for_fb.amxx] Login: "S1mple<2><STEAM_1:0:2062532975><>" became an admin (account "S1mple") (nickname "S1mple") (access "adgiklprst") (address "178.121.83.152")
L 04/05/2021 - 20:38:11: Admin S1mple connected, ip: 178.121.83.152, Steam_ID: STEAM_1:0:2062532975
L 04/05/2021 - 20:38:11: "S1mple<2><STEAM_1:0:2062532975><>" entered the game
L 04/05/2021 - 20:38:12: "AMER<1><STEAM_1:0:1820957786><>" entered the game
L 04/05/2021 - 20:38:13: "S1mple<2><STEAM_1:0:2062532975><>" joined team "CT"
L 04/05/2021 - 20:38:13: World triggered "Round_Draw" (CT "0") (T "0")
L 04/05/2021 - 20:38:13: World triggered "Round_End"
L 04/05/2021 - 20:38:13: World triggered "Round_Start"
L 04/05/2021 - 20:38:13: "<<<Kostya>>><3><STEAM_1:0:894493262><>" connected, address "94.241.222.37:27005"
L 04/05/2021 - 20:38:14: "AMER<1><STEAM_1:0:1820957786><>" joined team "TERRORIST"
L 04/05/2021 - 20:38:15: "<<<Kostya>>><3><STEAM_1:0:894493262><>" entered the game
L 04/05/2021 - 20:38:18: World triggered "Round_Start"
L 04/05/2021 - 20:38:18: "<<<Kostya>>><3><STEAM_1:0:894493262><>" joined team "TERRORIST"
L 04/05/2021 - 20:38:18: World triggered "Game_Commencing"
L 04/05/2021 - 20:38:18: World triggered "Game_Commencing" (CT "0") (T "0")
L 04/05/2021 - 20:38:18: World triggered "Round_End"
L 04/05/2021 - 20:38:21: World triggered "Round_Start"
L 04/05/2021 - 20:38:45: "AMER<1><STEAM_1:0:1820957786><TERRORIST>" committed suicide with "worldspawn" (world)
L 04/05/2021 - 20:38:47: "<<<Kostya>>><3><STEAM_1:0:894493262><TERRORIST>" committed suicide with "worldspawn" (world)
L 04/05/2021 - 20:38:47: Team "CT" triggered "CTs_Win" (CT "1") (T "0")
L 04/05/2021 - 20:38:47: World triggered "Round_End"
L 04/05/2021 - 20:38:49: Server cvar "sv_restart" = "5"
L 04/05/2021 - 20:38:49: World triggered "Restart_Round_(5_seconds)"
L 04/05/2021 - 20:38:49: Team "CT" scored "1" with "1" players
L 04/05/2021 - 20:38:49: Team "TERRORIST" scored "0" with "2" players
L 04/05/2021 - 20:38:49: Server cvar "sv_restart" = "0"
L 04/05/2021 - 20:38:54: World triggered "Round_Start"
L 04/05/2021 - 20:38:58: "кусь<4><STEAM_1:0:338546087><>" connected, address "178.47.71.88:1727"
L 04/05/2021 - 20:39:04: "кусь<4><STEAM_1:0:338546087><>" entered the game
L 04/05/2021 - 20:39:09: "кусь<4><STEAM_1:0:338546087><>" joined team "TERRORIST"
L 04/05/2021 - 20:40:05: Kick: "кусь<4><STEAM_1:0:338546087><>" was kicked by "Console" (message ""Вы были кикнуты из-за плохого соединения"")
L 04/05/2021 - 20:40:05: "кусь<4><STEAM_1:0:338546087><TERRORIST>" triggered "time" (time "1:00")
L 04/05/2021 - 20:40:05: "кусь<4><STEAM_1:0:338546087><TERRORIST>" triggered "latency" (ping "260")
L 04/05/2021 - 20:40:05: "кусь<4><STEAM_1:0:338546087><TERRORIST>" disconnected
L 04/05/2021 - 20:40:41: "АДМИН<5><STEAM_1:0:1166240523><>" connected, address "92.51.5.22:56000"
92.51.5.22:56000:reconnect
L 04/05/2021 - 20:40:54: "АДМИН<6><STEAM_1:0:1166240523><>" connected, address "92.51.5.22:56000"
L 04/05/2021 - 20:41:00: "АДМИН<6><STEAM_1:0:1166240523><>" entered the game
L 04/05/2021 - 20:41:11: "АДМИН<6><STEAM_1:0:1166240523><>" joined team "TERRORIST"
L 04/05/2021 - 20:41:30: "AMER<1><STEAM_1:0:1820957786><TERRORIST>" attacked "S1mple<2><STEAM_1:0:2062532975><CT>" with "knife" (damage "27") (damage_armor "2") (health "472") (armor "347")
Rcon from 188.40.73.26:58940:
rcon 513457853 "7K4YVX3KUfT8vzz7YLee-ZUZUzEXQ5ZjkvBrwzcjx" amx_reloadadmins
L 04/05/2021 - 20:41:31: Rcon: "rcon 513457853 "7K4YVX3KUfT8vzz7YLee-ZUZUzEXQ5ZjkvBrwzcjx" amx_reloadadmins" from "188.40.73.26:58940"
L 04/05/2021 - 20:41:31: [admin_loader_for_fb.amxx] Загружено 15 администраторов из MySQL
L 04/05/2021 - 20:41:31: [admin_loader_for_fb.amxx] Login: "S1mple<2><STEAM_1:0:2062532975><>" became an admin (account "S1mple") (nickname "S1mple") (access "adgiklprst") (address "178.121.83.152")
L 04/05/2021 - 20:41:34: "minibam<7><STEAM_0:1:189314915><>" connected, address "92.38.70.91:5055"
L 04/05/2021 - 20:41:34: "minibam<7><STEAM_0:1:189314915><>" STEAM USERID validated
L 04/05/2021 - 20:41:36: [admin_loader_for_fb.amxx] Login: "minibam<7><STEAM_0:1:189314915><>" became an admin (account "minibam") (nickname "minibam") (access "abcdefghjklopqrstuw") (address "92.38.70.91")
L 04/05/2021 - 20:41:36: Admin minibam connected, ip: 92.38.70.91, Steam_ID: STEAM_0:1:189314915
L 04/05/2021 - 20:41:36: "minibam<7><STEAM_0:1:189314915><>" entered the game
L 04/05/2021 - 20:41:42: [map_chooser_14.amxx] Администратор minibam запустил досрочную смену карты
L 04/05/2021 - 20:41:44: "minibam<7><STEAM_0:1:189314915><>" joined team "TERRORIST"
L 04/05/2021 - 20:41:49: "АДМИН<6><STEAM_1:0:1166240523><TERRORIST>" triggered "time" (time "0:48")
L 04/05/2021 - 20:41:49: "АДМИН<6><STEAM_1:0:1166240523><TERRORIST>" triggered "latency" (ping "41")
L 04/05/2021 - 20:41:49: "АДМИН<6><STEAM_1:0:1166240523><TERRORIST>" disconnected
L 04/05/2021 - 20:41:56: "AMER<1><STEAM_1:0:1820957786><TERRORIST>" committed suicide with "worldspawn" (world)
L 04/05/2021 - 20:42:02: "<<<Kostya>>><3><STEAM_1:0:894493262><TERRORIST>" committed suicide with "world"
L 04/05/2021 - 20:42:02: Team "CT" triggered "CTs_Win" (CT "1") (T "0")
L 04/05/2021 - 20:42:02: World triggered "Round_End"
L 04/05/2021 - 20:42:06: "S1mple<2><STEAM_1:0:2062532975><CT>" triggered "time" (time "3:54")
L 04/05/2021 - 20:42:06: "S1mple<2><STEAM_1:0:2062532975><CT>" triggered "latency" (ping "47")
L 04/05/2021 - 20:42:06: "S1mple<2><STEAM_1:0:2062532975><CT>" disconnected
L 04/05/2021 - 20:42:07: Server cvar "mp_freezetime" = "15"
L 04/05/2021 - 20:42:11: [map_chooser_14.amxx] [Start VoteMap] Голосование началось...
L 04/05/2021 - 20:42:12: "<<<Kostya>>><3><STEAM_1:0:894493262><TERRORIST>" triggered "weaponstats" (weapon "knife") (shots "5") (hits "0") (kills "0") (headshots "0") (tks "0") (damage "0") (deaths "0")
L 04/05/2021 - 20:42:12: "<<<Kostya>>><3><STEAM_1:0:894493262><TERRORIST>" triggered "weaponstats2" (weapon "knife") (head "0") (chest "0") (stomach "0") (leftarm "0") (rightarm "0") (leftleg "0") (rightleg "0")
L 04/05/2021 - 20:42:12: "<<<Kostya>>><3><STEAM_1:0:894493262><TERRORIST>" triggered "time" (time "3:57")
L 04/05/2021 - 20:42:12: "<<<Kostya>>><3><STEAM_1:0:894493262><TERRORIST>" triggered "latency" (ping "44")
L 04/05/2021 - 20:42:12: "<<<Kostya>>><3><STEAM_1:0:894493262><TERRORIST>" disconnected
L 04/05/2021 - 20:42:21: [map_chooser_14.amxx] [End VoteMap] Голосование завершено jail_saintgeorge_v2
L 04/05/2021 - 20:42:21: Server cvar "mp_freezetime" = "0"
L 04/05/2021 - 20:42:22: World triggered "Round_Start"
L 04/05/2021 - 20:42:24: "AMER<1><STEAM_1:0:1820957786><TERRORIST>" triggered "weaponstats" (weapon "knife") (shots "4") (hits "1") (kills "0") (headshots "0") (tks "0") (damage "27") (deaths "0")
L 04/05/2021 - 20:42:24: "AMER<1><STEAM_1:0:1820957786><TERRORIST>" triggered "weaponstats2" (weapon "knife") (head "0") (chest "0") (stomach "0") (leftarm "0") (rightarm "0") (leftleg "0") (rightleg "0")
L 04/05/2021 - 20:42:24: "AMER<1><STEAM_1:0:1820957786><TERRORIST>" triggered "time" (time "4:12")
L 04/05/2021 - 20:42:24: "AMER<1><STEAM_1:0:1820957786><TERRORIST>" triggered "latency" (ping "84")
L 04/05/2021 - 20:42:24: "minibam<7><STEAM_0:1:189314915><TERRORIST>" triggered "time" (time "0:48")
L 04/05/2021 - 20:42:24: "minibam<7><STEAM_0:1:189314915><TERRORIST>" triggered "latency" (ping "41")
L 04/05/2021 - 20:42:24: [META] ini: Begin re-reading plugins list: /servers/cs/1001/cstrike/addons/metamod/plugins.ini
L 04/05/2021 - 20:42:24: [META] ini: Read plugin config for: AMX Mod X
L 04/05/2021 - 20:42:24: [META] ini: Read plugin config for: Reunion
L 04/05/2021 - 20:42:24: [META] ini: Read plugin config for: WHBlocker
L 04/05/2021 - 20:42:24: [META] ini: Read plugin config for: Revoice
L 04/05/2021 - 20:42:24: [META] ini: Finished reading plugins list: /servers/cs/1001/cstrike/addons/metamod/plugins.ini; Found 4 plugins
L 04/05/2021 - 20:42:24: [META] dll: Updating plugins...
L 04/05/2021 - 20:42:24: [META] dll: Finished updating 14 plugins; kept 4, loaded 0, unloaded 0, reloaded 0, delayed 0
L 04/05/2021 - 20:42:24: [META] dll: Rebuilding callbacks...
L 04/05/2021 - 20:42:24: [META] dll: Callbacks rebuilded.
L 04/05/2021 - 20:42:24: "AMER<1><STEAM_1:0:1820957786><TERRORIST>" disconnected
L 04/05/2021 - 20:42:24: "minibam<7><STEAM_0:1:189314915><TERRORIST>" disconnected
L 04/05/2021 - 20:42:24: World triggered "Round_Draw" (CT "1") (T "0")
L 04/05/2021 - 20:42:24: World triggered "Round_End"
L 04/05/2021 - 20:42:24: Log file closed
Server logging data to file logs/L0405037.log
L 04/05/2021 - 20:42:24: Log file started (file "logs/L0405037.log") (game "cstrike") (version "48/1.1.2.7/Stdio/2369")
L 04/05/2021 - 20:42:24: Loading map "jail_saintgeorge_v2"
L 04/05/2021 - 20:42:24: Server cvars start
L 04/05/2021 - 20:42:24: Server cvar "[HR] MapStart Random GameName" = "0.2"
L 04/05/2021 - 20:42:24: Server cvar "admin_loader_version" = "3.4"
L 04/05/2021 - 20:42:24: Server cvar "allow_spectators" = "1"
L 04/05/2021 - 20:42:24: Server cvar "amx_client_languages" = "0"
L 04/05/2021 - 20:42:24: Server cvar "amx_language" = "ru"
L 04/05/2021 - 20:42:24: Server cvar "amxmodx_version" = "1.9.0.5271"
L 04/05/2021 - 20:42:24: Server cvar "antireklama" = "3.0b"
L 04/05/2021 - 20:42:24: Server cvar "banipfakes_version" = "0.2"
L 04/05/2021 - 20:42:24: Server cvar "brick_version" = "m4m3ts"
L 04/05/2021 - 20:42:24: Server cvar "Colored Translit Cheat" = "Loaded"
L 04/05/2021 - 20:42:24: Server cvar "Colored Translit Config" = "Loaded"
L 04/05/2021 - 20:42:24: Server cvar "Colored Translit Ignores" = "Loaded"
L 04/05/2021 - 20:42:24: Server cvar "Colored Translit Replace" = "Loaded"
L 04/05/2021 - 20:42:24: Server cvar "Colored Translit Spam" = "Loaded"
L 04/05/2021 - 20:42:24: Server cvar "Colored Translit Status" = "Loaded"
L 04/05/2021 - 20:42:24: Server cvar "Colored Translit Swear" = "Loaded"
L 04/05/2021 - 20:42:24: Server cvar "Colored Translit Version" = "2.0b Final"
L 04/05/2021 - 20:42:24: Server cvar "coop" = "0"
L 04/05/2021 - 20:42:24: Server cvar "csstatsx_sql" = "0.7.4"
L 04/05/2021 - 20:42:24: Server cvar "deathmatch" = "1"
L 04/05/2021 - 20:42:24: Server cvar "decalfrequency" = "30"
L 04/05/2021 - 20:42:24: Server cvar "edgefriction" = "2"
L 04/05/2021 - 20:42:24: Server cvar "ff_damage_reduction_bullets" = "0.35"
L 04/05/2021 - 20:42:24: Server cvar "ff_damage_reduction_grenade" = "0.25"
L 04/05/2021 - 20:42:24: Server cvar "ff_damage_reduction_grenade_self" = "1"
L 04/05/2021 - 20:42:24: Server cvar "ff_damage_reduction_other" = "0.25"
L 04/05/2021 - 20:42:24: Server cvar "game_version" = "5.11.0.420-dev+m"
L 04/05/2021 - 20:42:24: Server cvar "humans_join_team" = "any"
L 04/05/2021 - 20:42:24: Server cvar "max_queries_sec" = "3.0"
L 04/05/2021 - 20:42:24: Server cvar "max_queries_sec_global" = "30"
L 04/05/2021 - 20:42:24: Server cvar "max_queries_window" = "60"
L 04/05/2021 - 20:42:24: Server cvar "metamod_version" = "1.3.0.128"
L 04/05/2021 - 20:42:24: Server cvar "mp_afk_bomb_drop_time" = "0"
L 04/05/2021 - 20:42:24: Server cvar "mp_autokick" = "0"
L 04/05/2021 - 20:42:24: Server cvar "mp_autokick_timeout" = "-1"
L 04/05/2021 - 20:42:24: Server cvar "mp_autoteambalance" = "0"
L 04/05/2021 - 20:42:24: Server cvar "mp_buy_anywhere" = "0"
L 04/05/2021 - 20:42:24: Server cvar "mp_buytime" = "0"
L 04/05/2021 - 20:42:24: Server cvar "mp_c4timer" = "0"
L 04/05/2021 - 20:42:24: Server cvar "mp_chattime" = "10"
L 04/05/2021 - 20:42:24: Server cvar "mp_consistency" = "0"
L 04/05/2021 - 20:42:24: Server cvar "mp_fadetoblack" = "0"
L 04/05/2021 - 20:42:24: Server cvar "mp_flashlight" = "1"
L 04/05/2021 - 20:42:24: Server cvar "mp_footsteps" = "1"
L 04/05/2021 - 20:42:24: Server cvar "mp_forcecamera" = "2"
L 04/05/2021 - 20:42:24: Server cvar "mp_forcechasecam" = "1"
L 04/05/2021 - 20:42:24: Server cvar "mp_forcerespawn" = "0"
L 04/05/2021 - 20:42:24: Server cvar "mp_fraglimit" = "0"
L 04/05/2021 - 20:42:24: Server cvar "mp_fragsleft" = "0"
L 04/05/2021 - 20:42:24: Server cvar "mp_freeforall" = "0"
L 04/05/2021 - 20:42:24: Server cvar "mp_freezetime" = "0"
L 04/05/2021 - 20:42:24: Server cvar "mp_friendlyfire" = "1"
L 04/05/2021 - 20:42:24: Server cvar "mp_hostage_hurtable" = "1"
L 04/05/2021 - 20:42:24: Server cvar "mp_hostagepenalty" = "0"
L 04/05/2021 - 20:42:24: Server cvar "mp_infinite_ammo" = "0"
L 04/05/2021 - 20:42:24: Server cvar "mp_infinite_grenades" = "0"
L 04/05/2021 - 20:42:24: Server cvar "mp_item_staytime" = "300"
L 04/05/2021 - 20:42:24: Server cvar "mp_kickpercent" = "0.66"
L 04/05/2021 - 20:42:24: Server cvar "mp_limitteams" = "45"
L 04/05/2021 - 20:42:24: Server cvar "mp_logdetail" = "3"
L 04/05/2021 - 20:42:24: Server cvar "mp_logfile" = "1"
L 04/05/2021 - 20:42:24: Server cvar "mp_logmessages" = "1"
L 04/05/2021 - 20:42:24: Server cvar "mp_mapvoteratio" = "0.66"
L 04/05/2021 - 20:42:24: Server cvar "mp_maxmoney" = "16000"
L 04/05/2021 - 20:42:24: Server cvar "mp_maxrounds" = "0"
L 04/05/2021 - 20:42:24: Server cvar "mp_mirrordamage" = "0"
L 04/05/2021 - 20:42:24: Server cvar "mp_playerid" = "0"
L 04/05/2021 - 20:42:24: Server cvar "mp_radio_maxinround" = "60"
L 04/05/2021 - 20:42:24: Server cvar "mp_radio_timeout" = "1.5"
L 04/05/2021 - 20:42:24: Server cvar "mp_respawn_immunity_effects" = "1"
L 04/05/2021 - 20:42:24: Server cvar "mp_respawn_immunitytime" = "0"
L 04/05/2021 - 20:42:24: Server cvar "mp_round_infinite" = "0"
L 04/05/2021 - 20:42:24: Server cvar "mp_round_restart_delay" = "5"
L 04/05/2021 - 20:42:24: Server cvar "mp_roundover" = "0"
L 04/05/2021 - 20:42:24: Server cvar "mp_roundtime" = "0"
L 04/05/2021 - 20:42:24: Server cvar "mp_show_scenarioicon" = "0"
L 04/05/2021 - 20:42:24: Server cvar "mp_startmoney" = "1"
L 04/05/2021 - 20:42:24: Server cvar "mp_timeleft" = "41:29"
L 04/05/2021 - 20:42:24: Server cvar "mp_timelimit" = "45"
L 04/05/2021 - 20:42:24: Server cvar "mp_tkpunish" = "0"
L 04/05/2021 - 20:42:24: Server cvar "mp_windifference" = "1"
L 04/05/2021 - 20:42:24: Server cvar "mp_winlimit" = "0"
L 04/05/2021 - 20:42:24: Server cvar "pausable" = "0"
L 04/05/2021 - 20:42:24: Server cvar "reaimdetector_version" = "0.2.2"
L 04/05/2021 - 20:42:24: Server cvar "reu_version" = "0.1.0.92"
L 04/05/2021 - 20:42:24: Server cvar "revoice_version" = "0.1.0.32"
L 04/05/2021 - 20:42:24: Server cvar "sam_version" = "1.0"
L 04/05/2021 - 20:42:24: Server cvar "SpecList" = "1.3"
L 04/05/2021 - 20:42:24: Server cvar "sv_accelerate" = "5"
L 04/05/2021 - 20:42:24: Server cvar "sv_aim" = "0"
L 04/05/2021 - 20:42:24: Server cvar "sv_airaccelerate" = "10"
L 04/05/2021 - 20:42:24: Server cvar "sv_allowupload" = "1"
L 04/05/2021 - 20:42:24: Server cvar "sv_alltalk" = "1"
L 04/05/2021 - 20:42:24: Server cvar "sv_bounce" = "1"
L 04/05/2021 - 20:42:24: Server cvar "sv_cheats" = "0"
L 04/05/2021 - 20:42:24: Server cvar "sv_clienttrace" = "1"
L 04/05/2021 - 20:42:24: Server cvar "sv_contact" = ""
L 04/05/2021 - 20:42:24: Server cvar "sv_friction" = "4"
L 04/05/2021 - 20:42:24: Server cvar "sv_gravity" = "800"
L 04/05/2021 - 20:42:24: Server cvar "sv_logblocks" = "0"
L 04/05/2021 - 20:42:24: Server cvar "sv_maxrate" = "100000"
L 04/05/2021 - 20:42:24: Server cvar "sv_maxspeed" = "320"
L 04/05/2021 - 20:42:24: Server cvar "sv_minrate" = "15000"
L 04/05/2021 - 20:42:24: Server cvar "sv_password" = ""
L 04/05/2021 - 20:42:24: Server cvar "sv_proxies" = "1"
L 04/05/2021 - 20:42:24: Server cvar "sv_restart" = "0"
L 04/05/2021 - 20:42:24: Server cvar "sv_restartround" = "0"
L 04/05/2021 - 20:42:24: Server cvar "sv_stepsize" = "18"
L 04/05/2021 - 20:42:24: Server cvar "sv_stopspeed" = "75"
L 04/05/2021 - 20:42:24: Server cvar "sv_uploadmax" = "0.5"
L 04/05/2021 - 20:42:24: Server cvar "sv_version" = "1.1.2.7/Stdio,48,2369"
L 04/05/2021 - 20:42:24: Server cvar "sv_voiceenable" = "1"
L 04/05/2021 - 20:42:24: Server cvar "sv_wateraccelerate" = "10"
L 04/05/2021 - 20:42:24: Server cvar "sv_waterfriction" = "1"
L 04/05/2021 - 20:42:24: Server cvar "whb_version" = "1.5.696"
L 04/05/2021 - 20:42:24: Server cvars end
L 04/05/2021 - 20:42:25: -------- Mapchange to jail_saintgeorge_v2 --------
L 04/05/2021 - 20:42:25: Server cvar "sv_maxspeed" = "900"
Executing ReGameDLL Configuration File 
unknown command "bot_deathmatch"
Executing ReGameDLL Configuration File 
unknown command "bot_deathmatch"
unknown command "amx_mode"
unknown command "amx_reservation"
unknown command "amx_hideslots"
unknown command "amx_time_display"
unknown command "amx_time_voice"
unknown command "amx_extendmap_max"
unknown command "amx_extendmap_step"
unknown command "amx_language_display_msg"
unknown command "amx_help_display_msg"
unknown command "amx_help_display_msg_time"
unknown command "amx_help_amount_per_page"
unknown command "amx_statsx_duration"
unknown command "amx_statsx_freeze"
unknown command "amx_restrmapsettings"
unknown command "amx_amxadmins_table"
unknown command "amx_admins_table"
unknown command "amx_mode"
unknown command "amx_reservation"
unknown command "amx_hideslots"
unknown command "amx_time_display"
unknown command "amx_time_voice"
unknown command "amx_extendmap_max"
unknown command "amx_extendmap_step"
unknown command "amx_language_display_msg"
unknown command "amx_help_display_msg"
unknown command "amx_help_display_msg_time"
unknown command "amx_help_amount_per_page"
unknown command "amx_statsx_duration"
unknown command "amx_statsx_freeze"
unknown command "amx_restrmapsettings"
IP Подошёл.
L 04/05/2021 - 20:42:26: [colored_translit_config.amxx] Can't add menu item "Настройки чата" from plugin "Colored Translit Config" to menu set because the Menus Front-End plugin itself is not loaded!
L 04/05/2021 - 20:42:26: [map_chooser_14.amxx] Загружено 47 карт из addons/amxmodx/configs/maps.ini
L 04/05/2021 - 20:42:26: [map_chooser_14.amxx] Режим сортировки карт по онлайну выключен!
========== [Colored Translit] START SET FCVAR ==========
=========== [Colored Translit] END SET FCVAR ===========
=========== [Colored Translit] START DEBUG =============
[Colored Translit] Translit File Loaded. Symbols: 65
[Colored Translit] Swear File Loaded. Swears: 0
[Colored Translit] Replace File Loaded. Replacements: 1
[Colored Translit] Ignore File Loaded. Ignore Words: 35
[Colored Translit] Spam File Loaded. Spam Words: 172
[Colored Translit] Cheat File Loaded. Cheat Words: 206
[Colored Translit] Config File Executed. Version: 3.0
=========== [Colored Translit] END DEBUG ===============
[COVID mode]: Everything is fine! The configuration file is loaded! 
unknown command "vk"
couldn't exec addons/amxmodx/configs/jb_standard/all_cvars.cfg
unknown command "jbe_last_prisoner_money"
unknown command "jbe_vip_discount_shop"
L 04/05/2021 - 20:42:26: [csstatsx_sql.amxx] deleted 1 inactive entries
L 04/05/2021 - 20:42:26: [admin_loader_for_fb.amxx] Загружено 15 администраторов из MySQL
L 04/05/2021 - 20:42:26: Started map "jail_saintgeorge_v2" (CRC "-312253489")
L 04/05/2021 - 20:42:26: Server cvar "sv_maxspeed" = "320"
L 04/05/2021 - 20:42:26: Server cvar "mp_logdetail" = "1"
L 04/05/2021 - 20:42:26: Log file closed
Server logging data to file logs/L0405038.log
L 04/05/2021 - 20:42:26: Log file started (file "logs/L0405038.log") (game "cstrike") (version "48/1.1.2.7/Stdio/2369")
unknown command "sv_logecho"
unknown command "sv_logfile"
L 04/05/2021 - 20:42:26: Server cvar "mp_logdetail" = "3"
unknown command "mp_autocrosshair"
unknown command "sv_airmove"
unknown command "sv_voicequality"
unknown command "sv_voicecodec"
unknown command "amx_extendmap_max"
unknown command "amx_extendmap_step"
unknown command "cam_change"
unknown command "cam_connect"
unknown command "cam_message"
unknown command "sid_url"
unknown command "]fastcup.net/rating.html"
unknown command "precache_hl"
unknown command "precache_weapons"
unknown command "amx_extendmap_max"
unknown command "amx_extendmap_step"
unknown command "sv_consistency"
fsdfsd - 1 - 1
unknown command "amx_amxadmins_table"
unknown command "amx_admins_table"
L 04/05/2021 - 20:42:26: [pluginmenu.amxx] Can't add menu item "Plugin Cvars" from plugin "pluginmenu.amxx" to menu set because the Menus Front-End plugin itself is not loaded!
L 04/05/2021 - 20:42:26: [pluginmenu.amxx] Can't add menu item "Plugin Commands" from plugin "pluginmenu.amxx" to menu set because the Menus Front-End plugin itself is not loaded!
L 04/05/2021 - 20:42:26: [AMXX] Plugin ("gamecms_skins.amxx") is setting itself as failed.
L 04/05/2021 - 20:42:26: [AMXX] Plugin says: Can't connect to MySQL server on '45.136.56.141' (4)
L 04/05/2021 - 20:42:26: [AMXX] Run time error 1 (plugin "gamecms_skins.amxx") - forced exit
L 04/05/2021 - 20:42:27: World triggered "Round_Start"
92.38.70.91:5055:reconnect
L 04/05/2021 - 20:42:29: "minibam<8><STEAM_0:1:189314915><>" connected, address "92.38.70.91:5055"
L 04/05/2021 - 20:42:29: "minibam<8><STEAM_0:1:189314915><>" STEAM USERID validated
L 04/05/2021 - 20:42:31: [admin_loader_for_fb.amxx] Login: "minibam<8><STEAM_0:1:189314915><>" became an admin (account "minibam") (nickname "minibam") (access "abcdefghjklopqrstuw") (address "92.38.70.91")
L 04/05/2021 - 20:42:31: Admin minibam connected, ip: 92.38.70.91, Steam_ID: STEAM_0:1:189314915
L 04/05/2021 - 20:42:31: "minibam<8><STEAM_0:1:189314915><>" entered the game
L 04/05/2021 - 20:42:32: "minibam<8><STEAM_0:1:189314915><>" joined team "TERRORIST"
L 04/05/2021 - 20:42:32: World triggered "Round_Draw" (CT "0") (T "0")
L 04/05/2021 - 20:42:32: World triggered "Round_End"
L 04/05/2021 - 20:42:37: World triggered "Round_Start"
84.54.92.26:36195:reconnect
L 04/05/2021 - 20:42:42: "AMER<9><STEAM_1:0:1820957786><>" connected, address "84.54.92.26:36195"
L 04/05/2021 - 20:42:44: "AMER<9><STEAM_1:0:1820957786><>" entered the game
L 04/05/2021 - 20:42:46: "AMER<9><STEAM_1:0:1820957786><>" joined team "CT"
L 04/05/2021 - 20:42:46: World triggered "Game_Commencing"
L 04/05/2021 - 20:42:46: World triggered "Game_Commencing" (CT "0") (T "0")
L 04/05/2021 - 20:42:46: World triggered "Round_End"
L 04/05/2021 - 20:42:49: World triggered "Round_Start"
L 04/05/2021 - 20:42:56: "AMER<9><STEAM_1:0:1820957786><CT>" attacked "minibam<8><STEAM_0:1:189314915><TERRORIST>" with "knife" (damage "65") (damage_armor "0") (health "35") (armor "0")
L 04/05/2021 - 20:42:57: "AMER<9><STEAM_1:0:1820957786><CT>" attacked "minibam<8><STEAM_0:1:189314915><TERRORIST>" with "knife" (damage "65") (damage_armor "0") (health "-30") (armor "0")
L 04/05/2021 - 20:42:57: "AMER<9><STEAM_1:0:1820957786><CT>" killed "minibam<8><STEAM_0:1:189314915><TERRORIST>" with "knife"
L 04/05/2021 - 20:42:57: Team "CT" triggered "CTs_Win" (CT "1") (T "0")
L 04/05/2021 - 20:42:57: World triggered "Round_End"
