Protocol version 48
Exe version 1.1.2.7/Stdio (cstrike)
Exe build: 16:23:03 Oct  6 2020 (2369)
Executing ReGameDLL Configuration File 
unknown command "mp_freeforall"
unknown command "mp_maxmoney"
unknown command "mp_round_infinite"
unknown command "mp_hegrenade_penetration"
unknown command "mp_nadedrops"
unknown command "mp_roundrespawn_time"
unknown command "mp_auto_reload_weapons"
unknown command "mp_refill_bpammo_weapons"
unknown command "bot_deathmatch"
unknown command "mp_auto_join_team"
Executing ReGameDLL Configuration File 
unknown command "mp_freeforall"
unknown command "mp_maxmoney"
unknown command "mp_round_infinite"
unknown command "mp_hegrenade_penetration"
unknown command "mp_nadedrops"
unknown command "mp_roundrespawn_time"
unknown command "mp_auto_reload_weapons"
unknown command "mp_refill_bpammo_weapons"
unknown command "bot_deathmatch"
unknown command "mp_auto_join_team"
Server IP address 195.88.208.116:27015
   
   Metamod-r version 1.3.0.128 Copyright (c) 2016-2018 ReHLDS Team (rebuild of original Metamod by Will Day and Jussi Kivilinna)
   Metamod-r comes with ABSOLUTELY NO WARRANTY; for details type `meta gpl'.
   This is free software, and you are welcome to redistribute it
   under certain conditions; type `meta gpl' for details.
   
Metamod-r v1.3.0.128, API (5:13)
Metamod-r build: 17:47:48 Aug 24 2018
Metamod-r from: https://github.com/theAsmodai/metamod-r/commit/0cf2f70

   AMX Mod X version 1.9.0.5271 Copyright (c) 2004-2015 AMX Mod X Development Team 
   AMX Mod X comes with ABSOLUTELY NO WARRANTY; for details type `amxx gpl'.
   This is free software and you are welcome to redistribute it under 
   certain conditions; type 'amxx gpl' for details.
  
[WHB] Version: 1.5.696 Linux (Usage SSE 4.1)
[WHB] Success: Build ReHLDS version defined Linux '2369'
[WHB] Success: Configuration executed.
ReGameDLL version: 5.11.0.420-dev+m
L 04/05/2021 - 20:31:03: -------- Mapchange to jail_float --------
L 04/05/2021 - 20:31:03: [GEOIP] Database info: GeoLite2 Country database 2.0
[ReAimDetector] Version: 0.2.2 Linux 'Counter-Strike 1.6'
[ReAimDetector] Success: Build ReHLDS version defined Linux '2369'.
Executing ReGameDLL Configuration File 
unknown command "bot_deathmatch"
Executing ReGameDLL Configuration File 
unknown command "bot_deathmatch"
unknown command "amx_default_access"
unknown command "amx_password_field"
unknown command "amx_mode"
unknown command "amx_show_activity"
unknown command "amx_imessage"
unknown command "amx_freq_imessage"
unknown command "amx_plmenu_bantimes"
unknown command "amx_tempban_maxtime"
unknown command "amx_plmenu_slapdmg"
unknown command "amx_flood_time"
unknown command "amx_reservation"
unknown command "amx_hideslots"
unknown command "amx_time_display"
unknown command "amx_time_voice"
unknown command "amx_vote_delay"
unknown command "amx_vote_time"
unknown command "amx_vote_answers"
unknown command "amx_votekick_ratio"
unknown command "amx_voteban_ratio"
unknown command "amx_votemap_ratio"
unknown command "amx_vote_ratio"
unknown command "amx_extendmap_max"
unknown command "amx_extendmap_step"
unknown command "amx_language_display_msg"
unknown command "amx_help_display_msg"
unknown command "amx_help_display_msg_time"
unknown command "amx_help_amount_per_page"
unknown command "amx_statsx_duration"
unknown command "amx_statsx_freeze"
unknown command "amx_restrmapsettings"
unknown command "fb_kick_delay"
unknown command "fb_server_name"
unknown command "fb_sql_table"
unknown command "fb_sql_log_table"
unknown command "fb_ip_ban_time"
unknown command "fb_showhud"
unknown command "fb_offline_time"
unknown command "fb_unban_self"
unknown command "fb_unban_all"
unknown command "fb_oldmap_players"
unknown command "fb_bantime_access"
unknown command "fb_adminrcon_flag"
unknown command "fb_bantime_limit"
unknown command "fb_use_sql"
unknown command "fb_nvault_clear"
unknown command "fb_force_check"
unknown command "fb_cachetime"
unknown command "fb_oldkickinfo"
unknown command "fb_logtype"
unknown command "fb_loglevel"
unknown command "fb_logdays"
unknown command "fb_use_russian"
unknown command "fb_sql_clear"
unknown command "fb_subnet_except_ucp"
unknown command "fb_subnet_clients"
unknown command "fb_prefix_clients"
unknown command "fb_rec_snet"
unknown command "fb_rec_snet_time"
unknown command "fb_rec_snet_count"
unknown command "fb_rec_snet_bt"
unknown command "fb_subnet_recheck"
unknown command "fb_rec_snet_level"
unknown command "fb_cachetime_kick"
unknown command "fb_cacheonly"
unknown command "fb_showchat"
unknown command "fb_chatinfo"
unknown command "fb_hudinfo"
unknown command "fb_hudcolor"
unknown command "fb_hudpos"
unknown command "fb_serveronly"
unknown command "fb_confirmchat"
unknown command "fb_locknames"
unknown command "fb_newmenu"
unknown command "fb_show_bb"
unknown command "fb_noip_as_allip"
unknown command "fb_longtime_allservers"
unknown command "fb_force_bantype_ip"
unknown command "fb_no_confirm"
unknown command "fb_lock_def_time"
unknown command "fb_customreason_first"
unknown command "fb_customreason_flag"
unknown command "fb_plugin_prefix"
unknown command "fb_plugin_hprefix"
unknown command "fb_menu_nick_addons"
unknown command "fb_acp_admin_uid"
unknown command "fb_kick_all_from_ip"
unknown command "fb_positive_cache_mc"
unknown command "fb_menufilters"
unknown command "fb_menusort"
unknown command "amx_password_field"
unknown command "amx_amxadmins_table"
unknown command "amx_admins_table"
unknown command "fb_adminban_flag"
unknown command "amx_mode"
unknown command "amx_imessage"
unknown command "amx_freq_imessage"
unknown command "amx_plmenu_bantimes"
unknown command "amx_tempban_maxtime"
unknown command "amx_plmenu_slapdmg"
unknown command "amx_flood_time"
unknown command "amx_reservation"
unknown command "amx_hideslots"
unknown command "amx_time_display"
unknown command "amx_time_voice"
unknown command "amx_extendmap_max"
unknown command "amx_extendmap_step"
unknown command "amx_language_display_msg"
unknown command "amx_help_display_msg"
unknown command "amx_help_display_msg_time"
unknown command "amx_help_amount_per_page"
unknown command "amx_statsx_duration"
unknown command "amx_statsx_freeze"
unknown command "amx_restrmapsettings"
IP Подошёл.
L 04/05/2021 - 20:31:04: [colored_translit_config.amxx] Can't add menu item "Настройки чата" from plugin "Colored Translit Config" to menu set because the Menus Front-End plugin itself is not loaded!
L 04/05/2021 - 20:31:04: [map_chooser_14.amxx] Загружено 46 карт из addons/amxmodx/configs/maps.ini
L 04/05/2021 - 20:31:04: [map_chooser_14.amxx] Режим сортировки карт по онлайну выключен!
========== [Colored Translit] START SET FCVAR ==========
=========== [Colored Translit] END SET FCVAR ===========
=========== [Colored Translit] START DEBUG =============
[Colored Translit] Translit File Loaded. Symbols: 65
[Colored Translit] Swear File Loaded. Swears: 0
[Colored Translit] Replace File Loaded. Replacements: 1
[Colored Translit] Ignore File Loaded. Ignore Words: 35
[Colored Translit] Spam File Loaded. Spam Words: 172
[Colored Translit] Cheat File Loaded. Cheat Words: 206
[Colored Translit] Config File Executed. Version: 3.0
=========== [Colored Translit] END DEBUG ===============
[COVID mode]: Everything is fine! The configuration file is loaded! 
unknown command "vk"
couldn't exec addons/amxmodx/configs/jb_standard/all_cvars.cfg
unknown command "jbe_last_prisoner_money"
unknown command "jbe_vip_discount_shop"
L 04/05/2021 - 20:31:04: [admin_loader_for_fb.amxx] Загружено 15 администраторов из MySQL
Server logging data to file logs/L0405035.log
L 04/05/2021 - 20:31:05: Log file started (file "logs/L0405035.log") (game "cstrike") (version "48/1.1.2.7/Stdio/2369")
unknown command "sv_logecho"
unknown command "sv_logfile"
L 04/05/2021 - 20:31:05: Server cvar "mp_logdetail" = "3"
unknown command "mp_autocrosshair"
L 04/05/2021 - 20:31:05: Server cvar "sv_aim" = "0"
unknown command "sv_airmove"
unknown command "sv_voicequality"
unknown command "sv_voicecodec"
unknown command "amx_extendmap_max"
unknown command "amx_extendmap_step"
unknown command "cam_change"
unknown command "cam_connect"
unknown command "cam_message"
unknown command "sid_url"
unknown command "]fastcup.net/rating.html"
unknown command "precache_hl"
unknown command "precache_weapons"
unknown command "amx_extendmap_max"
unknown command "amx_extendmap_step"
unknown command "sv_consistency"
unknown command "amx_amxadmins_table"
unknown command "amx_admins_table"
L 04/05/2021 - 20:31:05: [pluginmenu.amxx] Can't add menu item "Plugin Cvars" from plugin "pluginmenu.amxx" to menu set because the Menus Front-End plugin itself is not loaded!
L 04/05/2021 - 20:31:05: [pluginmenu.amxx] Can't add menu item "Plugin Commands" from plugin "pluginmenu.amxx" to menu set because the Menus Front-End plugin itself is not loaded!
fsdfsd - 1 - 1
Connection to Steam servers successful.
L 04/05/2021 - 20:31:05: [AMXX] Plugin ("gamecms_skins.amxx") is setting itself as failed.
L 04/05/2021 - 20:31:05: [AMXX] Plugin says: Can't connect to MySQL server on '45.136.56.141' (4)
L 04/05/2021 - 20:31:05: [AMXX] Run time error 1 (plugin "gamecms_skins.amxx") - forced exit
   VAC secure mode disabled.
L 04/05/2021 - 20:31:12: "S1mple<1><STEAM_1:0:2062532975><>" connected, address "178.121.83.152:17655"
L 04/05/2021 - 20:31:12: World triggered "Round_Start"
178.121.83.152:17655:reconnect
L 04/05/2021 - 20:31:14: "S1mple<2><STEAM_1:0:2062532975><>" connected, address "178.121.83.152:17655"
L 04/05/2021 - 20:31:16: [admin_loader_for_fb.amxx] Login: "S1mple<2><STEAM_1:0:2062532975><>" became an admin (account "S1mple") (nickname "S1mple") (access "adgiklprst") (address "178.121.83.152")
L 04/05/2021 - 20:31:16: Admin S1mple connected, ip: 178.121.83.152, Steam_ID: STEAM_1:0:2062532975
L 04/05/2021 - 20:31:16: "S1mple<2><STEAM_1:0:2062532975><>" entered the game
L 04/05/2021 - 20:31:17: "S1mple<2><STEAM_1:0:2062532975><>" joined team "TERRORIST"
L 04/05/2021 - 20:31:17: World triggered "Round_Draw" (CT "0") (T "0")
L 04/05/2021 - 20:31:17: World triggered "Round_End"
L 04/05/2021 - 20:31:22: World triggered "Round_Start"
L 04/05/2021 - 20:31:36: "KoMbIIk<3><STEAM_1:0:517850564><>" connected, address "188.233.116.38:39735"
188.233.116.38:39735:reconnect
L 04/05/2021 - 20:31:38: "KoMbIIk<4><STEAM_1:0:517850564><>" connected, address "188.233.116.38:39735"
L 04/05/2021 - 20:31:41: [admin_loader_for_fb.amxx] Login: "KoMbIIk<4><STEAM_1:0:517850564><>" became an admin (account "KoMbIIk") (nickname "KoMbIIk") (access "dimnqrst") (address "188.233.116.38")
L 04/05/2021 - 20:31:41: Admin KoMbIIk connected, ip: 188.233.116.38, Steam_ID: STEAM_1:0:517850564
L 04/05/2021 - 20:31:41: "KoMbIIk<4><STEAM_1:0:517850564><>" entered the game
L 04/05/2021 - 20:31:44: "KoMbIIk<4><STEAM_1:0:517850564><>" joined team "TERRORIST"
L 04/05/2021 - 20:31:53: Server cvar "sv_restart" = "5"
L 04/05/2021 - 20:31:53: World triggered "Restart_Round_(5_seconds)"
L 04/05/2021 - 20:31:53: Team "CT" scored "0" with "0" players
L 04/05/2021 - 20:31:53: Team "TERRORIST" scored "0" with "2" players
L 04/05/2021 - 20:31:53: Server cvar "sv_restart" = "0"
L 04/05/2021 - 20:31:58: World triggered "Round_Start"
L 04/05/2021 - 20:32:01: "S1mple<2><STEAM_1:0:2062532975><TERRORIST>" committed suicide with "world"
L 04/05/2021 - 20:32:01: "S1mple<2><STEAM_1:0:2062532975><TERRORIST>" joined team "CT"
L 04/05/2021 - 20:32:01: World triggered "Game_Commencing"
L 04/05/2021 - 20:32:01: World triggered "Game_Commencing" (CT "0") (T "0")
L 04/05/2021 - 20:32:01: World triggered "Round_End"
L 04/05/2021 - 20:32:03: String formatted incorrectly - parameter 4 (total 4)
L 04/05/2021 - 20:32:03: [AMXX] Displaying debug trace (plugin "jbe_core_mode.amxx", version "4.2")
L 04/05/2021 - 20:32:03: [AMXX] Run time error 25: parameter error 
L 04/05/2021 - 20:32:03: [AMXX]    [0] jbe_core_mode.sma::UTIL_SayText (line 10719)
L 04/05/2021 - 20:32:03: [AMXX]    [1] jbe_core_mode.sma::Show_FreedayFrendsMenu (line 6464)
L 04/05/2021 - 20:32:03: [AMXX]    [2] jbe_core_mode.sma::Cmd_FreedayFrendsMenu (line 6442)
L 04/05/2021 - 20:32:03: [AMXX]    [3] jbe_core_mode.sma::Handle_LastPrisonerMenu (line 6392)
L 04/05/2021 - 20:32:04: World triggered "Round_Start"
L 04/05/2021 - 20:32:04: Kick: "S1mple<2><STEAM_1:0:2062532975><>" was kicked by "Console" (message ""Вы были кикнуты из-за плохого соединения"")
L 04/05/2021 - 20:32:04: "S1mple<2><STEAM_1:0:2062532975><CT>" triggered "time" (time "0:48")
L 04/05/2021 - 20:32:04: "S1mple<2><STEAM_1:0:2062532975><CT>" triggered "latency" (ping "38")
L 04/05/2021 - 20:32:04: "S1mple<2><STEAM_1:0:2062532975><CT>" disconnected
178.121.83.152:17655:reconnect
L 04/05/2021 - 20:32:07: "S1mple<5><STEAM_1:0:2062532975><>" connected, address "178.121.83.152:17655"
L 04/05/2021 - 20:32:09: [admin_loader_for_fb.amxx] Login: "S1mple<5><STEAM_1:0:2062532975><>" became an admin (account "S1mple") (nickname "S1mple") (access "adgiklprst") (address "178.121.83.152")
L 04/05/2021 - 20:32:09: Admin S1mple connected, ip: 178.121.83.152, Steam_ID: STEAM_1:0:2062532975
L 04/05/2021 - 20:32:09: "S1mple<5><STEAM_1:0:2062532975><>" entered the game
L 04/05/2021 - 20:32:10: "S1mple<5><STEAM_1:0:2062532975><>" joined team "CT"
L 04/05/2021 - 20:32:10: World triggered "Game_Commencing"
L 04/05/2021 - 20:32:10: World triggered "Game_Commencing" (CT "0") (T "0")
L 04/05/2021 - 20:32:10: World triggered "Round_End"
L 04/05/2021 - 20:32:13: World triggered "Round_Start"
L 04/05/2021 - 20:32:27: "<<<Kostya>>><6><STEAM_1:0:894493262><>" connected, address "94.241.222.37:27005"
L 04/05/2021 - 20:32:29: "<<<Kostya>>><6><STEAM_1:0:894493262><>" entered the game
L 04/05/2021 - 20:32:31: "<<<Kostya>>><6><STEAM_1:0:894493262><>" joined team "TERRORIST"
L 04/05/2021 - 20:34:06: "кусь<7><STEAM_1:0:338546087><>" connected, address "178.47.71.88:1727"
178.47.71.88:1727:reconnect
L 04/05/2021 - 20:34:13: "кусь<8><STEAM_1:0:338546087><>" connected, address "178.47.71.88:1727"
L 04/05/2021 - 20:34:21: "кусь<8><STEAM_1:0:338546087><>" entered the game
L 04/05/2021 - 20:34:27: "кусь<8><STEAM_1:0:338546087><>" joined team "TERRORIST"
L 04/05/2021 - 20:35:04: Kick: "кусь<8><STEAM_1:0:338546087><>" was kicked by "Console" (message ""Вы были кикнуты из-за плохого соединения"")
L 04/05/2021 - 20:35:04: "кусь<8><STEAM_1:0:338546087><TERRORIST>" triggered "weaponstats" (weapon "knife") (shots "1") (hits "0") (kills "0") (headshots "0") (tks "0") (damage "0") (deaths "0")
L 04/05/2021 - 20:35:04: "кусь<8><STEAM_1:0:338546087><TERRORIST>" triggered "weaponstats2" (weapon "knife") (head "0") (chest "0") (stomach "0") (leftarm "0") (rightarm "0") (leftleg "0") (rightleg "0")
L 04/05/2021 - 20:35:04: "кусь<8><STEAM_1:0:338546087><TERRORIST>" triggered "time" (time "0:43")
L 04/05/2021 - 20:35:04: "кусь<8><STEAM_1:0:338546087><TERRORIST>" triggered "latency" (ping "394")
L 04/05/2021 - 20:35:04: "кусь<8><STEAM_1:0:338546087><TERRORIST>" disconnected
178.47.71.88:1727:reconnect
L 04/05/2021 - 20:35:10: "кусь<9><STEAM_1:0:338546087><>" connected, address "178.47.71.88:1727"
L 04/05/2021 - 20:35:14: "кусь<9><STEAM_1:0:338546087><>" entered the game
L 04/05/2021 - 20:35:16: "кусь<9><STEAM_1:0:338546087><>" joined team "TERRORIST"
L 04/05/2021 - 20:35:18: "KoMbIIk<4><STEAM_1:0:517850564><TERRORIST>" triggered "time" (time "3:36")
L 04/05/2021 - 20:35:18: "KoMbIIk<4><STEAM_1:0:517850564><TERRORIST>" triggered "latency" (ping "39")
L 04/05/2021 - 20:35:18: "KoMbIIk<4><STEAM_1:0:517850564><TERRORIST>" disconnected
L 04/05/2021 - 20:35:31: "Zau'4uk<10><STEAM_1:0:495328045><>" connected, address "89.151.179.123:2055"
L 04/05/2021 - 20:35:33: "Zau'4uk<10><STEAM_1:0:495328045><>" entered the game
L 04/05/2021 - 20:35:36: "Zau'4uk<10><STEAM_1:0:495328045><>" joined team "TERRORIST"
L 04/05/2021 - 20:36:04: Kick: "кусь<9><STEAM_1:0:338546087><>" was kicked by "Console" (message ""Вы были кикнуты из-за плохого соединения"")
L 04/05/2021 - 20:36:04: "кусь<9><STEAM_1:0:338546087><TERRORIST>" triggered "weaponstats" (weapon "knife") (shots "3") (hits "0") (kills "0") (headshots "0") (tks "0") (damage "0") (deaths "0")
L 04/05/2021 - 20:36:04: "кусь<9><STEAM_1:0:338546087><TERRORIST>" triggered "weaponstats2" (weapon "knife") (head "0") (chest "0") (stomach "0") (leftarm "0") (rightarm "0") (leftleg "0") (rightleg "0")
L 04/05/2021 - 20:36:04: "кусь<9><STEAM_1:0:338546087><TERRORIST>" triggered "time" (time "0:50")
L 04/05/2021 - 20:36:04: "кусь<9><STEAM_1:0:338546087><TERRORIST>" triggered "latency" (ping "185")
L 04/05/2021 - 20:36:04: "кусь<9><STEAM_1:0:338546087><TERRORIST>" disconnected
178.47.71.88:1727:reconnect
L 04/05/2021 - 20:36:08: "кусь<11><STEAM_1:0:338546087><>" connected, address "178.47.71.88:1727"
L 04/05/2021 - 20:36:13: "кусь<11><STEAM_1:0:338546087><>" entered the game
L 04/05/2021 - 20:36:17: "кусь<11><STEAM_1:0:338546087><>" joined team "TERRORIST"
L 04/05/2021 - 20:36:18: "AMER<12><STEAM_1:0:1820957786><>" connected, address "84.54.92.26:36195"
84.54.92.26:36195:reconnect
L 04/05/2021 - 20:36:21: "AMER<13><STEAM_1:0:1820957786><>" connected, address "84.54.92.26:36195"
L 04/05/2021 - 20:36:24: "AMER<13><STEAM_1:0:1820957786><>" entered the game
L 04/05/2021 - 20:36:26: "AMER<13><STEAM_1:0:1820957786><>" joined team "TERRORIST"
L 04/05/2021 - 20:36:29: "кусь<11><STEAM_1:0:338546087><TERRORIST>" triggered "time" (time "0:15")
L 04/05/2021 - 20:36:29: "кусь<11><STEAM_1:0:338546087><TERRORIST>" triggered "latency" (ping "0")
L 04/05/2021 - 20:36:29: "кусь<11><STEAM_1:0:338546087><TERRORIST>" disconnected
178.47.71.88:1727:reconnect
L 04/05/2021 - 20:36:30: "кусь<14><STEAM_1:0:338546087><>" connected, address "178.47.71.88:1727"
178.47.71.88:1727:reconnect
L 04/05/2021 - 20:36:35: "кусь<15><STEAM_1:0:338546087><>" connected, address "178.47.71.88:1727"
L 04/05/2021 - 20:36:40: "кусь<15><STEAM_1:0:338546087><>" entered the game
L 04/05/2021 - 20:36:44: "кусь<15><STEAM_1:0:338546087><>" joined team "TERRORIST"
L 04/05/2021 - 20:36:46: "S1mple<5><STEAM_1:0:2062532975><CT>" committed suicide with "world"
L 04/05/2021 - 20:36:46: Team "TERRORIST" triggered "Terrorists_Win" (CT "0") (T "1")
L 04/05/2021 - 20:36:46: World triggered "Round_End"
L 04/05/2021 - 20:36:46: "S1mple<5><STEAM_1:0:2062532975><CT>" joined team "TERRORIST"
L 04/05/2021 - 20:36:49: "Zau'4uk<10><STEAM_1:0:495328045><TERRORIST>" committed suicide with "world"
L 04/05/2021 - 20:36:49: "Zau'4uk<10><STEAM_1:0:495328045><TERRORIST>" joined team "CT"
L 04/05/2021 - 20:36:51: World triggered "Round_Start"
L 04/05/2021 - 20:37:05: "Zau'4uk<10><STEAM_1:0:495328045><CT>" committed suicide with "world"
L 04/05/2021 - 20:37:05: Team "TERRORIST" triggered "Terrorists_Win" (CT "0") (T "2")
L 04/05/2021 - 20:37:05: World triggered "Round_End"
L 04/05/2021 - 20:37:05: "Zau'4uk<10><STEAM_1:0:495328045><CT>" joined team "TERRORIST"
L 04/05/2021 - 20:37:10: World triggered "Round_Start"
L 04/05/2021 - 20:37:21: "S1mple<5><STEAM_1:0:2062532975><TERRORIST>" committed suicide with "world"
L 04/05/2021 - 20:37:21: "S1mple<5><STEAM_1:0:2062532975><TERRORIST>" joined team "CT"
L 04/05/2021 - 20:37:21: World triggered "Game_Commencing"
L 04/05/2021 - 20:37:21: World triggered "Game_Commencing" (CT "0") (T "2")
L 04/05/2021 - 20:37:21: World triggered "Round_End"
L 04/05/2021 - 20:37:24: World triggered "Round_Start"
L 04/05/2021 - 20:37:24: Kick: "кусь<15><STEAM_1:0:338546087><>" was kicked by "Console" (message ""Вы были кикнуты из-за плохого соединения"")
L 04/05/2021 - 20:37:24: "кусь<15><STEAM_1:0:338546087><TERRORIST>" triggered "weaponstats" (weapon "knife") (shots "2") (hits "0") (kills "0") (headshots "0") (tks "0") (damage "0") (deaths "0")
L 04/05/2021 - 20:37:24: "кусь<15><STEAM_1:0:338546087><TERRORIST>" triggered "weaponstats2" (weapon "knife") (head "0") (chest "0") (stomach "0") (leftarm "0") (rightarm "0") (leftleg "0") (rightleg "0")
L 04/05/2021 - 20:37:24: "кусь<15><STEAM_1:0:338546087><TERRORIST>" triggered "time" (time "0:44")
L 04/05/2021 - 20:37:24: "кусь<15><STEAM_1:0:338546087><TERRORIST>" triggered "latency" (ping "261")
L 04/05/2021 - 20:37:24: "кусь<15><STEAM_1:0:338546087><TERRORIST>" disconnected
L 04/05/2021 - 20:37:24: Kick: "AMER<13><STEAM_1:0:1820957786><>" was kicked by "Console" (message ""Вы были кикнуты из-за плохого соединения"")
L 04/05/2021 - 20:37:24: "AMER<13><STEAM_1:0:1820957786><TERRORIST>" triggered "time" (time "1:00")
L 04/05/2021 - 20:37:24: "AMER<13><STEAM_1:0:1820957786><TERRORIST>" triggered "latency" (ping "108")
L 04/05/2021 - 20:37:24: "AMER<13><STEAM_1:0:1820957786><TERRORIST>" disconnected
84.54.92.26:36195:reconnect
L 04/05/2021 - 20:37:27: "AMER<16><STEAM_1:0:1820957786><>" connected, address "84.54.92.26:36195"
178.47.71.88:1727:reconnect
L 04/05/2021 - 20:37:28: "кусь<17><STEAM_1:0:338546087><>" connected, address "178.47.71.88:1727"
L 04/05/2021 - 20:37:30: "AMER<16><STEAM_1:0:1820957786><>" entered the game
L 04/05/2021 - 20:37:32: "AMER<16><STEAM_1:0:1820957786><>" joined team "TERRORIST"
L 04/05/2021 - 20:37:32: "кусь<17><STEAM_1:0:338546087><>" entered the game
L 04/05/2021 - 20:37:37: "кусь<17><STEAM_1:0:338546087><>" joined team "TERRORIST"
