Protocol version 48
Exe version 1.1.2.7/Stdio (cstrike)
Exe build: 16:23:03 Oct  6 2020 (2369)
Executing ReGameDLL Configuration File 
unknown command "mp_freeforall"
unknown command "mp_maxmoney"
unknown command "mp_round_infinite"
unknown command "mp_hegrenade_penetration"
unknown command "mp_nadedrops"
unknown command "mp_roundrespawn_time"
unknown command "mp_auto_reload_weapons"
unknown command "mp_refill_bpammo_weapons"
unknown command "bot_deathmatch"
unknown command "mp_auto_join_team"
Executing ReGameDLL Configuration File 
unknown command "mp_freeforall"
unknown command "mp_maxmoney"
unknown command "mp_round_infinite"
unknown command "mp_hegrenade_penetration"
unknown command "mp_nadedrops"
unknown command "mp_roundrespawn_time"
unknown command "mp_auto_reload_weapons"
unknown command "mp_refill_bpammo_weapons"
unknown command "bot_deathmatch"
unknown command "mp_auto_join_team"
Server IP address 195.88.208.116:27015
   
   Metamod-r version 1.3.0.128 Copyright (c) 2016-2018 ReHLDS Team (rebuild of original Metamod by Will Day and Jussi Kivilinna)
   Metamod-r comes with ABSOLUTELY NO WARRANTY; for details type `meta gpl'.
   This is free software, and you are welcome to redistribute it
   under certain conditions; type `meta gpl' for details.
   
Metamod-r v1.3.0.128, API (5:13)
Metamod-r build: 17:47:48 Aug 24 2018
Metamod-r from: https://github.com/theAsmodai/metamod-r/commit/0cf2f70

   AMX Mod X version 1.9.0.5271 Copyright (c) 2004-2015 AMX Mod X Development Team 
   AMX Mod X comes with ABSOLUTELY NO WARRANTY; for details type `amxx gpl'.
   This is free software and you are welcome to redistribute it under 
   certain conditions; type 'amxx gpl' for details.
  
[WHB] Version: 1.5.696 Linux (Usage SSE 4.1)
[WHB] Success: Build ReHLDS version defined Linux '2369'
[WHB] Success: Configuration executed.
ReGameDLL version: 5.11.0.420-dev+m
L 05/11/2021 - 16:15:04: -------- Mapchange to jail_float --------
L 05/11/2021 - 16:15:05: [GEOIP] Database info: GeoLite2 Country database 2.0
[ReAimDetector] Version: 0.2.2 Linux 'Counter-Strike 1.6'
[ReAimDetector] Success: Build ReHLDS version defined Linux '2369'.
Executing ReGameDLL Configuration File 
unknown command "bot_deathmatch"
Executing ReGameDLL Configuration File 
unknown command "bot_deathmatch"
unknown command "amx_default_access"
unknown command "amx_password_field"
unknown command "amx_mode"
unknown command "amx_show_activity"
unknown command "amx_imessage"
unknown command "amx_freq_imessage"
unknown command "amx_plmenu_bantimes"
unknown command "amx_tempban_maxtime"
unknown command "amx_plmenu_slapdmg"
unknown command "amx_flood_time"
unknown command "amx_reservation"
unknown command "amx_hideslots"
unknown command "amx_time_display"
unknown command "amx_time_voice"
unknown command "amx_vote_delay"
unknown command "amx_vote_time"
unknown command "amx_vote_answers"
unknown command "amx_votekick_ratio"
unknown command "amx_voteban_ratio"
unknown command "amx_votemap_ratio"
unknown command "amx_vote_ratio"
unknown command "amx_extendmap_max"
unknown command "amx_extendmap_step"
unknown command "amx_language_display_msg"
unknown command "amx_help_display_msg"
unknown command "amx_help_display_msg_time"
unknown command "amx_help_amount_per_page"
unknown command "amx_statsx_duration"
unknown command "amx_statsx_freeze"
unknown command "amx_restrmapsettings"
unknown command "fb_kick_delay"
unknown command "fb_server_name"
unknown command "fb_sql_table"
unknown command "fb_sql_log_table"
unknown command "fb_ip_ban_time"
unknown command "fb_showhud"
unknown command "fb_offline_time"
unknown command "fb_unban_self"
unknown command "fb_unban_all"
unknown command "fb_oldmap_players"
unknown command "fb_bantime_access"
unknown command "fb_adminrcon_flag"
unknown command "fb_bantime_limit"
unknown command "fb_use_sql"
unknown command "fb_nvault_clear"
unknown command "fb_force_check"
unknown command "fb_cachetime"
unknown command "fb_oldkickinfo"
unknown command "fb_logtype"
unknown command "fb_loglevel"
unknown command "fb_logdays"
unknown command "fb_use_russian"
unknown command "fb_sql_clear"
unknown command "fb_subnet_except_ucp"
unknown command "fb_subnet_clients"
unknown command "fb_prefix_clients"
unknown command "fb_rec_snet"
unknown command "fb_rec_snet_time"
unknown command "fb_rec_snet_count"
unknown command "fb_rec_snet_bt"
unknown command "fb_subnet_recheck"
unknown command "fb_rec_snet_level"
unknown command "fb_cachetime_kick"
unknown command "fb_cacheonly"
unknown command "fb_showchat"
unknown command "fb_chatinfo"
unknown command "fb_hudinfo"
unknown command "fb_hudcolor"
unknown command "fb_hudpos"
unknown command "fb_serveronly"
unknown command "fb_confirmchat"
unknown command "fb_locknames"
unknown command "fb_newmenu"
unknown command "fb_show_bb"
unknown command "fb_noip_as_allip"
unknown command "fb_longtime_allservers"
unknown command "fb_force_bantype_ip"
unknown command "fb_no_confirm"
unknown command "fb_lock_def_time"
unknown command "fb_customreason_first"
unknown command "fb_customreason_flag"
unknown command "fb_plugin_prefix"
unknown command "fb_plugin_hprefix"
unknown command "fb_menu_nick_addons"
unknown command "fb_acp_admin_uid"
unknown command "fb_kick_all_from_ip"
unknown command "fb_positive_cache_mc"
unknown command "fb_menufilters"
unknown command "fb_menusort"
unknown command "amx_password_field"
unknown command "amx_amxadmins_table"
unknown command "amx_admins_table"
unknown command "fb_adminban_flag"
unknown command "amx_mode"
unknown command "amx_imessage"
unknown command "amx_freq_imessage"
unknown command "amx_plmenu_bantimes"
unknown command "amx_tempban_maxtime"
unknown command "amx_plmenu_slapdmg"
unknown command "amx_flood_time"
unknown command "amx_reservation"
unknown command "amx_hideslots"
unknown command "amx_time_display"
unknown command "amx_time_voice"
unknown command "amx_extendmap_max"
unknown command "amx_extendmap_step"
unknown command "amx_language_display_msg"
unknown command "amx_help_display_msg"
unknown command "amx_help_display_msg_time"
unknown command "amx_help_amount_per_page"
unknown command "amx_statsx_duration"
unknown command "amx_statsx_freeze"
unknown command "amx_restrmapsettings"
IP Подошёл.
L 05/11/2021 - 16:15:06: [colored_translit_config.amxx] Can't add menu item "Настройки чата" from plugin "Colored Translit Config" to menu set because the Menus Front-End plugin itself is not loaded!
L 05/11/2021 - 16:15:06: [map_chooser_14.amxx] Загружено 47 карт из addons/amxmodx/configs/maps.ini
L 05/11/2021 - 16:15:06: [map_chooser_14.amxx] Режим сортировки карт по онлайну выключен!
========== [Colored Translit] START SET FCVAR ==========
=========== [Colored Translit] END SET FCVAR ===========
=========== [Colored Translit] START DEBUG =============
[Colored Translit] Translit File Loaded. Symbols: 65
[Colored Translit] Swear File Loaded. Swears: 0
[Colored Translit] Replace File Loaded. Replacements: 1
[Colored Translit] Ignore File Loaded. Ignore Words: 35
[Colored Translit] Spam File Loaded. Spam Words: 172
[Colored Translit] Cheat File Loaded. Cheat Words: 206
[Colored Translit] Config File Executed. Version: 3.0
=========== [Colored Translit] END DEBUG ===============
[COVID mode]: Everything is fine! The configuration file is loaded! 
unknown command "vk"
couldn't exec addons/amxmodx/configs/jb_standard/all_cvars.cfg
unknown command "jbe_last_prisoner_money"
unknown command "jbe_vip_discount_shop"
L 05/11/2021 - 16:15:06: [admin_loader_for_fb.amxx] Загружено 14 администраторов из MySQL
Server logging data to file logs/L0511033.log
L 05/11/2021 - 16:15:07: Log file started (file "logs/L0511033.log") (game "cstrike") (version "48/1.1.2.7/Stdio/2369")
unknown command "sv_logecho"
unknown command "sv_logfile"
L 05/11/2021 - 16:15:07: Server cvar "mp_logdetail" = "3"
unknown command "mp_autocrosshair"
L 05/11/2021 - 16:15:07: Server cvar "sv_aim" = "0"
unknown command "sv_airmove"
unknown command "sv_voicequality"
unknown command "sv_voicecodec"
unknown command "amx_extendmap_max"
unknown command "amx_extendmap_step"
unknown command "cam_change"
unknown command "cam_connect"
unknown command "cam_message"
unknown command "sid_url"
unknown command "]fastcup.net/rating.html"
unknown command "precache_hl"
unknown command "precache_weapons"
unknown command "amx_extendmap_max"
unknown command "amx_extendmap_step"
unknown command "sv_consistency"
unknown command "amx_amxadmins_table"
unknown command "amx_admins_table"
L 05/11/2021 - 16:15:07: [pluginmenu.amxx] Can't add menu item "Plugin Cvars" from plugin "pluginmenu.amxx" to menu set because the Menus Front-End plugin itself is not loaded!
L 05/11/2021 - 16:15:07: [pluginmenu.amxx] Can't add menu item "Plugin Commands" from plugin "pluginmenu.amxx" to menu set because the Menus Front-End plugin itself is not loaded!
fsdfsd - 1 - 1
Connection to Steam servers successful.
   VAC secure mode disabled.
L 05/11/2021 - 16:15:14: World triggered "Round_Start"
L 05/11/2021 - 16:15:16: "Да-Да!<1><STEAM_1:0:1266756663><>" connected, address "80.234.78.100:2565"
L 05/11/2021 - 16:16:16: "An1me4ka._.<2><STEAM_1:0:2038992805><>" connected, address "195.211.253.212:27005"
L 05/11/2021 - 16:16:18: [admin_loader_for_fb.amxx] Login: "An1me4ka._.<2><STEAM_1:0:2038992805><>" became an admin (account "An1me4ka._.") (nickname "An1me4ka._.") (access "dimqrst") (address "195.211.253.212")
L 05/11/2021 - 16:16:18: Admin An1me4ka._. connected, ip: 195.211.253.212, Steam_ID: STEAM_1:0:2038992805
L 05/11/2021 - 16:16:18: "An1me4ka._.<2><STEAM_1:0:2038992805><>" entered the game
L 05/11/2021 - 16:16:29: "An1me4ka._.<2><STEAM_1:0:2038992805><>" joined team "TERRORIST"
L 05/11/2021 - 16:16:29: World triggered "Round_Draw" (CT "0") (T "0")
L 05/11/2021 - 16:16:29: World triggered "Round_End"
L 05/11/2021 - 16:16:34: World triggered "Round_Start"
L 05/11/2021 - 16:16:44: "An1me4ka._.<2><STEAM_1:0:2038992805><TERRORIST>" committed suicide with "worldspawn" (world)
L 05/11/2021 - 16:16:44: World triggered "Round_Draw" (CT "0") (T "0")
L 05/11/2021 - 16:16:44: World triggered "Round_End"
L 05/11/2021 - 16:16:49: World triggered "Round_Start"
L 05/11/2021 - 16:17:05: Server cvar "sv_restart" = "5"
L 05/11/2021 - 16:17:05: World triggered "Restart_Round_(5_seconds)"
L 05/11/2021 - 16:17:05: Team "CT" scored "0" with "0" players
L 05/11/2021 - 16:17:05: Team "TERRORIST" scored "0" with "1" players
L 05/11/2021 - 16:17:05: Server cvar "sv_restart" = "0"
L 05/11/2021 - 16:17:10: World triggered "Round_Start"
L 05/11/2021 - 16:18:09: "An1me4ka._.<2><STEAM_1:0:2038992805><TERRORIST>" committed suicide with "worldspawn" (world)
L 05/11/2021 - 16:18:09: World triggered "Round_Draw" (CT "0") (T "0")
L 05/11/2021 - 16:18:09: World triggered "Round_End"
L 05/11/2021 - 16:18:14: World triggered "Round_Start"
L 05/11/2021 - 16:18:16: [map_chooser_14.amxx] Досрочное голосование запущено
L 05/11/2021 - 16:18:20: "An1me4ka._.<2><STEAM_1:0:2038992805><TERRORIST>" committed suicide with "worldspawn" (world)
L 05/11/2021 - 16:18:20: World triggered "Round_Draw" (CT "0") (T "0")
L 05/11/2021 - 16:18:20: World triggered "Round_End"
L 05/11/2021 - 16:18:25: Server cvar "mp_freezetime" = "15"
L 05/11/2021 - 16:18:29: [map_chooser_14.amxx] [Start VoteMap] Голосование началось...
L 05/11/2021 - 16:18:39: [map_chooser_14.amxx] [End VoteMap] Голосование завершено jb_dust2_KKZ
L 05/11/2021 - 16:18:39: Server cvar "mp_freezetime" = "0"
L 05/11/2021 - 16:18:40: World triggered "Round_Start"
L 05/11/2021 - 16:18:42: "An1me4ka._.<2><STEAM_1:0:2038992805><TERRORIST>" triggered "time" (time "2:24")
L 05/11/2021 - 16:18:42: "An1me4ka._.<2><STEAM_1:0:2038992805><TERRORIST>" triggered "latency" (ping "32")
L 05/11/2021 - 16:18:42: [META] ini: Begin re-reading plugins list: /servers/cs/1001/cstrike/addons/metamod/plugins.ini
L 05/11/2021 - 16:18:42: [META] ini: Read plugin config for: AMX Mod X
L 05/11/2021 - 16:18:42: [META] ini: Read plugin config for: Reunion
L 05/11/2021 - 16:18:42: [META] ini: Read plugin config for: WHBlocker
L 05/11/2021 - 16:18:42: [META] ini: Read plugin config for: Revoice
L 05/11/2021 - 16:18:42: [META] ini: Finished reading plugins list: /servers/cs/1001/cstrike/addons/metamod/plugins.ini; Found 4 plugins
L 05/11/2021 - 16:18:42: [META] dll: Updating plugins...
L 05/11/2021 - 16:18:42: [META] dll: Finished updating 14 plugins; kept 4, loaded 0, unloaded 0, reloaded 0, delayed 0
L 05/11/2021 - 16:18:42: [META] dll: Rebuilding callbacks...
L 05/11/2021 - 16:18:42: [META] dll: Callbacks rebuilded.
L 05/11/2021 - 16:18:42: "An1me4ka._.<2><STEAM_1:0:2038992805><TERRORIST>" disconnected
L 05/11/2021 - 16:18:42: World triggered "Round_Draw" (CT "0") (T "0")
L 05/11/2021 - 16:18:42: World triggered "Round_End"
L 05/11/2021 - 16:18:42: Log file closed
Server logging data to file logs/L0511034.log
L 05/11/2021 - 16:18:42: Log file started (file "logs/L0511034.log") (game "cstrike") (version "48/1.1.2.7/Stdio/2369")
L 05/11/2021 - 16:18:42: Loading map "jb_dust2_KKZ"
L 05/11/2021 - 16:18:42: Server cvars start
L 05/11/2021 - 16:18:42: Server cvar "[HR] MapStart Random GameName" = "0.2"
L 05/11/2021 - 16:18:42: Server cvar "admin_loader_version" = "3.4"
L 05/11/2021 - 16:18:42: Server cvar "allow_spectators" = "1"
L 05/11/2021 - 16:18:42: Server cvar "amx_client_languages" = "0"
L 05/11/2021 - 16:18:42: Server cvar "amx_language" = "ru"
L 05/11/2021 - 16:18:42: Server cvar "amxmodx_version" = "1.9.0.5271"
L 05/11/2021 - 16:18:42: Server cvar "antireklama" = "3.0b"
L 05/11/2021 - 16:18:42: Server cvar "banipfakes_version" = "0.2"
L 05/11/2021 - 16:18:42: Server cvar "brick_version" = "m4m3ts"
L 05/11/2021 - 16:18:42: Server cvar "Colored Translit Cheat" = "Loaded"
L 05/11/2021 - 16:18:42: Server cvar "Colored Translit Config" = "Loaded"
L 05/11/2021 - 16:18:42: Server cvar "Colored Translit Ignores" = "Loaded"
L 05/11/2021 - 16:18:42: Server cvar "Colored Translit Replace" = "Loaded"
L 05/11/2021 - 16:18:42: Server cvar "Colored Translit Spam" = "Loaded"
L 05/11/2021 - 16:18:42: Server cvar "Colored Translit Status" = "Loaded"
L 05/11/2021 - 16:18:42: Server cvar "Colored Translit Swear" = "Loaded"
L 05/11/2021 - 16:18:42: Server cvar "Colored Translit Version" = "2.0b Final"
L 05/11/2021 - 16:18:42: Server cvar "coop" = "0"
L 05/11/2021 - 16:18:42: Server cvar "csstatsx_sql" = "0.7.4"
L 05/11/2021 - 16:18:42: Server cvar "deathmatch" = "1"
L 05/11/2021 - 16:18:42: Server cvar "decalfrequency" = "30"
L 05/11/2021 - 16:18:42: Server cvar "edgefriction" = "2"
L 05/11/2021 - 16:18:42: Server cvar "ff_damage_reduction_bullets" = "0.35"
L 05/11/2021 - 16:18:42: Server cvar "ff_damage_reduction_grenade" = "0.25"
L 05/11/2021 - 16:18:42: Server cvar "ff_damage_reduction_grenade_self" = "1"
L 05/11/2021 - 16:18:42: Server cvar "ff_damage_reduction_other" = "0.25"
L 05/11/2021 - 16:18:42: Server cvar "game_version" = "5.11.0.420-dev+m"
L 05/11/2021 - 16:18:42: Server cvar "humans_join_team" = "any"
L 05/11/2021 - 16:18:42: Server cvar "max_queries_sec" = "3.0"
L 05/11/2021 - 16:18:42: Server cvar "max_queries_sec_global" = "30"
L 05/11/2021 - 16:18:42: Server cvar "max_queries_window" = "60"
L 05/11/2021 - 16:18:42: Server cvar "metamod_version" = "1.3.0.128"
L 05/11/2021 - 16:18:42: Server cvar "mp_afk_bomb_drop_time" = "0"
L 05/11/2021 - 16:18:42: Server cvar "mp_autokick" = "0"
L 05/11/2021 - 16:18:42: Server cvar "mp_autokick_timeout" = "-1"
L 05/11/2021 - 16:18:42: Server cvar "mp_autoteambalance" = "0"
L 05/11/2021 - 16:18:42: Server cvar "mp_buy_anywhere" = "0"
L 05/11/2021 - 16:18:42: Server cvar "mp_buytime" = "0"
L 05/11/2021 - 16:18:42: Server cvar "mp_c4timer" = "0"
L 05/11/2021 - 16:18:42: Server cvar "mp_chattime" = "10"
L 05/11/2021 - 16:18:42: Server cvar "mp_consistency" = "0"
L 05/11/2021 - 16:18:42: Server cvar "mp_fadetoblack" = "0"
L 05/11/2021 - 16:18:42: Server cvar "mp_flashlight" = "1"
L 05/11/2021 - 16:18:42: Server cvar "mp_footsteps" = "1"
L 05/11/2021 - 16:18:42: Server cvar "mp_forcecamera" = "2"
L 05/11/2021 - 16:18:42: Server cvar "mp_forcechasecam" = "1"
L 05/11/2021 - 16:18:42: Server cvar "mp_forcerespawn" = "0"
L 05/11/2021 - 16:18:42: Server cvar "mp_fraglimit" = "0"
L 05/11/2021 - 16:18:42: Server cvar "mp_fragsleft" = "0"
L 05/11/2021 - 16:18:42: Server cvar "mp_freeforall" = "0"
L 05/11/2021 - 16:18:42: Server cvar "mp_freezetime" = "0"
L 05/11/2021 - 16:18:42: Server cvar "mp_friendlyfire" = "1"
L 05/11/2021 - 16:18:42: Server cvar "mp_hostage_hurtable" = "1"
L 05/11/2021 - 16:18:42: Server cvar "mp_hostagepenalty" = "0"
L 05/11/2021 - 16:18:42: Server cvar "mp_infinite_ammo" = "0"
L 05/11/2021 - 16:18:42: Server cvar "mp_infinite_grenades" = "0"
L 05/11/2021 - 16:18:42: Server cvar "mp_item_staytime" = "300"
L 05/11/2021 - 16:18:42: Server cvar "mp_kickpercent" = "0.66"
L 05/11/2021 - 16:18:42: Server cvar "mp_limitteams" = "45"
L 05/11/2021 - 16:18:42: Server cvar "mp_logdetail" = "3"
L 05/11/2021 - 16:18:42: Server cvar "mp_logfile" = "1"
L 05/11/2021 - 16:18:42: Server cvar "mp_logmessages" = "1"
L 05/11/2021 - 16:18:42: Server cvar "mp_mapvoteratio" = "0.66"
L 05/11/2021 - 16:18:42: Server cvar "mp_maxmoney" = "16000"
L 05/11/2021 - 16:18:42: Server cvar "mp_maxrounds" = "0"
L 05/11/2021 - 16:18:42: Server cvar "mp_mirrordamage" = "0"
L 05/11/2021 - 16:18:42: Server cvar "mp_playerid" = "0"
L 05/11/2021 - 16:18:42: Server cvar "mp_radio_maxinround" = "60"
L 05/11/2021 - 16:18:42: Server cvar "mp_radio_timeout" = "1.5"
L 05/11/2021 - 16:18:42: Server cvar "mp_respawn_immunity_effects" = "1"
L 05/11/2021 - 16:18:42: Server cvar "mp_respawn_immunitytime" = "0"
L 05/11/2021 - 16:18:42: Server cvar "mp_round_infinite" = "0"
L 05/11/2021 - 16:18:42: Server cvar "mp_round_restart_delay" = "5"
L 05/11/2021 - 16:18:42: Server cvar "mp_roundover" = "0"
L 05/11/2021 - 16:18:42: Server cvar "mp_roundtime" = "0"
L 05/11/2021 - 16:18:42: Server cvar "mp_show_scenarioicon" = "0"
L 05/11/2021 - 16:18:42: Server cvar "mp_startmoney" = "1"
L 05/11/2021 - 16:18:42: Server cvar "mp_timeleft" = "43:28"
L 05/11/2021 - 16:18:42: Server cvar "mp_timelimit" = "45"
L 05/11/2021 - 16:18:42: Server cvar "mp_tkpunish" = "0"
L 05/11/2021 - 16:18:42: Server cvar "mp_windifference" = "1"
L 05/11/2021 - 16:18:42: Server cvar "mp_winlimit" = "0"
L 05/11/2021 - 16:18:42: Server cvar "pausable" = "0"
L 05/11/2021 - 16:18:42: Server cvar "reaimdetector_version" = "0.2.2"
L 05/11/2021 - 16:18:42: Server cvar "reu_version" = "0.1.0.92"
L 05/11/2021 - 16:18:42: Server cvar "revoice_version" = "0.1.0.32"
L 05/11/2021 - 16:18:42: Server cvar "sam_version" = "1.0"
L 05/11/2021 - 16:18:42: Server cvar "SpecList" = "1.3"
L 05/11/2021 - 16:18:42: Server cvar "sv_accelerate" = "5"
L 05/11/2021 - 16:18:42: Server cvar "sv_aim" = "0"
L 05/11/2021 - 16:18:42: Server cvar "sv_airaccelerate" = "10"
L 05/11/2021 - 16:18:42: Server cvar "sv_allowupload" = "1"
L 05/11/2021 - 16:18:42: Server cvar "sv_alltalk" = "1"
L 05/11/2021 - 16:18:42: Server cvar "sv_bounce" = "1"
L 05/11/2021 - 16:18:42: Server cvar "sv_cheats" = "0"
L 05/11/2021 - 16:18:42: Server cvar "sv_clienttrace" = "1"
L 05/11/2021 - 16:18:42: Server cvar "sv_contact" = ""
L 05/11/2021 - 16:18:42: Server cvar "sv_friction" = "4"
L 05/11/2021 - 16:18:42: Server cvar "sv_gravity" = "800"
L 05/11/2021 - 16:18:42: Server cvar "sv_logblocks" = "0"
L 05/11/2021 - 16:18:42: Server cvar "sv_maxrate" = "100000"
L 05/11/2021 - 16:18:42: Server cvar "sv_maxspeed" = "320"
L 05/11/2021 - 16:18:42: Server cvar "sv_minrate" = "15000"
L 05/11/2021 - 16:18:42: Server cvar "sv_password" = ""
L 05/11/2021 - 16:18:42: Server cvar "sv_proxies" = "1"
L 05/11/2021 - 16:18:42: Server cvar "sv_restart" = "0"
L 05/11/2021 - 16:18:42: Server cvar "sv_restartround" = "0"
L 05/11/2021 - 16:18:42: Server cvar "sv_stepsize" = "18"
L 05/11/2021 - 16:18:42: Server cvar "sv_stopspeed" = "75"
L 05/11/2021 - 16:18:42: Server cvar "sv_uploadmax" = "0.5"
L 05/11/2021 - 16:18:42: Server cvar "sv_version" = "1.1.2.7/Stdio,48,2369"
L 05/11/2021 - 16:18:42: Server cvar "sv_voiceenable" = "1"
L 05/11/2021 - 16:18:42: Server cvar "sv_wateraccelerate" = "10"
L 05/11/2021 - 16:18:42: Server cvar "sv_waterfriction" = "1"
L 05/11/2021 - 16:18:42: Server cvar "whb_version" = "1.5.696"
L 05/11/2021 - 16:18:42: Server cvars end
L 05/11/2021 - 16:18:42: -------- Mapchange to jb_dust2_KKZ --------
L 05/11/2021 - 16:18:43: Server cvar "sv_maxspeed" = "900"
Executing ReGameDLL Configuration File 
unknown command "bot_deathmatch"
Executing ReGameDLL Configuration File 
unknown command "bot_deathmatch"
unknown command "amx_mode"
unknown command "amx_reservation"
unknown command "amx_hideslots"
unknown command "amx_time_display"
unknown command "amx_time_voice"
unknown command "amx_extendmap_max"
unknown command "amx_extendmap_step"
unknown command "amx_language_display_msg"
unknown command "amx_help_display_msg"
unknown command "amx_help_display_msg_time"
unknown command "amx_help_amount_per_page"
unknown command "amx_statsx_duration"
unknown command "amx_statsx_freeze"
unknown command "amx_restrmapsettings"
unknown command "amx_amxadmins_table"
unknown command "amx_admins_table"
unknown command "amx_mode"
unknown command "amx_reservation"
unknown command "amx_hideslots"
unknown command "amx_time_display"
unknown command "amx_time_voice"
unknown command "amx_extendmap_max"
unknown command "amx_extendmap_step"
unknown command "amx_language_display_msg"
unknown command "amx_help_display_msg"
unknown command "amx_help_display_msg_time"
unknown command "amx_help_amount_per_page"
unknown command "amx_statsx_duration"
unknown command "amx_statsx_freeze"
unknown command "amx_restrmapsettings"
IP Подошёл.
L 05/11/2021 - 16:18:43: [colored_translit_config.amxx] Can't add menu item "Настройки чата" from plugin "Colored Translit Config" to menu set because the Menus Front-End plugin itself is not loaded!
L 05/11/2021 - 16:18:43: [map_chooser_14.amxx] Загружено 47 карт из addons/amxmodx/configs/maps.ini
L 05/11/2021 - 16:18:43: [map_chooser_14.amxx] Режим сортировки карт по онлайну выключен!
========== [Colored Translit] START SET FCVAR ==========
=========== [Colored Translit] END SET FCVAR ===========
=========== [Colored Translit] START DEBUG =============
[Colored Translit] Translit File Loaded. Symbols: 65
[Colored Translit] Swear File Loaded. Swears: 0
[Colored Translit] Replace File Loaded. Replacements: 1
[Colored Translit] Ignore File Loaded. Ignore Words: 35
[Colored Translit] Spam File Loaded. Spam Words: 172
[Colored Translit] Cheat File Loaded. Cheat Words: 206
[Colored Translit] Config File Executed. Version: 3.0
=========== [Colored Translit] END DEBUG ===============
[COVID mode]: Everything is fine! The configuration file is loaded! 
unknown command "vk"
couldn't exec addons/amxmodx/configs/jb_standard/all_cvars.cfg
unknown command "jbe_last_prisoner_money"
unknown command "jbe_vip_discount_shop"
L 05/11/2021 - 16:18:44: [csstatsx_sql.amxx] deleted 1 inactive entries
L 05/11/2021 - 16:18:44: [admin_loader_for_fb.amxx] Загружено 14 администраторов из MySQL
L 05/11/2021 - 16:18:44: Started map "jb_dust2_KKZ" (CRC "-1332238504")
L 05/11/2021 - 16:18:44: Server cvar "sv_maxspeed" = "320"
L 05/11/2021 - 16:18:44: Server cvar "mp_logdetail" = "1"
L 05/11/2021 - 16:18:44: Log file closed
Server logging data to file logs/L0511035.log
L 05/11/2021 - 16:18:44: Log file started (file "logs/L0511035.log") (game "cstrike") (version "48/1.1.2.7/Stdio/2369")
unknown command "sv_logecho"
unknown command "sv_logfile"
L 05/11/2021 - 16:18:44: Server cvar "mp_logdetail" = "3"
unknown command "mp_autocrosshair"
unknown command "sv_airmove"
unknown command "sv_voicequality"
unknown command "sv_voicecodec"
unknown command "amx_extendmap_max"
unknown command "amx_extendmap_step"
unknown command "cam_change"
unknown command "cam_connect"
unknown command "cam_message"
unknown command "sid_url"
unknown command "]fastcup.net/rating.html"
unknown command "precache_hl"
unknown command "precache_weapons"
unknown command "amx_extendmap_max"
unknown command "amx_extendmap_step"
unknown command "sv_consistency"
fsdfsd - 1 - 1
unknown command "amx_amxadmins_table"
unknown command "amx_admins_table"
L 05/11/2021 - 16:18:44: [pluginmenu.amxx] Can't add menu item "Plugin Cvars" from plugin "pluginmenu.amxx" to menu set because the Menus Front-End plugin itself is not loaded!
L 05/11/2021 - 16:18:44: [pluginmenu.amxx] Can't add menu item "Plugin Commands" from plugin "pluginmenu.amxx" to menu set because the Menus Front-End plugin itself is not loaded!
L 05/11/2021 - 16:18:45: World triggered "Round_Start"
195.211.253.212:27005:reconnect
L 05/11/2021 - 16:18:46: "An1me4ka._.<3><STEAM_1:0:2038992805><>" connected, address "195.211.253.212:27005"
L 05/11/2021 - 16:18:48: [admin_loader_for_fb.amxx] Login: "An1me4ka._.<3><STEAM_1:0:2038992805><>" became an admin (account "An1me4ka._.") (nickname "An1me4ka._.") (access "dimqrst") (address "195.211.253.212")
L 05/11/2021 - 16:18:48: Admin An1me4ka._. connected, ip: 195.211.253.212, Steam_ID: STEAM_1:0:2038992805
L 05/11/2021 - 16:18:48: "An1me4ka._.<3><STEAM_1:0:2038992805><>" entered the game
L 05/11/2021 - 16:18:50: "An1me4ka._.<3><STEAM_1:0:2038992805><>" joined team "TERRORIST"
L 05/11/2021 - 16:18:50: World triggered "Round_Draw" (CT "0") (T "0")
L 05/11/2021 - 16:18:50: World triggered "Round_End"
L 05/11/2021 - 16:18:55: World triggered "Round_Start"
L 05/11/2021 - 16:19:16: "YASTREB<4><STEAM_1:0:842806683><>" connected, address "213.230.76.136:18223"
213.230.76.136:18223:reconnect
L 05/11/2021 - 16:19:20: "YASTREB<5><STEAM_1:0:842806683><>" connected, address "213.230.76.136:18223"
L 05/11/2021 - 16:19:26: Server cvar "sv_restart" = "5"
L 05/11/2021 - 16:19:27: World triggered "Restart_Round_(5_seconds)"
L 05/11/2021 - 16:19:27: Team "CT" scored "0" with "0" players
L 05/11/2021 - 16:19:27: Team "TERRORIST" scored "0" with "1" players
L 05/11/2021 - 16:19:27: Server cvar "sv_restart" = "0"
L 05/11/2021 - 16:19:28: "YASTREB<5><STEAM_1:0:842806683><>" entered the game
L 05/11/2021 - 16:19:32: World triggered "Round_Start"
L 05/11/2021 - 16:19:33: "YASTREB<5><STEAM_1:0:842806683><>" joined team "TERRORIST"
L 05/11/2021 - 16:19:52: "An1me4ka._.<3><STEAM_1:0:2038992805><TERRORIST>" committed suicide with "worldspawn" (world)
L 05/11/2021 - 16:19:52: World triggered "Round_Draw" (CT "0") (T "0")
L 05/11/2021 - 16:19:52: World triggered "Round_End"
L 05/11/2021 - 16:19:57: World triggered "Round_Start"
L 05/11/2021 - 16:20:38: "YASTREB<5><STEAM_1:0:842806683><TERRORIST>" attacked "An1me4ka._.<3><STEAM_1:0:2038992805><TERRORIST>" with "ak47" (damage "25") (damage_armor "0") (health "74") (armor "0")
L 05/11/2021 - 16:20:38: "YASTREB<5><STEAM_1:0:842806683><TERRORIST>" attacked "An1me4ka._.<3><STEAM_1:0:2038992805><TERRORIST>" with "ak47" (damage "25") (damage_armor "0") (health "49") (armor "0")
L 05/11/2021 - 16:20:38: "An1me4ka._.<3><STEAM_1:0:2038992805><TERRORIST>" attacked "YASTREB<5><STEAM_1:0:842806683><TERRORIST>" with "m4a1" (damage "37") (damage_armor "0") (health "62") (armor "0")
L 05/11/2021 - 16:20:38: "An1me4ka._.<3><STEAM_1:0:2038992805><TERRORIST>" attacked "YASTREB<5><STEAM_1:0:842806683><TERRORIST>" with "m4a1" (damage "30") (damage_armor "0") (health "33") (armor "0")
L 05/11/2021 - 16:20:38: "YASTREB<5><STEAM_1:0:842806683><TERRORIST>" attacked "An1me4ka._.<3><STEAM_1:0:2038992805><TERRORIST>" with "ak47" (damage "34") (damage_armor "0") (health "16") (armor "0")
L 05/11/2021 - 16:20:39: "An1me4ka._.<3><STEAM_1:0:2038992805><TERRORIST>" attacked "YASTREB<5><STEAM_1:0:842806683><TERRORIST>" with "m4a1" (damage "30") (damage_armor "0") (health "3") (armor "0")
L 05/11/2021 - 16:20:39: "An1me4ka._.<3><STEAM_1:0:2038992805><TERRORIST>" attacked "YASTREB<5><STEAM_1:0:842806683><TERRORIST>" with "m4a1" (damage "30") (damage_armor "0") (health "-27") (armor "0")
L 05/11/2021 - 16:20:39: "An1me4ka._.<3><STEAM_1:0:2038992805><TERRORIST>" killed "YASTREB<5><STEAM_1:0:842806683><TERRORIST>" with "m4a1"
L 05/11/2021 - 16:20:40: "An1me4ka._.<3><STEAM_1:0:2038992805><TERRORIST>" committed suicide with "world"
L 05/11/2021 - 16:20:40: World triggered "Round_Draw" (CT "0") (T "0")
L 05/11/2021 - 16:20:40: World triggered "Round_End"
L 05/11/2021 - 16:20:45: World triggered "Round_Start"
L 05/11/2021 - 16:21:06: "S@L@G@<6><STEAM_1:0:577080095><>" connected, address "77.40.3.170:14090"
L 05/11/2021 - 16:21:09: "An1me4ka._.<3><STEAM_1:0:2038992805><TERRORIST>" attacked "YASTREB<5><STEAM_1:0:842806683><TERRORIST>" with "m4a1" (damage "120") (damage_armor "0") (health "-20") (armor "0")
L 05/11/2021 - 16:21:09: "An1me4ka._.<3><STEAM_1:0:2038992805><TERRORIST>" killed "YASTREB<5><STEAM_1:0:842806683><TERRORIST>" with "m4a1"
L 05/11/2021 - 16:21:10: "An1me4ka._.<3><STEAM_1:0:2038992805><TERRORIST>" committed suicide with "world"
L 05/11/2021 - 16:21:10: World triggered "Round_Draw" (CT "0") (T "0")
L 05/11/2021 - 16:21:10: World triggered "Round_End"
L 05/11/2021 - 16:21:15: World triggered "Round_Start"
77.40.3.170:14090:reconnect
L 05/11/2021 - 16:21:17: "S@L@G@<7><STEAM_1:0:577080095><>" connected, address "77.40.3.170:14090"
77.40.3.170:14090:reconnect
L 05/11/2021 - 16:21:35: "S@L@G@<8><STEAM_1:0:577080095><>" connected, address "77.40.3.170:14090"
L 05/11/2021 - 16:21:36: "YASTREB<5><STEAM_1:0:842806683><TERRORIST>" attacked "An1me4ka._.<3><STEAM_1:0:2038992805><TERRORIST>" with "ak47" (damage "35") (damage_armor "0") (health "65") (armor "0")
L 05/11/2021 - 16:21:36: "YASTREB<5><STEAM_1:0:842806683><TERRORIST>" attacked "An1me4ka._.<3><STEAM_1:0:2038992805><TERRORIST>" with "ak47" (damage "35") (damage_armor "0") (health "30") (armor "0")
L 05/11/2021 - 16:21:37: "An1me4ka._.<3><STEAM_1:0:2038992805><TERRORIST>" attacked "YASTREB<5><STEAM_1:0:842806683><TERRORIST>" with "m4a1" (damage "128") (damage_armor "0") (health "-44") (armor "0")
L 05/11/2021 - 16:21:37: "An1me4ka._.<3><STEAM_1:0:2038992805><TERRORIST>" killed "YASTREB<5><STEAM_1:0:842806683><TERRORIST>" with "m4a1"
L 05/11/2021 - 16:21:39: "An1me4ka._.<3><STEAM_1:0:2038992805><TERRORIST>" committed suicide with "world"
L 05/11/2021 - 16:21:39: World triggered "Round_Draw" (CT "0") (T "0")
L 05/11/2021 - 16:21:39: World triggered "Round_End"
L 05/11/2021 - 16:21:44: World triggered "Round_Start"
L 05/11/2021 - 16:22:07: "An1me4ka._.<3><STEAM_1:0:2038992805><TERRORIST>" attacked "YASTREB<5><STEAM_1:0:842806683><TERRORIST>" with "m4a1" (damage "32") (damage_armor "0") (health "63") (armor "0")
L 05/11/2021 - 16:22:08: "An1me4ka._.<3><STEAM_1:0:2038992805><TERRORIST>" attacked "YASTREB<5><STEAM_1:0:842806683><TERRORIST>" with "m4a1" (damage "32") (damage_armor "0") (health "31") (armor "0")
L 05/11/2021 - 16:22:08: "An1me4ka._.<3><STEAM_1:0:2038992805><TERRORIST>" attacked "YASTREB<5><STEAM_1:0:842806683><TERRORIST>" with "m4a1" (damage "128") (damage_armor "0") (health "-97") (armor "0")
L 05/11/2021 - 16:22:08: "An1me4ka._.<3><STEAM_1:0:2038992805><TERRORIST>" killed "YASTREB<5><STEAM_1:0:842806683><TERRORIST>" with "m4a1"
L 05/11/2021 - 16:22:10: "An1me4ka._.<3><STEAM_1:0:2038992805><TERRORIST>" committed suicide with "world"
L 05/11/2021 - 16:22:10: World triggered "Round_Draw" (CT "0") (T "0")
L 05/11/2021 - 16:22:10: World triggered "Round_End"
L 05/11/2021 - 16:22:15: World triggered "Round_Start"
L 05/11/2021 - 16:22:36: "YASTREB<5><STEAM_1:0:842806683><TERRORIST>" attacked "An1me4ka._.<3><STEAM_1:0:2038992805><TERRORIST>" with "knife" (damage "15") (damage_armor "0") (health "85") (armor "0")
L 05/11/2021 - 16:22:37: "YASTREB<5><STEAM_1:0:842806683><TERRORIST>" attacked "An1me4ka._.<3><STEAM_1:0:2038992805><TERRORIST>" with "knife" (damage "15") (damage_armor "0") (health "70") (armor "0")
L 05/11/2021 - 16:22:38: "An1me4ka._.<3><STEAM_1:0:2038992805><TERRORIST>" attacked "YASTREB<5><STEAM_1:0:842806683><TERRORIST>" with "m4a1" (damage "128") (damage_armor "0") (health "-28") (armor "0")
L 05/11/2021 - 16:22:38: "An1me4ka._.<3><STEAM_1:0:2038992805><TERRORIST>" killed "YASTREB<5><STEAM_1:0:842806683><TERRORIST>" with "m4a1"
L 05/11/2021 - 16:22:45: "An1me4ka._.<3><STEAM_1:0:2038992805><TERRORIST>" committed suicide with "world"
L 05/11/2021 - 16:22:45: World triggered "Round_Draw" (CT "0") (T "0")
L 05/11/2021 - 16:22:45: World triggered "Round_End"
L 05/11/2021 - 16:22:46: "S@L@G@<8><STEAM_1:0:577080095><>" entered the game
L 05/11/2021 - 16:22:48: "S@L@G@<8><STEAM_1:0:577080095><>" joined team "TERRORIST"
L 05/11/2021 - 16:22:50: World triggered "Round_Start"
L 05/11/2021 - 16:23:11: "S@L@G@<8><STEAM_1:0:577080095><TERRORIST>" attacked "YASTREB<5><STEAM_1:0:842806683><TERRORIST>" with "ak47" (damage "16") (damage_armor "0") (health "84") (armor "0")
L 05/11/2021 - 16:23:11: "S@L@G@<8><STEAM_1:0:577080095><TERRORIST>" attacked "YASTREB<5><STEAM_1:0:842806683><TERRORIST>" with "ak47" (damage "16") (damage_armor "0") (health "68") (armor "0")
L 05/11/2021 - 16:23:11: "S@L@G@<8><STEAM_1:0:577080095><TERRORIST>" attacked "YASTREB<5><STEAM_1:0:842806683><TERRORIST>" with "ak47" (damage "20") (damage_armor "0") (health "48") (armor "0")
L 05/11/2021 - 16:23:14: "YASTREB<5><STEAM_1:0:842806683><TERRORIST>" attacked "An1me4ka._.<3><STEAM_1:0:2038992805><TERRORIST>" with "ak47" (damage "35") (damage_armor "0") (health "65") (armor "0")
L 05/11/2021 - 16:23:14: "YASTREB<5><STEAM_1:0:842806683><TERRORIST>" attacked "An1me4ka._.<3><STEAM_1:0:2038992805><TERRORIST>" with "ak47" (damage "35") (damage_armor "0") (health "30") (armor "0")
L 05/11/2021 - 16:23:14: "YASTREB<5><STEAM_1:0:842806683><TERRORIST>" attacked "An1me4ka._.<3><STEAM_1:0:2038992805><TERRORIST>" with "ak47" (damage "35") (damage_armor "0") (health "-5") (armor "0")
L 05/11/2021 - 16:23:14: "YASTREB<5><STEAM_1:0:842806683><TERRORIST>" killed "An1me4ka._.<3><STEAM_1:0:2038992805><TERRORIST>" with "ak47"
L 05/11/2021 - 16:23:29: "Да-Да!<9><STEAM_1:0:1266756663><>" connected, address "80.234.78.100:2565"
80.234.78.100:2565:reconnect
L 05/11/2021 - 16:23:33: "Да-Да!<10><STEAM_1:0:1266756663><>" connected, address "80.234.78.100:2565"
L 05/11/2021 - 16:23:45: "YASTREB<5><STEAM_1:0:842806683><TERRORIST>" attacked "S@L@G@<8><STEAM_1:0:577080095><TERRORIST>" with "ak47" (damage "35") (damage_armor "0") (health "38") (armor "0")
L 05/11/2021 - 16:23:45: "YASTREB<5><STEAM_1:0:842806683><TERRORIST>" attacked "S@L@G@<8><STEAM_1:0:577080095><TERRORIST>" with "ak47" (damage "35") (damage_armor "0") (health "3") (armor "0")
L 05/11/2021 - 16:23:45: "YASTREB<5><STEAM_1:0:842806683><TERRORIST>" attacked "S@L@G@<8><STEAM_1:0:577080095><TERRORIST>" with "ak47" (damage "35") (damage_armor "0") (health "-32") (armor "0")
L 05/11/2021 - 16:23:45: "YASTREB<5><STEAM_1:0:842806683><TERRORIST>" killed "S@L@G@<8><STEAM_1:0:577080095><TERRORIST>" with "ak47"
L 05/11/2021 - 16:23:47: "YASTREB<5><STEAM_1:0:842806683><TERRORIST>" committed suicide with "world"
L 05/11/2021 - 16:23:47: World triggered "Round_Draw" (CT "0") (T "0")
L 05/11/2021 - 16:23:47: World triggered "Round_End"
L 05/11/2021 - 16:23:51: "Да-Да!<10><STEAM_1:0:1266756663><>" entered the game
L 05/11/2021 - 16:23:52: World triggered "Round_Start"
L 05/11/2021 - 16:24:05: "Да-Да!<10><STEAM_1:0:1266756663><>" joined team "TERRORIST"
L 05/11/2021 - 16:24:06: "S@L@G@<8><STEAM_1:0:577080095><TERRORIST>" committed suicide with "world"
L 05/11/2021 - 16:24:06: "S@L@G@<8><STEAM_1:0:577080095><TERRORIST>" joined team "CT"
L 05/11/2021 - 16:24:06: World triggered "Game_Commencing"
L 05/11/2021 - 16:24:06: World triggered "Game_Commencing" (CT "0") (T "0")
L 05/11/2021 - 16:24:06: World triggered "Round_End"
L 05/11/2021 - 16:24:09: World triggered "Round_Start"
L 05/11/2021 - 16:24:11: "SSS / DAY one<11><STEAM_1:0:531291177><>" connected, address "89.40.55.38:27005"
89.40.55.38:27005:reconnect
L 05/11/2021 - 16:24:15: "SSS / DAY one<12><STEAM_1:0:531291177><>" connected, address "89.40.55.38:27005"
L 05/11/2021 - 16:24:30: "YASTREB<5><STEAM_1:0:842806683><TERRORIST>" attacked "S@L@G@<8><STEAM_1:0:577080095><CT>" with "m4a1" (damage "22") (damage_armor "4") (health "127") (armor "95")
L 05/11/2021 - 16:24:31: "YASTREB<5><STEAM_1:0:842806683><TERRORIST>" attacked "S@L@G@<8><STEAM_1:0:577080095><CT>" with "m4a1" (damage "22") (damage_armor "4") (health "105") (armor "90")
L 05/11/2021 - 16:24:31: "YASTREB<5><STEAM_1:0:842806683><TERRORIST>" attacked "S@L@G@<8><STEAM_1:0:577080095><CT>" with "m4a1" (damage "22") (damage_armor "4") (health "83") (armor "85")
L 05/11/2021 - 16:24:31: "YASTREB<5><STEAM_1:0:842806683><TERRORIST>" attacked "S@L@G@<8><STEAM_1:0:577080095><CT>" with "m4a1" (damage "28") (damage_armor "5") (health "56") (armor "79")
L 05/11/2021 - 16:24:31: "YASTREB<5><STEAM_1:0:842806683><TERRORIST>" attacked "S@L@G@<8><STEAM_1:0:577080095><CT>" with "m4a1" (damage "22") (damage_armor "4") (health "33") (armor "74")
L 05/11/2021 - 16:24:31: "YASTREB<5><STEAM_1:0:842806683><TERRORIST>" attacked "S@L@G@<8><STEAM_1:0:577080095><CT>" with "m4a1" (damage "22") (damage_armor "4") (health "11") (armor "69")
L 05/11/2021 - 16:24:31: "YASTREB<5><STEAM_1:0:842806683><TERRORIST>" attacked "S@L@G@<8><STEAM_1:0:577080095><CT>" with "m4a1" (damage "22") (damage_armor "3") (health "-10") (armor "65")
L 05/11/2021 - 16:24:31: "YASTREB<5><STEAM_1:0:842806683><TERRORIST>" killed "S@L@G@<8><STEAM_1:0:577080095><CT>" with "m4a1"
L 05/11/2021 - 16:24:31: Team "TERRORIST" triggered "Terrorists_Win" (CT "0") (T "1")
L 05/11/2021 - 16:24:31: World triggered "Round_End"
L 05/11/2021 - 16:24:32: "SSS / DAY one<12><STEAM_1:0:531291177><>" entered the game
L 05/11/2021 - 16:24:34: "SSS / DAY one<12><STEAM_1:0:531291177><>" joined team "TERRORIST"
L 05/11/2021 - 16:24:36: World triggered "Round_Start"
L 05/11/2021 - 16:25:12: "Голобь<13><STEAM_1:0:1897411479><>" connected, address "217.150.46.65:27005"
217.150.46.65:27005:reconnect
L 05/11/2021 - 16:25:16: "Голобь<14><STEAM_1:0:1897411479><>" connected, address "217.150.46.65:27005"
L 05/11/2021 - 16:25:21: "SSS / DAY one<12><STEAM_1:0:531291177><TERRORIST>" attacked "S@L@G@<8><STEAM_1:0:577080095><CT>" with "knife" (damage "60") (damage_armor "0") (health "440") (armor "350")
L 05/11/2021 - 16:25:26: [admin_loader_for_fb.amxx] Login: "Голобь<14><STEAM_1:0:1897411479><>" became an admin (account "Голобь") (nickname "Голобь") (access "adgiklprst") (address "217.150.46.65")
L 05/11/2021 - 16:25:26: Admin Голобь connected, ip: 217.150.46.65, Steam_ID: STEAM_1:0:1897411479
L 05/11/2021 - 16:25:26: "Голобь<14><STEAM_1:0:1897411479><>" entered the game
L 05/11/2021 - 16:25:29: "Голобь<14><STEAM_1:0:1897411479><>" joined team "TERRORIST"
L 05/11/2021 - 16:25:32: "Tapo4ek<15><STEAM_1:0:1038372020><>" connected, address "194.147.111.34:25058"
L 05/11/2021 - 16:25:33: [plmenu.amxx] Cmd: "Голобь<14><STEAM_1:0:1897411479><>" transfer "S@L@G@<8><STEAM_1:0:577080095><>" (team "Ментов")
L 05/11/2021 - 16:25:33: "S@L@G@<8><STEAM_1:0:577080095><CT>" committed suicide with "world"
L 05/11/2021 - 16:25:33: Team "TERRORIST" triggered "Terrorists_Win" (CT "0") (T "2")
L 05/11/2021 - 16:25:33: World triggered "Round_End"
L 05/11/2021 - 16:25:33: "S@L@G@<8><STEAM_1:0:577080095><CT>" joined team "TERRORIST"
194.147.111.34:25058:reconnect
L 05/11/2021 - 16:25:37: "Tapo4ek<16><STEAM_1:0:1038372020><>" connected, address "194.147.111.34:25058"
L 05/11/2021 - 16:25:38: World triggered "Round_Start"
L 05/11/2021 - 16:25:41: "Tapo4ek<16><STEAM_1:0:1038372020><>" entered the game
L 05/11/2021 - 16:25:45: "Да-Да!<10><STEAM_1:0:1266756663><TERRORIST>" committed suicide with "world"
L 05/11/2021 - 16:25:45: "Да-Да!<10><STEAM_1:0:1266756663><TERRORIST>" joined team "CT"
L 05/11/2021 - 16:25:45: World triggered "Game_Commencing"
L 05/11/2021 - 16:25:45: World triggered "Game_Commencing" (CT "0") (T "2")
L 05/11/2021 - 16:25:45: World triggered "Round_End"
L 05/11/2021 - 16:25:48: World triggered "Round_Start"
