Protocol version 48
Exe version 1.1.2.7/Stdio (cstrike)
Exe build: 16:23:03 Oct  6 2020 (2369)
Executing ReGameDLL Configuration File 
unknown command "mp_freeforall"
unknown command "mp_maxmoney"
unknown command "mp_round_infinite"
unknown command "mp_hegrenade_penetration"
unknown command "mp_nadedrops"
unknown command "mp_roundrespawn_time"
unknown command "mp_auto_reload_weapons"
unknown command "mp_refill_bpammo_weapons"
unknown command "bot_deathmatch"
unknown command "mp_auto_join_team"
Executing ReGameDLL Configuration File 
unknown command "mp_freeforall"
unknown command "mp_maxmoney"
unknown command "mp_round_infinite"
unknown command "mp_hegrenade_penetration"
unknown command "mp_nadedrops"
unknown command "mp_roundrespawn_time"
unknown command "mp_auto_reload_weapons"
unknown command "mp_refill_bpammo_weapons"
unknown command "bot_deathmatch"
unknown command "mp_auto_join_team"
Server IP address 195.88.208.116:27015
   
   Metamod-r version 1.3.0.128 Copyright (c) 2016-2018 ReHLDS Team (rebuild of original Metamod by Will Day and Jussi Kivilinna)
   Metamod-r comes with ABSOLUTELY NO WARRANTY; for details type `meta gpl'.
   This is free software, and you are welcome to redistribute it
   under certain conditions; type `meta gpl' for details.
   
Metamod-r v1.3.0.128, API (5:13)
Metamod-r build: 17:47:48 Aug 24 2018
Metamod-r from: https://github.com/theAsmodai/metamod-r/commit/0cf2f70

   AMX Mod X version 1.9.0.5271 Copyright (c) 2004-2015 AMX Mod X Development Team 
   AMX Mod X comes with ABSOLUTELY NO WARRANTY; for details type `amxx gpl'.
   This is free software and you are welcome to redistribute it under 
   certain conditions; type 'amxx gpl' for details.
  
[WHB] Version: 1.5.696 Linux (Usage SSE 4.1)
[WHB] Success: Build ReHLDS version defined Linux '2369'
[WHB] Success: Configuration executed.
ReGameDLL version: 5.11.0.420-dev+m
L 12/11/2020 - 16:41:59: -------- Mapchange to jail_float --------
L 12/11/2020 - 16:41:59: [GEOIP] Database info: GeoLite2 Country database 2.0
[ReAimDetector] Version: 0.2.2 Linux 'Counter-Strike 1.6'
[ReAimDetector] Success: Build ReHLDS version defined Linux '2369'.
Executing ReGameDLL Configuration File 
unknown command "bot_deathmatch"
Executing ReGameDLL Configuration File 
unknown command "bot_deathmatch"
unknown command "amx_default_access"
unknown command "amx_password_field"
unknown command "amx_mode"
unknown command "amx_show_activity"
unknown command "amx_imessage"
unknown command "amx_freq_imessage"
unknown command "amx_plmenu_bantimes"
unknown command "amx_tempban_maxtime"
unknown command "amx_plmenu_slapdmg"
unknown command "amx_flood_time"
unknown command "amx_reservation"
unknown command "amx_hideslots"
unknown command "amx_time_display"
unknown command "amx_time_voice"
unknown command "amx_vote_delay"
unknown command "amx_vote_time"
unknown command "amx_vote_answers"
unknown command "amx_votekick_ratio"
unknown command "amx_voteban_ratio"
unknown command "amx_votemap_ratio"
unknown command "amx_vote_ratio"
unknown command "amx_extendmap_max"
unknown command "amx_extendmap_step"
unknown command "amx_language_display_msg"
unknown command "amx_help_display_msg"
unknown command "amx_help_display_msg_time"
unknown command "amx_help_amount_per_page"
unknown command "amx_statsx_duration"
unknown command "amx_statsx_freeze"
unknown command "amx_restrmapsettings"
unknown command "fb_kick_delay"
unknown command "fb_server_name"
unknown command "fb_sql_table"
unknown command "fb_sql_log_table"
unknown command "fb_ip_ban_time"
unknown command "fb_showhud"
unknown command "fb_offline_time"
unknown command "fb_unban_self"
unknown command "fb_unban_all"
unknown command "fb_oldmap_players"
unknown command "fb_bantime_access"
unknown command "fb_adminrcon_flag"
unknown command "fb_bantime_limit"
unknown command "fb_use_sql"
unknown command "fb_nvault_clear"
unknown command "fb_force_check"
unknown command "fb_cachetime"
unknown command "fb_oldkickinfo"
unknown command "fb_logtype"
unknown command "fb_loglevel"
unknown command "fb_logdays"
unknown command "fb_use_russian"
unknown command "fb_sql_clear"
unknown command "fb_subnet_except_ucp"
unknown command "fb_subnet_clients"
unknown command "fb_prefix_clients"
unknown command "fb_rec_snet"
unknown command "fb_rec_snet_time"
unknown command "fb_rec_snet_count"
unknown command "fb_rec_snet_bt"
unknown command "fb_subnet_recheck"
unknown command "fb_rec_snet_level"
unknown command "fb_cachetime_kick"
unknown command "fb_cacheonly"
unknown command "fb_showchat"
unknown command "fb_chatinfo"
unknown command "fb_hudinfo"
unknown command "fb_hudcolor"
unknown command "fb_hudpos"
unknown command "fb_serveronly"
unknown command "fb_confirmchat"
unknown command "fb_locknames"
unknown command "fb_newmenu"
unknown command "fb_show_bb"
unknown command "fb_noip_as_allip"
unknown command "fb_longtime_allservers"
unknown command "fb_force_bantype_ip"
unknown command "fb_no_confirm"
unknown command "fb_lock_def_time"
unknown command "fb_customreason_first"
unknown command "fb_customreason_flag"
unknown command "fb_plugin_prefix"
unknown command "fb_plugin_hprefix"
unknown command "fb_menu_nick_addons"
unknown command "fb_acp_admin_uid"
unknown command "fb_kick_all_from_ip"
unknown command "fb_positive_cache_mc"
unknown command "fb_menufilters"
unknown command "fb_menusort"
unknown command "amx_password_field"
unknown command "amx_amxadmins_table"
unknown command "amx_admins_table"
unknown command "fb_adminban_flag"
unknown command "amx_mode"
unknown command "amx_imessage"
unknown command "amx_freq_imessage"
unknown command "amx_plmenu_bantimes"
unknown command "amx_tempban_maxtime"
unknown command "amx_plmenu_slapdmg"
unknown command "amx_flood_time"
unknown command "amx_reservation"
unknown command "amx_hideslots"
unknown command "amx_time_display"
unknown command "amx_time_voice"
unknown command "amx_extendmap_max"
unknown command "amx_extendmap_step"
unknown command "amx_language_display_msg"
unknown command "amx_help_display_msg"
unknown command "amx_help_display_msg_time"
unknown command "amx_help_amount_per_page"
unknown command "amx_statsx_duration"
unknown command "amx_statsx_freeze"
unknown command "amx_restrmapsettings"
IP Подошёл.
L 12/11/2020 - 16:42:00: [colored_translit_config.amxx] Can't add menu item "Настройки чата" from plugin "Colored Translit Config" to menu set because the Menus Front-End plugin itself is not loaded!
L 12/11/2020 - 16:42:00: [map_chooser_14.amxx] Загружено 46 карт из addons/amxmodx/configs/maps.ini
L 12/11/2020 - 16:42:00: [map_chooser_14.amxx] Режим сортировки карт по онлайну выключен!
========== [Colored Translit] START SET FCVAR ==========
=========== [Colored Translit] END SET FCVAR ===========
=========== [Colored Translit] START DEBUG =============
[Colored Translit] Translit File Loaded. Symbols: 65
[Colored Translit] Swear File Loaded. Swears: 0
[Colored Translit] Replace File Loaded. Replacements: 1
[Colored Translit] Ignore File Loaded. Ignore Words: 35
[Colored Translit] Spam File Loaded. Spam Words: 172
[Colored Translit] Cheat File Loaded. Cheat Words: 206
[Colored Translit] Config File Executed. Version: 3.0
=========== [Colored Translit] END DEBUG ===============
[COVID mode]: Everything is fine! The configuration file is loaded! 
unknown command "vk"
couldn't exec addons/amxmodx/configs/jb_standard/all_cvars.cfg
unknown command "jbe_last_prisoner_money"
unknown command "jbe_vip_discount_shop"
L 12/11/2020 - 16:42:01: [admin_loader_for_fb.amxx] Загружено 25 администраторов из MySQL
Server logging data to file logs/L1211034.log
L 12/11/2020 - 16:42:01: Log file started (file "logs/L1211034.log") (game "cstrike") (version "48/1.1.2.7/Stdio/2369")
unknown command "sv_logecho"
unknown command "sv_logfile"
L 12/11/2020 - 16:42:01: Server cvar "mp_logdetail" = "3"
unknown command "mp_autocrosshair"
L 12/11/2020 - 16:42:01: Server cvar "sv_aim" = "0"
unknown command "sv_airmove"
unknown command "sv_voicequality"
unknown command "sv_voicecodec"
unknown command "amx_extendmap_max"
unknown command "amx_extendmap_step"
unknown command "cam_change"
unknown command "cam_connect"
unknown command "cam_message"
unknown command "sid_url"
unknown command "]fastcup.net/rating.html"
unknown command "precache_hl"
unknown command "precache_weapons"
unknown command "amx_extendmap_max"
unknown command "amx_extendmap_step"
unknown command "sv_consistency"
unknown command "amx_amxadmins_table"
unknown command "amx_admins_table"
L 12/11/2020 - 16:42:01: [pluginmenu.amxx] Can't add menu item "Plugin Cvars" from plugin "pluginmenu.amxx" to menu set because the Menus Front-End plugin itself is not loaded!
L 12/11/2020 - 16:42:01: [pluginmenu.amxx] Can't add menu item "Plugin Commands" from plugin "pluginmenu.amxx" to menu set because the Menus Front-End plugin itself is not loaded!
fsdfsd - 1 - 1
Connection to Steam servers successful.
   VAC secure mode disabled.
L 12/11/2020 - 16:42:02: "[VIP]-3ае4kаа<1><STEAM_1:0:706951346><>" connected, address "95.71.157.55:27005"
L 12/11/2020 - 16:42:03: "minibam<2><STEAM_0:1:189314915><>" connected, address "92.38.70.90:6228"
L 12/11/2020 - 16:42:03: "minibam<2><STEAM_0:1:189314915><>" STEAM USERID validated
SV_ReadClientMessage: badread on , opcode clc_stringcmd
SV_ReadClientMessage: badread on 
92.38.70.90:6228:reconnect
L 12/11/2020 - 16:42:04: "minibam<3><STEAM_0:1:189314915><>" connected, address "92.38.70.90:6228"
L 12/11/2020 - 16:42:05: "minibam<3><STEAM_0:1:189314915><>" STEAM USERID validated
L 12/11/2020 - 16:42:05: "миша<4><STEAM_1:0:383716148><>" connected, address "178.34.158.199:36780"
L 12/11/2020 - 16:42:05: "[VIP]-3ае4kаа<5><STEAM_1:0:706951346><>" connected, address "95.71.157.55:27005"
178.34.158.199:36780:reconnect
L 12/11/2020 - 16:42:05: "миша<6><STEAM_1:0:383716148><>" connected, address "178.34.158.199:36780"
SV_ReadClientMessage: badread on , opcode clc_stringcmd
SV_ReadClientMessage: badread on 
95.71.157.55:27005:reconnect
L 12/11/2020 - 16:42:06: "[VIP]-3ае4kаа<7><STEAM_1:0:706951346><>" connected, address "95.71.157.55:27005"
L 12/11/2020 - 16:42:07: [admin_loader_for_fb.amxx] Login: "minibam<3><STEAM_0:1:189314915><>" became an admin (account "minibam") (nickname "minibam") (access "abcdefghjklopqrstu") (address "92.38.70.90")
L 12/11/2020 - 16:42:07: Admin minibam connected, ip: 92.38.70.90, Steam_ID: STEAM_0:1:189314915
L 12/11/2020 - 16:42:07: "minibam<3><STEAM_0:1:189314915><>" entered the game
SV_ReadClientMessage: badread on , opcode clc_stringcmd
SV_ReadClientMessage: badread on 
L 12/11/2020 - 16:42:08: "minibam<3><STEAM_0:1:189314915><>" joined team "TERRORIST"
L 12/11/2020 - 16:42:08: World triggered "Round_Draw" (CT "0") (T "0")
L 12/11/2020 - 16:42:08: World triggered "Round_End"
L 12/11/2020 - 16:42:09: World triggered "Round_Start"
178.34.158.199:36780:reconnect
L 12/11/2020 - 16:42:09: "миша<8><STEAM_1:0:383716148><>" connected, address "178.34.158.199:36780"
L 12/11/2020 - 16:42:09: "T1NK<9><STEAM_1:0:957420167><>" connected, address "62.133.162.161:62832"
62.133.162.161:62832:reconnect
L 12/11/2020 - 16:42:10: "T1NK<10><STEAM_1:0:957420167><>" connected, address "62.133.162.161:62832"
62.133.162.161:62832:reconnect
L 12/11/2020 - 16:42:10: "T1NK<11><STEAM_1:0:957420167><>" connected, address "62.133.162.161:62832"
L 12/11/2020 - 16:42:11: "[VIP]-3ае4kаа<12><STEAM_1:0:706951346><>" connected, address "95.71.157.55:27005"
L 12/11/2020 - 16:42:13: World triggered "Round_Start"
L 12/11/2020 - 16:42:16: "[VIP]-3ае4kаа<12><STEAM_1:0:706951346><>" entered the game
L 12/11/2020 - 16:42:17: "миша<8><STEAM_1:0:383716148><>" entered the game
L 12/11/2020 - 16:42:17: "[VIP]-3ае4kаа<12><STEAM_1:0:706951346><>" joined team "CT"
L 12/11/2020 - 16:42:17: World triggered "Game_Commencing"
L 12/11/2020 - 16:42:17: World triggered "Game_Commencing" (CT "0") (T "0")
L 12/11/2020 - 16:42:17: World triggered "Round_End"
62.133.162.161:62832:reconnect
L 12/11/2020 - 16:42:19: "T1NK<13><STEAM_1:0:957420167><>" connected, address "62.133.162.161:62832"
L 12/11/2020 - 16:42:20: World triggered "Round_Start"
L 12/11/2020 - 16:42:22: "миша<8><STEAM_1:0:383716148><>" joined team "TERRORIST"
62.133.162.161:62832:reconnect
L 12/11/2020 - 16:42:32: "T1NK<14><STEAM_1:0:957420167><>" connected, address "62.133.162.161:62832"
L 12/11/2020 - 16:42:39: "Telipyzik55<15><STEAM_1:0:1242911636><>" connected, address "213.5.126.73:18432"
L 12/11/2020 - 16:42:40: "minibam<3><STEAM_0:1:189314915><TERRORIST>" attacked "[VIP]-3ае4kаа<12><STEAM_1:0:706951346><CT>" with "knife" (damage "65") (damage_armor "0") (health "21") (armor "0")
213.5.126.73:18432:reconnect
L 12/11/2020 - 16:42:42: "Telipyzik55<16><STEAM_1:0:1242911636><>" connected, address "213.5.126.73:18432"
L 12/11/2020 - 16:42:42: "minibam<3><STEAM_0:1:189314915><TERRORIST>" attacked "[VIP]-3ае4kаа<12><STEAM_1:0:706951346><CT>" with "knife" (damage "65") (damage_armor "0") (health "-44") (armor "0")
L 12/11/2020 - 16:42:42: "minibam<3><STEAM_0:1:189314915><TERRORIST>" killed "[VIP]-3ае4kаа<12><STEAM_1:0:706951346><CT>" with "knife"
L 12/11/2020 - 16:42:42: Team "TERRORIST" triggered "Terrorists_Win" (CT "0") (T "1")
L 12/11/2020 - 16:42:42: World triggered "Round_End"
L 12/11/2020 - 16:42:44: "Telipyzik55<16><STEAM_1:0:1242911636><>" entered the game
L 12/11/2020 - 16:42:45: Server cvar "sv_restart" = "5"
L 12/11/2020 - 16:42:45: World triggered "Restart_Round_(5_seconds)"
L 12/11/2020 - 16:42:45: Team "CT" scored "0" with "1" players
L 12/11/2020 - 16:42:45: Team "TERRORIST" scored "1" with "2" players
L 12/11/2020 - 16:42:45: Server cvar "sv_restart" = "0"
L 12/11/2020 - 16:42:47: "Telipyzik55<16><STEAM_1:0:1242911636><>" joined team "TERRORIST"
L 12/11/2020 - 16:42:50: World triggered "Round_Start"
L 12/11/2020 - 16:42:55: "Telipyzik55<16><STEAM_1:0:1242911636><TERRORIST>" committed suicide with "world"
L 12/11/2020 - 16:42:55: "Telipyzik55<16><STEAM_1:0:1242911636><TERRORIST>" joined team "CT"
L 12/11/2020 - 16:42:56: FATAL ERROR (shutting down): SV_HullForBsp: Hit a worldspawn with no model (models/jb_engine/costumes/babo4ka.mdl)
