–í—ã–ø–æ–ª–Ω–µ–Ω–∞ –æ—á–∏—Å—Ç–∫–∞ –∫–æ–Ω—Å–æ–ª–∏, —Å–ª–∏—à–∫–æ–º –±–æ–ª—å—à–æ–π –æ–±—ä–µ–º –¥–∞–Ω–Ω—ã—Ö

Currently loaded plugins:
       name                    version     author            file             status   
 [  1] Admin Loader            3.4         neygomon          admin_loader_fo  running  
 [  2] FreshBans               1.4.3b      kanagava          fresh_bans_143_  running  
 [  3] fb_forwards             0.1.4       Kanagava & Realu  fb_forwards.amx  running  
 [  4] Admin_Log_IP            1.0         minion            admin_log_ip.am  running  
 [  5] Ping Control            1.31        neygomon          Ping_Control.am  running  
 [  6] CSStatsX SQL            0.7.4       serfreeman1337    csstatsx_sql.am  running  
 [  7] AMXX Gag                1.4         minibum           amx_gag.amxx     running  
 [  8] CS Stats Logging        1.9.0.5241  AMXX Dev Team     stats_logging.a  running  
 [  9] Admin Commands          1.9.0.5235  AMXX Dev Team     admincmd.amxx    running  
 [ 10] COVID mode              [182] 1.2.  wellasgood        covid_mode.amxx  running  
 [ 11] –ö–æ–Ω—Ç—Ä–æ–ª—å –ê–¥–  0.1         minibam           check_admins.am  running  
 [ 12] Anti Reklama            3.0b        minibam           antireklama.amx  running  
 [ 13] Commands Menu           1.9.0.5241  AMXX Dev Team     cmdmenu.amxx     running  
 [ 14] Info. Messages          1.9.0.5241  AMXX Dev Team     imessage.amxx    running  
 [ 15] Players Menu            1.8.2       AMXX Dev Team     plmenu.amxx      running  
 [ 16] Plugin Menu             1.9.0.5241  AMXX Dev Team     pluginmenu.amxx  running  
 [ 17] Scrolling Message       1.9.0.5241  AMXX Dev Team     scrollmsg.amxx   running  
 [ 18] Admin Votes             1.9.0.5241  AMXX Dev Team     adminvote.amxx   running  
 [ 19] Stats Configuration     1.9.0.5241  AMXX Dev Team     statscfg.amxx    running  
 [ 20] Advanced MapChooser     1.4.1       minibam           map_chooser_14.  running  
 [ 21] Autoresponder/Advertis  0.5         MaximusBrood      reklama_in_chat  running  
 [ 22] Custom Flashlight       0.4.0       ConnorMcLeod      custom_flashlig  running  
 [ 23] cs-rp16.ru              1.0         minion            sam.amxx         running  
 [ 24] Night VIP               0.1         F@nt0M            night_vip.amxx   running  
 [ 25] AdminMenu               0.1         HoCok             super_menu.amxx  running  
 [ 26] BanIP Fakes             0.2         Safety1st         banip_fakes.amx  running  
 [ 27] Anim_EnadRound          1.0         ShaTalKiN         anim_endround.a  running  
 [ 28] Give Weapon             1.0         OverGame          global_weapon.a  running  
 [ 29] Maps Menu               1.9.0.5241  AMXX Dev Team     mapsmenu.amxx    running  
 [ 30] Proxy Detetor           1.0         _xvi              proxy_detetor.a  running  
 [ 31] [HR] MapStart Random G  0.2         Hellr0ck          hr_mapstart_ran  running  
 [ 32] Counter-advertising ni  Free        minibam           counter_adverti  running  
 [ 33] Anti Fast Strafe        10.1        Proffi+Seroff     anti_fast_straf  running  
 [ 34] Admin Chat              1.8.1.3746  AMXX Dev Team     adminchat_big_h  running  
 [ 35] No Software Mode        0.1         panicaskill       no_software_mod  running  
 [ 36] Anti Flood              1.9.0.5235  AMXX Dev Team     antiflood.amxx   running  
 [ 37] Anti net_graph 2        1.0         Seroff            anti_net_graph_  running  
 [ 38] ReAimDetector API       0.2.2       ReHLDS Team       reaimdetector.a  running  
 [ 39] Game Namer              Version 1.  NeuroToxin        gamenamechanger  running  
 [ 40] UnPrecacher             minibam -   Proo.Noob         limit_off.amxx   running  
 [ 41] [RS] Auto-Demo Recorde  1.0.1       vk/felhalas       RS_DemoRecord.a  running  
 [ 42] SendVK                  1.0         sublime           sendvk.amxx      running  
 [ 43] Mafia Game              1.0         vk.com/cs_rp16    jbe_mafia.amxx   running  
 [ 44] HookManager             3.1         minibum           UltraHook.amxx   running  
 [ 45] Normal Mode Kriss SV R  2.0         Asep, Credits :   normal-mode_kri  debug    
 [ 46] [CSO] M4A1 Dark Knight  1.1         minibum           cso_buffm4_fix_  running  
 [ 47] [CSO] AK47 PALADIN ||   1.0 || CLO  AsepKhairulAnam@  cso_buffak_fix_  running  
 [ 48] Brick Peace V2          1.0         minibam           jbe_brickpeacev  running  
 [ 49] [JBE] Grab + Menu       5.3         minibum           jbe_grab.amxx    debug    
 [ 50] Paint                   1.0         minion            paint.amxx       running  
 [ 51] Nade fixer              0.1         Mati              flyhighfix.amxx  debug    
 [ 52] [JB] Weapon: AK-47 Kni  1.0         Crock / =)        jb_akknife.amxx  debug    
 [ 53] jail_blue map enhancer  1.0         *CareFully*       jail_blue_enhan  running  
 [ 54] Fix bug (say / say_tea  1.0         Ghost95V & popey  saycharfix.amxx  running  
 [ 55] [Jail] Jail Core        4.2         minibam           jbe_core_mode.a  debug    
 [ 56] Menu emotions           1.0         KEK+Seroff        emot.amxx        running  
 [ 57] PLUGIN                  VERSION     AUTHOR            cam.amxx         running  
 [ 58] [JBE] –õ–æ—Ä–¥          1.0         minibum           jbe_elite_admin  debug    
 [ 59] legenda                 1.0         minibum           jbe_legenda.amx  running  
 [ 60] [JBE_DM] Birth Day      1.1         Freedo.m          jbe_dm_birthday  debug    
 [ 61] [JBE_DM] Blindfolders   1.1         ToJI9IHGaa        jbe_dm_blindfol  running  
 [ 62] [JBE] DOGONYLKI         1.1         BATYP             jbe_dm_dogon9lk  debug    
 [ 63] [JBE_DM] Sniper         1.0         Freedo.m          jbe_dm_Day_no4.  debug    
 [ 64] [JBE_DM] Hide And Seek  1.1         Freedo.m          jbe_dm_hideands  debug    
 [ 65] ***[D-JAIL]~[J-GALAXY]  1.0         Notepad++         jbe_galaxy.amxx  debug    
 [ 66] [JBE_DM] DRUG NAHUI SU  0.1         kR1m1naL | VK.CO  jbe_dm_drug.amx  debug    
 [ 67] [JBE_DM] Shtyrm         1.0         Freedo.m          jbe_dm_shtyrm.a  debug    
 [ 68] [JBE_DM] Starwars       1.1         DARLOK            jbe_dm_starwars  debug    
 [ 69] [JBE_DM] Magic          1.0         Halyavshik        jbe_dm_magic.am  debug    
 [ 70] [JBE_DM] snipers        1.1         mdNss             jbe_dm_snipers.  debug    
 [ 71] [JBE_DM] jetpack        1.1         mdNss             jbe_dm_jetpack.  debug    
 [ 72] New Jetpack             0.0.2       Bad_Bud,ZmOutSta  zp_item_jetpack  debug    
 [ 73] [JailMode] Hot Potato   1.1         AlexandrFiner/mi  jbe_dm_hot_pota  running  
 [ 74] [JBE_DM] snipers        1.1         mdNss             jbe_dm_1hp.amxx  debug    
 [ 75] Zombie                  1.0         Madness           jbe_dm_zombie.a  running  
 [ 76] [ZP] Extra: M134 EX     1.0         LARS-DAY[BR]EAKE  jbe_weapon_m134  debug    
 [ 77] Colored Translit        3.0         Sho0ter           colored_transli  running  
 [ 78] Colored Translit Confi  3.0         Sho0ter           colored_transli  running  
 [ 79] Parachute               1.0         maeStro           parachute.amxx   debug    
 [ 80] [JBE] dop               1.0         minibum           jbe_dopmenu.amx  running  
 [ 81] [JBE] Chief Step        1.0         Geneor            jbe_chiefstep.a  debug    
 [ 82] SpecList                1.3         minibum           speclist.amxx    running  
 [ 83] [JBE] smotr             1.0         minibum           jbe_smotr_dop.a  running  
 [ 84] SC Ban                  1.0 Beta    malniata          sc_ban.amxx      running  
 [ 85] JBE SPLEAF + CREATE BL  1.0         cut by thezoloto  stroit.amxx      running  
 [ 86] [JBE] –°—Ç—Ä–æ–∏—Ç–µ–ª  1.1         minibam           jbe_building.am  running  
 [ 87] –ú–µ–Ω—é –î–∏–¥–∂–µ—è   1.1         minibam           menu_didjeya.am  running  
 [ 88] [ALL] Back fly costume  1.1         minibam           zp_addon_pets.a  running  
 [ 89] dhud advert             1.0         minibam           dhud_advert_rou  running  
89 plugins, 89 running
L 04/18/2021 - 17:49:55: [map_chooser_14.amxx] –ê–¥–º–∏–Ω–∏—Å—Ç—Ä–∞—Ç–æ—Ä –†–∞–¥–∏ –ü–æ–±–µ–¥—ã [ Jail ]  –∑–∞–ø—É—Å—Ç–∏–ª –¥–æ—Å—Ä–æ—á–Ω—É—é —Å–º–µ–Ω—É –∫–∞—Ä—Ç—ã
Rcon from 195.88.208.116:54939:
rcon 1879542431 "7K4YVX3KUfT8vzz7YLee-ZUZUzEXQ5ZjkvBrwzcjx" status
L 04/18/2021 - 17:50:19: Rcon: "rcon 1879542431 "7K4YVX3KUfT8vzz7YLee-ZUZUzEXQ5ZjkvBrwzcjx" status" from "195.88.208.116:54939"
Rcon from 195.88.208.116:47303:
rcon 1879542431 "7K4YVX3KUfT8vzz7YLee-ZUZUzEXQ5ZjkvBrwzcjx" status
L 04/18/2021 - 17:51:10: Rcon: "rcon 1879542431 "7K4YVX3KUfT8vzz7YLee-ZUZUzEXQ5ZjkvBrwzcjx" status" from "195.88.208.116:47303"
217.150.46.65:27005:reconnect
L 04/18/2021 - 17:51:12: "–õ–∞—Å–æ—Å—å<2083><STEAM_1:0:1897411479><>" connected, address "217.150.46.65:27005"
Rcon from 195.88.208.116:59136:
rcon 1879542431 "7K4YVX3KUfT8vzz7YLee-ZUZUzEXQ5ZjkvBrwzcjx" status
L 04/18/2021 - 17:51:16: Rcon: "rcon 1879542431 "7K4YVX3KUfT8vzz7YLee-ZUZUzEXQ5ZjkvBrwzcjx" status" from "195.88.208.116:59136"
Rcon from 195.88.208.116:55464:
rcon 1879542431 "7K4YVX3KUfT8vzz7YLee-ZUZUzEXQ5ZjkvBrwzcjx" status
L 04/18/2021 - 17:51:23: Rcon: "rcon 1879542431 "7K4YVX3KUfT8vzz7YLee-ZUZUzEXQ5ZjkvBrwzcjx" status" from "195.88.208.116:55464"
217.150.46.65:27005:reconnect
L 04/18/2021 - 17:51:36: "–õ–∞—Å–æ—Å—å<2084><STEAM_1:0:1897411479><>" connected, address "217.150.46.65:27005"
L 04/18/2021 - 17:51:46: [admin_loader_for_fb.amxx] Login: "–õ–∞—Å–æ—Å—å<2084><STEAM_1:0:1897411479><>" became an admin (account "–õ–∞—Å–æ—Å—å") (nickname "–õ–∞—Å–æ—Å—å") (access "adgiklprst") (address "217.150.46.65")
L 04/18/2021 - 17:51:46: Admin –õ–∞—Å–æ—Å—å connected, ip: 217.150.46.65, Steam_ID: STEAM_1:0:1897411479
L 04/18/2021 - 17:51:46: "–õ–∞—Å–æ—Å—å<2084><STEAM_1:0:1897411479><>" entered the game
L 04/18/2021 - 17:51:52: "–õ–∞—Å–æ—Å—å<2084><STEAM_1:0:1897411479><>" joined team "CT"
L 04/18/2021 - 17:51:52: World triggered "Game_Commencing"
L 04/18/2021 - 17:51:52: World triggered "Game_Commencing" (CT "0") (T "0")
L 04/18/2021 - 17:51:52: World triggered "Round_End"
L 04/18/2021 - 17:51:55: Server cvar "mp_freezetime" = "15"
L 04/18/2021 - 17:51:59: [map_chooser_14.amxx] [Start VoteMap] –ì–æ–ª–æ—Å–æ–≤–∞–Ω–∏–µ –Ω–∞—á–∞–ª–æ—Å—å...
L 04/18/2021 - 17:52:09: [map_chooser_14.amxx] [End VoteMap] –ì–æ–ª–æ—Å–æ–≤–∞–Ω–∏–µ –∑–∞–≤–µ—Ä—à–µ–Ω–æ jail_alone_efsane
L 04/18/2021 - 17:52:09: Server cvar "mp_freezetime" = "0"
L 04/18/2021 - 17:52:10: World triggered "Round_Start"
L 04/18/2021 - 17:52:12: "ENOTIK<2082><STEAM_1:0:414665571><TERRORIST>" triggered "weaponstats" (weapon "grenade") (shots "2") (hits "0") (kills "0") (headshots "0") (tks "0") (damage "0") (deaths "0")
L 04/18/2021 - 17:52:12: "ENOTIK<2082><STEAM_1:0:414665571><TERRORIST>" triggered "weaponstats2" (weapon "grenade") (head "0") (chest "0") (stomach "0") (leftarm "0") (rightarm "0") (leftleg "0") (rightleg "0")
L 04/18/2021 - 17:52:12: "ENOTIK<2082><STEAM_1:0:414665571><TERRORIST>" triggered "weaponstats" (weapon "deagle") (shots "10") (hits "0") (kills "0") (headshots "0") (tks "0") (damage "0") (deaths "0")
L 04/18/2021 - 17:52:12: "ENOTIK<2082><STEAM_1:0:414665571><TERRORIST>" triggered "weaponstats2" (weapon "deagle") (head "0") (chest "0") (stomach "0") (leftarm "0") (rightarm "0") (leftleg "0") (rightleg "0")
L 04/18/2021 - 17:52:12: "ENOTIK<2082><STEAM_1:0:414665571><TERRORIST>" triggered "weaponstats" (weapon "ak47") (shots "11") (hits "0") (kills "0") (headshots "0") (tks "0") (damage "0") (deaths "0")
L 04/18/2021 - 17:52:12: "ENOTIK<2082><STEAM_1:0:414665571><TERRORIST>" triggered "weaponstats2" (weapon "ak47") (head "0") (chest "0") (stomach "0") (leftarm "0") (rightarm "0") (leftleg "0") (rightleg "0")
L 04/18/2021 - 17:52:12: "ENOTIK<2082><STEAM_1:0:414665571><TERRORIST>" triggered "weaponstats" (weapon "knife") (shots "1") (hits "0") (kills "0") (headshots "0") (tks "0") (damage "0") (deaths "0")
L 04/18/2021 - 17:52:12: "ENOTIK<2082><STEAM_1:0:414665571><TERRORIST>" triggered "weaponstats2" (weapon "knife") (head "0") (chest "0") (stomach "0") (leftarm "0") (rightarm "0") (leftleg "0") (rightleg "0")
L 04/18/2021 - 17:52:12: "ENOTIK<2082><STEAM_1:0:414665571><TERRORIST>" triggered "time" (time "4:53")
L 04/18/2021 - 17:52:12: "ENOTIK<2082><STEAM_1:0:414665571><TERRORIST>" triggered "latency" (ping "57")
L 04/18/2021 - 17:52:12: "–õ–∞—Å–æ—Å—å<2084><STEAM_1:0:1897411479><CT>" triggered "time" (time "0:26")
L 04/18/2021 - 17:52:12: "–õ–∞—Å–æ—Å—å<2084><STEAM_1:0:1897411479><CT>" triggered "latency" (ping "103")
L 04/18/2021 - 17:52:12: [META] ini: Begin re-reading plugins list: /servers/cs/1001/cstrike/addons/metamod/plugins.ini
L 04/18/2021 - 17:52:12: [META] ini: Read plugin config for: AMX Mod X
L 04/18/2021 - 17:52:12: [META] ini: Read plugin config for: Reunion
L 04/18/2021 - 17:52:12: [META] ini: Read plugin config for: WHBlocker
L 04/18/2021 - 17:52:12: [META] ini: Read plugin config for: Revoice
L 04/18/2021 - 17:52:12: [META] ini: Finished reading plugins list: /servers/cs/1001/cstrike/addons/metamod/plugins.ini; Found 4 plugins
L 04/18/2021 - 17:52:12: [META] dll: Updating plugins...
L 04/18/2021 - 17:52:12: [META] dll: Finished updating 14 plugins; kept 4, loaded 0, unloaded 0, reloaded 0, delayed 0
L 04/18/2021 - 17:52:12: [META] dll: Rebuilding callbacks...
L 04/18/2021 - 17:52:12: [META] dll: Callbacks rebuilded.
L 04/18/2021 - 17:52:12: "ENOTIK<2082><STEAM_1:0:414665571><TERRORIST>" disconnected
L 04/18/2021 - 17:52:12: "–õ–∞—Å–æ—Å—å<2084><STEAM_1:0:1897411479><CT>" disconnected
L 04/18/2021 - 17:52:12: World triggered "Round_Draw" (CT "0") (T "0")
L 04/18/2021 - 17:52:12: World triggered "Round_End"
L 04/18/2021 - 17:52:12: Log file closed
Server logging data to file logs/L0418048.log
L 04/18/2021 - 17:52:12: Log file started (file "logs/L0418048.log") (game "cstrike") (version "48/1.1.2.7/Stdio/2369")
L 04/18/2021 - 17:52:12: Loading map "jail_alone_efsane"
L 04/18/2021 - 17:52:12: Server cvars start
L 04/18/2021 - 17:52:12: Server cvar "[HR] MapStart Random GameName" = "0.2"
L 04/18/2021 - 17:52:12: Server cvar "admin_loader_version" = "3.4"
L 04/18/2021 - 17:52:12: Server cvar "allow_spectators" = "1"
L 04/18/2021 - 17:52:12: Server cvar "amx_client_languages" = "0"
L 04/18/2021 - 17:52:12: Server cvar "amx_language" = "ru"
L 04/18/2021 - 17:52:12: Server cvar "amxmodx_version" = "1.9.0.5271"
L 04/18/2021 - 17:52:12: Server cvar "antireklama" = "3.0b"
L 04/18/2021 - 17:52:12: Server cvar "banipfakes_version" = "0.2"
L 04/18/2021 - 17:52:12: Server cvar "brick_version" = "m4m3ts"
L 04/18/2021 - 17:52:12: Server cvar "Colored Translit Cheat" = "Loaded"
L 04/18/2021 - 17:52:12: Server cvar "Colored Translit Config" = "Loaded"
L 04/18/2021 - 17:52:12: Server cvar "Colored Translit Ignores" = "Loaded"
L 04/18/2021 - 17:52:12: Server cvar "Colored Translit Replace" = "Loaded"
L 04/18/2021 - 17:52:12: Server cvar "Colored Translit Spam" = "Loaded"
L 04/18/2021 - 17:52:12: Server cvar "Colored Translit Status" = "Loaded"
L 04/18/2021 - 17:52:12: Server cvar "Colored Translit Swear" = "Loaded"
L 04/18/2021 - 17:52:12: Server cvar "Colored Translit Version" = "2.0b Final"
L 04/18/2021 - 17:52:12: Server cvar "coop" = "0"
L 04/18/2021 - 17:52:12: Server cvar "csstatsx_sql" = "0.7.4"
L 04/18/2021 - 17:52:12: Server cvar "deathmatch" = "1"
L 04/18/2021 - 17:52:12: Server cvar "decalfrequency" = "30"
L 04/18/2021 - 17:52:12: Server cvar "edgefriction" = "2"
L 04/18/2021 - 17:52:12: Server cvar "ff_damage_reduction_bullets" = "0.35"
L 04/18/2021 - 17:52:12: Server cvar "ff_damage_reduction_grenade" = "0.25"
L 04/18/2021 - 17:52:12: Server cvar "ff_damage_reduction_grenade_self" = "1"
L 04/18/2021 - 17:52:12: Server cvar "ff_damage_reduction_other" = "0.25"
L 04/18/2021 - 17:52:12: Server cvar "game_version" = "5.11.0.420-dev+m"
L 04/18/2021 - 17:52:12: Server cvar "humans_join_team" = "any"
L 04/18/2021 - 17:52:12: Server cvar "max_queries_sec" = "3.0"
L 04/18/2021 - 17:52:12: Server cvar "max_queries_sec_global" = "30"
L 04/18/2021 - 17:52:12: Server cvar "max_queries_window" = "60"
L 04/18/2021 - 17:52:12: Server cvar "metamod_version" = "1.3.0.128"
L 04/18/2021 - 17:52:12: Server cvar "mp_afk_bomb_drop_time" = "0"
L 04/18/2021 - 17:52:12: Server cvar "mp_autokick" = "0"
L 04/18/2021 - 17:52:12: Server cvar "mp_autokick_timeout" = "-1"
L 04/18/2021 - 17:52:12: Server cvar "mp_autoteambalance" = "0"
L 04/18/2021 - 17:52:12: Server cvar "mp_buy_anywhere" = "0"
L 04/18/2021 - 17:52:12: Server cvar "mp_buytime" = "0"
L 04/18/2021 - 17:52:12: Server cvar "mp_c4timer" = "0"
L 04/18/2021 - 17:52:12: Server cvar "mp_chattime" = "10"
L 04/18/2021 - 17:52:12: Server cvar "mp_consistency" = "0"
L 04/18/2021 - 17:52:12: Server cvar "mp_fadetoblack" = "0"
L 04/18/2021 - 17:52:12: Server cvar "mp_flashlight" = "1"
L 04/18/2021 - 17:52:12: Server cvar "mp_footsteps" = "1"
L 04/18/2021 - 17:52:12: Server cvar "mp_forcecamera" = "2"
L 04/18/2021 - 17:52:12: Server cvar "mp_forcechasecam" = "1"
L 04/18/2021 - 17:52:12: Server cvar "mp_forcerespawn" = "0"
L 04/18/2021 - 17:52:12: Server cvar "mp_fraglimit" = "0"
L 04/18/2021 - 17:52:12: Server cvar "mp_fragsleft" = "0"
L 04/18/2021 - 17:52:12: Server cvar "mp_freeforall" = "0"
L 04/18/2021 - 17:52:12: Server cvar "mp_freezetime" = "0"
L 04/18/2021 - 17:52:12: Server cvar "mp_friendlyfire" = "1"
L 04/18/2021 - 17:52:12: Server cvar "mp_hostage_hurtable" = "1"
L 04/18/2021 - 17:52:12: Server cvar "mp_hostagepenalty" = "0"
L 04/18/2021 - 17:52:12: Server cvar "mp_infinite_ammo" = "0"
L 04/18/2021 - 17:52:12: Server cvar "mp_infinite_grenades" = "0"
L 04/18/2021 - 17:52:12: Server cvar "mp_item_staytime" = "300"
L 04/18/2021 - 17:52:12: Server cvar "mp_kickpercent" = "0.66"
L 04/18/2021 - 17:52:12: Server cvar "mp_limitteams" = "45"
L 04/18/2021 - 17:52:12: Server cvar "mp_logdetail" = "3"
L 04/18/2021 - 17:52:12: Server cvar "mp_logfile" = "1"
L 04/18/2021 - 17:52:12: Server cvar "mp_logmessages" = "1"
L 04/18/2021 - 17:52:12: Server cvar "mp_mapvoteratio" = "0.66"
L 04/18/2021 - 17:52:12: Server cvar "mp_maxmoney" = "16000"
L 04/18/2021 - 17:52:12: Server cvar "mp_maxrounds" = "0"
L 04/18/2021 - 17:52:12: Server cvar "mp_mirrordamage" = "0"
L 04/18/2021 - 17:52:12: Server cvar "mp_playerid" = "0"
L 04/18/2021 - 17:52:12: Server cvar "mp_radio_maxinround" = "60"
L 04/18/2021 - 17:52:12: Server cvar "mp_radio_timeout" = "1.5"
L 04/18/2021 - 17:52:12: Server cvar "mp_respawn_immunity_effects" = "1"
L 04/18/2021 - 17:52:12: Server cvar "mp_respawn_immunitytime" = "0"
L 04/18/2021 - 17:52:12: Server cvar "mp_round_infinite" = "0"
L 04/18/2021 - 17:52:12: Server cvar "mp_round_restart_delay" = "5"
L 04/18/2021 - 17:52:12: Server cvar "mp_roundover" = "0"
L 04/18/2021 - 17:52:12: Server cvar "mp_roundtime" = "0"
L 04/18/2021 - 17:52:12: Server cvar "mp_show_scenarioicon" = "0"
L 04/18/2021 - 17:52:12: Server cvar "mp_startmoney" = "1"
L 04/18/2021 - 17:52:12: Server cvar "mp_timeleft" = "44:42"
L 04/18/2021 - 17:52:12: Server cvar "mp_timelimit" = "45"
L 04/18/2021 - 17:52:12: Server cvar "mp_tkpunish" = "0"
L 04/18/2021 - 17:52:12: Server cvar "mp_windifference" = "1"
L 04/18/2021 - 17:52:12: Server cvar "mp_winlimit" = "0"
L 04/18/2021 - 17:52:12: Server cvar "pausable" = "0"
L 04/18/2021 - 17:52:12: Server cvar "reaimdetector_version" = "0.2.2"
L 04/18/2021 - 17:52:12: Server cvar "reu_version" = "0.1.0.92"
L 04/18/2021 - 17:52:12: Server cvar "revoice_version" = "0.1.0.32"
L 04/18/2021 - 17:52:12: Server cvar "sam_version" = "1.0"
L 04/18/2021 - 17:52:12: Server cvar "SpecList" = "1.3"
L 04/18/2021 - 17:52:12: Server cvar "sv_accelerate" = "5"
L 04/18/2021 - 17:52:12: Server cvar "sv_aim" = "0"
L 04/18/2021 - 17:52:12: Server cvar "sv_airaccelerate" = "10"
L 04/18/2021 - 17:52:12: Server cvar "sv_allowupload" = "1"
L 04/18/2021 - 17:52:12: Server cvar "sv_alltalk" = "1"
L 04/18/2021 - 17:52:12: Server cvar "sv_bounce" = "1"
L 04/18/2021 - 17:52:12: Server cvar "sv_cheats" = "0"
L 04/18/2021 - 17:52:12: Server cvar "sv_clienttrace" = "1"
L 04/18/2021 - 17:52:12: Server cvar "sv_contact" = ""
L 04/18/2021 - 17:52:12: Server cvar "sv_friction" = "4"
L 04/18/2021 - 17:52:12: Server cvar "sv_gravity" = "800"
L 04/18/2021 - 17:52:12: Server cvar "sv_logblocks" = "0"
L 04/18/2021 - 17:52:12: Server cvar "sv_maxrate" = "100000"
L 04/18/2021 - 17:52:12: Server cvar "sv_maxspeed" = "320"
L 04/18/2021 - 17:52:12: Server cvar "sv_minrate" = "15000"
L 04/18/2021 - 17:52:12: Server cvar "sv_password" = ""
L 04/18/2021 - 17:52:12: Server cvar "sv_proxies" = "1"
L 04/18/2021 - 17:52:12: Server cvar "sv_restart" = "0"
L 04/18/2021 - 17:52:12: Server cvar "sv_restartround" = "0"
L 04/18/2021 - 17:52:12: Server cvar "sv_stepsize" = "18"
L 04/18/2021 - 17:52:12: Server cvar "sv_stopspeed" = "75"
L 04/18/2021 - 17:52:12: Server cvar "sv_uploadmax" = "0.5"
L 04/18/2021 - 17:52:12: Server cvar "sv_version" = "1.1.2.7/Stdio,48,2369"
L 04/18/2021 - 17:52:12: Server cvar "sv_voiceenable" = "1"
L 04/18/2021 - 17:52:12: Server cvar "sv_wateraccelerate" = "10"
L 04/18/2021 - 17:52:12: Server cvar "sv_waterfriction" = "1"
L 04/18/2021 - 17:52:12: Server cvar "whb_version" = "1.5.696"
L 04/18/2021 - 17:52:12: Server cvars end
L 04/18/2021 - 17:52:12: -------- Mapchange to jail_alone_efsane --------
L 04/18/2021 - 17:52:13: Server cvar "sv_maxspeed" = "900"
Executing ReGameDLL Configuration File 
unknown command "bot_deathmatch"
Executing ReGameDLL Configuration File 
unknown command "bot_deathmatch"
unknown command "amx_mode"
unknown command "amx_reservation"
unknown command "amx_hideslots"
unknown command "amx_time_display"
unknown command "amx_time_voice"
unknown command "amx_extendmap_max"
unknown command "amx_extendmap_step"
unknown command "amx_language_display_msg"
unknown command "amx_help_display_msg"
unknown command "amx_help_display_msg_time"
unknown command "amx_help_amount_per_page"
unknown command "amx_statsx_duration"
unknown command "amx_statsx_freeze"
unknown command "amx_restrmapsettings"
unknown command "amx_amxadmins_table"
unknown command "amx_admins_table"
unknown command "amx_mode"
unknown command "amx_reservation"
unknown command "amx_hideslots"
unknown command "amx_time_display"
unknown command "amx_time_voice"
unknown command "amx_extendmap_max"
unknown command "amx_extendmap_step"
unknown command "amx_language_display_msg"
unknown command "amx_help_display_msg"
unknown command "amx_help_display_msg_time"
unknown command "amx_help_amount_per_page"
unknown command "amx_statsx_duration"
unknown command "amx_statsx_freeze"
unknown command "amx_restrmapsettings"
IP –ü–æ–¥–æ—à—ë–ª.
L 04/18/2021 - 17:52:13: [colored_translit_config.amxx] Can't add menu item "–ù–∞—Å—Ç—Ä–æ–π–∫–∏ —á–∞—Ç–∞" from plugin "Colored Translit Config" to menu set because the Menus Front-End plugin itself is not loaded!
L 04/18/2021 - 17:52:14: [map_chooser_14.amxx] –ó–∞–≥—Ä—É–∂–µ–Ω–æ 45 –∫–∞—Ä—Ç –∏–∑ addons/amxmodx/configs/maps.ini
L 04/18/2021 - 17:52:14: [map_chooser_14.amxx] –†–µ–∂–∏–º —Å–æ—Ä—Ç–∏—Ä–æ–≤–∫–∏ –∫–∞—Ä—Ç –ø–æ –æ–Ω–ª–∞–π–Ω—É –≤—ã–∫–ª—é—á–µ–Ω!
========== [Colored Translit] START SET FCVAR ==========
=========== [Colored Translit] END SET FCVAR ===========
=========== [Colored Translit] START DEBUG =============
[Colored Translit] Translit File Loaded. Symbols: 65
[Colored Translit] Swear File Loaded. Swears: 0
[Colored Translit] Replace File Loaded. Replacements: 1
[Colored Translit] Ignore File Loaded. Ignore Words: 35
[Colored Translit] Spam File Loaded. Spam Words: 172
[Colored Translit] Cheat File Loaded. Cheat Words: 206
[Colored Translit] Config File Executed. Version: 3.0
=========== [Colored Translit] END DEBUG ===============
[COVID mode]: Everything is fine! The configuration file is loaded! 
unknown command "vk"
couldn't exec addons/amxmodx/configs/jb_standard/all_cvars.cfg
unknown command "jbe_last_prisoner_money"
unknown command "jbe_vip_discount_shop"
L 04/18/2021 - 17:52:14: [csstatsx_sql.amxx] deleted 1 inactive entries
L 04/18/2021 - 17:52:14: [admin_loader_for_fb.amxx] –ó–∞–≥—Ä—É–∂–µ–Ω–æ 15 –∞–¥–º–∏–Ω–∏—Å—Ç—Ä–∞—Ç–æ—Ä–æ–≤ –∏–∑ MySQL
L 04/18/2021 - 17:52:14: Started map "jail_alone_efsane" (CRC "-1164365339")
L 04/18/2021 - 17:52:14: Server cvar "sv_maxspeed" = "320"
L 04/18/2021 - 17:52:14: Server cvar "mp_logdetail" = "1"
L 04/18/2021 - 17:52:14: Log file closed
Server logging data to file logs/L0418049.log
L 04/18/2021 - 17:52:14: Log file started (file "logs/L0418049.log") (game "cstrike") (version "48/1.1.2.7/Stdio/2369")
unknown command "sv_logecho"
unknown command "sv_logfile"
L 04/18/2021 - 17:52:14: Server cvar "mp_logdetail" = "3"
unknown command "mp_autocrosshair"
unknown command "sv_airmove"
unknown command "sv_voicequality"
unknown command "sv_voicecodec"
unknown command "amx_extendmap_max"
unknown command "amx_extendmap_step"
unknown command "cam_change"
unknown command "cam_connect"
unknown command "cam_message"
unknown command "sid_url"
unknown command "]fastcup.net/rating.html"
unknown command "precache_hl"
unknown command "precache_weapons"
unknown command "amx_extendmap_max"
unknown command "amx_extendmap_step"
unknown command "sv_consistency"
fsdfsd - 1 - 1
unknown command "amx_amxadmins_table"
unknown command "amx_admins_table"
L 04/18/2021 - 17:52:14: [pluginmenu.amxx] Can't add menu item "Plugin Cvars" from plugin "pluginmenu.amxx" to menu set because the Menus Front-End plugin itself is not loaded!
L 04/18/2021 - 17:52:14: [pluginmenu.amxx] Can't add menu item "Plugin Commands" from plugin "pluginmenu.amxx" to menu set because the Menus Front-End plugin itself is not loaded!
L 04/18/2021 - 17:52:15: World triggered "Round_Start"
89.110.29.51:27005:reconnect
L 04/18/2021 - 17:52:25: "ENOTIK<2085><STEAM_1:0:414665571><>" connected, address "89.110.29.51:27005"
L 04/18/2021 - 17:52:28: "ENOTIK<2085><STEAM_1:0:414665571><>" entered the game
L 04/18/2021 - 17:52:29: "ENOTIK<2085><STEAM_1:0:414665571><>" joined team "TERRORIST"
L 04/18/2021 - 17:52:29: World triggered "Round_Draw" (CT "0") (T "0")
L 04/18/2021 - 17:52:29: World triggered "Round_End"
L 04/18/2021 - 17:52:34: World triggered "Round_Start"
Currently loaded plugins:
       name                    version     author            file             status   
 [  1] Admin Loader            3.4         neygomon          admin_loader_fo  running  
 [  2] FreshBans               1.4.3b      kanagava          fresh_bans_143_  running  
 [  3] fb_forwards             0.1.4       Kanagava & Realu  fb_forwards.amx  running  
 [  4] Admin_Log_IP            1.0         minion            admin_log_ip.am  running  
 [  5] Ping Control            1.31        neygomon          Ping_Control.am  running  
 [  6] Set console Plugin      1.0.0.1     Moxnatiy_aimm.co  inp_light.amxx   running  
 [  7] Set console Plugin      1.0.0.1     Moxnatiy_aimm.co  inp_low.amxx     running  
 [  8] Set console Plugin      1.0.0.1     Moxnatiy_aimm.co  inp_max.amxx     running  
 [  9] Set console Plugin      1.0.0.1     Moxnatiy_aimm.co  inp_medium.amxx  running  
 [ 10] CSStatsX SQL            0.7.4       serfreeman1337    csstatsx_sql.am  running  
 [ 11] AMXX Gag                1.4         minibum           amx_gag.amxx     running  
 [ 12] CS Stats Logging        1.9.0.5241  AMXX Dev Team     stats_logging.a  running  
 [ 13] Admin Commands          1.9.0.5235  AMXX Dev Team     admincmd.amxx    running  
 [ 14] COVID mode              [182] 1.2.  wellasgood        covid_mode.amxx  running  
 [ 15] –ö–æ–Ω—Ç—Ä–æ–ª—å –ê–¥–  0.1         minibam           check_admins.am  running  
 [ 16] Anti Reklama            3.0b        minibam           antireklama.amx  running  
 [ 17] Commands Menu           1.9.0.5241  AMXX Dev Team     cmdmenu.amxx     running  
 [ 18] Info. Messages          1.9.0.5241  AMXX Dev Team     imessage.amxx    running  
 [ 19] Players Menu            1.8.2       AMXX Dev Team     plmenu.amxx      running  
 [ 20] Plugin Menu             1.9.0.5241  AMXX Dev Team     pluginmenu.amxx  running  
 [ 21] Scrolling Message       1.9.0.5241  AMXX Dev Team     scrollmsg.amxx   running  
 [ 22] Admin Votes             1.9.0.5241  AMXX Dev Team     adminvote.amxx   running  
 [ 23] Stats Configuration     1.9.0.5241  AMXX Dev Team     statscfg.amxx    running  
 [ 24] Advanced MapChooser     1.4.1       minibam           map_chooser_14.  running  
 [ 25] Autoresponder/Advertis  0.5         MaximusBrood      reklama_in_chat  running  
 [ 26] Custom Flashlight       0.4.0       ConnorMcLeod      custom_flashlig  running  
 [ 27] cs-rp16.ru              1.0         minion            sam.amxx         running  
 [ 28] Night VIP               0.1         F@nt0M            night_vip.amxx   running  
 [ 29] AdminMenu               0.1         HoCok             super_menu.amxx  running  
 [ 30] BanIP Fakes             0.2         Safety1st         banip_fakes.amx  running  
 [ 31] Anim_EnadRound          1.0         ShaTalKiN         anim_endround.a  running  
 [ 32] Give Weapon             1.0         OverGame          global_weapon.a  running  
 [ 33] Maps Menu               1.9.0.5241  AMXX Dev Team     mapsmenu.amxx    running  
 [ 34] Proxy Detetor           1.0         _xvi              proxy_detetor.a  running  
 [ 35] [HR] MapStart Random G  0.2         Hellr0ck          hr_mapstart_ran  running  
 [ 36] Counter-advertising ni  Free        minibam           counter_adverti  running  
 [ 37] Anti Fast Strafe        10.1        Proffi+Seroff     anti_fast_straf  running  
 [ 38] Admin Chat              1.8.1.3746  AMXX Dev Team     adminchat_big_h  running  
 [ 39] No Software Mode        0.1         panicaskill       no_software_mod  running  
 [ 40] Anti Flood              1.9.0.5235  AMXX Dev Team     antiflood.amxx   running  
 [ 41] Anti net_graph 2        1.0         Seroff            anti_net_graph_  running  
 [ 42] ReAimDetector API       0.2.2       ReHLDS Team       reaimdetector.a  running  
 [ 43] Game Namer              Version 1.  NeuroToxin        gamenamechanger  running  
 [ 44] UnPrecacher             minibam -   Proo.Noob         limit_off.amxx   running  
 [ 45] [RS] Auto-Demo Recorde  1.0.1       vk/felhalas       RS_DemoRecord.a  running  
 [ 46] SendVK                  1.0         sublime           sendvk.amxx      running  
 [ 47] Mafia Game              1.0         vk.com/cs_rp16    jbe_mafia.amxx   running  
 [ 48] HookManager             3.1         minibum           UltraHook.amxx   running  
 [ 49] Normal Mode Kriss SV R  2.0         Asep, Credits :   normal-mode_kri  debug    
 [ 50] [CSO] M4A1 Dark Knight  1.1         minibum           cso_buffm4_fix_  running  
 [ 51] [CSO] AK47 PALADIN ||   1.0 || CLO  AsepKhairulAnam@  cso_buffak_fix_  running  
 [ 52] Brick Peace V2          1.0         minibam           jbe_brickpeacev  running  
 [ 53] [JBE] Grab + Menu       5.3         minibum           jbe_grab.amxx    debug    
 [ 54] Paint                   1.0         minion            paint.amxx       running  
 [ 55] Nade fixer              0.1         Mati              flyhighfix.amxx  debug    
 [ 56] [JB] Weapon: AK-47 Kni  1.0         Crock / =)        jb_akknife.amxx  debug    
 [ 57] jail_blue map enhancer  1.0         *CareFully*       jail_blue_enhan  running  
 [ 58] Fix bug (say / say_tea  1.0         Ghost95V & popey  saycharfix.amxx  running  
 [ 59] [Jail] Jail Core        4.2         minibam           jbe_core_mode.a  debug    
 [ 60] Menu emotions           1.0         KEK+Seroff        emot.amxx        running  
 [ 61] PLUGIN                  VERSION     AUTHOR            cam.amxx         running  
 [ 62] [JBE] –õ–æ—Ä–¥          1.0         minibum           jbe_elite_admin  debug    
 [ 63] legenda                 1.0         minibum           jbe_legenda.amx  running  
 [ 64] [JBE_DM] Birth Day      1.1         Freedo.m          jbe_dm_birthday  debug    
 [ 65] [JBE_DM] Blindfolders   1.1         ToJI9IHGaa        jbe_dm_blindfol  running  
 [ 66] [JBE] DOGONYLKI         1.1         BATYP             jbe_dm_dogon9lk  debug    
 [ 67] [JBE_DM] Sniper         1.0         Freedo.m          jbe_dm_Day_no4.  debug    
 [ 68] [JBE_DM] Hide And Seek  1.1         Freedo.m          jbe_dm_hideands  debug    
 [ 69] ***[D-JAIL]~[J-GALAXY]  1.0         Notepad++         jbe_galaxy.amxx  debug    
 [ 70] [JBE_DM] DRUG NAHUI SU  0.1         kR1m1naL | VK.CO  jbe_dm_drug.amx  debug    
 [ 71] [JBE_DM] Shtyrm         1.0         Freedo.m          jbe_dm_shtyrm.a  debug    
 [ 72] [JBE_DM] Starwars       1.1         DARLOK            jbe_dm_starwars  debug    
 [ 73] [JBE_DM] Magic          1.0         Halyavshik        jbe_dm_magic.am  debug    
 [ 74] [JBE_DM] snipers        1.1         mdNss             jbe_dm_snipers.  debug    
 [ 75] [JBE_DM] jetpack        1.1         mdNss             jbe_dm_jetpack.  debug    
 [ 76] New Jetpack             0.0.2       Bad_Bud,ZmOutSta  zp_item_jetpack  debug    
 [ 77] [JailMode] Hot Potato   1.1         AlexandrFiner/mi  jbe_dm_hot_pota  running  
 [ 78] [JBE_DM] snipers        1.1         mdNss             jbe_dm_1hp.amxx  debug    
 [ 79] Zombie                  1.0         Madness           jbe_dm_zombie.a  running  
 [ 80] [ZP] Extra: M134 EX     1.0         LARS-DAY[BR]EAKE  jbe_weapon_m134  debug    
 [ 81] Colored Translit        3.0         Sho0ter           colored_transli  running  
 [ 82] Colored Translit Confi  3.0         Sho0ter           colored_transli  running  
 [ 83] Parachute               1.0         maeStro           parachute.amxx   debug    
 [ 84] [JBE] dop               1.0         minibum           jbe_dopmenu.amx  running  
 [ 85] [JBE] Chief Step        1.0         Geneor            jbe_chiefstep.a  debug    
 [ 86] SpecList                1.3         minibum           speclist.amxx    running  
 [ 87] [JBE] smotr             1.0         minibum           jbe_smotr_dop.a  running  
 [ 88] SC Ban                  1.0 Beta    malniata          sc_ban.amxx      running  
 [ 89] JBE SPLEAF + CREATE BL  1.0         cut by thezoloto  stroit.amxx      running  
 [ 90] [JBE] –°—Ç—Ä–æ–∏—Ç–µ–ª  1.1         minibam           jbe_building.am  running  
 [ 91] –ú–µ–Ω—é –î–∏–¥–∂–µ—è   1.1         minibam           menu_didjeya.am  running  
 [ 92] [ALL] Back fly costume  1.1         minibam           zp_addon_pets.a  running  
 [ 93] dhud advert             1.0         minibam           dhud_advert_rou  running  
93 plugins, 93 running
L 04/18/2021 - 17:53:05: Server cvar "sv_restart" = "5"
L 04/18/2021 - 17:53:06: World triggered "Restart_Round_(5_seconds)"
L 04/18/2021 - 17:53:06: Team "CT" scored "0" with "0" players
L 04/18/2021 - 17:53:06: Team "TERRORIST" scored "0" with "1" players
L 04/18/2021 - 17:53:06: Server cvar "sv_restart" = "0"
L 04/18/2021 - 17:53:11: World triggered "Round_Start"
217.150.46.65:27005:reconnect
L 04/18/2021 - 17:53:26: "–õ–∞—Å–æ—Å—å<2086><STEAM_1:0:1897411479><>" connected, address "217.150.46.65:27005"
L 04/18/2021 - 17:53:31: [admin_loader_for_fb.amxx] Login: "–õ–∞—Å–æ—Å—å<2086><STEAM_1:0:1897411479><>" became an admin (account "–õ–∞—Å–æ—Å—å") (nickname "–õ–∞—Å–æ—Å—å") (access "adgiklprst") (address "217.150.46.65")
L 04/18/2021 - 17:53:31: Admin –õ–∞—Å–æ—Å—å connected, ip: 217.150.46.65, Steam_ID: STEAM_1:0:1897411479
L 04/18/2021 - 17:53:31: "–õ–∞—Å–æ—Å—å<2086><STEAM_1:0:1897411479><>" entered the game
L 04/18/2021 - 17:53:36: "–õ–∞—Å–æ—Å—å<2086><STEAM_1:0:1897411479><>" joined team "TERRORIST"
Rcon from 195.88.208.116:45498:
rcon 1879542431 "7K4YVX3KUfT8vzz7YLee-ZUZUzEXQ5ZjkvBrwzcjx" status
L 04/18/2021 - 17:53:38: Rcon: "rcon 1879542431 "7K4YVX3KUfT8vzz7YLee-ZUZUzEXQ5ZjkvBrwzcjx" status" from "195.88.208.116:45498"
L 04/18/2021 - 17:53:42: "ENOTIK<2085><STEAM_1:0:414665571><TERRORIST>" committed suicide with "worldspawn" (world)
L 04/18/2021 - 17:53:42: World triggered "Round_Draw" (CT "0") (T "0")
L 04/18/2021 - 17:53:42: World triggered "Round_End"
Rcon from 195.88.208.116:60828:
rcon 1879542431 "7K4YVX3KUfT8vzz7YLee-ZUZUzEXQ5ZjkvBrwzcjx" status
L 04/18/2021 - 17:53:44: Rcon: "rcon 1879542431 "7K4YVX3KUfT8vzz7YLee-ZUZUzEXQ5ZjkvBrwzcjx" status" from "195.88.208.116:60828"
L 04/18/2021 - 17:53:47: World triggered "Round_Start"
Rcon from 195.88.208.116:42551:
rcon 1879542431 "7K4YVX3KUfT8vzz7YLee-ZUZUzEXQ5ZjkvBrwzcjx" status
L 04/18/2021 - 17:53:47: Rcon: "rcon 1879542431 "7K4YVX3KUfT8vzz7YLee-ZUZUzEXQ5ZjkvBrwzcjx" status" from "195.88.208.116:42551"
L 04/18/2021 - 17:54:44: "–õ–∞—Å–æ—Å—å<2086><STEAM_1:0:1897411479><TERRORIST>" committed suicide with "world"
L 04/18/2021 - 17:54:44: "–õ–∞—Å–æ—Å—å<2086><STEAM_1:0:1897411479><TERRORIST>" joined team "CT"
L 04/18/2021 - 17:54:44: World triggered "Game_Commencing"
L 04/18/2021 - 17:54:44: World triggered "Game_Commencing" (CT "0") (T "0")
L 04/18/2021 - 17:54:44: World triggered "Round_End"
L 04/18/2021 - 17:54:47: World triggered "Round_Start"
