Protocol version 48
Exe version 1.1.2.7/Stdio (cstrike)
Exe build: 16:23:03 Oct  6 2020 (2369)
Executing ReGameDLL Configuration File 
unknown command "mp_freeforall"
unknown command "mp_maxmoney"
unknown command "mp_round_infinite"
unknown command "mp_hegrenade_penetration"
unknown command "mp_nadedrops"
unknown command "mp_roundrespawn_time"
unknown command "mp_auto_reload_weapons"
unknown command "mp_refill_bpammo_weapons"
unknown command "bot_deathmatch"
unknown command "mp_auto_join_team"
Executing ReGameDLL Configuration File 
unknown command "mp_freeforall"
unknown command "mp_maxmoney"
unknown command "mp_round_infinite"
unknown command "mp_hegrenade_penetration"
unknown command "mp_nadedrops"
unknown command "mp_roundrespawn_time"
unknown command "mp_auto_reload_weapons"
unknown command "mp_refill_bpammo_weapons"
unknown command "bot_deathmatch"
unknown command "mp_auto_join_team"
Server IP address 195.88.208.116:27015
   
   Metamod-r version 1.3.0.128 Copyright (c) 2016-2018 ReHLDS Team (rebuild of original Metamod by Will Day and Jussi Kivilinna)
   Metamod-r comes with ABSOLUTELY NO WARRANTY; for details type `meta gpl'.
   This is free software, and you are welcome to redistribute it
   under certain conditions; type `meta gpl' for details.
   
Metamod-r v1.3.0.128, API (5:13)
Metamod-r build: 17:47:48 Aug 24 2018
Metamod-r from: https://github.com/theAsmodai/metamod-r/commit/0cf2f70

   AMX Mod X version 1.9.0.5271 Copyright (c) 2004-2015 AMX Mod X Development Team 
   AMX Mod X comes with ABSOLUTELY NO WARRANTY; for details type `amxx gpl'.
   This is free software and you are welcome to redistribute it under 
   certain conditions; type 'amxx gpl' for details.
  
[WHB] Version: 1.5.696 Linux (Usage SSE 4.1)
[WHB] Success: Build ReHLDS version defined Linux '2369'
[WHB] Success: Configuration executed.
ReGameDLL version: 5.11.0.420-dev+m
L 01/15/2021 - 23:41:03: -------- Mapchange to jail_float --------
L 01/15/2021 - 23:41:03: [GEOIP] Database info: GeoLite2 Country database 2.0
[ReAimDetector] Version: 0.2.2 Linux 'Counter-Strike 1.6'
[ReAimDetector] Success: Build ReHLDS version defined Linux '2369'.
Executing ReGameDLL Configuration File 
unknown command "bot_deathmatch"
Executing ReGameDLL Configuration File 
unknown command "bot_deathmatch"
unknown command "amx_default_access"
unknown command "amx_password_field"
unknown command "amx_mode"
unknown command "amx_show_activity"
unknown command "amx_imessage"
unknown command "amx_freq_imessage"
unknown command "amx_plmenu_bantimes"
unknown command "amx_tempban_maxtime"
unknown command "amx_plmenu_slapdmg"
unknown command "amx_flood_time"
unknown command "amx_reservation"
unknown command "amx_hideslots"
unknown command "amx_time_display"
unknown command "amx_time_voice"
unknown command "amx_vote_delay"
unknown command "amx_vote_time"
unknown command "amx_vote_answers"
unknown command "amx_votekick_ratio"
unknown command "amx_voteban_ratio"
unknown command "amx_votemap_ratio"
unknown command "amx_vote_ratio"
unknown command "amx_extendmap_max"
unknown command "amx_extendmap_step"
unknown command "amx_language_display_msg"
unknown command "amx_help_display_msg"
unknown command "amx_help_display_msg_time"
unknown command "amx_help_amount_per_page"
unknown command "amx_statsx_duration"
unknown command "amx_statsx_freeze"
unknown command "amx_restrmapsettings"
unknown command "fb_kick_delay"
unknown command "fb_server_name"
unknown command "fb_sql_table"
unknown command "fb_sql_log_table"
unknown command "fb_ip_ban_time"
unknown command "fb_showhud"
unknown command "fb_offline_time"
unknown command "fb_unban_self"
unknown command "fb_unban_all"
unknown command "fb_oldmap_players"
unknown command "fb_bantime_access"
unknown command "fb_adminrcon_flag"
unknown command "fb_bantime_limit"
unknown command "fb_use_sql"
unknown command "fb_nvault_clear"
unknown command "fb_force_check"
unknown command "fb_cachetime"
unknown command "fb_oldkickinfo"
unknown command "fb_logtype"
unknown command "fb_loglevel"
unknown command "fb_logdays"
unknown command "fb_use_russian"
unknown command "fb_sql_clear"
unknown command "fb_subnet_except_ucp"
unknown command "fb_subnet_clients"
unknown command "fb_prefix_clients"
unknown command "fb_rec_snet"
unknown command "fb_rec_snet_time"
unknown command "fb_rec_snet_count"
unknown command "fb_rec_snet_bt"
unknown command "fb_subnet_recheck"
unknown command "fb_rec_snet_level"
unknown command "fb_cachetime_kick"
unknown command "fb_cacheonly"
unknown command "fb_showchat"
unknown command "fb_chatinfo"
unknown command "fb_hudinfo"
unknown command "fb_hudcolor"
unknown command "fb_hudpos"
unknown command "fb_serveronly"
unknown command "fb_confirmchat"
unknown command "fb_locknames"
unknown command "fb_newmenu"
unknown command "fb_show_bb"
unknown command "fb_noip_as_allip"
unknown command "fb_longtime_allservers"
unknown command "fb_force_bantype_ip"
unknown command "fb_no_confirm"
unknown command "fb_lock_def_time"
unknown command "fb_customreason_first"
unknown command "fb_customreason_flag"
unknown command "fb_plugin_prefix"
unknown command "fb_plugin_hprefix"
unknown command "fb_menu_nick_addons"
unknown command "fb_acp_admin_uid"
unknown command "fb_kick_all_from_ip"
unknown command "fb_positive_cache_mc"
unknown command "fb_menufilters"
unknown command "fb_menusort"
unknown command "amx_password_field"
unknown command "amx_amxadmins_table"
unknown command "amx_admins_table"
unknown command "fb_adminban_flag"
unknown command "amx_mode"
unknown command "amx_imessage"
unknown command "amx_freq_imessage"
unknown command "amx_plmenu_bantimes"
unknown command "amx_tempban_maxtime"
unknown command "amx_plmenu_slapdmg"
unknown command "amx_flood_time"
unknown command "amx_reservation"
unknown command "amx_hideslots"
unknown command "amx_time_display"
unknown command "amx_time_voice"
unknown command "amx_extendmap_max"
unknown command "amx_extendmap_step"
unknown command "amx_language_display_msg"
unknown command "amx_help_display_msg"
unknown command "amx_help_display_msg_time"
unknown command "amx_help_amount_per_page"
unknown command "amx_statsx_duration"
unknown command "amx_statsx_freeze"
unknown command "amx_restrmapsettings"
IP Подошёл.
L 01/15/2021 - 23:41:05: [colored_translit_config.amxx] Can't add menu item "Настройки чата" from plugin "Colored Translit Config" to menu set because the Menus Front-End plugin itself is not loaded!
L 01/15/2021 - 23:41:05: [map_chooser_14.amxx] Загружено 46 карт из addons/amxmodx/configs/maps.ini
L 01/15/2021 - 23:41:05: [map_chooser_14.amxx] Режим сортировки карт по онлайну выключен!
========== [Colored Translit] START SET FCVAR ==========
=========== [Colored Translit] END SET FCVAR ===========
=========== [Colored Translit] START DEBUG =============
[Colored Translit] Translit File Loaded. Symbols: 65
[Colored Translit] Swear File Loaded. Swears: 0
[Colored Translit] Replace File Loaded. Replacements: 1
[Colored Translit] Ignore File Loaded. Ignore Words: 35
[Colored Translit] Spam File Loaded. Spam Words: 172
[Colored Translit] Cheat File Loaded. Cheat Words: 206
[Colored Translit] Config File Executed. Version: 3.0
=========== [Colored Translit] END DEBUG ===============
[COVID mode]: Everything is fine! The configuration file is loaded! 
unknown command "vk"
couldn't exec addons/amxmodx/configs/jb_standard/all_cvars.cfg
unknown command "jbe_last_prisoner_money"
unknown command "jbe_vip_discount_shop"
L 01/15/2021 - 23:41:05: [admin_loader_for_fb.amxx] Загружено 22 администраторов из MySQL
Server logging data to file logs/L0115044.log
L 01/15/2021 - 23:41:06: Log file started (file "logs/L0115044.log") (game "cstrike") (version "48/1.1.2.7/Stdio/2369")
unknown command "sv_logecho"
unknown command "sv_logfile"
L 01/15/2021 - 23:41:06: Server cvar "mp_logdetail" = "3"
unknown command "mp_autocrosshair"
L 01/15/2021 - 23:41:06: Server cvar "sv_aim" = "0"
unknown command "sv_airmove"
unknown command "sv_voicequality"
unknown command "sv_voicecodec"
unknown command "amx_extendmap_max"
unknown command "amx_extendmap_step"
unknown command "cam_change"
unknown command "cam_connect"
unknown command "cam_message"
unknown command "sid_url"
unknown command "]fastcup.net/rating.html"
unknown command "precache_hl"
unknown command "precache_weapons"
unknown command "amx_extendmap_max"
unknown command "amx_extendmap_step"
unknown command "sv_consistency"
unknown command "amx_amxadmins_table"
unknown command "amx_admins_table"
L 01/15/2021 - 23:41:06: [pluginmenu.amxx] Can't add menu item "Plugin Cvars" from plugin "pluginmenu.amxx" to menu set because the Menus Front-End plugin itself is not loaded!
L 01/15/2021 - 23:41:06: [pluginmenu.amxx] Can't add menu item "Plugin Commands" from plugin "pluginmenu.amxx" to menu set because the Menus Front-End plugin itself is not loaded!
fsdfsd - 1 - 1
Connection to Steam servers successful.
   VAC secure mode disabled.
L 01/15/2021 - 23:41:13: World triggered "Round_Start"
L 01/15/2021 - 23:46:14: "HNKTO<1><STEAM_1:0:1680791038><>" connected, address "2.135.175.218:27005"
L 01/15/2021 - 23:46:47: "T-MS | ＃Pro Player<2><STEAM_1:0:46002163><>" connected, address "188.123.231.245:33074"
L 01/15/2021 - 23:47:23: "HNKTO<3><STEAM_1:0:1680791038><>" connected, address "2.135.175.218:27005"
L 01/15/2021 - 23:47:24: "T-MS | ＃Pro Player<4><STEAM_1:0:46002163><>" connected, address "188.123.231.245:52969"
L 01/15/2021 - 23:47:26: Admin Player | rp16.ru connected, ip: 188.123.231.245, Steam_ID: STEAM_1:0:46002163
L 01/15/2021 - 23:47:26: "Player | rp16.ru<4><STEAM_1:0:46002163><>" entered the game
L 01/15/2021 - 23:47:36: Admin HNKTO connected, ip: 2.135.175.218, Steam_ID: STEAM_1:0:1680791038
L 01/15/2021 - 23:47:36: "HNKTO<3><STEAM_1:0:1680791038><>" entered the game
L 01/15/2021 - 23:47:38: "Player | rp16.ru<4><STEAM_1:0:46002163><>" joined team "TERRORIST"
L 01/15/2021 - 23:47:38: World triggered "Round_Draw" (CT "0") (T "0")
L 01/15/2021 - 23:47:38: World triggered "Round_End"
L 01/15/2021 - 23:47:41: "HNKTO<3><STEAM_1:0:1680791038><>" joined team "CT"
L 01/15/2021 - 23:47:43: World triggered "Round_Start"
L 01/15/2021 - 23:48:13: "Player | rp16.ru<4><STEAM_1:0:46002163><TERRORIST>" attacked "HNKTO<3><STEAM_1:0:1680791038><CT>" with "knife" (damage "15") (damage_armor "0") (health "85") (armor "0")
L 01/15/2021 - 23:48:14: Server cvar "sv_restart" = "5"
L 01/15/2021 - 23:48:15: World triggered "Restart_Round_(5_seconds)"
L 01/15/2021 - 23:48:15: Team "CT" scored "0" with "1" players
L 01/15/2021 - 23:48:15: Team "TERRORIST" scored "0" with "1" players
L 01/15/2021 - 23:48:15: Server cvar "sv_restart" = "0"
L 01/15/2021 - 23:48:16: "Player | rp16.ru<4><STEAM_1:0:46002163><TERRORIST>" attacked "HNKTO<3><STEAM_1:0:1680791038><CT>" with "knife" (damage "15") (damage_armor "0") (health "70") (armor "0")
L 01/15/2021 - 23:48:16: "Player | rp16.ru<4><STEAM_1:0:46002163><TERRORIST>" attacked "HNKTO<3><STEAM_1:0:1680791038><CT>" with "knife" (damage "15") (damage_armor "0") (health "55") (armor "0")
L 01/15/2021 - 23:48:19: "HNKTO<3><STEAM_1:0:1680791038><CT>" attacked "Player | rp16.ru<4><STEAM_1:0:46002163><TERRORIST>" with "knife" (damage "65") (damage_armor "0") (health "35") (armor "0")
L 01/15/2021 - 23:48:20: "Player | rp16.ru<4><STEAM_1:0:46002163><TERRORIST>" attacked "HNKTO<3><STEAM_1:0:1680791038><CT>" with "knife" (damage "65") (damage_armor "0") (health "-10") (armor "0")
L 01/15/2021 - 23:48:20: "Player | rp16.ru<4><STEAM_1:0:46002163><TERRORIST>" killed "HNKTO<3><STEAM_1:0:1680791038><CT>" with "knife"
L 01/15/2021 - 23:48:20: World triggered "Game_Commencing"
L 01/15/2021 - 23:48:20: World triggered "Game_Commencing" (CT "0") (T "0")
L 01/15/2021 - 23:48:20: World triggered "Round_End"
L 01/15/2021 - 23:48:23: World triggered "Round_Start"
L 01/15/2021 - 23:48:26: Kick: "HNKTO<3><STEAM_1:0:1680791038><>" was kicked by "Console" (message ""Вы были кикнуты из-за плохого соединения"")
L 01/15/2021 - 23:48:26: "HNKTO<3><STEAM_1:0:1680791038><CT>" triggered "weaponstats" (weapon "knife") (shots "6") (hits "1") (kills "0") (headshots "0") (tks "0") (damage "65") (deaths "1")
L 01/15/2021 - 23:48:26: "HNKTO<3><STEAM_1:0:1680791038><CT>" triggered "weaponstats2" (weapon "knife") (head "0") (chest "0") (stomach "0") (leftarm "0") (rightarm "0") (leftleg "0") (rightleg "0")
L 01/15/2021 - 23:48:26: "HNKTO<3><STEAM_1:0:1680791038><CT>" triggered "time" (time "0:49")
L 01/15/2021 - 23:48:26: "HNKTO<3><STEAM_1:0:1680791038><CT>" triggered "latency" (ping "99")
L 01/15/2021 - 23:48:26: "HNKTO<3><STEAM_1:0:1680791038><CT>" disconnected
2.135.175.218:27005:reconnect
L 01/15/2021 - 23:48:32: "HNKTO<5><STEAM_1:0:1680791038><>" connected, address "2.135.175.218:27005"
L 01/15/2021 - 23:48:36: Admin HNKTO connected, ip: 2.135.175.218, Steam_ID: STEAM_1:0:1680791038
L 01/15/2021 - 23:48:36: "HNKTO<5><STEAM_1:0:1680791038><>" entered the game
L 01/15/2021 - 23:48:38: "HNKTO<5><STEAM_1:0:1680791038><>" joined team "CT"
L 01/15/2021 - 23:48:38: World triggered "Game_Commencing"
L 01/15/2021 - 23:48:38: World triggered "Game_Commencing" (CT "0") (T "0")
L 01/15/2021 - 23:48:38: World triggered "Round_End"
L 01/15/2021 - 23:48:41: World triggered "Round_Start"
L 01/15/2021 - 23:49:00: "HNKTO<5><STEAM_1:0:1680791038><CT>" attacked "Player | rp16.ru<4><STEAM_1:0:46002163><TERRORIST>" with "mp5navy" (damage "40") (damage_armor "0") (health "59") (armor "0")
L 01/15/2021 - 23:49:00: "HNKTO<5><STEAM_1:0:1680791038><CT>" attacked "Player | rp16.ru<4><STEAM_1:0:46002163><TERRORIST>" with "mp5navy" (damage "161") (damage_armor "0") (health "-101") (armor "0")
L 01/15/2021 - 23:49:00: "HNKTO<5><STEAM_1:0:1680791038><CT>" killed "Player | rp16.ru<4><STEAM_1:0:46002163><TERRORIST>" with "mp5navy"
L 01/15/2021 - 23:49:00: Team "CT" triggered "CTs_Win" (CT "1") (T "0")
L 01/15/2021 - 23:49:00: World triggered "Round_End"
L 01/15/2021 - 23:49:05: World triggered "Round_Start"
L 01/15/2021 - 23:49:26: Kick: "HNKTO<5><STEAM_1:0:1680791038><>" was kicked by "Console" (message ""Вы были кикнуты из-за плохого соединения"")
L 01/15/2021 - 23:49:26: "HNKTO<5><STEAM_1:0:1680791038><CT>" triggered "weaponstats" (weapon "mp5navy") (shots "18") (hits "2") (kills "1") (headshots "1") (tks "0") (damage "201") (deaths "0")
L 01/15/2021 - 23:49:26: "HNKTO<5><STEAM_1:0:1680791038><CT>" triggered "weaponstats2" (weapon "mp5navy") (head "1") (chest "0") (stomach "0") (leftarm "1") (rightarm "0") (leftleg "0") (rightleg "0")
L 01/15/2021 - 23:49:26: "HNKTO<5><STEAM_1:0:1680791038><CT>" triggered "time" (time "0:49")
L 01/15/2021 - 23:49:26: "HNKTO<5><STEAM_1:0:1680791038><CT>" triggered "latency" (ping "111")
L 01/15/2021 - 23:49:26: "HNKTO<5><STEAM_1:0:1680791038><CT>" disconnected
2.135.175.218:27005:reconnect
L 01/15/2021 - 23:49:50: "HNKTO<6><STEAM_1:0:1680791038><>" connected, address "2.135.175.218:27005"
L 01/15/2021 - 23:49:54: Admin HNKTO connected, ip: 2.135.175.218, Steam_ID: STEAM_1:0:1680791038
L 01/15/2021 - 23:49:54: "HNKTO<6><STEAM_1:0:1680791038><>" entered the game
L 01/15/2021 - 23:49:55: "HNKTO<6><STEAM_1:0:1680791038><>" joined team "CT"
L 01/15/2021 - 23:49:55: World triggered "Game_Commencing"
L 01/15/2021 - 23:49:55: World triggered "Game_Commencing" (CT "1") (T "0")
L 01/15/2021 - 23:49:55: World triggered "Round_End"
L 01/15/2021 - 23:49:58: World triggered "Round_Start"
L 01/15/2021 - 23:50:20: "Player | rp16.ru<4><STEAM_1:0:46002163><TERRORIST>" attacked "HNKTO<6><STEAM_1:0:1680791038><CT>" with "deagle" (damage "36") (damage_armor "6") (health "464") (armor "344")
L 01/15/2021 - 23:50:21: "Player | rp16.ru<4><STEAM_1:0:46002163><TERRORIST>" attacked "HNKTO<6><STEAM_1:0:1680791038><CT>" with "deagle" (damage "45") (damage_armor "7") (health "418") (armor "336")
L 01/15/2021 - 23:50:21: "HNKTO<6><STEAM_1:0:1680791038><CT>" attacked "Player | rp16.ru<4><STEAM_1:0:46002163><TERRORIST>" with "mp5navy" (damage "42") (damage_armor "0") (health "58") (armor "0")
L 01/15/2021 - 23:50:21: "HNKTO<6><STEAM_1:0:1680791038><CT>" attacked "Player | rp16.ru<4><STEAM_1:0:46002163><TERRORIST>" with "mp5navy" (damage "31") (damage_armor "0") (health "26") (armor "0")
L 01/15/2021 - 23:50:22: "HNKTO<6><STEAM_1:0:1680791038><CT>" attacked "Player | rp16.ru<4><STEAM_1:0:46002163><TERRORIST>" with "mp5navy" (damage "31") (damage_armor "0") (health "-4") (armor "0")
L 01/15/2021 - 23:50:22: "HNKTO<6><STEAM_1:0:1680791038><CT>" killed "Player | rp16.ru<4><STEAM_1:0:46002163><TERRORIST>" with "mp5navy"
L 01/15/2021 - 23:50:22: Team "CT" triggered "CTs_Win" (CT "1") (T "0")
L 01/15/2021 - 23:50:22: World triggered "Round_End"
L 01/15/2021 - 23:50:27: World triggered "Round_Start"
L 01/15/2021 - 23:50:46: Kick: "HNKTO<6><STEAM_1:0:1680791038><>" was kicked by "Console" (message ""Вы были кикнуты из-за плохого соединения"")
L 01/15/2021 - 23:50:46: "HNKTO<6><STEAM_1:0:1680791038><CT>" triggered "weaponstats" (weapon "mp5navy") (shots "10") (hits "3") (kills "1") (headshots "0") (tks "0") (damage "104") (deaths "0")
L 01/15/2021 - 23:50:46: "HNKTO<6><STEAM_1:0:1680791038><CT>" triggered "weaponstats2" (weapon "mp5navy") (head "0") (chest "1") (stomach "0") (leftarm "0") (rightarm "0") (leftleg "1") (rightleg "1")
L 01/15/2021 - 23:50:46: "HNKTO<6><STEAM_1:0:1680791038><CT>" triggered "time" (time "0:52")
L 01/15/2021 - 23:50:46: "HNKTO<6><STEAM_1:0:1680791038><CT>" triggered "latency" (ping "120")
L 01/15/2021 - 23:50:46: "HNKTO<6><STEAM_1:0:1680791038><CT>" disconnected
2.135.175.218:27005:reconnect
L 01/15/2021 - 23:50:50: "HNKTO<7><STEAM_1:0:1680791038><>" connected, address "2.135.175.218:27005"
L 01/15/2021 - 23:50:53: Admin HNKTO connected, ip: 2.135.175.218, Steam_ID: STEAM_1:0:1680791038
L 01/15/2021 - 23:50:53: "HNKTO<7><STEAM_1:0:1680791038><>" entered the game
L 01/15/2021 - 23:50:54: "HNKTO<7><STEAM_1:0:1680791038><>" joined team "CT"
L 01/15/2021 - 23:50:54: World triggered "Game_Commencing"
L 01/15/2021 - 23:50:54: World triggered "Game_Commencing" (CT "1") (T "0")
L 01/15/2021 - 23:50:54: World triggered "Round_End"
L 01/15/2021 - 23:50:57: World triggered "Round_Start"
L 01/15/2021 - 23:51:17: "HNKTO<7><STEAM_1:0:1680791038><CT>" committed suicide with "worldspawn" (world)
L 01/15/2021 - 23:51:17: Team "TERRORIST" triggered "Terrorists_Win" (CT "0") (T "1")
L 01/15/2021 - 23:51:17: World triggered "Round_End"
L 01/15/2021 - 23:51:22: World triggered "Round_Start"
L 01/15/2021 - 23:51:52: "---____AKTER---____<8><STEAM_1:0:996561592><>" connected, address "178.251.109.232:27005"
178.251.109.232:27005:reconnect
L 01/15/2021 - 23:51:55: "---____AKTER---____<9><STEAM_1:0:996561592><>" connected, address "178.251.109.232:27005"
L 01/15/2021 - 23:51:58: Admin ---____AKTER---____ connected, ip: 178.251.109.232, Steam_ID: STEAM_1:0:996561592
L 01/15/2021 - 23:51:58: "---____AKTER---____<9><STEAM_1:0:996561592><>" entered the game
L 01/15/2021 - 23:52:03: "---____AKTER---____<9><STEAM_1:0:996561592><>" joined team "TERRORIST"
L 01/15/2021 - 23:53:15: "Player | rp16.ru<4><STEAM_1:0:46002163><TERRORIST>" attacked "HNKTO<7><STEAM_1:0:1680791038><CT>" with "knife" (damage "12") (damage_armor "1") (health "462") (armor "348")
L 01/15/2021 - 23:53:37: "HNKTO<7><STEAM_1:0:1680791038><CT>" attacked "Player | rp16.ru<4><STEAM_1:0:46002163><TERRORIST>" with "knife" (damage "65") (damage_armor "0") (health "35") (armor "0")
L 01/15/2021 - 23:53:39: "HNKTO<7><STEAM_1:0:1680791038><CT>" attacked "Player | rp16.ru<4><STEAM_1:0:46002163><TERRORIST>" with "knife" (damage "65") (damage_armor "0") (health "-30") (armor "0")
L 01/15/2021 - 23:53:39: "HNKTO<7><STEAM_1:0:1680791038><CT>" killed "Player | rp16.ru<4><STEAM_1:0:46002163><TERRORIST>" with "knife"
L 01/15/2021 - 23:53:39: Team "CT" triggered "CTs_Win" (CT "1") (T "1")
L 01/15/2021 - 23:53:39: World triggered "Round_End"
L 01/15/2021 - 23:53:44: World triggered "Round_Start"
L 01/15/2021 - 23:54:22: "---____AKTER---____<9><STEAM_1:0:996561592><TERRORIST>" attacked "HNKTO<7><STEAM_1:0:1680791038><CT>" with "knife" (damage "331") (damage_armor "29") (health "149") (armor "320")
L 01/15/2021 - 23:54:23: "---____AKTER---____<9><STEAM_1:0:996561592><TERRORIST>" attacked "HNKTO<7><STEAM_1:0:1680791038><CT>" with "knife" (damage "994") (damage_armor "87") (health "-844") (armor "233")
L 01/15/2021 - 23:54:23: "---____AKTER---____<9><STEAM_1:0:996561592><TERRORIST>" killed "HNKTO<7><STEAM_1:0:1680791038><CT>" with "knife"
L 01/15/2021 - 23:54:23: Team "TERRORIST" triggered "Terrorists_Win" (CT "1") (T "2")
L 01/15/2021 - 23:54:23: World triggered "Round_End"
L 01/15/2021 - 23:54:28: World triggered "Round_Start"
L 01/15/2021 - 23:57:21: "---____AKTER---____<9><STEAM_1:0:996561592><TERRORIST>" attacked "HNKTO<7><STEAM_1:0:1680791038><CT>" with "m249" (damage "29") (damage_armor "4") (health "452") (armor "345")
L 01/15/2021 - 23:57:22: "---____AKTER---____<9><STEAM_1:0:996561592><TERRORIST>" attacked "HNKTO<7><STEAM_1:0:1680791038><CT>" with "m249" (damage "10") (damage_armor "1") (health "442") (armor "343")
L 01/15/2021 - 23:57:22: "---____AKTER---____<9><STEAM_1:0:996561592><TERRORIST>" attacked "HNKTO<7><STEAM_1:0:1680791038><CT>" with "m249" (damage "10") (damage_armor "1") (health "432") (armor "341")
L 01/15/2021 - 23:57:23: "---____AKTER---____<9><STEAM_1:0:996561592><TERRORIST>" attacked "HNKTO<7><STEAM_1:0:1680791038><CT>" with "m249" (damage "13") (damage_armor "1") (health "419") (armor "339")
L 01/15/2021 - 23:57:23: "---____AKTER---____<9><STEAM_1:0:996561592><TERRORIST>" attacked "HNKTO<7><STEAM_1:0:1680791038><CT>" with "m249" (damage "10") (damage_armor "1") (health "409") (armor "337")
L 01/15/2021 - 23:57:23: "---____AKTER---____<9><STEAM_1:0:996561592><TERRORIST>" attacked "HNKTO<7><STEAM_1:0:1680791038><CT>" with "m249" (damage "23") (damage_armor "3") (health "386") (armor "333")
L 01/15/2021 - 23:57:23: "---____AKTER---____<9><STEAM_1:0:996561592><TERRORIST>" attacked "HNKTO<7><STEAM_1:0:1680791038><CT>" with "m249" (damage "23") (damage_armor "3") (health "363") (armor "329")
L 01/15/2021 - 23:57:23: "---____AKTER---____<9><STEAM_1:0:996561592><TERRORIST>" attacked "HNKTO<7><STEAM_1:0:1680791038><CT>" with "m249" (damage "23") (damage_armor "2") (health "340") (armor "326")
L 01/15/2021 - 23:57:23: "---____AKTER---____<9><STEAM_1:0:996561592><TERRORIST>" attacked "HNKTO<7><STEAM_1:0:1680791038><CT>" with "m249" (damage "23") (damage_armor "3") (health "317") (armor "322")
L 01/15/2021 - 23:57:23: "HNKTO<7><STEAM_1:0:1680791038><CT>" attacked "---____AKTER---____<9><STEAM_1:0:996561592><TERRORIST>" with "knife" (damage "55") (damage_armor "4") (health "93") (armor "95")
L 01/15/2021 - 23:57:23: "---____AKTER---____<9><STEAM_1:0:996561592><TERRORIST>" attacked "HNKTO<7><STEAM_1:0:1680791038><CT>" with "m249" (damage "23") (damage_armor "3") (health "294") (armor "318")
L 01/15/2021 - 23:57:24: "---____AKTER---____<9><STEAM_1:0:996561592><TERRORIST>" attacked "HNKTO<7><STEAM_1:0:1680791038><CT>" with "m249" (damage "23") (damage_armor "3") (health "271") (armor "314")
L 01/15/2021 - 23:57:24: "---____AKTER---____<9><STEAM_1:0:996561592><TERRORIST>" attacked "HNKTO<7><STEAM_1:0:1680791038><CT>" with "m249" (damage "23") (damage_armor "3") (health "248") (armor "310")
L 01/15/2021 - 23:57:24: "---____AKTER---____<9><STEAM_1:0:996561592><TERRORIST>" attacked "HNKTO<7><STEAM_1:0:1680791038><CT>" with "m249" (damage "23") (damage_armor "3") (health "225") (armor "306")
L 01/15/2021 - 23:57:24: "---____AKTER---____<9><STEAM_1:0:996561592><TERRORIST>" attacked "HNKTO<7><STEAM_1:0:1680791038><CT>" with "m249" (damage "124") (damage_armor "0") (health "102") (armor "306")
L 01/15/2021 - 23:57:24: "---____AKTER---____<9><STEAM_1:0:996561592><TERRORIST>" attacked "HNKTO<7><STEAM_1:0:1680791038><CT>" with "m249" (damage "23") (damage_armor "3") (health "78") (armor "302")
L 01/15/2021 - 23:57:25: "---____AKTER---____<9><STEAM_1:0:996561592><TERRORIST>" attacked "HNKTO<7><STEAM_1:0:1680791038><CT>" with "m249" (damage "23") (damage_armor "3") (health "55") (armor "298")
L 01/15/2021 - 23:57:25: "---____AKTER---____<9><STEAM_1:0:996561592><TERRORIST>" attacked "HNKTO<7><STEAM_1:0:1680791038><CT>" with "m249" (damage "23") (damage_armor "2") (health "32") (armor "295")
L 01/15/2021 - 23:57:25: "---____AKTER---____<9><STEAM_1:0:996561592><TERRORIST>" attacked "HNKTO<7><STEAM_1:0:1680791038><CT>" with "m249" (damage "23") (damage_armor "3") (health "9") (armor "291")
L 01/15/2021 - 23:57:25: "---____AKTER---____<9><STEAM_1:0:996561592><TERRORIST>" attacked "HNKTO<7><STEAM_1:0:1680791038><CT>" with "m249" (damage "23") (damage_armor "3") (health "-13") (armor "287")
L 01/15/2021 - 23:57:25: "---____AKTER---____<9><STEAM_1:0:996561592><TERRORIST>" killed "HNKTO<7><STEAM_1:0:1680791038><CT>" with "m249"
L 01/15/2021 - 23:57:25: Team "TERRORIST" triggered "Terrorists_Win" (CT "1") (T "3")
L 01/15/2021 - 23:57:25: World triggered "Round_End"
L 01/15/2021 - 23:57:30: World triggered "Round_Start"
L 01/15/2021 - 23:58:16: "Player | rp16.ru<4><STEAM_1:0:46002163><TERRORIST>" committed suicide with "worldspawn" (world)
L 01/15/2021 - 23:58:23: "HNKTO<7><STEAM_1:0:1680791038><CT>" committed suicide with "world"
L 01/15/2021 - 23:58:23: Team "TERRORIST" triggered "Terrorists_Win" (CT "1") (T "4")
L 01/15/2021 - 23:58:23: World triggered "Round_End"
L 01/15/2021 - 23:58:28: World triggered "Round_Start"
L 01/15/2021 - 23:59:20: "HNKTO<7><STEAM_1:0:1680791038><CT>" attacked "Player | rp16.ru<4><STEAM_1:0:46002163><TERRORIST>" with "smokegrenade" (damage "50") (damage_armor "0") (health "50") (armor "0")
L 01/15/2021 - 23:59:21: "HNKTO<7><STEAM_1:0:1680791038><CT>" attacked "Player | rp16.ru<4><STEAM_1:0:46002163><TERRORIST>" with "smokegrenade" (damage "50") (damage_armor "0") (health "0") (armor "0")
L 01/15/2021 - 23:59:21: "HNKTO<7><STEAM_1:0:1680791038><CT>" killed "Player | rp16.ru<4><STEAM_1:0:46002163><TERRORIST>" with "smokegrenade"
L 01/15/2021 - 23:59:36: "HNKTO<7><STEAM_1:0:1680791038><CT>" attacked "---____AKTER---____<9><STEAM_1:0:996561592><TERRORIST>" with "smokegrenade" (damage "50") (damage_armor "0") (health "50") (armor "0")
L 01/15/2021 - 23:59:38: "HNKTO<7><STEAM_1:0:1680791038><CT>" attacked "---____AKTER---____<9><STEAM_1:0:996561592><TERRORIST>" with "smokegrenade" (damage "50") (damage_armor "0") (health "0") (armor "0")
L 01/15/2021 - 23:59:38: "HNKTO<7><STEAM_1:0:1680791038><CT>" killed "---____AKTER---____<9><STEAM_1:0:996561592><TERRORIST>" with "smokegrenade"
L 01/15/2021 - 23:59:38: Team "CT" triggered "CTs_Win" (CT "2") (T "4")
L 01/15/2021 - 23:59:38: World triggered "Round_End"
L 01/15/2021 - 23:59:43: World triggered "Round_Start"
L 01/15/2021 - 23:59:45: "BUSTER<10><STEAM_1:0:1698209470><>" connected, address "178.120.68.209:44343"
178.120.68.209:44343:reconnect
L 01/15/2021 - 23:59:59: "BUSTER<11><STEAM_1:0:1698209470><>" connected, address "178.120.68.209:44343"
L 01/16/2021 - 00:00:01: Admin BUSTER connected, ip: 178.120.68.209, Steam_ID: STEAM_1:0:1698209470
L 01/16/2021 - 00:00:02: "BUSTER<11><STEAM_1:0:1698209470><>" entered the game
L 01/16/2021 - 00:00:04: "BUSTER<11><STEAM_1:0:1698209470><>" joined team "TERRORIST"
L 01/16/2021 - 00:00:39: "BUSTER<11><STEAM_1:0:1698209470><TERRORIST>" triggered "time" (time "0:37")
L 01/16/2021 - 00:00:39: "BUSTER<11><STEAM_1:0:1698209470><TERRORIST>" triggered "latency" (ping "34")
L 01/16/2021 - 00:00:39: "BUSTER<11><STEAM_1:0:1698209470><TERRORIST>" disconnected
L 01/16/2021 - 00:00:54: "HNKTO<7><STEAM_1:0:1680791038><CT>" attacked "Player | rp16.ru<4><STEAM_1:0:46002163><TERRORIST>" with "grenade" (damage "52") (damage_armor "0") (health "47") (armor "0")
L 01/16/2021 - 00:00:55: "HNKTO<7><STEAM_1:0:1680791038><CT>" attacked "Player | rp16.ru<4><STEAM_1:0:46002163><TERRORIST>" with "grenade" (damage "31") (damage_armor "0") (health "16") (armor "0")
L 01/16/2021 - 00:00:59: "HNKTO<7><STEAM_1:0:1680791038><CT>" attacked "Player | rp16.ru<4><STEAM_1:0:46002163><TERRORIST>" with "grenade" (damage "34") (damage_armor "0") (health "-17") (armor "0")
L 01/16/2021 - 00:00:59: "HNKTO<7><STEAM_1:0:1680791038><CT>" killed "Player | rp16.ru<4><STEAM_1:0:46002163><TERRORIST>" with "grenade"
L 01/16/2021 - 00:01:08: "ALFA<12><STEAM_1:0:719122993><>" connected, address "145.255.2.15:27005"
145.255.2.15:27005:reconnect
L 01/16/2021 - 00:01:16: "ALFA<13><STEAM_1:0:719122993><>" connected, address "145.255.2.15:27005"
L 01/16/2021 - 00:01:37: "HNKTO<7><STEAM_1:0:1680791038><CT>" committed suicide with "world"
L 01/16/2021 - 00:01:37: Team "TERRORIST" triggered "Terrorists_Win" (CT "2") (T "5")
L 01/16/2021 - 00:01:37: World triggered "Round_End"
L 01/16/2021 - 00:01:42: World triggered "Round_Start"
L 01/16/2021 - 00:01:45: Admin ALFA connected, ip: 145.255.2.15, Steam_ID: STEAM_1:0:719122993
L 01/16/2021 - 00:01:45: "ALFA<13><STEAM_1:0:719122993><>" entered the game
L 01/16/2021 - 00:01:47: "HNKTO<7><STEAM_1:0:1680791038><CT>" triggered "weaponstats" (weapon "grenade") (shots "12") (hits "3") (kills "1") (headshots "0") (tks "0") (damage "117") (deaths "0")
L 01/16/2021 - 00:01:47: "HNKTO<7><STEAM_1:0:1680791038><CT>" triggered "weaponstats2" (weapon "grenade") (head "0") (chest "0") (stomach "0") (leftarm "0") (rightarm "0") (leftleg "0") (rightleg "0")
L 01/16/2021 - 00:01:47: "HNKTO<7><STEAM_1:0:1680791038><CT>" triggered "weaponstats" (weapon "mp5navy") (shots "55") (hits "0") (kills "0") (headshots "0") (tks "0") (damage "0") (deaths "1")
L 01/16/2021 - 00:01:47: "HNKTO<7><STEAM_1:0:1680791038><CT>" triggered "weaponstats2" (weapon "mp5navy") (head "0") (chest "0") (stomach "0") (leftarm "0") (rightarm "0") (leftleg "0") (rightleg "0")
L 01/16/2021 - 00:01:47: "HNKTO<7><STEAM_1:0:1680791038><CT>" triggered "weaponstats" (weapon "deagle") (shots "4") (hits "0") (kills "0") (headshots "0") (tks "0") (damage "0") (deaths "0")
L 01/16/2021 - 00:01:47: "HNKTO<7><STEAM_1:0:1680791038><CT>" triggered "weaponstats2" (weapon "deagle") (head "0") (chest "0") (stomach "0") (leftarm "0") (rightarm "0") (leftleg "0") (rightleg "0")
L 01/16/2021 - 00:01:47: "HNKTO<7><STEAM_1:0:1680791038><CT>" triggered "weaponstats" (weapon "knife") (shots "8") (hits "3") (kills "1") (headshots "0") (tks "0") (damage "185") (deaths "1")
L 01/16/2021 - 00:01:47: "HNKTO<7><STEAM_1:0:1680791038><CT>" triggered "weaponstats2" (weapon "knife") (head "0") (chest "0") (stomach "0") (leftarm "0") (rightarm "0") (leftleg "0") (rightleg "2")
L 01/16/2021 - 00:01:47: "HNKTO<7><STEAM_1:0:1680791038><CT>" triggered "time" (time "10:53")
L 01/16/2021 - 00:01:47: "HNKTO<7><STEAM_1:0:1680791038><CT>" triggered "latency" (ping "108")
L 01/16/2021 - 00:01:47: "HNKTO<7><STEAM_1:0:1680791038><CT>" disconnected
L 01/16/2021 - 00:01:51: "ALFA<13><STEAM_1:0:719122993><>" joined team "TERRORIST"
L 01/16/2021 - 00:01:56: "ALFA<13><STEAM_1:0:719122993><TERRORIST>" joined team "CT"
L 01/16/2021 - 00:01:56: World triggered "Game_Commencing"
L 01/16/2021 - 00:01:56: World triggered "Game_Commencing" (CT "2") (T "5")
L 01/16/2021 - 00:01:56: World triggered "Round_End"
L 01/16/2021 - 00:01:58: "ALFA<13><STEAM_1:0:719122993><CT>" joined team "TERRORIST"
L 01/16/2021 - 00:01:59: World triggered "Round_Start"
L 01/16/2021 - 00:02:24: "Player | rp16.ru<4><STEAM_1:0:46002163><TERRORIST>" triggered "weaponstats" (weapon "mp5navy") (shots "36") (hits "0") (kills "0") (headshots "0") (tks "0") (damage "0") (deaths "0")
L 01/16/2021 - 00:02:24: "Player | rp16.ru<4><STEAM_1:0:46002163><TERRORIST>" triggered "weaponstats2" (weapon "mp5navy") (head "0") (chest "0") (stomach "0") (leftarm "0") (rightarm "0") (leftleg "0") (rightleg "0")
L 01/16/2021 - 00:02:24: "Player | rp16.ru<4><STEAM_1:0:46002163><TERRORIST>" triggered "weaponstats" (weapon "deagle") (shots "13") (hits "2") (kills "0") (headshots "0") (tks "0") (damage "81") (deaths "2")
L 01/16/2021 - 00:02:24: "Player | rp16.ru<4><STEAM_1:0:46002163><TERRORIST>" triggered "weaponstats2" (weapon "deagle") (head "0") (chest "1") (stomach "1") (leftarm "0") (rightarm "0") (leftleg "0") (rightleg "0")
L 01/16/2021 - 00:02:24: "Player | rp16.ru<4><STEAM_1:0:46002163><TERRORIST>" triggered "weaponstats" (weapon "knife") (shots "208") (hits "5") (kills "1") (headshots "0") (tks "0") (damage "122") (deaths "3")
L 01/16/2021 - 00:02:24: "Player | rp16.ru<4><STEAM_1:0:46002163><TERRORIST>" triggered "weaponstats2" (weapon "knife") (head "0") (chest "0") (stomach "0") (leftarm "0") (rightarm "0") (leftleg "0") (rightleg "1")
L 01/16/2021 - 00:02:24: "Player | rp16.ru<4><STEAM_1:0:46002163><TERRORIST>" triggered "time" (time "14:58")
L 01/16/2021 - 00:02:24: "Player | rp16.ru<4><STEAM_1:0:46002163><TERRORIST>" triggered "latency" (ping "19")
L 01/16/2021 - 00:02:24: "Player | rp16.ru<4><STEAM_1:0:46002163><TERRORIST>" disconnected
L 01/16/2021 - 00:02:44: "---____AKTER---____<9><STEAM_1:0:996561592><TERRORIST>" committed suicide with "worldspawn" (world)
L 01/16/2021 - 00:02:50: "---____AKTER---____<9><STEAM_1:0:996561592><TERRORIST>" joined team "CT"
L 01/16/2021 - 00:02:50: World triggered "Game_Commencing"
L 01/16/2021 - 00:02:50: World triggered "Game_Commencing" (CT "0") (T "0")
L 01/16/2021 - 00:02:50: World triggered "Round_End"
L 01/16/2021 - 00:02:51: String formatted incorrectly - parameter 4 (total 4)
L 01/16/2021 - 00:02:51: [AMXX] Displaying debug trace (plugin "jbe_core_mode.amxx", version "4.2")
L 01/16/2021 - 00:02:51: [AMXX] Run time error 25: parameter error 
L 01/16/2021 - 00:02:51: [AMXX]    [0] jbe_core_mode.sma::UTIL_SayText (line 10564)
L 01/16/2021 - 00:02:51: [AMXX]    [1] jbe_core_mode.sma::Show_FreedayFrendsMenu (line 6406)
L 01/16/2021 - 00:02:51: [AMXX]    [2] jbe_core_mode.sma::Cmd_FreedayFrendsMenu (line 6384)
L 01/16/2021 - 00:02:51: [AMXX]    [3] jbe_core_mode.sma::Handle_LastPrisonerMenu (line 6334)
L 01/16/2021 - 00:02:53: World triggered "Round_Start"
