Protocol version 48
Exe version 1.1.2.7/Stdio (cstrike)
Exe build: 16:23:03 Oct  6 2020 (2369)
Executing ReGameDLL Configuration File 
unknown command "mp_freeforall"
unknown command "mp_maxmoney"
unknown command "mp_round_infinite"
unknown command "mp_hegrenade_penetration"
unknown command "mp_nadedrops"
unknown command "mp_roundrespawn_time"
unknown command "mp_auto_reload_weapons"
unknown command "mp_refill_bpammo_weapons"
unknown command "bot_deathmatch"
unknown command "mp_auto_join_team"
Executing ReGameDLL Configuration File 
unknown command "mp_freeforall"
unknown command "mp_maxmoney"
unknown command "mp_round_infinite"
unknown command "mp_hegrenade_penetration"
unknown command "mp_nadedrops"
unknown command "mp_roundrespawn_time"
unknown command "mp_auto_reload_weapons"
unknown command "mp_refill_bpammo_weapons"
unknown command "bot_deathmatch"
unknown command "mp_auto_join_team"
Server IP address 195.88.208.116:27015
   
   Metamod-r version 1.3.0.128 Copyright (c) 2016-2018 ReHLDS Team (rebuild of original Metamod by Will Day and Jussi Kivilinna)
   Metamod-r comes with ABSOLUTELY NO WARRANTY; for details type `meta gpl'.
   This is free software, and you are welcome to redistribute it
   under certain conditions; type `meta gpl' for details.
   
Metamod-r v1.3.0.128, API (5:13)
Metamod-r build: 17:47:48 Aug 24 2018
Metamod-r from: https://github.com/theAsmodai/metamod-r/commit/0cf2f70

   AMX Mod X version 1.9.0.5271 Copyright (c) 2004-2015 AMX Mod X Development Team 
   AMX Mod X comes with ABSOLUTELY NO WARRANTY; for details type `amxx gpl'.
   This is free software and you are welcome to redistribute it under 
   certain conditions; type 'amxx gpl' for details.
  
[WHB] Version: 1.5.696 Linux (Usage SSE 4.1)
[WHB] Success: Build ReHLDS version defined Linux '2369'
[WHB] Success: Configuration executed.
ReGameDLL version: 5.11.0.420-dev+m
L 01/16/2021 - 13:41:03: -------- Mapchange to jail_float --------
L 01/16/2021 - 13:41:04: [GEOIP] Database info: GeoLite2 Country database 2.0
[ReAimDetector] Version: 0.2.2 Linux 'Counter-Strike 1.6'
[ReAimDetector] Success: Build ReHLDS version defined Linux '2369'.
Executing ReGameDLL Configuration File 
unknown command "bot_deathmatch"
Executing ReGameDLL Configuration File 
unknown command "bot_deathmatch"
unknown command "amx_default_access"
unknown command "amx_password_field"
unknown command "amx_mode"
unknown command "amx_show_activity"
unknown command "amx_imessage"
unknown command "amx_freq_imessage"
unknown command "amx_plmenu_bantimes"
unknown command "amx_tempban_maxtime"
unknown command "amx_plmenu_slapdmg"
unknown command "amx_flood_time"
unknown command "amx_reservation"
unknown command "amx_hideslots"
unknown command "amx_time_display"
unknown command "amx_time_voice"
unknown command "amx_vote_delay"
unknown command "amx_vote_time"
unknown command "amx_vote_answers"
unknown command "amx_votekick_ratio"
unknown command "amx_voteban_ratio"
unknown command "amx_votemap_ratio"
unknown command "amx_vote_ratio"
unknown command "amx_extendmap_max"
unknown command "amx_extendmap_step"
unknown command "amx_language_display_msg"
unknown command "amx_help_display_msg"
unknown command "amx_help_display_msg_time"
unknown command "amx_help_amount_per_page"
unknown command "amx_statsx_duration"
unknown command "amx_statsx_freeze"
unknown command "amx_restrmapsettings"
unknown command "fb_kick_delay"
unknown command "fb_server_name"
unknown command "fb_sql_table"
unknown command "fb_sql_log_table"
unknown command "fb_ip_ban_time"
unknown command "fb_showhud"
unknown command "fb_offline_time"
unknown command "fb_unban_self"
unknown command "fb_unban_all"
unknown command "fb_oldmap_players"
unknown command "fb_bantime_access"
unknown command "fb_adminrcon_flag"
unknown command "fb_bantime_limit"
unknown command "fb_use_sql"
unknown command "fb_nvault_clear"
unknown command "fb_force_check"
unknown command "fb_cachetime"
unknown command "fb_oldkickinfo"
unknown command "fb_logtype"
unknown command "fb_loglevel"
unknown command "fb_logdays"
unknown command "fb_use_russian"
unknown command "fb_sql_clear"
unknown command "fb_subnet_except_ucp"
unknown command "fb_subnet_clients"
unknown command "fb_prefix_clients"
unknown command "fb_rec_snet"
unknown command "fb_rec_snet_time"
unknown command "fb_rec_snet_count"
unknown command "fb_rec_snet_bt"
unknown command "fb_subnet_recheck"
unknown command "fb_rec_snet_level"
unknown command "fb_cachetime_kick"
unknown command "fb_cacheonly"
unknown command "fb_showchat"
unknown command "fb_chatinfo"
unknown command "fb_hudinfo"
unknown command "fb_hudcolor"
unknown command "fb_hudpos"
unknown command "fb_serveronly"
unknown command "fb_confirmchat"
unknown command "fb_locknames"
unknown command "fb_newmenu"
unknown command "fb_show_bb"
unknown command "fb_noip_as_allip"
unknown command "fb_longtime_allservers"
unknown command "fb_force_bantype_ip"
unknown command "fb_no_confirm"
unknown command "fb_lock_def_time"
unknown command "fb_customreason_first"
unknown command "fb_customreason_flag"
unknown command "fb_plugin_prefix"
unknown command "fb_plugin_hprefix"
unknown command "fb_menu_nick_addons"
unknown command "fb_acp_admin_uid"
unknown command "fb_kick_all_from_ip"
unknown command "fb_positive_cache_mc"
unknown command "fb_menufilters"
unknown command "fb_menusort"
unknown command "amx_password_field"
unknown command "amx_amxadmins_table"
unknown command "amx_admins_table"
unknown command "fb_adminban_flag"
unknown command "amx_mode"
unknown command "amx_imessage"
unknown command "amx_freq_imessage"
unknown command "amx_plmenu_bantimes"
unknown command "amx_tempban_maxtime"
unknown command "amx_plmenu_slapdmg"
unknown command "amx_flood_time"
unknown command "amx_reservation"
unknown command "amx_hideslots"
unknown command "amx_time_display"
unknown command "amx_time_voice"
unknown command "amx_extendmap_max"
unknown command "amx_extendmap_step"
unknown command "amx_language_display_msg"
unknown command "amx_help_display_msg"
unknown command "amx_help_display_msg_time"
unknown command "amx_help_amount_per_page"
unknown command "amx_statsx_duration"
unknown command "amx_statsx_freeze"
unknown command "amx_restrmapsettings"
IP Подошёл.
L 01/16/2021 - 13:41:05: [colored_translit_config.amxx] Can't add menu item "Настройки чата" from plugin "Colored Translit Config" to menu set because the Menus Front-End plugin itself is not loaded!
L 01/16/2021 - 13:41:05: [map_chooser_14.amxx] Загружено 45 карт из addons/amxmodx/configs/maps.ini
L 01/16/2021 - 13:41:05: [map_chooser_14.amxx] Режим сортировки карт по онлайну выключен!
========== [Colored Translit] START SET FCVAR ==========
=========== [Colored Translit] END SET FCVAR ===========
=========== [Colored Translit] START DEBUG =============
[Colored Translit] Translit File Loaded. Symbols: 65
[Colored Translit] Swear File Loaded. Swears: 0
[Colored Translit] Replace File Loaded. Replacements: 1
[Colored Translit] Ignore File Loaded. Ignore Words: 35
[Colored Translit] Spam File Loaded. Spam Words: 172
[Colored Translit] Cheat File Loaded. Cheat Words: 206
[Colored Translit] Config File Executed. Version: 3.0
=========== [Colored Translit] END DEBUG ===============
[COVID mode]: Everything is fine! The configuration file is loaded! 
unknown command "vk"
couldn't exec addons/amxmodx/configs/jb_standard/all_cvars.cfg
unknown command "jbe_last_prisoner_money"
unknown command "jbe_vip_discount_shop"
L 01/16/2021 - 13:41:05: [admin_loader_for_fb.amxx] Загружено 22 администраторов из MySQL
Server logging data to file logs/L0116031.log
L 01/16/2021 - 13:41:05: Log file started (file "logs/L0116031.log") (game "cstrike") (version "48/1.1.2.7/Stdio/2369")
unknown command "sv_logecho"
unknown command "sv_logfile"
L 01/16/2021 - 13:41:05: Server cvar "mp_logdetail" = "3"
unknown command "mp_autocrosshair"
L 01/16/2021 - 13:41:05: Server cvar "sv_aim" = "0"
unknown command "sv_airmove"
unknown command "sv_voicequality"
unknown command "sv_voicecodec"
unknown command "amx_extendmap_max"
unknown command "amx_extendmap_step"
unknown command "cam_change"
unknown command "cam_connect"
unknown command "cam_message"
unknown command "sid_url"
unknown command "]fastcup.net/rating.html"
unknown command "precache_hl"
unknown command "precache_weapons"
unknown command "amx_extendmap_max"
unknown command "amx_extendmap_step"
unknown command "sv_consistency"
unknown command "amx_amxadmins_table"
unknown command "amx_admins_table"
L 01/16/2021 - 13:41:05: [pluginmenu.amxx] Can't add menu item "Plugin Cvars" from plugin "pluginmenu.amxx" to menu set because the Menus Front-End plugin itself is not loaded!
L 01/16/2021 - 13:41:05: [pluginmenu.amxx] Can't add menu item "Plugin Commands" from plugin "pluginmenu.amxx" to menu set because the Menus Front-End plugin itself is not loaded!
fsdfsd - 1 - 1
Connection to Steam servers successful.
   VAC secure mode disabled.
L 01/16/2021 - 13:41:11: "69*mara1k<1><STEAM_1:0:517339566><>" connected, address "176.59.214.181:27005"
L 01/16/2021 - 13:41:13: World triggered "Round_Start"
176.59.214.181:27005:reconnect
L 01/16/2021 - 13:41:14: "69*mara1k<2><STEAM_1:0:517339566><>" connected, address "176.59.214.181:27005"
L 01/16/2021 - 13:41:16: "MUR4IK<3><STEAM_1:0:1436037888><>" connected, address "78.142.234.84:3615"
L 01/16/2021 - 13:41:17: "nikto<4><STEAM_1:0:1923290925><>" connected, address "176.59.99.172:20189"
78.142.234.84:3615:reconnect
L 01/16/2021 - 13:41:19: "MUR4IK<5><STEAM_1:0:1436037888><>" connected, address "78.142.234.84:3615"
L 01/16/2021 - 13:41:19: Admin 69mara1k connected, ip: 176.59.214.181, Steam_ID: STEAM_1:0:517339566
L 01/16/2021 - 13:41:19: "69mara1k<2><STEAM_1:0:517339566><>" entered the game
L 01/16/2021 - 13:41:20: "MiSteR_WeV_PoVaR_<6><STEAM_1:0:1812503923><>" connected, address "31.130.76.69:27005"
L 01/16/2021 - 13:41:21: "69mara1k<2><STEAM_1:0:517339566><>" joined team "TERRORIST"
L 01/16/2021 - 13:41:21: World triggered "Round_Draw" (CT "0") (T "0")
L 01/16/2021 - 13:41:21: World triggered "Round_End"
SV_ReadClientMessage: badread on , opcode clc_stringcmd
SV_ReadClientMessage: badread on 
31.130.76.69:27005:reconnect
L 01/16/2021 - 13:41:22: "MiSteR_WeV_PoVaR_<7><STEAM_1:0:1812503923><>" connected, address "31.130.76.69:27005"
L 01/16/2021 - 13:41:22: Admin MUR4IK connected, ip: 78.142.234.84, Steam_ID: STEAM_1:0:1436037888
L 01/16/2021 - 13:41:22: "MUR4IK<5><STEAM_1:0:1436037888><>" entered the game
L 01/16/2021 - 13:41:23: "per4ik<8><STEAM_1:0:1383066604><>" connected, address "178.46.96.164:2501"
L 01/16/2021 - 13:41:24: [admin_loader_for_fb.amxx] Login: "MiSteR_WeV_PoVaR_<7><STEAM_1:0:1812503923><>" became an admin (account "MiSteR_WeV_PoVaR_") (nickname "MiSteR_WeV_PoVaR_") (access "adgiklprst") (address "31.130.76.69")
L 01/16/2021 - 13:41:24: Admin MiSteR_WeV_PoVaR_ connected, ip: 31.130.76.69, Steam_ID: STEAM_1:0:1812503923
L 01/16/2021 - 13:41:24: "MiSteR_WeV_PoVaR_<7><STEAM_1:0:1812503923><>" entered the game
178.46.96.164:2501:reconnect
L 01/16/2021 - 13:41:26: "per4ik<9><STEAM_1:0:1383066604><>" connected, address "178.46.96.164:2501"
L 01/16/2021 - 13:41:26: "MUR4IK<5><STEAM_1:0:1436037888><>" joined team "TERRORIST"
L 01/16/2021 - 13:41:26: "MiSteR_WeV_PoVaR_<7><STEAM_1:0:1812503923><>" joined team "TERRORIST"
L 01/16/2021 - 13:41:26: World triggered "Round_Start"
L 01/16/2021 - 13:41:29: Admin per4ik connected, ip: 178.46.96.164, Steam_ID: STEAM_1:0:1383066604
L 01/16/2021 - 13:41:29: "per4ik<9><STEAM_1:0:1383066604><>" entered the game
L 01/16/2021 - 13:41:30: "per4ik<9><STEAM_1:0:1383066604><>" joined team "TERRORIST"
L 01/16/2021 - 13:41:32: "nikto<10><STEAM_1:0:1923290925><>" connected, address "176.59.99.172:20189"
L 01/16/2021 - 13:41:34: ".:: [CSB] ^ Player ::.<11><STEAM_1:0:1146319723><>" connected, address "37.113.172.66:51117"
L 01/16/2021 - 13:41:36: Admin nikto connected, ip: 176.59.99.172, Steam_ID: STEAM_1:0:1923290925
L 01/16/2021 - 13:41:36: "nikto<10><STEAM_1:0:1923290925><>" entered the game
L 01/16/2021 - 13:41:40: "nikto<10><STEAM_1:0:1923290925><>" joined team "CT"
L 01/16/2021 - 13:41:40: World triggered "Game_Commencing"
L 01/16/2021 - 13:41:40: World triggered "Game_Commencing" (CT "0") (T "0")
L 01/16/2021 - 13:41:40: World triggered "Round_End"
37.113.172.66:51117:reconnect
L 01/16/2021 - 13:41:41: ".:: [CSB] ^ Player ::.<12><STEAM_1:0:1146319723><>" connected, address "37.113.172.66:51117"
L 01/16/2021 - 13:41:42: "nikto<10><STEAM_1:0:1923290925><CT>" joined team "TERRORIST"
L 01/16/2021 - 13:41:43: World triggered "Round_Start"
L 01/16/2021 - 13:41:46: Admin Player | rp16.ru connected, ip: 37.113.172.66, Steam_ID: STEAM_1:0:1146319723
L 01/16/2021 - 13:41:46: "Player | rp16.ru<12><STEAM_1:0:1146319723><>" entered the game
L 01/16/2021 - 13:41:52: "per4ik<9><STEAM_1:0:1383066604><TERRORIST>" committed suicide with "worldspawn" (world)
L 01/16/2021 - 13:41:55: "Player | rp16.ru<12><STEAM_1:0:1146319723><>" joined team "CT"
L 01/16/2021 - 13:41:55: World triggered "Game_Commencing"
L 01/16/2021 - 13:41:55: World triggered "Game_Commencing" (CT "0") (T "0")
L 01/16/2021 - 13:41:55: World triggered "Round_End"
L 01/16/2021 - 13:41:55: "nikto<10><STEAM_1:0:1923290925><TERRORIST>" committed suicide with "worldspawn" (world)
L 01/16/2021 - 13:41:57: Server cvar "sv_restart" = "5"
L 01/16/2021 - 13:41:57: World triggered "Restart_Round_(5_seconds)"
L 01/16/2021 - 13:41:57: Team "CT" scored "0" with "1" players
L 01/16/2021 - 13:41:57: Team "TERRORIST" scored "0" with "5" players
L 01/16/2021 - 13:41:57: Server cvar "sv_restart" = "0"
L 01/16/2021 - 13:42:02: World triggered "Round_Start"
L 01/16/2021 - 13:42:25: Kick: "nikto<10><STEAM_1:0:1923290925><>" was kicked by "Console" (message ""Вы были кикнуты из-за плохого соединения"")
L 01/16/2021 - 13:42:25: "nikto<10><STEAM_1:0:1923290925><TERRORIST>" triggered "time" (time "0:49")
L 01/16/2021 - 13:42:25: "nikto<10><STEAM_1:0:1923290925><TERRORIST>" triggered "latency" (ping "99")
L 01/16/2021 - 13:42:25: "nikto<10><STEAM_1:0:1923290925><TERRORIST>" disconnected
176.59.99.172:20189:reconnect
L 01/16/2021 - 13:42:28: "nikto<13><STEAM_1:0:1923290925><>" connected, address "176.59.99.172:20189"
L 01/16/2021 - 13:42:31: Admin nikto connected, ip: 176.59.99.172, Steam_ID: STEAM_1:0:1923290925
L 01/16/2021 - 13:42:31: "nikto<13><STEAM_1:0:1923290925><>" entered the game
L 01/16/2021 - 13:42:34: "nikto<13><STEAM_1:0:1923290925><>" joined team "TERRORIST"
L 01/16/2021 - 13:42:37: "MiSteR_WeV_PoVaR_<7><STEAM_1:0:1812503923><TERRORIST>" attacked "Player | rp16.ru<12><STEAM_1:0:1146319723><CT>" with "knife" (damage "12") (damage_armor "1") (health "487") (armor "348")
L 01/16/2021 - 13:42:45: Kick: "Player | rp16.ru<12><STEAM_1:0:1146319723><>" was kicked by "Console" (message ""Вы были кикнуты из-за плохого соединения"")
L 01/16/2021 - 13:42:45: "Player | rp16.ru<12><STEAM_1:0:1146319723><CT>" triggered "time" (time "0:58")
L 01/16/2021 - 13:42:45: "Player | rp16.ru<12><STEAM_1:0:1146319723><CT>" triggered "latency" (ping "67")
L 01/16/2021 - 13:42:45: "Player | rp16.ru<12><STEAM_1:0:1146319723><CT>" disconnected
37.113.172.66:51117:reconnect
L 01/16/2021 - 13:42:51: ".:: [CSB] ^ Player ::.<14><STEAM_1:0:1146319723><>" connected, address "37.113.172.66:51117"
37.113.172.66:51117:reconnect
L 01/16/2021 - 13:42:51: ".:: [CSB] ^ Player ::.<15><STEAM_1:0:1146319723><>" connected, address "37.113.172.66:51117"
L 01/16/2021 - 13:42:56: Admin Player | rp16.ru connected, ip: 37.113.172.66, Steam_ID: STEAM_1:0:1146319723
L 01/16/2021 - 13:42:56: "Player | rp16.ru<15><STEAM_1:0:1146319723><>" entered the game
L 01/16/2021 - 13:42:58: "MiSteR_WeV_PoVaR_<7><STEAM_1:0:1812503923><TERRORIST>" committed suicide with "world"
L 01/16/2021 - 13:42:58: "MiSteR_WeV_PoVaR_<7><STEAM_1:0:1812503923><TERRORIST>" joined team "CT"
L 01/16/2021 - 13:42:58: World triggered "Game_Commencing"
L 01/16/2021 - 13:42:58: World triggered "Game_Commencing" (CT "0") (T "0")
L 01/16/2021 - 13:42:58: World triggered "Round_End"
L 01/16/2021 - 13:42:58: "Player | rp16.ru<15><STEAM_1:0:1146319723><>" joined team "CT"
L 01/16/2021 - 13:43:01: "MiSteR_WeV_PoVaR_<7><STEAM_1:0:1812503923><CT>" joined team "TERRORIST"
L 01/16/2021 - 13:43:01: World triggered "Round_Start"
L 01/16/2021 - 13:43:25: Kick: "nikto<13><STEAM_1:0:1923290925><>" was kicked by "Console" (message ""Вы были кикнуты из-за плохого соединения"")
L 01/16/2021 - 13:43:25: "nikto<13><STEAM_1:0:1923290925><TERRORIST>" triggered "time" (time "0:54")
L 01/16/2021 - 13:43:25: "nikto<13><STEAM_1:0:1923290925><TERRORIST>" triggered "latency" (ping "110")
L 01/16/2021 - 13:43:25: "nikto<13><STEAM_1:0:1923290925><TERRORIST>" disconnected
176.59.99.172:20189:reconnect
L 01/16/2021 - 13:43:34: "nikto<16><STEAM_1:0:1923290925><>" connected, address "176.59.99.172:20189"
L 01/16/2021 - 13:43:38: Admin nikto connected, ip: 176.59.99.172, Steam_ID: STEAM_1:0:1923290925
L 01/16/2021 - 13:43:38: "nikto<16><STEAM_1:0:1923290925><>" entered the game
L 01/16/2021 - 13:43:40: "nikto<16><STEAM_1:0:1923290925><>" joined team "TERRORIST"
L 01/16/2021 - 13:44:25: Kick: "nikto<16><STEAM_1:0:1923290925><>" was kicked by "Console" (message ""Вы были кикнуты из-за плохого соединения"")
L 01/16/2021 - 13:44:25: "nikto<16><STEAM_1:0:1923290925><TERRORIST>" triggered "time" (time "0:47")
L 01/16/2021 - 13:44:25: "nikto<16><STEAM_1:0:1923290925><TERRORIST>" triggered "latency" (ping "97")
L 01/16/2021 - 13:44:25: "nikto<16><STEAM_1:0:1923290925><TERRORIST>" disconnected
176.59.99.172:20189:reconnect
L 01/16/2021 - 13:44:28: "nikto<17><STEAM_1:0:1923290925><>" connected, address "176.59.99.172:20189"
L 01/16/2021 - 13:44:31: Admin nikto connected, ip: 176.59.99.172, Steam_ID: STEAM_1:0:1923290925
L 01/16/2021 - 13:44:31: "nikto<17><STEAM_1:0:1923290925><>" entered the game
L 01/16/2021 - 13:44:33: "nikto<17><STEAM_1:0:1923290925><>" joined team "TERRORIST"
L 01/16/2021 - 13:45:09: "MUR4IK<5><STEAM_1:0:1436037888><TERRORIST>" attacked "Player | rp16.ru<15><STEAM_1:0:1146319723><CT>" with "snow" (damage "11") (damage_armor "0") (health "489") (armor "350")
L 01/16/2021 - 13:45:13: "MiSteR_WeV_PoVaR_<7><STEAM_1:0:1812503923><TERRORIST>" attacked "Player | rp16.ru<15><STEAM_1:0:1146319723><CT>" with "deagle" (damage "192") (damage_armor "0") (health "297") (armor "350")
L 01/16/2021 - 13:45:14: "MiSteR_WeV_PoVaR_<7><STEAM_1:0:1812503923><TERRORIST>" attacked "Player | rp16.ru<15><STEAM_1:0:1146319723><CT>" with "deagle" (damage "192") (damage_armor "0") (health "105") (armor "350")
L 01/16/2021 - 13:45:14: "MiSteR_WeV_PoVaR_<7><STEAM_1:0:1812503923><TERRORIST>" attacked "Player | rp16.ru<15><STEAM_1:0:1146319723><CT>" with "deagle" (damage "36") (damage_armor "6") (health "69") (armor "344")
L 01/16/2021 - 13:45:14: "Player | rp16.ru<15><STEAM_1:0:1146319723><CT>" attacked "MiSteR_WeV_PoVaR_<7><STEAM_1:0:1812503923><TERRORIST>" with "mp5navy" (damage "20") (damage_armor "10") (health "229") (armor "89")
L 01/16/2021 - 13:45:15: "Player | rp16.ru<15><STEAM_1:0:1146319723><CT>" attacked "MiSteR_WeV_PoVaR_<7><STEAM_1:0:1812503923><TERRORIST>" with "mp5navy" (damage "30") (damage_armor "0") (health "199") (armor "89")
L 01/16/2021 - 13:45:15: "Player | rp16.ru<15><STEAM_1:0:1146319723><CT>" attacked "MiSteR_WeV_PoVaR_<7><STEAM_1:0:1812503923><TERRORIST>" with "mp5navy" (damage "30") (damage_armor "0") (health "169") (armor "89")
L 01/16/2021 - 13:45:15: "Player | rp16.ru<15><STEAM_1:0:1146319723><CT>" attacked "MiSteR_WeV_PoVaR_<7><STEAM_1:0:1812503923><TERRORIST>" with "mp5navy" (damage "30") (damage_armor "0") (health "139") (armor "89")
L 01/16/2021 - 13:45:16: "MUR4IK<5><STEAM_1:0:1436037888><TERRORIST>" attacked "Player | rp16.ru<15><STEAM_1:0:1146319723><CT>" with "ak47" (damage "140") (damage_armor "0") (health "-71") (armor "344")
L 01/16/2021 - 13:45:16: "MUR4IK<5><STEAM_1:0:1436037888><TERRORIST>" killed "Player | rp16.ru<15><STEAM_1:0:1146319723><CT>" with "ak47"
L 01/16/2021 - 13:45:16: Team "TERRORIST" triggered "Terrorists_Win" (CT "0") (T "1")
L 01/16/2021 - 13:45:16: World triggered "Round_End"
L 01/16/2021 - 13:45:21: World triggered "Round_Start"
L 01/16/2021 - 13:45:37: "Player | rp16.ru<15><STEAM_1:0:1146319723><CT>" attacked "MiSteR_WeV_PoVaR_<7><STEAM_1:0:1812503923><TERRORIST>" with "mp5navy" (damage "31") (damage_armor "0") (health "68") (armor "100")
L 01/16/2021 - 13:46:07: "nikto<17><STEAM_1:0:1923290925><TERRORIST>" committed suicide with "worldspawn" (world)
L 01/16/2021 - 13:46:14: "T-MS | Remastered<18><STEAM_1:0:73470706><>" connected, address "91.225.93.25:39932"
91.225.93.25:39932:reconnect
L 01/16/2021 - 13:46:18: "T-MS | Remastered<19><STEAM_1:0:73470706><>" connected, address "91.225.93.25:39932"
L 01/16/2021 - 13:46:28: "MiSteR_WeV_PoVaR_<7><STEAM_1:0:1812503923><TERRORIST>" attacked "Player | rp16.ru<15><STEAM_1:0:1146319723><CT>" with "grenade" (damage "28") (damage_armor "14") (health "471") (armor "335")
L 01/16/2021 - 13:46:30: "MiSteR_WeV_PoVaR_<7><STEAM_1:0:1812503923><TERRORIST>" attacked "Player | rp16.ru<15><STEAM_1:0:1146319723><CT>" with "m4a1" (damage "120") (damage_armor "0") (health "352") (armor "335")
L 01/16/2021 - 13:46:31: "MiSteR_WeV_PoVaR_<7><STEAM_1:0:1812503923><TERRORIST>" attacked "Player | rp16.ru<15><STEAM_1:0:1146319723><CT>" with "m4a1" (damage "21") (damage_armor "3") (health "331") (armor "331")
L 01/16/2021 - 13:46:34: "MiSteR_WeV_PoVaR_<7><STEAM_1:0:1812503923><TERRORIST>" attacked "Player | rp16.ru<15><STEAM_1:0:1146319723><CT>" with "m4a1" (damage "23") (damage_armor "0") (health "307") (armor "331")
L 01/16/2021 - 13:46:34: "Player | rp16.ru<15><STEAM_1:0:1146319723><CT>" attacked "MiSteR_WeV_PoVaR_<7><STEAM_1:0:1812503923><TERRORIST>" with "mp5navy" (damage "18") (damage_armor "9") (health "231") (armor "240")
L 01/16/2021 - 13:46:34: "Player | rp16.ru<15><STEAM_1:0:1146319723><CT>" attacked "MiSteR_WeV_PoVaR_<7><STEAM_1:0:1812503923><TERRORIST>" with "mp5navy" (damage "18") (damage_armor "8") (health "213") (armor "231")
L 01/16/2021 - 13:46:34: "Player | rp16.ru<15><STEAM_1:0:1146319723><CT>" attacked "MiSteR_WeV_PoVaR_<7><STEAM_1:0:1812503923><TERRORIST>" with "mp5navy" (damage "18") (damage_armor "8") (health "195") (armor "222")
L 01/16/2021 - 13:46:34: "Player | rp16.ru<15><STEAM_1:0:1146319723><CT>" attacked "MiSteR_WeV_PoVaR_<7><STEAM_1:0:1812503923><TERRORIST>" with "mp5navy" (damage "18") (damage_armor "8") (health "177") (armor "213")
L 01/16/2021 - 13:46:34: "Player | rp16.ru<15><STEAM_1:0:1146319723><CT>" attacked "MiSteR_WeV_PoVaR_<7><STEAM_1:0:1812503923><TERRORIST>" with "mp5navy" (damage "18") (damage_armor "8") (health "159") (armor "204")
L 01/16/2021 - 13:46:35: "Player | rp16.ru<15><STEAM_1:0:1146319723><CT>" attacked "MiSteR_WeV_PoVaR_<7><STEAM_1:0:1812503923><TERRORIST>" with "mp5navy" (damage "18") (damage_armor "9") (health "141") (armor "194")
L 01/16/2021 - 13:46:35: "MiSteR_WeV_PoVaR_<7><STEAM_1:0:1812503923><TERRORIST>" attacked "Player | rp16.ru<15><STEAM_1:0:1146319723><CT>" with "m4a1" (damage "23") (damage_armor "0") (health "284") (armor "331")
L 01/16/2021 - 13:46:35: "Player | rp16.ru<15><STEAM_1:0:1146319723><CT>" attacked "MiSteR_WeV_PoVaR_<7><STEAM_1:0:1812503923><TERRORIST>" with "mp5navy" (damage "18") (damage_armor "8") (health "123") (armor "185")
L 01/16/2021 - 13:46:35: "Player | rp16.ru<15><STEAM_1:0:1146319723><CT>" attacked "MiSteR_WeV_PoVaR_<7><STEAM_1:0:1812503923><TERRORIST>" with "mp5navy" (damage "18") (damage_armor "8") (health "105") (armor "176")
L 01/16/2021 - 13:46:35: "MiSteR_WeV_PoVaR_<7><STEAM_1:0:1812503923><TERRORIST>" attacked "Player | rp16.ru<15><STEAM_1:0:1146319723><CT>" with "m4a1" (damage "21") (damage_armor "4") (health "263") (armor "326")
L 01/16/2021 - 13:46:35: "Player | rp16.ru<15><STEAM_1:0:1146319723><CT>" attacked "MiSteR_WeV_PoVaR_<7><STEAM_1:0:1812503923><TERRORIST>" with "mp5navy" (damage "18") (damage_armor "8") (health "87") (armor "167")
L 01/16/2021 - 13:46:35: "Player | rp16.ru<15><STEAM_1:0:1146319723><CT>" attacked "MiSteR_WeV_PoVaR_<7><STEAM_1:0:1812503923><TERRORIST>" with "mp5navy" (damage "22") (damage_armor "11") (health "65") (armor "155")
L 01/16/2021 - 13:46:35: "Player | rp16.ru<15><STEAM_1:0:1146319723><CT>" attacked "MiSteR_WeV_PoVaR_<7><STEAM_1:0:1812503923><TERRORIST>" with "mp5navy" (damage "18") (damage_armor "8") (health "47") (armor "146")
L 01/16/2021 - 13:46:35: "Player | rp16.ru<15><STEAM_1:0:1146319723><CT>" attacked "MiSteR_WeV_PoVaR_<7><STEAM_1:0:1812503923><TERRORIST>" with "mp5navy" (damage "18") (damage_armor "8") (health "29") (armor "137")
L 01/16/2021 - 13:46:35: "Player | rp16.ru<15><STEAM_1:0:1146319723><CT>" attacked "MiSteR_WeV_PoVaR_<7><STEAM_1:0:1812503923><TERRORIST>" with "mp5navy" (damage "18") (damage_armor "8") (health "11") (armor "128")
L 01/16/2021 - 13:46:35: "Player | rp16.ru<15><STEAM_1:0:1146319723><CT>" attacked "MiSteR_WeV_PoVaR_<7><STEAM_1:0:1812503923><TERRORIST>" with "mp5navy" (damage "18") (damage_armor "8") (health "-6") (armor "119")
L 01/16/2021 - 13:46:35: "Player | rp16.ru<15><STEAM_1:0:1146319723><CT>" killed "MiSteR_WeV_PoVaR_<7><STEAM_1:0:1812503923><TERRORIST>" with "mp5navy"
L 01/16/2021 - 13:46:36: "69mara1k<2><STEAM_1:0:517339566><TERRORIST>" attacked "Player | rp16.ru<15><STEAM_1:0:1146319723><CT>" with "knife" (damage "55") (damage_armor "4") (health "208") (armor "321")
L 01/16/2021 - 13:46:37: "69mara1k<2><STEAM_1:0:517339566><TERRORIST>" attacked "Player | rp16.ru<15><STEAM_1:0:1146319723><CT>" with "knife" (damage "55") (damage_armor "4") (health "153") (armor "316")
L 01/16/2021 - 13:46:38: "69mara1k<2><STEAM_1:0:517339566><TERRORIST>" attacked "Player | rp16.ru<15><STEAM_1:0:1146319723><CT>" with "knife" (damage "55") (damage_armor "4") (health "98") (armor "311")
L 01/16/2021 - 13:46:39: "Player | rp16.ru<15><STEAM_1:0:1146319723><CT>" attacked "69mara1k<2><STEAM_1:0:517339566><TERRORIST>" with "mp5navy" (damage "87") (damage_armor "43") (health "20") (armor "106")
L 01/16/2021 - 13:46:39: "Player | rp16.ru<15><STEAM_1:0:1146319723><CT>" attacked "69mara1k<2><STEAM_1:0:517339566><TERRORIST>" with "mp5navy" (damage "21") (damage_armor "10") (health "0") (armor "95")
L 01/16/2021 - 13:46:39: "Player | rp16.ru<15><STEAM_1:0:1146319723><CT>" killed "69mara1k<2><STEAM_1:0:517339566><TERRORIST>" with "mp5navy"
L 01/16/2021 - 13:46:43: Admin Player | rp16.ru connected, ip: 91.225.93.25, Steam_ID: STEAM_1:0:73470706
L 01/16/2021 - 13:46:43: "Player | rp16.ru<19><STEAM_1:0:73470706><>" entered the game
L 01/16/2021 - 13:46:44: "Player | rp16.ru<15><STEAM_1:0:1146319723><CT>" attacked "per4ik<9><STEAM_1:0:1383066604><TERRORIST>" with "mp5navy" (damage "24") (damage_armor "0") (health "75") (armor "0")
L 01/16/2021 - 13:46:53: "Player | rp16.ru<19><STEAM_1:0:73470706><>" joined team "TERRORIST"
L 01/16/2021 - 13:46:58: "Player | rp16.ru<15><STEAM_1:0:1146319723><CT>" attacked "per4ik<9><STEAM_1:0:1383066604><TERRORIST>" with "mp5navy" (damage "161") (damage_armor "0") (health "-61") (armor "0")
L 01/16/2021 - 13:46:58: "Player | rp16.ru<15><STEAM_1:0:1146319723><CT>" killed "per4ik<9><STEAM_1:0:1383066604><TERRORIST>" with "mp5navy"
L 01/16/2021 - 13:47:00: "nikto<17><STEAM_1:0:1923290925><TERRORIST>" attacked "Player | rp16.ru<15><STEAM_1:0:1146319723><CT>" with "m4a1" (damage "22") (damage_armor "0") (health "76") (armor "311")
L 01/16/2021 - 13:47:01: "nikto<17><STEAM_1:0:1923290925><TERRORIST>" attacked "Player | rp16.ru<15><STEAM_1:0:1146319723><CT>" with "m4a1" (damage "22") (damage_armor "0") (health "54") (armor "311")
L 01/16/2021 - 13:47:01: "nikto<17><STEAM_1:0:1923290925><TERRORIST>" attacked "Player | rp16.ru<15><STEAM_1:0:1146319723><CT>" with "m4a1" (damage "21") (damage_armor "3") (health "34") (armor "307")
L 01/16/2021 - 13:47:01: "nikto<17><STEAM_1:0:1923290925><TERRORIST>" attacked "Player | rp16.ru<15><STEAM_1:0:1146319723><CT>" with "m4a1" (damage "120") (damage_armor "0") (health "-86") (armor "307")
L 01/16/2021 - 13:47:01: "nikto<17><STEAM_1:0:1923290925><TERRORIST>" killed "Player | rp16.ru<15><STEAM_1:0:1146319723><CT>" with "m4a1"
L 01/16/2021 - 13:47:01: Team "TERRORIST" triggered "Terrorists_Win" (CT "0") (T "2")
L 01/16/2021 - 13:47:01: World triggered "Round_End"
L 01/16/2021 - 13:47:06: "Player | rp16.ru<19><STEAM_1:0:73470706><TERRORIST>" changed name to "(1)Player | rp16.ru"
L 01/16/2021 - 13:47:06: World triggered "Round_Start"
L 01/16/2021 - 13:47:06: "Player | rp16.ru<15><STEAM_1:0:1146319723><CT>" changed name to "(1)Player | rp16.ru"
L 01/16/2021 - 13:47:06: "Player | rp16.ru<19><STEAM_1:0:73470706><TERRORIST>" changed name to "(1)Player | rp16.ru"
L 01/16/2021 - 13:47:19: "Player | rp16.ru<15><STEAM_1:0:1146319723><CT>" changed name to "(1)Player | rp16.ru"
L 01/16/2021 - 13:47:40: "nikto<17><STEAM_1:0:1923290925><TERRORIST>" committed suicide with "worldspawn" (world)
L 01/16/2021 - 13:48:21: "69mara1k<2><STEAM_1:0:517339566><TERRORIST>" committed suicide with "trigger_hurt" (world)
L 01/16/2021 - 13:48:25: "Player | rp16.ru<19><STEAM_1:0:73470706><TERRORIST>" committed suicide with "trigger_hurt" (world)
L 01/16/2021 - 13:48:46: "MUR4IK<5><STEAM_1:0:1436037888><TERRORIST>" attacked "Player | rp16.ru<15><STEAM_1:0:1146319723><CT>" with "m4a1" (damage "22") (damage_armor "4") (health "477") (armor "345")
L 01/16/2021 - 13:48:46: "MUR4IK<5><STEAM_1:0:1436037888><TERRORIST>" attacked "Player | rp16.ru<15><STEAM_1:0:1146319723><CT>" with "m4a1" (damage "128") (damage_armor "0") (health "350") (armor "345")
L 01/16/2021 - 13:48:46: "MUR4IK<5><STEAM_1:0:1436037888><TERRORIST>" attacked "Player | rp16.ru<15><STEAM_1:0:1146319723><CT>" with "m4a1" (damage "128") (damage_armor "0") (health "222") (armor "345")
L 01/16/2021 - 13:48:46: "MUR4IK<5><STEAM_1:0:1436037888><TERRORIST>" attacked "Player | rp16.ru<15><STEAM_1:0:1146319723><CT>" with "m4a1" (damage "128") (damage_armor "0") (health "94") (armor "345")
L 01/16/2021 - 13:48:46: "MUR4IK<5><STEAM_1:0:1436037888><TERRORIST>" attacked "Player | rp16.ru<15><STEAM_1:0:1146319723><CT>" with "m4a1" (damage "128") (damage_armor "0") (health "-34") (armor "345")
L 01/16/2021 - 13:48:46: "MUR4IK<5><STEAM_1:0:1436037888><TERRORIST>" killed "Player | rp16.ru<15><STEAM_1:0:1146319723><CT>" with "m4a1"
L 01/16/2021 - 13:48:46: Team "TERRORIST" triggered "Terrorists_Win" (CT "0") (T "3")
L 01/16/2021 - 13:48:46: World triggered "Round_End"
L 01/16/2021 - 13:48:51: World triggered "Round_Start"
L 01/16/2021 - 13:48:52: "Player | rp16.ru<15><STEAM_1:0:1146319723><CT>" changed name to "(1)Player | rp16.ru"
L 01/16/2021 - 13:49:05: "Player | rp16.ru<15><STEAM_1:0:1146319723><CT>" changed name to "(1)Player | rp16.ru"
SZ_GetSpace: overflow on Player | rp16.ru
WARNING: datagram overflowed for Player | rp16.ru
L 01/16/2021 - 13:49:38: "Player | rp16.ru<15><STEAM_1:0:1146319723><CT>" attacked "69mara1k<2><STEAM_1:0:517339566><TERRORIST>" with "m4a1" (damage "128") (damage_armor "0") (health "22") (armor "150")
L 01/16/2021 - 13:49:38: "Player | rp16.ru<15><STEAM_1:0:1146319723><CT>" attacked "per4ik<9><STEAM_1:0:1383066604><TERRORIST>" with "m4a1" (damage "16") (damage_armor "0") (health "83") (armor "0")
L 01/16/2021 - 13:49:39: "69mara1k<2><STEAM_1:0:517339566><TERRORIST>" attacked "Player | rp16.ru<15><STEAM_1:0:1146319723><CT>" with "knife" (damage "60") (damage_armor "0") (health "440") (armor "350")
L 01/16/2021 - 13:49:41: "69mara1k<2><STEAM_1:0:517339566><TERRORIST>" attacked "Player | rp16.ru<15><STEAM_1:0:1146319723><CT>" with "knife" (damage "55") (damage_armor "4") (health "384") (armor "345")
L 01/16/2021 - 13:49:42: "69mara1k<2><STEAM_1:0:517339566><TERRORIST>" attacked "Player | rp16.ru<15><STEAM_1:0:1146319723><CT>" with "knife" (damage "260") (damage_armor "0") (health "125") (armor "345")
L 01/16/2021 - 13:49:43: "MUR4IK<5><STEAM_1:0:1436037888><TERRORIST>" attacked "Player | rp16.ru<15><STEAM_1:0:1146319723><CT>" with "knife" (damage "260") (damage_armor "0") (health "-135") (armor "345")
L 01/16/2021 - 13:49:43: "MUR4IK<5><STEAM_1:0:1436037888><TERRORIST>" killed "Player | rp16.ru<15><STEAM_1:0:1146319723><CT>" with "knife"
L 01/16/2021 - 13:49:43: Team "TERRORIST" triggered "Terrorists_Win" (CT "0") (T "4")
L 01/16/2021 - 13:49:43: World triggered "Round_End"
L 01/16/2021 - 13:49:48: World triggered "Round_Start"
L 01/16/2021 - 13:49:49: "Player | rp16.ru<15><STEAM_1:0:1146319723><CT>" changed name to "(1)Player | rp16.ru"
L 01/16/2021 - 13:50:03: "Player | rp16.ru<15><STEAM_1:0:1146319723><CT>" changed name to "(1)Player | rp16.ru"
L 01/16/2021 - 13:50:59: "MUR4IK<5><STEAM_1:0:1436037888><TERRORIST>" triggered "weaponstats" (weapon "m4a1") (shots "6") (hits "5") (kills "1") (headshots "1") (tks "0") (damage "534") (deaths "0")
L 01/16/2021 - 13:50:59: "MUR4IK<5><STEAM_1:0:1436037888><TERRORIST>" triggered "weaponstats2" (weapon "m4a1") (head "5") (chest "0") (stomach "0") (leftarm "0") (rightarm "0") (leftleg "0") (rightleg "0")
L 01/16/2021 - 13:50:59: "MUR4IK<5><STEAM_1:0:1436037888><TERRORIST>" triggered "weaponstats" (weapon "ak47") (shots "2") (hits "0") (kills "0") (headshots "0") (tks "0") (damage "0") (deaths "0")
L 01/16/2021 - 13:50:59: "MUR4IK<5><STEAM_1:0:1436037888><TERRORIST>" triggered "weaponstats2" (weapon "ak47") (head "0") (chest "0") (stomach "0") (leftarm "0") (rightarm "0") (leftleg "0") (rightleg "0")
L 01/16/2021 - 13:50:59: "MUR4IK<5><STEAM_1:0:1436037888><TERRORIST>" triggered "weaponstats" (weapon "knife") (shots "69") (hits "1") (kills "1") (headshots "1") (tks "0") (damage "260") (deaths "0")
L 01/16/2021 - 13:50:59: "MUR4IK<5><STEAM_1:0:1436037888><TERRORIST>" triggered "weaponstats2" (weapon "knife") (head "1") (chest "0") (stomach "0") (leftarm "0") (rightarm "0") (leftleg "0") (rightleg "0")
L 01/16/2021 - 13:50:59: "MUR4IK<5><STEAM_1:0:1436037888><TERRORIST>" triggered "time" (time "9:36")
L 01/16/2021 - 13:50:59: "MUR4IK<5><STEAM_1:0:1436037888><TERRORIST>" triggered "latency" (ping "49")
L 01/16/2021 - 13:50:59: "MUR4IK<5><STEAM_1:0:1436037888><TERRORIST>" disconnected
L 01/16/2021 - 13:51:35: "69mara1k<2><STEAM_1:0:517339566><TERRORIST>" attacked "nikto<17><STEAM_1:0:1923290925><TERRORIST>" with "snow" (damage "0") (damage_armor "0") (health "149") (armor "150")
L 01/16/2021 - 13:51:36: "69mara1k<2><STEAM_1:0:517339566><TERRORIST>" attacked "nikto<17><STEAM_1:0:1923290925><TERRORIST>" with "snow" (damage "0") (damage_armor "0") (health "149") (armor "150")
L 01/16/2021 - 13:51:37: "69mara1k<2><STEAM_1:0:517339566><TERRORIST>" attacked "nikto<17><STEAM_1:0:1923290925><TERRORIST>" with "snow" (damage "0") (damage_armor "0") (health "149") (armor "150")
L 01/16/2021 - 13:51:45: "per4ik<9><STEAM_1:0:1383066604><TERRORIST>" attacked "Player | rp16.ru<19><STEAM_1:0:73470706><TERRORIST>" with "snow" (damage "2") (damage_armor "0") (health "97") (armor "0")
L 01/16/2021 - 13:51:49: "69mara1k<2><STEAM_1:0:517339566><TERRORIST>" attacked "nikto<17><STEAM_1:0:1923290925><TERRORIST>" with "snow" (damage "2") (damage_armor "0") (health "147") (armor "150")
L 01/16/2021 - 13:51:50: "69mara1k<2><STEAM_1:0:517339566><TERRORIST>" attacked "nikto<17><STEAM_1:0:1923290925><TERRORIST>" with "snow" (damage "2") (damage_armor "0") (health "145") (armor "150")
L 01/16/2021 - 13:51:50: "Player | rp16.ru<15><STEAM_1:0:1146319723><CT>" attacked "MiSteR_WeV_PoVaR_<7><STEAM_1:0:1812503923><TERRORIST>" with "m4a1" (damage "14") (damage_armor "0") (health "86") (armor "0")
L 01/16/2021 - 13:51:52: "Player | rp16.ru<15><STEAM_1:0:1146319723><CT>" attacked "MiSteR_WeV_PoVaR_<7><STEAM_1:0:1812503923><TERRORIST>" with "m4a1" (damage "14") (damage_armor "0") (health "72") (armor "0")
L 01/16/2021 - 13:51:52: "Player | rp16.ru<15><STEAM_1:0:1146319723><CT>" attacked "MiSteR_WeV_PoVaR_<7><STEAM_1:0:1812503923><TERRORIST>" with "m4a1" (damage "14") (damage_armor "0") (health "58") (armor "0")
L 01/16/2021 - 13:51:53: "Player | rp16.ru<15><STEAM_1:0:1146319723><CT>" attacked "MiSteR_WeV_PoVaR_<7><STEAM_1:0:1812503923><TERRORIST>" with "m4a1" (damage "17") (damage_armor "0") (health "40") (armor "0")
L 01/16/2021 - 13:51:53: "Player | rp16.ru<15><STEAM_1:0:1146319723><CT>" attacked "MiSteR_WeV_PoVaR_<7><STEAM_1:0:1812503923><TERRORIST>" with "m4a1" (damage "14") (damage_armor "0") (health "27") (armor "0")
L 01/16/2021 - 13:51:55: "69mara1k<2><STEAM_1:0:517339566><TERRORIST>" attacked "per4ik<9><STEAM_1:0:1383066604><TERRORIST>" with "snow" (damage "2") (damage_armor "0") (health "97") (armor "0")
L 01/16/2021 - 13:51:56: "Player | rp16.ru<15><STEAM_1:0:1146319723><CT>" attacked "MiSteR_WeV_PoVaR_<7><STEAM_1:0:1812503923><TERRORIST>" with "m4a1" (damage "15") (damage_armor "0") (health "12") (armor "0")
L 01/16/2021 - 13:51:56: "Player | rp16.ru<15><STEAM_1:0:1146319723><CT>" attacked "MiSteR_WeV_PoVaR_<7><STEAM_1:0:1812503923><TERRORIST>" with "m4a1" (damage "15") (damage_armor "0") (health "-3") (armor "0")
L 01/16/2021 - 13:51:56: "Player | rp16.ru<15><STEAM_1:0:1146319723><CT>" killed "MiSteR_WeV_PoVaR_<7><STEAM_1:0:1812503923><TERRORIST>" with "m4a1"
L 01/16/2021 - 13:51:56: "per4ik<9><STEAM_1:0:1383066604><TERRORIST>" attacked "Player | rp16.ru<19><STEAM_1:0:73470706><TERRORIST>" with "snow" (damage "3") (damage_armor "0") (health "94") (armor "0")
L 01/16/2021 - 13:51:58: "69mara1k<2><STEAM_1:0:517339566><TERRORIST>" attacked "per4ik<9><STEAM_1:0:1383066604><TERRORIST>" with "snow" (damage "3") (damage_armor "0") (health "95") (armor "0")
L 01/16/2021 - 13:51:58: "per4ik<9><STEAM_1:0:1383066604><TERRORIST>" attacked "Player | rp16.ru<19><STEAM_1:0:73470706><TERRORIST>" with "snow" (damage "3") (damage_armor "0") (health "91") (armor "0")
L 01/16/2021 - 13:52:00: "per4ik<9><STEAM_1:0:1383066604><TERRORIST>" attacked "Player | rp16.ru<19><STEAM_1:0:73470706><TERRORIST>" with "snow" (damage "2") (damage_armor "0") (health "89") (armor "0")
L 01/16/2021 - 13:52:00: "69mara1k<2><STEAM_1:0:517339566><TERRORIST>" attacked "per4ik<9><STEAM_1:0:1383066604><TERRORIST>" with "snow" (damage "3") (damage_armor "0") (health "91") (armor "0")
L 01/16/2021 - 13:52:03: "per4ik<9><STEAM_1:0:1383066604><TERRORIST>" attacked "Player | rp16.ru<19><STEAM_1:0:73470706><TERRORIST>" with "snow" (damage "3") (damage_armor "0") (health "86") (armor "0")
L 01/16/2021 - 13:52:05: "per4ik<9><STEAM_1:0:1383066604><TERRORIST>" attacked "Player | rp16.ru<19><STEAM_1:0:73470706><TERRORIST>" with "snow" (damage "2") (damage_armor "0") (health "84") (armor "0")
L 01/16/2021 - 13:52:05: "69mara1k<2><STEAM_1:0:517339566><TERRORIST>" attacked "per4ik<9><STEAM_1:0:1383066604><TERRORIST>" with "snow" (damage "2") (damage_armor "0") (health "89") (armor "0")
L 01/16/2021 - 13:52:07: "69mara1k<2><STEAM_1:0:517339566><TERRORIST>" attacked "per4ik<9><STEAM_1:0:1383066604><TERRORIST>" with "snow" (damage "2") (damage_armor "0") (health "87") (armor "0")
L 01/16/2021 - 13:52:07: "per4ik<9><STEAM_1:0:1383066604><TERRORIST>" attacked "Player | rp16.ru<19><STEAM_1:0:73470706><TERRORIST>" with "snow" (damage "3") (damage_armor "0") (health "81") (armor "0")
L 01/16/2021 - 13:52:08: "69mara1k<2><STEAM_1:0:517339566><TERRORIST>" attacked "per4ik<9><STEAM_1:0:1383066604><TERRORIST>" with "snow" (damage "2") (damage_armor "0") (health "85") (armor "0")
L 01/16/2021 - 13:52:09: "69mara1k<2><STEAM_1:0:517339566><TERRORIST>" attacked "per4ik<9><STEAM_1:0:1383066604><TERRORIST>" with "snow" (damage "3") (damage_armor "0") (health "83") (armor "0")
L 01/16/2021 - 13:52:13: "69mara1k<2><STEAM_1:0:517339566><TERRORIST>" attacked "Player | rp16.ru<19><STEAM_1:0:73470706><TERRORIST>" with "snow" (damage "2") (damage_armor "0") (health "79") (armor "0")
L 01/16/2021 - 13:52:14: "nikto<17><STEAM_1:0:1923290925><TERRORIST>" attacked "Player | rp16.ru<15><STEAM_1:0:1146319723><CT>" with "snow" (damage "11") (damage_armor "0") (health "489") (armor "350")
L 01/16/2021 - 13:52:15: "69mara1k<2><STEAM_1:0:517339566><TERRORIST>" attacked "Player | rp16.ru<19><STEAM_1:0:73470706><TERRORIST>" with "snow" (damage "2") (damage_armor "0") (health "78") (armor "0")
L 01/16/2021 - 13:52:17: "Player | rp16.ru<15><STEAM_1:0:1146319723><CT>" attacked "69mara1k<2><STEAM_1:0:517339566><TERRORIST>" with "m4a1" (damage "31") (damage_armor "0") (health "119") (armor "150")
L 01/16/2021 - 13:52:17: "Player | rp16.ru<15><STEAM_1:0:1146319723><CT>" attacked "69mara1k<2><STEAM_1:0:517339566><TERRORIST>" with "m4a1" (damage "31") (damage_armor "0") (health "88") (armor "150")
L 01/16/2021 - 13:52:17: "Player | rp16.ru<15><STEAM_1:0:1146319723><CT>" attacked "nikto<17><STEAM_1:0:1923290925><TERRORIST>" with "m4a1" (damage "31") (damage_armor "0") (health "115") (armor "150")
L 01/16/2021 - 13:52:18: "69mara1k<2><STEAM_1:0:517339566><TERRORIST>" attacked "Player | rp16.ru<19><STEAM_1:0:73470706><TERRORIST>" with "snow" (damage "2") (damage_armor "0") (health "75") (armor "0")
L 01/16/2021 - 13:52:23: "69mara1k<2><STEAM_1:0:517339566><TERRORIST>" attacked "Player | rp16.ru<19><STEAM_1:0:73470706><TERRORIST>" with "snow" (damage "2") (damage_armor "0") (health "73") (armor "0")
L 01/16/2021 - 13:52:27: "Player | rp16.ru<15><STEAM_1:0:1146319723><CT>" attacked "nikto<17><STEAM_1:0:1923290925><TERRORIST>" with "m4a1" (damage "128") (damage_armor "0") (health "-13") (armor "150")
L 01/16/2021 - 13:52:27: "Player | rp16.ru<15><STEAM_1:0:1146319723><CT>" killed "nikto<17><STEAM_1:0:1923290925><TERRORIST>" with "m4a1"
L 01/16/2021 - 13:52:36: "Player | rp16.ru<15><STEAM_1:0:1146319723><CT>" attacked "Player | rp16.ru<19><STEAM_1:0:73470706><TERRORIST>" with "m4a1" (damage "24") (damage_armor "0") (health "126") (armor "150")
L 01/16/2021 - 13:52:36: "Player | rp16.ru<15><STEAM_1:0:1146319723><CT>" attacked "Player | rp16.ru<19><STEAM_1:0:73470706><TERRORIST>" with "m4a1" (damage "32") (damage_armor "0") (health "94") (armor "150")
L 01/16/2021 - 13:52:37: "Player | rp16.ru<15><STEAM_1:0:1146319723><CT>" attacked "Player | rp16.ru<19><STEAM_1:0:73470706><TERRORIST>" with "m4a1" (damage "32") (damage_armor "0") (health "62") (armor "150")
L 01/16/2021 - 13:52:37: "Player | rp16.ru<15><STEAM_1:0:1146319723><CT>" attacked "Player | rp16.ru<19><STEAM_1:0:73470706><TERRORIST>" with "m4a1" (damage "32") (damage_armor "0") (health "30") (armor "150")
L 01/16/2021 - 13:53:32: "69mara1k<2><STEAM_1:0:517339566><TERRORIST>" attacked "Player | rp16.ru<15><STEAM_1:0:1146319723><CT>" with "snow" (damage "12") (damage_armor "0") (health "477") (armor "350")
L 01/16/2021 - 13:53:44: "Player | rp16.ru<15><STEAM_1:0:1146319723><CT>" attacked "Player | rp16.ru<19><STEAM_1:0:73470706><TERRORIST>" with "m4a1" (damage "32") (damage_armor "0") (health "-2") (armor "150")
L 01/16/2021 - 13:53:44: "Player | rp16.ru<15><STEAM_1:0:1146319723><CT>" killed "Player | rp16.ru<19><STEAM_1:0:73470706><TERRORIST>" with "m4a1"
L 01/16/2021 - 13:53:49: "Player | rp16.ru<15><STEAM_1:0:1146319723><CT>" attacked "69mara1k<2><STEAM_1:0:517339566><TERRORIST>" with "m4a1" (damage "128") (damage_armor "0") (health "-40") (armor "150")
L 01/16/2021 - 13:53:49: "Player | rp16.ru<15><STEAM_1:0:1146319723><CT>" killed "69mara1k<2><STEAM_1:0:517339566><TERRORIST>" with "m4a1"
L 01/16/2021 - 13:53:53: "69mara1k<2><STEAM_1:0:517339566><TERRORIST>" joined team "CT"
L 01/16/2021 - 13:53:58: "per4ik<9><STEAM_1:0:1383066604><TERRORIST>" attacked "Player | rp16.ru<15><STEAM_1:0:1146319723><CT>" with "ak47" (damage "140") (damage_armor "0") (health "337") (armor "350")
L 01/16/2021 - 13:53:59: "per4ik<9><STEAM_1:0:1383066604><TERRORIST>" attacked "Player | rp16.ru<15><STEAM_1:0:1146319723><CT>" with "ak47" (damage "140") (damage_armor "0") (health "197") (armor "350")
L 01/16/2021 - 13:54:00: "per4ik<9><STEAM_1:0:1383066604><TERRORIST>" attacked "Player | rp16.ru<15><STEAM_1:0:1146319723><CT>" with "ak47" (damage "140") (damage_armor "0") (health "57") (armor "350")
L 01/16/2021 - 13:54:01: "per4ik<9><STEAM_1:0:1383066604><TERRORIST>" attacked "Player | rp16.ru<15><STEAM_1:0:1146319723><CT>" with "ak47" (damage "33") (damage_armor "4") (health "23") (armor "345")
L 01/16/2021 - 13:54:02: "per4ik<9><STEAM_1:0:1383066604><TERRORIST>" attacked "Player | rp16.ru<15><STEAM_1:0:1146319723><CT>" with "ak47" (damage "33") (damage_armor "4") (health "-9") (armor "340")
L 01/16/2021 - 13:54:02: "per4ik<9><STEAM_1:0:1383066604><TERRORIST>" killed "Player | rp16.ru<15><STEAM_1:0:1146319723><CT>" with "ak47"
L 01/16/2021 - 13:54:02: Team "TERRORIST" triggered "Terrorists_Win" (CT "0") (T "5")
L 01/16/2021 - 13:54:02: World triggered "Round_End"
L 01/16/2021 - 13:54:07: World triggered "Round_Start"
L 01/16/2021 - 13:54:07: "Player | rp16.ru<15><STEAM_1:0:1146319723><CT>" changed name to "(1)Player | rp16.ru"
L 01/16/2021 - 13:54:31: "per4ik<9><STEAM_1:0:1383066604><TERRORIST>" committed suicide with "worldspawn" (world)
L 01/16/2021 - 13:54:40: "Player | rp16.ru<19><STEAM_1:0:73470706><TERRORIST>" attacked "Player | rp16.ru<15><STEAM_1:0:1146319723><CT>" with "n4d_bazooka" (damage "24") (damage_armor "0") (health "-2") (armor "0")
L 01/16/2021 - 13:54:40: "Player | rp16.ru<19><STEAM_1:0:73470706><TERRORIST>" killed "Player | rp16.ru<15><STEAM_1:0:1146319723><CT>" with "n4d_bazooka"
L 01/16/2021 - 13:54:46: "69mara1k<2><STEAM_1:0:517339566><CT>" attacked "MiSteR_WeV_PoVaR_<7><STEAM_1:0:1812503923><TERRORIST>" with "knife" (damage "65") (damage_armor "0") (health "-43") (armor "0")
L 01/16/2021 - 13:54:46: "69mara1k<2><STEAM_1:0:517339566><CT>" killed "MiSteR_WeV_PoVaR_<7><STEAM_1:0:1812503923><TERRORIST>" with "knife"
L 01/16/2021 - 13:54:54: "69mara1k<2><STEAM_1:0:517339566><CT>" committed suicide with "worldspawn" (world)
L 01/16/2021 - 13:54:54: Team "TERRORIST" triggered "Terrorists_Win" (CT "0") (T "6")
L 01/16/2021 - 13:54:54: World triggered "Round_End"
L 01/16/2021 - 13:55:00: World triggered "Round_Start"
L 01/16/2021 - 13:55:27: "barsik.<20><STEAM_1:0:268584974><>" connected, address "188.130.163.218:27005"
188.130.163.218:27005:reconnect
L 01/16/2021 - 13:55:29: "barsik.<21><STEAM_1:0:268584974><>" connected, address "188.130.163.218:27005"
L 01/16/2021 - 13:55:36: Admin barsik. connected, ip: 188.130.163.218, Steam_ID: STEAM_1:0:268584974
L 01/16/2021 - 13:55:36: "barsik.<21><STEAM_1:0:268584974><>" entered the game
L 01/16/2021 - 13:55:40: "barsik.<21><STEAM_1:0:268584974><>" joined team "TERRORIST"
L 01/16/2021 - 13:55:48: "69mara1k<2><STEAM_1:0:517339566><CT>" attacked "nikto<17><STEAM_1:0:1923290925><TERRORIST>" with "ak47" (damage "43") (damage_armor "0") (health "56") (armor "100")
L 01/16/2021 - 13:55:48: "69mara1k<2><STEAM_1:0:517339566><CT>" attacked "nikto<17><STEAM_1:0:1923290925><TERRORIST>" with "ak47" (damage "43") (damage_armor "0") (health "13") (armor "100")
L 01/16/2021 - 13:55:48: "69mara1k<2><STEAM_1:0:517339566><CT>" attacked "nikto<17><STEAM_1:0:1923290925><TERRORIST>" with "ak47" (damage "43") (damage_armor "0") (health "-29") (armor "100")
L 01/16/2021 - 13:55:48: "69mara1k<2><STEAM_1:0:517339566><CT>" killed "nikto<17><STEAM_1:0:1923290925><TERRORIST>" with "ak47"
L 01/16/2021 - 13:55:54: "per4ik<9><STEAM_1:0:1383066604><TERRORIST>" attacked "69mara1k<2><STEAM_1:0:517339566><CT>" with "ak47" (damage "13") (damage_armor "0") (health "487") (armor "255")
L 01/16/2021 - 13:55:54: "per4ik<9><STEAM_1:0:1383066604><TERRORIST>" attacked "69mara1k<2><STEAM_1:0:517339566><CT>" with "ak47" (damage "35") (damage_armor "0") (health "452") (armor "255")
L 01/16/2021 - 13:55:55: "per4ik<9><STEAM_1:0:1383066604><TERRORIST>" attacked "69mara1k<2><STEAM_1:0:517339566><CT>" with "ak47" (damage "35") (damage_armor "0") (health "417") (armor "255")
L 01/16/2021 - 13:55:55: "69mara1k<2><STEAM_1:0:517339566><CT>" attacked "per4ik<9><STEAM_1:0:1383066604><TERRORIST>" with "ak47" (damage "26") (damage_armor "0") (health "73") (armor "100")
L 01/16/2021 - 13:55:55: "per4ik<9><STEAM_1:0:1383066604><TERRORIST>" attacked "69mara1k<2><STEAM_1:0:517339566><CT>" with "ak47" (damage "140") (damage_armor "0") (health "277") (armor "255")
L 01/16/2021 - 13:55:55: "per4ik<9><STEAM_1:0:1383066604><TERRORIST>" attacked "69mara1k<2><STEAM_1:0:517339566><CT>" with "ak47" (damage "140") (damage_armor "0") (health "137") (armor "255")
L 01/16/2021 - 13:55:55: "69mara1k<2><STEAM_1:0:517339566><CT>" attacked "per4ik<9><STEAM_1:0:1383066604><TERRORIST>" with "ak47" (damage "140") (damage_armor "0") (health "-66") (armor "100")
L 01/16/2021 - 13:55:55: "69mara1k<2><STEAM_1:0:517339566><CT>" killed "per4ik<9><STEAM_1:0:1383066604><TERRORIST>" with "ak47"
L 01/16/2021 - 13:55:58: "69mara1k<2><STEAM_1:0:517339566><CT>" attacked "MiSteR_WeV_PoVaR_<7><STEAM_1:0:1812503923><TERRORIST>" with "ak47" (damage "140") (damage_armor "0") (health "-40") (armor "100")
L 01/16/2021 - 13:55:58: "69mara1k<2><STEAM_1:0:517339566><CT>" killed "MiSteR_WeV_PoVaR_<7><STEAM_1:0:1812503923><TERRORIST>" with "ak47"
L 01/16/2021 - 13:56:08: "Player | rp16.ru<19><STEAM_1:0:73470706><TERRORIST>" attacked "Player | rp16.ru<15><STEAM_1:0:1146319723><CT>" with "ak47" (damage "35") (damage_armor "0") (health "465") (armor "255")
L 01/16/2021 - 13:56:08: "Player | rp16.ru<15><STEAM_1:0:1146319723><CT>" attacked "Player | rp16.ru<19><STEAM_1:0:73470706><TERRORIST>" with "ak47" (damage "35") (damage_armor "0") (health "65") (armor "100")
L 01/16/2021 - 13:56:08: "Player | rp16.ru<19><STEAM_1:0:73470706><TERRORIST>" attacked "Player | rp16.ru<15><STEAM_1:0:1146319723><CT>" with "ak47" (damage "140") (damage_armor "0") (health "325") (armor "255")
L 01/16/2021 - 13:56:08: "Player | rp16.ru<19><STEAM_1:0:73470706><TERRORIST>" attacked "Player | rp16.ru<15><STEAM_1:0:1146319723><CT>" with "ak47" (damage "140") (damage_armor "0") (health "185") (armor "255")
L 01/16/2021 - 13:56:08: "Player | rp16.ru<19><STEAM_1:0:73470706><TERRORIST>" attacked "Player | rp16.ru<15><STEAM_1:0:1146319723><CT>" with "ak47" (damage "140") (damage_armor "0") (health "45") (armor "255")
L 01/16/2021 - 13:56:09: "Player | rp16.ru<15><STEAM_1:0:1146319723><CT>" attacked "Player | rp16.ru<19><STEAM_1:0:73470706><TERRORIST>" with "ak47" (damage "35") (damage_armor "0") (health "30") (armor "100")
L 01/16/2021 - 13:56:09: "Player | rp16.ru<15><STEAM_1:0:1146319723><CT>" attacked "Player | rp16.ru<19><STEAM_1:0:73470706><TERRORIST>" with "ak47" (damage "35") (damage_armor "0") (health "-5") (armor "100")
L 01/16/2021 - 13:56:09: "Player | rp16.ru<15><STEAM_1:0:1146319723><CT>" killed "Player | rp16.ru<19><STEAM_1:0:73470706><TERRORIST>" with "ak47"
L 01/16/2021 - 13:56:09: Team "CT" triggered "CTs_Win" (CT "1") (T "6")
L 01/16/2021 - 13:56:09: World triggered "Round_End"
L 01/16/2021 - 13:56:09: Server cvar "mp_flashlight" = "0"
L 01/16/2021 - 13:56:14: World triggered "Round_Start"
L 01/16/2021 - 13:56:47: "69mara1k<2><STEAM_1:0:517339566><CT>" attacked "barsik.<21><STEAM_1:0:268584974><TERRORIST>" with "m4a1" (damage "31") (damage_armor "0") (health "119") (armor "150")
L 01/16/2021 - 13:56:47: "69mara1k<2><STEAM_1:0:517339566><CT>" attacked "barsik.<21><STEAM_1:0:268584974><TERRORIST>" with "m4a1" (damage "31") (damage_armor "0") (health "88") (armor "150")
L 01/16/2021 - 13:56:47: "69mara1k<2><STEAM_1:0:517339566><CT>" attacked "barsik.<21><STEAM_1:0:268584974><TERRORIST>" with "m4a1" (damage "31") (damage_armor "0") (health "57") (armor "150")
L 01/16/2021 - 13:56:47: "69mara1k<2><STEAM_1:0:517339566><CT>" attacked "barsik.<21><STEAM_1:0:268584974><TERRORIST>" with "m4a1" (damage "31") (damage_armor "0") (health "26") (armor "150")
L 01/16/2021 - 13:57:36: "IceFox<22><STEAM_1:0:661788320><>" connected, address "81.27.254.22:27005"
81.27.254.22:27005:reconnect
L 01/16/2021 - 13:57:38: "IceFox<23><STEAM_1:0:661788320><>" connected, address "81.27.254.22:27005"
L 01/16/2021 - 13:57:45: Admin IceFox connected, ip: 81.27.254.22, Steam_ID: STEAM_1:0:661788320
L 01/16/2021 - 13:57:45: "IceFox<23><STEAM_1:0:661788320><>" entered the game
L 01/16/2021 - 13:57:50: "IceFox<23><STEAM_1:0:661788320><>" joined team "TERRORIST"
L 01/16/2021 - 13:57:58: "barsik.<21><STEAM_1:0:268584974><TERRORIST>" attacked "Player | rp16.ru<15><STEAM_1:0:1146319723><CT>" with "knife" (damage "60") (damage_armor "0") (health "90") (armor "100")
L 01/16/2021 - 13:58:01: "per4ik<9><STEAM_1:0:1383066604><TERRORIST>" attacked "Player | rp16.ru<15><STEAM_1:0:1146319723><CT>" with "knife" (damage "260") (damage_armor "0") (health "-170") (armor "100")
L 01/16/2021 - 13:58:01: "per4ik<9><STEAM_1:0:1383066604><TERRORIST>" killed "Player | rp16.ru<15><STEAM_1:0:1146319723><CT>" with "knife"
L 01/16/2021 - 13:58:02: "69mara1k<2><STEAM_1:0:517339566><CT>" attacked "per4ik<9><STEAM_1:0:1383066604><TERRORIST>" with "m4a1" (damage "31") (damage_armor "0") (health "69") (armor "0")
L 01/16/2021 - 13:58:02: "69mara1k<2><STEAM_1:0:517339566><CT>" attacked "per4ik<9><STEAM_1:0:1383066604><TERRORIST>" with "m4a1" (damage "31") (damage_armor "0") (health "38") (armor "0")
L 01/16/2021 - 13:58:02: "69mara1k<2><STEAM_1:0:517339566><CT>" attacked "per4ik<9><STEAM_1:0:1383066604><TERRORIST>" with "m4a1" (damage "38") (damage_armor "0") (health "0") (armor "0")
L 01/16/2021 - 13:58:02: "69mara1k<2><STEAM_1:0:517339566><CT>" killed "per4ik<9><STEAM_1:0:1383066604><TERRORIST>" with "m4a1"
L 01/16/2021 - 13:58:53: "barsik.<21><STEAM_1:0:268584974><TERRORIST>" committed suicide with "worldspawn" (world)
L 01/16/2021 - 13:59:18: "BUL_bul<24><STEAM_1:0:1431079953><>" connected, address "31.40.96.53:27005"
31.40.96.53:27005:reconnect
L 01/16/2021 - 13:59:21: "BUL_bul<25><STEAM_1:0:1431079953><>" connected, address "31.40.96.53:27005"
L 01/16/2021 - 13:59:30: Admin BUL_bul connected, ip: 31.40.96.53, Steam_ID: STEAM_1:0:1431079953
L 01/16/2021 - 13:59:30: "BUL_bul<25><STEAM_1:0:1431079953><>" entered the game
L 01/16/2021 - 13:59:43: "BUL_bul<25><STEAM_1:0:1431079953><>" joined team "TERRORIST"
L 01/16/2021 - 13:59:50: "69mara1k<2><STEAM_1:0:517339566><CT>" attacked "MiSteR_WeV_PoVaR_<7><STEAM_1:0:1812503923><TERRORIST>" with "ak47" (damage "16") (damage_armor "0") (health "84") (armor "0")
L 01/16/2021 - 13:59:51: "69mara1k<2><STEAM_1:0:517339566><CT>" attacked "MiSteR_WeV_PoVaR_<7><STEAM_1:0:1812503923><TERRORIST>" with "ak47" (damage "16") (damage_armor "0") (health "68") (armor "0")
L 01/16/2021 - 13:59:52: "69mara1k<2><STEAM_1:0:517339566><CT>" attacked "MiSteR_WeV_PoVaR_<7><STEAM_1:0:1812503923><TERRORIST>" with "ak47" (damage "16") (damage_armor "0") (health "52") (armor "0")
L 01/16/2021 - 13:59:52: "Player | rp16.ru<15><STEAM_1:0:1146319723><CT>" attacked "MiSteR_WeV_PoVaR_<7><STEAM_1:0:1812503923><TERRORIST>" with "m4a1" (damage "14") (damage_armor "0") (health "38") (armor "0")
L 01/16/2021 - 13:59:52: "Player | rp16.ru<15><STEAM_1:0:1146319723><CT>" attacked "MiSteR_WeV_PoVaR_<7><STEAM_1:0:1812503923><TERRORIST>" with "m4a1" (damage "14") (damage_armor "0") (health "24") (armor "0")
L 01/16/2021 - 13:59:53: "69mara1k<2><STEAM_1:0:517339566><CT>" attacked "MiSteR_WeV_PoVaR_<7><STEAM_1:0:1812503923><TERRORIST>" with "ak47" (damage "16") (damage_armor "0") (health "8") (armor "0")
L 01/16/2021 - 13:59:54: "69mara1k<2><STEAM_1:0:517339566><CT>" attacked "MiSteR_WeV_PoVaR_<7><STEAM_1:0:1812503923><TERRORIST>" with "ak47" (damage "16") (damage_armor "0") (health "-8") (armor "0")
L 01/16/2021 - 13:59:54: "69mara1k<2><STEAM_1:0:517339566><CT>" killed "MiSteR_WeV_PoVaR_<7><STEAM_1:0:1812503923><TERRORIST>" with "ak47"
L 01/16/2021 - 14:01:01: "BUL_bul<25><STEAM_1:0:1431079953><TERRORIST>" triggered "time" (time "1:30")
L 01/16/2021 - 14:01:01: "BUL_bul<25><STEAM_1:0:1431079953><TERRORIST>" triggered "latency" (ping "11")
L 01/16/2021 - 14:01:01: "BUL_bul<25><STEAM_1:0:1431079953><TERRORIST>" disconnected
L 01/16/2021 - 14:01:16: "69mara1k<2><STEAM_1:0:517339566><CT>" attacked "nikto<17><STEAM_1:0:1923290925><TERRORIST>" with "ak47" (damage "140") (damage_armor "0") (health "10") (armor "150")
L 01/16/2021 - 14:01:20: "69mara1k<2><STEAM_1:0:517339566><CT>" attacked "nikto<17><STEAM_1:0:1923290925><TERRORIST>" with "ak47" (damage "16") (damage_armor "0") (health "-6") (armor "150")
L 01/16/2021 - 14:01:20: "69mara1k<2><STEAM_1:0:517339566><CT>" killed "nikto<17><STEAM_1:0:1923290925><TERRORIST>" with "ak47"
L 01/16/2021 - 14:01:33: "Player | rp16.ru<19><STEAM_1:0:73470706><TERRORIST>" committed suicide with "world"
L 01/16/2021 - 14:01:33: Team "CT" triggered "CTs_Win" (CT "2") (T "6")
L 01/16/2021 - 14:01:33: World triggered "Round_End"
L 01/16/2021 - 14:01:38: World triggered "Round_Start"
L 01/16/2021 - 14:01:39: "Player | rp16.ru<19><STEAM_1:0:73470706><TERRORIST>" triggered "weaponstats" (weapon "ak47") (shots "9") (hits "4") (kills "0") (headshots "0") (tks "0") (damage "455") (deaths "1")
L 01/16/2021 - 14:01:39: "Player | rp16.ru<19><STEAM_1:0:73470706><TERRORIST>" triggered "weaponstats2" (weapon "ak47") (head "3") (chest "0") (stomach "0") (leftarm "1") (rightarm "0") (leftleg "0") (rightleg "0")
L 01/16/2021 - 14:01:39: "Player | rp16.ru<19><STEAM_1:0:73470706><TERRORIST>" triggered "weaponstats" (weapon "knife") (shots "11") (hits "0") (kills "0") (headshots "0") (tks "0") (damage "0") (deaths "0")
L 01/16/2021 - 14:01:39: "Player | rp16.ru<19><STEAM_1:0:73470706><TERRORIST>" triggered "weaponstats2" (weapon "knife") (head "0") (chest "0") (stomach "0") (leftarm "0") (rightarm "0") (leftleg "0") (rightleg "0")
L 01/16/2021 - 14:01:39: "Player | rp16.ru<19><STEAM_1:0:73470706><TERRORIST>" triggered "time" (time "14:55")
L 01/16/2021 - 14:01:39: "Player | rp16.ru<19><STEAM_1:0:73470706><TERRORIST>" triggered "latency" (ping "55")
L 01/16/2021 - 14:01:39: "Player | rp16.ru<19><STEAM_1:0:73470706><TERRORIST>" disconnected
L 01/16/2021 - 14:02:34: "Player | rp16.ru<15><STEAM_1:0:1146319723><CT>" attacked "nikto<17><STEAM_1:0:1923290925><TERRORIST>" with "m4a1" (damage "128") (damage_armor "0") (health "-28") (armor "0")
L 01/16/2021 - 14:02:34: "Player | rp16.ru<15><STEAM_1:0:1146319723><CT>" killed "nikto<17><STEAM_1:0:1923290925><TERRORIST>" with "m4a1"
L 01/16/2021 - 14:03:08: "Player | rp16.ru<15><STEAM_1:0:1146319723><CT>" attacked "MiSteR_WeV_PoVaR_<7><STEAM_1:0:1812503923><TERRORIST>" with "m4a1" (damage "32") (damage_armor "0") (health "68") (armor "0")
L 01/16/2021 - 14:03:08: "Player | rp16.ru<15><STEAM_1:0:1146319723><CT>" attacked "MiSteR_WeV_PoVaR_<7><STEAM_1:0:1812503923><TERRORIST>" with "m4a1" (damage "32") (damage_armor "0") (health "36") (armor "0")
L 01/16/2021 - 14:03:08: "Player | rp16.ru<15><STEAM_1:0:1146319723><CT>" attacked "MiSteR_WeV_PoVaR_<7><STEAM_1:0:1812503923><TERRORIST>" with "m4a1" (damage "32") (damage_armor "0") (health "4") (armor "0")
L 01/16/2021 - 14:03:09: "Player | rp16.ru<15><STEAM_1:0:1146319723><CT>" attacked "MiSteR_WeV_PoVaR_<7><STEAM_1:0:1812503923><TERRORIST>" with "m4a1" (damage "32") (damage_armor "0") (health "-28") (armor "0")
L 01/16/2021 - 14:03:09: "Player | rp16.ru<15><STEAM_1:0:1146319723><CT>" killed "MiSteR_WeV_PoVaR_<7><STEAM_1:0:1812503923><TERRORIST>" with "m4a1"
91.225.93.25:39932:reconnect
L 01/16/2021 - 14:03:12: "~ [CSB] ^ CTPAX ~<26><STEAM_1:0:73470706><>" connected, address "91.225.93.25:39932"
91.225.93.25:39932:reconnect
L 01/16/2021 - 14:03:20: "~ [CSB] ^ CTPAX ~<27><STEAM_1:0:73470706><>" connected, address "91.225.93.25:39932"
L 01/16/2021 - 14:03:33: Admin ~ [CSB] ^ CTPAX ~ connected, ip: 91.225.93.25, Steam_ID: STEAM_1:0:73470706
L 01/16/2021 - 14:03:33: "~ [CSB] ^ CTPAX ~<27><STEAM_1:0:73470706><>" entered the game
L 01/16/2021 - 14:03:55: "~ [CSB] ^ CTPAX ~<27><STEAM_1:0:73470706><>" joined team "TERRORIST"
L 01/16/2021 - 14:05:09: [REUNION]: 88.198.68.46 banned for 10 minutes for query flooding (PPS: 111)
L 01/16/2021 - 14:05:09: [REUNION]: 88.198.68.46 banned for 10 minutes for query flooding (PPS: 111)
L 01/16/2021 - 14:05:10: [REUNION]: 88.198.68.46 banned for 10 minutes for query flooding (PPS: 138)
L 01/16/2021 - 14:05:17: [REUNION]: 88.198.68.46 banned for 10 minutes for query flooding (PPS: 131)
L 01/16/2021 - 14:05:22: [REUNION]: 88.198.68.46 banned for 10 minutes for query flooding (PPS: 119)
L 01/16/2021 - 14:05:28: "Player | rp16.ru<15><STEAM_1:0:1146319723><CT>" attacked "barsik.<21><STEAM_1:0:268584974><TERRORIST>" with "m4a1" (damage "89") (damage_armor "19") (health "58") (armor "80")
L 01/16/2021 - 14:05:28: [REUNION]: 88.198.68.46 banned for 10 minutes for query flooding (PPS: 115)
L 01/16/2021 - 14:05:30: "Player | rp16.ru<15><STEAM_1:0:1146319723><CT>" attacked "barsik.<21><STEAM_1:0:268584974><TERRORIST>" with "m4a1" (damage "89") (damage_armor "18") (health "-30") (armor "61")
L 01/16/2021 - 14:05:30: "Player | rp16.ru<15><STEAM_1:0:1146319723><CT>" killed "barsik.<21><STEAM_1:0:268584974><TERRORIST>" with "m4a1"
L 01/16/2021 - 14:05:34: [REUNION]: 88.198.68.46 banned for 10 minutes for query flooding (PPS: 114)
L 01/16/2021 - 14:05:34: [REUNION]: 88.198.68.46 banned for 10 minutes for query flooding (PPS: 115)
L 01/16/2021 - 14:05:35: [REUNION]: 88.198.68.46 banned for 10 minutes for query flooding (PPS: 123)
L 01/16/2021 - 14:05:40: [REUNION]: 88.198.68.46 banned for 10 minutes for query flooding (PPS: 123)
L 01/16/2021 - 14:05:45: [REUNION]: 88.198.68.46 banned for 10 minutes for query flooding (PPS: 111)
L 01/16/2021 - 14:05:47: [REUNION]: 88.198.68.46 banned for 10 minutes for query flooding (PPS: 123)
L 01/16/2021 - 14:05:49: "Player | rp16.ru<15><STEAM_1:0:1146319723><CT>" attacked "MiSteR_WeV_PoVaR_<7><STEAM_1:0:1812503923><TERRORIST>" with "m4a1" (damage "14") (damage_armor "0") (health "86") (armor "0")
L 01/16/2021 - 14:05:49: "Player | rp16.ru<15><STEAM_1:0:1146319723><CT>" attacked "MiSteR_WeV_PoVaR_<7><STEAM_1:0:1812503923><TERRORIST>" with "m4a1" (damage "14") (damage_armor "0") (health "72") (armor "0")
L 01/16/2021 - 14:05:50: "Player | rp16.ru<15><STEAM_1:0:1146319723><CT>" attacked "MiSteR_WeV_PoVaR_<7><STEAM_1:0:1812503923><TERRORIST>" with "m4a1" (damage "14") (damage_armor "0") (health "58") (armor "0")
L 01/16/2021 - 14:05:50: [REUNION]: 88.198.68.46 banned for 10 minutes for query flooding (PPS: 119)
L 01/16/2021 - 14:05:51: "Player | rp16.ru<15><STEAM_1:0:1146319723><CT>" attacked "MiSteR_WeV_PoVaR_<7><STEAM_1:0:1812503923><TERRORIST>" with "m4a1" (damage "14") (damage_armor "0") (health "44") (armor "0")
L 01/16/2021 - 14:05:51: "Player | rp16.ru<15><STEAM_1:0:1146319723><CT>" attacked "MiSteR_WeV_PoVaR_<7><STEAM_1:0:1812503923><TERRORIST>" with "m4a1" (damage "14") (damage_armor "0") (health "30") (armor "0")
L 01/16/2021 - 14:05:52: "Player | rp16.ru<15><STEAM_1:0:1146319723><CT>" attacked "MiSteR_WeV_PoVaR_<7><STEAM_1:0:1812503923><TERRORIST>" with "m4a1" (damage "14") (damage_armor "0") (health "16") (armor "0")
L 01/16/2021 - 14:05:52: "Player | rp16.ru<15><STEAM_1:0:1146319723><CT>" attacked "MiSteR_WeV_PoVaR_<7><STEAM_1:0:1812503923><TERRORIST>" with "m4a1" (damage "14") (damage_armor "0") (health "2") (armor "0")
L 01/16/2021 - 14:05:53: [REUNION]: 88.198.68.46 banned for 10 minutes for query flooding (PPS: 111)
L 01/16/2021 - 14:05:53: [REUNION]: 88.198.68.46 banned for 10 minutes for query flooding (PPS: 127)
L 01/16/2021 - 14:05:57: [REUNION]: 88.198.68.46 banned for 10 minutes for query flooding (PPS: 115)
L 01/16/2021 - 14:05:58: [REUNION]: 88.198.68.46 banned for 10 minutes for query flooding (PPS: 135)
L 01/16/2021 - 14:05:58: [REUNION]: 88.198.68.46 banned for 10 minutes for query flooding (PPS: 115)
L 01/16/2021 - 14:06:00: [REUNION]: 88.198.68.46 banned for 10 minutes for query flooding (PPS: 136)
L 01/16/2021 - 14:06:01: [REUNION]: 88.198.68.46 banned for 10 minutes for query flooding (PPS: 130)
L 01/16/2021 - 14:06:01: [REUNION]: 88.198.68.46 banned for 10 minutes for query flooding (PPS: 111)
L 01/16/2021 - 14:06:03: [REUNION]: 88.198.68.46 banned for 10 minutes for query flooding (PPS: 138)
L 01/16/2021 - 14:06:03: [REUNION]: 88.198.68.46 banned for 10 minutes for query flooding (PPS: 130)
L 01/16/2021 - 14:06:04: [REUNION]: 88.198.68.46 banned for 10 minutes for query flooding (PPS: 111)
L 01/16/2021 - 14:06:06: [REUNION]: 88.198.68.46 banned for 10 minutes for query flooding (PPS: 111)
L 01/16/2021 - 14:06:15: [REUNION]: 88.198.68.46 banned for 10 minutes for query flooding (PPS: 115)
L 01/16/2021 - 14:06:15: [REUNION]: 88.198.68.46 banned for 10 minutes for query flooding (PPS: 139)
L 01/16/2021 - 14:06:26: [REUNION]: 88.198.68.46 banned for 10 minutes for query flooding (PPS: 111)
L 01/16/2021 - 14:06:26: [REUNION]: 88.198.68.46 banned for 10 minutes for query flooding (PPS: 131)
L 01/16/2021 - 14:06:32: [REUNION]: 88.198.68.46 banned for 10 minutes for query flooding (PPS: 111)
L 01/16/2021 - 14:06:59: [REUNION]: 88.198.68.46 banned for 10 minutes for query flooding (PPS: 139)
L 01/16/2021 - 14:06:59: [REUNION]: 88.198.68.46 banned for 10 minutes for query flooding (PPS: 131)
L 01/16/2021 - 14:07:00: [REUNION]: 88.198.68.46 banned for 10 minutes for query flooding (PPS: 123)
