Protocol version 48
Exe version 1.1.2.7/Stdio (cstrike)
Exe build: 16:23:03 Oct  6 2020 (2369)
Executing ReGameDLL Configuration File 
unknown command "mp_freeforall"
unknown command "mp_maxmoney"
unknown command "mp_round_infinite"
unknown command "mp_hegrenade_penetration"
unknown command "mp_nadedrops"
unknown command "mp_roundrespawn_time"
unknown command "mp_auto_reload_weapons"
unknown command "mp_refill_bpammo_weapons"
unknown command "bot_deathmatch"
unknown command "mp_auto_join_team"
Executing ReGameDLL Configuration File 
unknown command "mp_freeforall"
unknown command "mp_maxmoney"
unknown command "mp_round_infinite"
unknown command "mp_hegrenade_penetration"
unknown command "mp_nadedrops"
unknown command "mp_roundrespawn_time"
unknown command "mp_auto_reload_weapons"
unknown command "mp_refill_bpammo_weapons"
unknown command "bot_deathmatch"
unknown command "mp_auto_join_team"
Server IP address 195.88.208.116:27015
   
   Metamod-r version 1.3.0.128 Copyright (c) 2016-2018 ReHLDS Team (rebuild of original Metamod by Will Day and Jussi Kivilinna)
   Metamod-r comes with ABSOLUTELY NO WARRANTY; for details type `meta gpl'.
   This is free software, and you are welcome to redistribute it
   under certain conditions; type `meta gpl' for details.
   
Metamod-r v1.3.0.128, API (5:13)
Metamod-r build: 17:47:48 Aug 24 2018
Metamod-r from: https://github.com/theAsmodai/metamod-r/commit/0cf2f70

   AMX Mod X version 1.9.0.5271 Copyright (c) 2004-2015 AMX Mod X Development Team 
   AMX Mod X comes with ABSOLUTELY NO WARRANTY; for details type `amxx gpl'.
   This is free software and you are welcome to redistribute it under 
   certain conditions; type 'amxx gpl' for details.
  
[WHB] Version: 1.5.696 Linux (Usage SSE 4.1)
[WHB] Success: Build ReHLDS version defined Linux '2369'
[WHB] Success: Configuration executed.
ReGameDLL version: 5.11.0.420-dev+m
L 01/16/2021 - 15:23:02: -------- Mapchange to jail_float --------
L 01/16/2021 - 15:23:02: [GEOIP] Database info: GeoLite2 Country database 2.0
[ReAimDetector] Version: 0.2.2 Linux 'Counter-Strike 1.6'
[ReAimDetector] Success: Build ReHLDS version defined Linux '2369'.
Executing ReGameDLL Configuration File 
unknown command "bot_deathmatch"
Executing ReGameDLL Configuration File 
unknown command "bot_deathmatch"
unknown command "amx_default_access"
unknown command "amx_password_field"
unknown command "amx_mode"
unknown command "amx_show_activity"
unknown command "amx_imessage"
unknown command "amx_freq_imessage"
unknown command "amx_plmenu_bantimes"
unknown command "amx_tempban_maxtime"
unknown command "amx_plmenu_slapdmg"
unknown command "amx_flood_time"
unknown command "amx_reservation"
unknown command "amx_hideslots"
unknown command "amx_time_display"
unknown command "amx_time_voice"
unknown command "amx_vote_delay"
unknown command "amx_vote_time"
unknown command "amx_vote_answers"
unknown command "amx_votekick_ratio"
unknown command "amx_voteban_ratio"
unknown command "amx_votemap_ratio"
unknown command "amx_vote_ratio"
unknown command "amx_extendmap_max"
unknown command "amx_extendmap_step"
unknown command "amx_language_display_msg"
unknown command "amx_help_display_msg"
unknown command "amx_help_display_msg_time"
unknown command "amx_help_amount_per_page"
unknown command "amx_statsx_duration"
unknown command "amx_statsx_freeze"
unknown command "amx_restrmapsettings"
unknown command "fb_kick_delay"
unknown command "fb_server_name"
unknown command "fb_sql_table"
unknown command "fb_sql_log_table"
unknown command "fb_ip_ban_time"
unknown command "fb_showhud"
unknown command "fb_offline_time"
unknown command "fb_unban_self"
unknown command "fb_unban_all"
unknown command "fb_oldmap_players"
unknown command "fb_bantime_access"
unknown command "fb_adminrcon_flag"
unknown command "fb_bantime_limit"
unknown command "fb_use_sql"
unknown command "fb_nvault_clear"
unknown command "fb_force_check"
unknown command "fb_cachetime"
unknown command "fb_oldkickinfo"
unknown command "fb_logtype"
unknown command "fb_loglevel"
unknown command "fb_logdays"
unknown command "fb_use_russian"
unknown command "fb_sql_clear"
unknown command "fb_subnet_except_ucp"
unknown command "fb_subnet_clients"
unknown command "fb_prefix_clients"
unknown command "fb_rec_snet"
unknown command "fb_rec_snet_time"
unknown command "fb_rec_snet_count"
unknown command "fb_rec_snet_bt"
unknown command "fb_subnet_recheck"
unknown command "fb_rec_snet_level"
unknown command "fb_cachetime_kick"
unknown command "fb_cacheonly"
unknown command "fb_showchat"
unknown command "fb_chatinfo"
unknown command "fb_hudinfo"
unknown command "fb_hudcolor"
unknown command "fb_hudpos"
unknown command "fb_serveronly"
unknown command "fb_confirmchat"
unknown command "fb_locknames"
unknown command "fb_newmenu"
unknown command "fb_show_bb"
unknown command "fb_noip_as_allip"
unknown command "fb_longtime_allservers"
unknown command "fb_force_bantype_ip"
unknown command "fb_no_confirm"
unknown command "fb_lock_def_time"
unknown command "fb_customreason_first"
unknown command "fb_customreason_flag"
unknown command "fb_plugin_prefix"
unknown command "fb_plugin_hprefix"
unknown command "fb_menu_nick_addons"
unknown command "fb_acp_admin_uid"
unknown command "fb_kick_all_from_ip"
unknown command "fb_positive_cache_mc"
unknown command "fb_menufilters"
unknown command "fb_menusort"
unknown command "amx_password_field"
unknown command "amx_amxadmins_table"
unknown command "amx_admins_table"
unknown command "fb_adminban_flag"
unknown command "amx_mode"
unknown command "amx_imessage"
unknown command "amx_freq_imessage"
unknown command "amx_plmenu_bantimes"
unknown command "amx_tempban_maxtime"
unknown command "amx_plmenu_slapdmg"
unknown command "amx_flood_time"
unknown command "amx_reservation"
unknown command "amx_hideslots"
unknown command "amx_time_display"
unknown command "amx_time_voice"
unknown command "amx_extendmap_max"
unknown command "amx_extendmap_step"
unknown command "amx_language_display_msg"
unknown command "amx_help_display_msg"
unknown command "amx_help_display_msg_time"
unknown command "amx_help_amount_per_page"
unknown command "amx_statsx_duration"
unknown command "amx_statsx_freeze"
unknown command "amx_restrmapsettings"
IP Подошёл.
L 01/16/2021 - 15:23:04: [colored_translit_config.amxx] Can't add menu item "Настройки чата" from plugin "Colored Translit Config" to menu set because the Menus Front-End plugin itself is not loaded!
L 01/16/2021 - 15:23:04: [map_chooser_14.amxx] Загружено 47 карт из addons/amxmodx/configs/maps.ini
L 01/16/2021 - 15:23:04: [map_chooser_14.amxx] Режим сортировки карт по онлайну выключен!
========== [Colored Translit] START SET FCVAR ==========
=========== [Colored Translit] END SET FCVAR ===========
=========== [Colored Translit] START DEBUG =============
[Colored Translit] Translit File Loaded. Symbols: 65
[Colored Translit] Swear File Loaded. Swears: 0
[Colored Translit] Replace File Loaded. Replacements: 1
[Colored Translit] Ignore File Loaded. Ignore Words: 35
[Colored Translit] Spam File Loaded. Spam Words: 172
[Colored Translit] Cheat File Loaded. Cheat Words: 206
[Colored Translit] Config File Executed. Version: 3.0
=========== [Colored Translit] END DEBUG ===============
[COVID mode]: Everything is fine! The configuration file is loaded! 
unknown command "vk"
couldn't exec addons/amxmodx/configs/jb_standard/all_cvars.cfg
unknown command "jbe_last_prisoner_money"
unknown command "jbe_vip_discount_shop"
L 01/16/2021 - 15:23:04: [admin_loader_for_fb.amxx] Загружено 22 администраторов из MySQL
Server logging data to file logs/L0116035.log
L 01/16/2021 - 15:23:04: Log file started (file "logs/L0116035.log") (game "cstrike") (version "48/1.1.2.7/Stdio/2369")
unknown command "sv_logecho"
unknown command "sv_logfile"
L 01/16/2021 - 15:23:04: Server cvar "mp_logdetail" = "3"
unknown command "mp_autocrosshair"
L 01/16/2021 - 15:23:04: Server cvar "sv_aim" = "0"
unknown command "sv_airmove"
unknown command "sv_voicequality"
unknown command "sv_voicecodec"
unknown command "amx_extendmap_max"
unknown command "amx_extendmap_step"
unknown command "cam_change"
unknown command "cam_connect"
unknown command "cam_message"
unknown command "sid_url"
unknown command "]fastcup.net/rating.html"
unknown command "precache_hl"
unknown command "precache_weapons"
unknown command "amx_extendmap_max"
unknown command "amx_extendmap_step"
unknown command "sv_consistency"
unknown command "amx_amxadmins_table"
unknown command "amx_admins_table"
L 01/16/2021 - 15:23:04: [pluginmenu.amxx] Can't add menu item "Plugin Cvars" from plugin "pluginmenu.amxx" to menu set because the Menus Front-End plugin itself is not loaded!
L 01/16/2021 - 15:23:04: [pluginmenu.amxx] Can't add menu item "Plugin Commands" from plugin "pluginmenu.amxx" to menu set because the Menus Front-End plugin itself is not loaded!
fsdfsd - 1 - 1
Connection to Steam servers successful.
   VAC secure mode disabled.
L 01/16/2021 - 15:23:12: "korollevsky  Nobick<1><STEAM_1:0:1740504086><>" connected, address "46.165.4.109:27005"
L 01/16/2021 - 15:23:12: World triggered "Round_Start"
L 01/16/2021 - 15:23:13: "69*mara1k<2><STEAM_1:0:517339566><>" connected, address "176.59.214.181:27005"
L 01/16/2021 - 15:23:13: "Remastered<3><STEAM_1:0:73470706><>" connected, address "91.225.93.25:39932"
L 01/16/2021 - 15:23:13: "German<4><STEAM_1:0:1004867470><>" connected, address "46.98.121.173:37240"
L 01/16/2021 - 15:23:14: Admin korollevsky  Nobick connected, ip: 46.165.4.109, Steam_ID: STEAM_1:0:1740504086
L 01/16/2021 - 15:23:14: "korollevsky  Nobick<1><STEAM_1:0:1740504086><>" entered the game
46.98.121.173:37240:reconnect
L 01/16/2021 - 15:23:15: "German<5><STEAM_1:0:1004867470><>" connected, address "46.98.121.173:37240"
91.225.93.25:39932:reconnect
L 01/16/2021 - 15:23:15: "Remastered<6><STEAM_1:0:73470706><>" connected, address "91.225.93.25:39932"
176.59.214.181:27005:reconnect
L 01/16/2021 - 15:23:15: "69*mara1k<7><STEAM_1:0:517339566><>" connected, address "176.59.214.181:27005"
L 01/16/2021 - 15:23:16: "korollevsky  Nobick<1><STEAM_1:0:1740504086><>" joined team "CT"
L 01/16/2021 - 15:23:16: World triggered "Round_Draw" (CT "0") (T "0")
L 01/16/2021 - 15:23:16: World triggered "Round_End"
L 01/16/2021 - 15:23:17: Admin German connected, ip: 46.98.121.173, Steam_ID: STEAM_1:0:1004867470
L 01/16/2021 - 15:23:17: "German<5><STEAM_1:0:1004867470><>" entered the game
L 01/16/2021 - 15:23:20: Admin 69mara1k connected, ip: 176.59.214.181, Steam_ID: STEAM_1:0:517339566
L 01/16/2021 - 15:23:20: "69mara1k<7><STEAM_1:0:517339566><>" entered the game
L 01/16/2021 - 15:23:21: World triggered "Round_Start"
L 01/16/2021 - 15:23:21: "German<5><STEAM_1:0:1004867470><>" joined team "TERRORIST"
L 01/16/2021 - 15:23:21: World triggered "Game_Commencing"
L 01/16/2021 - 15:23:21: World triggered "Game_Commencing" (CT "0") (T "0")
L 01/16/2021 - 15:23:21: World triggered "Round_End"
L 01/16/2021 - 15:23:23: Admin Remastered connected, ip: 91.225.93.25, Steam_ID: STEAM_1:0:73470706
L 01/16/2021 - 15:23:23: "Remastered<6><STEAM_1:0:73470706><>" entered the game
L 01/16/2021 - 15:23:24: World triggered "Round_Start"
L 01/16/2021 - 15:23:28: "Remastered<6><STEAM_1:0:73470706><>" joined team "TERRORIST"
L 01/16/2021 - 15:23:32: "Kasanie<8><STEAM_1:0:303324759><>" connected, address "92.126.215.183:27005"
L 01/16/2021 - 15:23:39: "korollevsky  Nobick<1><STEAM_1:0:1740504086><CT>" attacked "German<5><STEAM_1:0:1004867470><TERRORIST>" with "knife" (damage "15") (damage_armor "0") (health "85") (armor "0")
L 01/16/2021 - 15:23:40: "korollevsky  Nobick<1><STEAM_1:0:1740504086><CT>" attacked "German<5><STEAM_1:0:1004867470><TERRORIST>" with "knife" (damage "260") (damage_armor "0") (health "-175") (armor "0")
L 01/16/2021 - 15:23:40: "korollevsky  Nobick<1><STEAM_1:0:1740504086><CT>" killed "German<5><STEAM_1:0:1004867470><TERRORIST>" with "knife"
L 01/16/2021 - 15:23:40: Team "CT" triggered "CTs_Win" (CT "1") (T "0")
L 01/16/2021 - 15:23:40: World triggered "Round_End"
92.126.215.183:27005:reconnect
L 01/16/2021 - 15:23:40: "Kasanie<9><STEAM_1:0:303324759><>" connected, address "92.126.215.183:27005"
L 01/16/2021 - 15:23:45: World triggered "Round_Start"
L 01/16/2021 - 15:23:47: [admin_loader_for_fb.amxx] Login: "Kasanie<9><STEAM_1:0:303324759><>" became an admin (account "Kasanie") (nickname "Kasanie") (access "rs") (address "92.126.215.183")
L 01/16/2021 - 15:23:47: "Kasanie<9><STEAM_1:0:303324759><>" entered the game
L 01/16/2021 - 15:23:50: "69mara1k<7><STEAM_1:0:517339566><>" joined team "TERRORIST"
L 01/16/2021 - 15:23:52: Server cvar "sv_restart" = "5"
L 01/16/2021 - 15:23:52: World triggered "Restart_Round_(5_seconds)"
L 01/16/2021 - 15:23:52: Team "CT" scored "1" with "1" players
L 01/16/2021 - 15:23:52: Team "TERRORIST" scored "0" with "3" players
L 01/16/2021 - 15:23:52: Server cvar "sv_restart" = "0"
L 01/16/2021 - 15:23:54: "Kasanie<9><STEAM_1:0:303324759><>" joined team "TERRORIST"
L 01/16/2021 - 15:23:57: World triggered "Round_Start"
L 01/16/2021 - 15:24:44: Kick: "Kasanie<9><STEAM_1:0:303324759><>" was kicked by "Console" (message ""Вы были кикнуты из-за плохого соединения"")
L 01/16/2021 - 15:24:44: "Kasanie<9><STEAM_1:0:303324759><TERRORIST>" triggered "weaponstats" (weapon "knife") (shots "2") (hits "0") (kills "0") (headshots "0") (tks "0") (damage "0") (deaths "0")
L 01/16/2021 - 15:24:44: "Kasanie<9><STEAM_1:0:303324759><TERRORIST>" triggered "weaponstats2" (weapon "knife") (head "0") (chest "0") (stomach "0") (leftarm "0") (rightarm "0") (leftleg "0") (rightleg "0")
L 01/16/2021 - 15:24:44: "Kasanie<9><STEAM_1:0:303324759><TERRORIST>" triggered "time" (time "0:56")
L 01/16/2021 - 15:24:44: "Kasanie<9><STEAM_1:0:303324759><TERRORIST>" triggered "latency" (ping "252")
L 01/16/2021 - 15:24:44: "Kasanie<9><STEAM_1:0:303324759><TERRORIST>" disconnected
92.126.215.183:27005:reconnect
L 01/16/2021 - 15:24:48: "Kasanie<10><STEAM_1:0:303324759><>" connected, address "92.126.215.183:27005"
92.126.215.183:27005:reconnect
L 01/16/2021 - 15:24:53: "Kasanie<11><STEAM_1:0:303324759><>" connected, address "92.126.215.183:27005"
L 01/16/2021 - 15:24:56: [admin_loader_for_fb.amxx] Login: "Kasanie<11><STEAM_1:0:303324759><>" became an admin (account "Kasanie") (nickname "Kasanie") (access "rs") (address "92.126.215.183")
L 01/16/2021 - 15:24:56: "Kasanie<11><STEAM_1:0:303324759><>" entered the game
L 01/16/2021 - 15:25:01: "Kasanie<11><STEAM_1:0:303324759><>" joined team "TERRORIST"
L 01/16/2021 - 15:25:10: "69mara1k<7><STEAM_1:0:517339566><TERRORIST>" attacked "korollevsky  Nobick<1><STEAM_1:0:1740504086><CT>" with "snow" (damage "12") (damage_armor "0") (health "418") (armor "350")
L 01/16/2021 - 15:25:12: "69mara1k<7><STEAM_1:0:517339566><TERRORIST>" attacked "korollevsky  Nobick<1><STEAM_1:0:1740504086><CT>" with "snow" (damage "10") (damage_armor "0") (health "420") (armor "350")
L 01/16/2021 - 15:25:19: "German<5><STEAM_1:0:1004867470><TERRORIST>" attacked "korollevsky  Nobick<1><STEAM_1:0:1740504086><CT>" with "snow" (damage "10") (damage_armor "0") (health "420") (armor "350")
L 01/16/2021 - 15:25:22: "69mara1k<7><STEAM_1:0:517339566><TERRORIST>" attacked "korollevsky  Nobick<1><STEAM_1:0:1740504086><CT>" with "snow" (damage "12") (damage_armor "0") (health "418") (armor "350")
L 01/16/2021 - 15:25:23: "69mara1k<7><STEAM_1:0:517339566><TERRORIST>" attacked "korollevsky  Nobick<1><STEAM_1:0:1740504086><CT>" with "snow" (damage "10") (damage_armor "0") (health "420") (armor "350")
L 01/16/2021 - 15:25:31: "69mara1k<7><STEAM_1:0:517339566><TERRORIST>" attacked "korollevsky  Nobick<1><STEAM_1:0:1740504086><CT>" with "snow" (damage "12") (damage_armor "0") (health "418") (armor "350")
L 01/16/2021 - 15:25:33: "69mara1k<7><STEAM_1:0:517339566><TERRORIST>" attacked "korollevsky  Nobick<1><STEAM_1:0:1740504086><CT>" with "snow" (damage "10") (damage_armor "0") (health "420") (armor "350")
L 01/16/2021 - 15:25:44: Kick: "Kasanie<11><STEAM_1:0:303324759><>" was kicked by "Console" (message ""Вы были кикнуты из-за плохого соединения"")
L 01/16/2021 - 15:25:44: "Kasanie<11><STEAM_1:0:303324759><TERRORIST>" triggered "time" (time "0:47")
L 01/16/2021 - 15:25:44: "Kasanie<11><STEAM_1:0:303324759><TERRORIST>" triggered "latency" (ping "97")
L 01/16/2021 - 15:25:44: "Kasanie<11><STEAM_1:0:303324759><TERRORIST>" disconnected
L 01/16/2021 - 15:25:45: "korollevsky  Nobick<1><STEAM_1:0:1740504086><CT>" attacked "German<5><STEAM_1:0:1004867470><TERRORIST>" with "ak47" (damage "108") (damage_armor "15") (health "41") (armor "84")
L 01/16/2021 - 15:25:45: "korollevsky  Nobick<1><STEAM_1:0:1740504086><CT>" attacked "German<5><STEAM_1:0:1004867470><TERRORIST>" with "ak47" (damage "108") (damage_armor "15") (health "-66") (armor "68")
L 01/16/2021 - 15:25:45: "korollevsky  Nobick<1><STEAM_1:0:1740504086><CT>" killed "German<5><STEAM_1:0:1004867470><TERRORIST>" with "ak47"
92.126.215.183:27005:reconnect
L 01/16/2021 - 15:25:47: "Kasanie<12><STEAM_1:0:303324759><>" connected, address "92.126.215.183:27005"
92.126.215.183:27005:reconnect
L 01/16/2021 - 15:25:55: "Kasanie<13><STEAM_1:0:303324759><>" connected, address "92.126.215.183:27005"
L 01/16/2021 - 15:26:04: [admin_loader_for_fb.amxx] Login: "Kasanie<13><STEAM_1:0:303324759><>" became an admin (account "Kasanie") (nickname "Kasanie") (access "rs") (address "92.126.215.183")
L 01/16/2021 - 15:26:04: "Kasanie<13><STEAM_1:0:303324759><>" entered the game
SZ_GetSpace: overflow on Kasanie
WARNING: datagram overflowed for Kasanie
L 01/16/2021 - 15:26:09: "Kasanie<13><STEAM_1:0:303324759><UNASSIGNED>" triggered "time" (time "0:05")
L 01/16/2021 - 15:26:09: "Kasanie<13><STEAM_1:0:303324759><UNASSIGNED>" triggered "latency" (ping "0")
L 01/16/2021 - 15:26:09: "Kasanie<13><STEAM_1:0:303324759><>" disconnected
L 01/16/2021 - 15:27:18: "German<5><STEAM_1:0:1004867470><TERRORIST>" triggered "weaponstats" (weapon "m249") (shots "61") (hits "0") (kills "0") (headshots "0") (tks "0") (damage "0") (deaths "1")
L 01/16/2021 - 15:27:18: "German<5><STEAM_1:0:1004867470><TERRORIST>" triggered "weaponstats2" (weapon "m249") (head "0") (chest "0") (stomach "0") (leftarm "0") (rightarm "0") (leftleg "0") (rightleg "0")
L 01/16/2021 - 15:27:18: "German<5><STEAM_1:0:1004867470><TERRORIST>" triggered "weaponstats" (weapon "knife") (shots "7") (hits "0") (kills "0") (headshots "0") (tks "0") (damage "0") (deaths "1")
L 01/16/2021 - 15:27:18: "German<5><STEAM_1:0:1004867470><TERRORIST>" triggered "weaponstats2" (weapon "knife") (head "0") (chest "0") (stomach "0") (leftarm "0") (rightarm "0") (leftleg "0") (rightleg "0")
L 01/16/2021 - 15:27:18: "German<5><STEAM_1:0:1004867470><TERRORIST>" triggered "time" (time "4:00")
L 01/16/2021 - 15:27:18: "German<5><STEAM_1:0:1004867470><TERRORIST>" triggered "latency" (ping "40")
L 01/16/2021 - 15:27:18: "German<5><STEAM_1:0:1004867470><TERRORIST>" disconnected
L 01/16/2021 - 15:29:43: "MiSteR_WeV_PoVaR_<14><STEAM_1:0:1812503923><>" connected, address "31.130.76.69:27005"
SV_ReadClientMessage: badread on , opcode clc_stringcmd
SV_ReadClientMessage: badread on 
31.130.76.69:27005:reconnect
L 01/16/2021 - 15:29:44: "MiSteR_WeV_PoVaR_<15><STEAM_1:0:1812503923><>" connected, address "31.130.76.69:27005"
L 01/16/2021 - 15:29:46: [admin_loader_for_fb.amxx] Login: "MiSteR_WeV_PoVaR_<15><STEAM_1:0:1812503923><>" became an admin (account "MiSteR_WeV_PoVaR_") (nickname "MiSteR_WeV_PoVaR_") (access "adgiklprst") (address "31.130.76.69")
L 01/16/2021 - 15:29:46: Admin MiSteR_WeV_PoVaR_ connected, ip: 31.130.76.69, Steam_ID: STEAM_1:0:1812503923
L 01/16/2021 - 15:29:46: "MiSteR_WeV_PoVaR_<15><STEAM_1:0:1812503923><>" entered the game
L 01/16/2021 - 15:29:53: "MiSteR_WeV_PoVaR_<15><STEAM_1:0:1812503923><>" joined team "TERRORIST"
L 01/16/2021 - 15:30:15: "69mara1k<7><STEAM_1:0:517339566><TERRORIST>" attacked "Remastered<6><STEAM_1:0:73470706><TERRORIST>" with "knife" (damage "2") (damage_armor "0") (health "97") (armor "99")
L 01/16/2021 - 15:30:17: "69mara1k<7><STEAM_1:0:517339566><TERRORIST>" attacked "Remastered<6><STEAM_1:0:73470706><TERRORIST>" with "knife" (damage "2") (damage_armor "0") (health "95") (armor "99")
L 01/16/2021 - 15:30:18: "Remastered<6><STEAM_1:0:73470706><TERRORIST>" attacked "69mara1k<7><STEAM_1:0:517339566><TERRORIST>" with "knife" (damage "2") (damage_armor "0") (health "97") (armor "99")
L 01/16/2021 - 15:30:20: "69mara1k<7><STEAM_1:0:517339566><TERRORIST>" attacked "Remastered<6><STEAM_1:0:73470706><TERRORIST>" with "knife" (damage "4") (damage_armor "0") (health "91") (armor "99")
L 01/16/2021 - 15:30:20: "Remastered<6><STEAM_1:0:73470706><TERRORIST>" attacked "69mara1k<7><STEAM_1:0:517339566><TERRORIST>" with "knife" (damage "2") (damage_armor "0") (health "95") (armor "99")
L 01/16/2021 - 15:30:21: "69mara1k<7><STEAM_1:0:517339566><TERRORIST>" attacked "Remastered<6><STEAM_1:0:73470706><TERRORIST>" with "knife" (damage "2") (damage_armor "0") (health "89") (armor "98")
L 01/16/2021 - 15:30:21: "Remastered<6><STEAM_1:0:73470706><TERRORIST>" attacked "69mara1k<7><STEAM_1:0:517339566><TERRORIST>" with "knife" (damage "17") (damage_armor "1") (health "78") (armor "97")
L 01/16/2021 - 15:30:21: "69mara1k<7><STEAM_1:0:517339566><TERRORIST>" attacked "Remastered<6><STEAM_1:0:73470706><TERRORIST>" with "knife" (damage "3") (damage_armor "0") (health "86") (armor "98")
L 01/16/2021 - 15:30:22: "Remastered<6><STEAM_1:0:73470706><TERRORIST>" attacked "69mara1k<7><STEAM_1:0:517339566><TERRORIST>" with "knife" (damage "17") (damage_armor "0") (health "61") (armor "96")
L 01/16/2021 - 15:30:22: "69mara1k<7><STEAM_1:0:517339566><TERRORIST>" attacked "Remastered<6><STEAM_1:0:73470706><TERRORIST>" with "knife" (damage "7") (damage_armor "0") (health "79") (armor "97")
L 01/16/2021 - 15:30:23: "Remastered<6><STEAM_1:0:73470706><TERRORIST>" attacked "69mara1k<7><STEAM_1:0:517339566><TERRORIST>" with "knife" (damage "17") (damage_armor "1") (health "44") (armor "94")
L 01/16/2021 - 15:30:24: "69mara1k<7><STEAM_1:0:517339566><TERRORIST>" attacked "Remastered<6><STEAM_1:0:73470706><TERRORIST>" with "knife" (damage "4") (damage_armor "0") (health "75") (armor "97")
L 01/16/2021 - 15:30:26: "Remastered<6><STEAM_1:0:73470706><TERRORIST>" attacked "69mara1k<7><STEAM_1:0:517339566><TERRORIST>" with "knife" (damage "4") (damage_armor "0") (health "40") (armor "94")
L 01/16/2021 - 15:30:26: "69mara1k<7><STEAM_1:0:517339566><TERRORIST>" attacked "Remastered<6><STEAM_1:0:73470706><TERRORIST>" with "knife" (damage "2") (damage_armor "0") (health "73") (armor "97")
L 01/16/2021 - 15:30:26: "69mara1k<7><STEAM_1:0:517339566><TERRORIST>" attacked "Remastered<6><STEAM_1:0:73470706><TERRORIST>" with "knife" (damage "1") (damage_armor "0") (health "72") (armor "97")
L 01/16/2021 - 15:30:27: "69mara1k<7><STEAM_1:0:517339566><TERRORIST>" attacked "Remastered<6><STEAM_1:0:73470706><TERRORIST>" with "knife" (damage "1") (damage_armor "0") (health "71") (armor "97")
L 01/16/2021 - 15:30:27: "Remastered<6><STEAM_1:0:73470706><TERRORIST>" attacked "69mara1k<7><STEAM_1:0:517339566><TERRORIST>" with "knife" (damage "2") (damage_armor "0") (health "38") (armor "94")
L 01/16/2021 - 15:30:27: "69mara1k<7><STEAM_1:0:517339566><TERRORIST>" attacked "Remastered<6><STEAM_1:0:73470706><TERRORIST>" with "knife" (damage "1") (damage_armor "0") (health "70") (armor "96")
L 01/16/2021 - 15:30:28: "69mara1k<7><STEAM_1:0:517339566><TERRORIST>" attacked "Remastered<6><STEAM_1:0:73470706><TERRORIST>" with "knife" (damage "7") (damage_armor "0") (health "63") (armor "96")
L 01/16/2021 - 15:30:28: "69mara1k<7><STEAM_1:0:517339566><TERRORIST>" attacked "Remastered<6><STEAM_1:0:73470706><TERRORIST>" with "knife" (damage "2") (damage_armor "0") (health "61") (armor "95")
L 01/16/2021 - 15:30:28: "Remastered<6><STEAM_1:0:73470706><TERRORIST>" attacked "69mara1k<7><STEAM_1:0:517339566><TERRORIST>" with "knife" (damage "2") (damage_armor "0") (health "36") (armor "93")
L 01/16/2021 - 15:30:29: "69mara1k<7><STEAM_1:0:517339566><TERRORIST>" attacked "Remastered<6><STEAM_1:0:73470706><TERRORIST>" with "knife" (damage "2") (damage_armor "0") (health "59") (armor "95")
L 01/16/2021 - 15:30:29: "Remastered<6><STEAM_1:0:73470706><TERRORIST>" attacked "69mara1k<7><STEAM_1:0:517339566><TERRORIST>" with "knife" (damage "10") (damage_armor "0") (health "26") (armor "92")
L 01/16/2021 - 15:30:30: "69mara1k<7><STEAM_1:0:517339566><TERRORIST>" attacked "Remastered<6><STEAM_1:0:73470706><TERRORIST>" with "knife" (damage "2") (damage_armor "0") (health "57") (armor "95")
L 01/16/2021 - 15:30:30: "Remastered<6><STEAM_1:0:73470706><TERRORIST>" attacked "69mara1k<7><STEAM_1:0:517339566><TERRORIST>" with "knife" (damage "6") (damage_armor "0") (health "20") (armor "92")
L 01/16/2021 - 15:30:31: "69mara1k<7><STEAM_1:0:517339566><TERRORIST>" attacked "Remastered<6><STEAM_1:0:73470706><TERRORIST>" with "knife" (damage "10") (damage_armor "0") (health "47") (armor "94")
L 01/16/2021 - 15:30:32: "Remastered<6><STEAM_1:0:73470706><TERRORIST>" attacked "69mara1k<7><STEAM_1:0:517339566><TERRORIST>" with "knife" (damage "2") (damage_armor "0") (health "18") (armor "92")
L 01/16/2021 - 15:30:33: "69mara1k<7><STEAM_1:0:517339566><TERRORIST>" attacked "Remastered<6><STEAM_1:0:73470706><TERRORIST>" with "knife" (damage "4") (damage_armor "0") (health "43") (armor "94")
L 01/16/2021 - 15:30:33: "Remastered<6><STEAM_1:0:73470706><TERRORIST>" attacked "69mara1k<7><STEAM_1:0:517339566><TERRORIST>" with "knife" (damage "10") (damage_armor "0") (health "8") (armor "91")
L 01/16/2021 - 15:30:34: "69mara1k<7><STEAM_1:0:517339566><TERRORIST>" attacked "Remastered<6><STEAM_1:0:73470706><TERRORIST>" with "knife" (damage "10") (damage_armor "0") (health "33") (armor "93")
L 01/16/2021 - 15:30:34: "Remastered<6><STEAM_1:0:73470706><TERRORIST>" attacked "69mara1k<7><STEAM_1:0:517339566><TERRORIST>" with "knife" (damage "17") (damage_armor "1") (health "-8") (armor "89")
L 01/16/2021 - 15:30:34: "Remastered<6><STEAM_1:0:73470706><TERRORIST>" killed "69mara1k<7><STEAM_1:0:517339566><TERRORIST>" with "knife"
L 01/16/2021 - 15:30:38: "Remastered<6><STEAM_1:0:73470706><TERRORIST>" committed suicide with "world"
L 01/16/2021 - 15:30:38: Team "CT" triggered "CTs_Win" (CT "1") (T "0")
L 01/16/2021 - 15:30:38: World triggered "Round_End"
L 01/16/2021 - 15:30:43: World triggered "Round_Start"
92.126.215.183:27005:reconnect
L 01/16/2021 - 15:31:29: "Kasanie<16><STEAM_1:0:303324759><>" connected, address "92.126.215.183:27005"
92.126.215.183:27005:reconnect
L 01/16/2021 - 15:31:31: "Kasanie<17><STEAM_1:0:303324759><>" connected, address "92.126.215.183:27005"
L 01/16/2021 - 15:31:35: [admin_loader_for_fb.amxx] Login: "Kasanie<17><STEAM_1:0:303324759><>" became an admin (account "Kasanie") (nickname "Kasanie") (access "rs") (address "92.126.215.183")
L 01/16/2021 - 15:31:35: "Kasanie<17><STEAM_1:0:303324759><>" entered the game
L 01/16/2021 - 15:31:37: "Kasanie<17><STEAM_1:0:303324759><>" joined team "TERRORIST"
L 01/16/2021 - 15:32:02: "69mara1k<7><STEAM_1:0:517339566><TERRORIST>" attacked "korollevsky  Nobick<1><STEAM_1:0:1740504086><CT>" with "snow" (damage "10") (damage_armor "0") (health "490") (armor "350")
L 01/16/2021 - 15:32:34: "Prosto chelovek<18><STEAM_1:0:499676745><>" connected, address "46.44.9.214:27005"
L 01/16/2021 - 15:32:36: "prosto chelovеk<19><STEAM_1:0:429685672><>" connected, address "46.44.11.39:27005"
46.44.11.39:27005:reconnect
L 01/16/2021 - 15:32:37: "prosto chelovеk<20><STEAM_1:0:429685672><>" connected, address "46.44.11.39:27005"
46.44.9.214:27005:reconnect
L 01/16/2021 - 15:32:37: "Prosto chelovek<21><STEAM_1:0:499676745><>" connected, address "46.44.9.214:27005"
L 01/16/2021 - 15:32:52: Admin Prosto chelovek connected, ip: 46.44.9.214, Steam_ID: STEAM_1:0:499676745
L 01/16/2021 - 15:32:52: "Prosto chelovek<21><STEAM_1:0:499676745><>" entered the game
L 01/16/2021 - 15:32:57: "Prosto chelovek<21><STEAM_1:0:499676745><>" joined team "TERRORIST"
L 01/16/2021 - 15:32:59: "Prosto chelovek<21><STEAM_1:0:499676745><TERRORIST>" joined team "CT"
L 01/16/2021 - 15:33:02: "Prosto chelovek<21><STEAM_1:0:499676745><CT>" joined team "TERRORIST"
L 01/16/2021 - 15:33:26: "MiSteR_WeV_PoVaR_<15><STEAM_1:0:1812503923><TERRORIST>" attacked "69mara1k<7><STEAM_1:0:517339566><TERRORIST>" with "knife" (damage "16") (damage_armor "0") (health "83") (armor "150")
L 01/16/2021 - 15:33:27: "MiSteR_WeV_PoVaR_<15><STEAM_1:0:1812503923><TERRORIST>" attacked "69mara1k<7><STEAM_1:0:517339566><TERRORIST>" with "knife" (damage "12") (damage_armor "0") (health "71") (armor "150")
L 01/16/2021 - 15:33:27: "MiSteR_WeV_PoVaR_<15><STEAM_1:0:1812503923><TERRORIST>" attacked "69mara1k<7><STEAM_1:0:517339566><TERRORIST>" with "knife" (damage "12") (damage_armor "0") (health "59") (armor "150")
L 01/16/2021 - 15:33:27: "69mara1k<7><STEAM_1:0:517339566><TERRORIST>" attacked "MiSteR_WeV_PoVaR_<15><STEAM_1:0:1812503923><TERRORIST>" with "knife" (damage "10") (damage_armor "0") (health "89") (armor "99")
L 01/16/2021 - 15:33:27: "MiSteR_WeV_PoVaR_<15><STEAM_1:0:1812503923><TERRORIST>" attacked "69mara1k<7><STEAM_1:0:517339566><TERRORIST>" with "knife" (damage "12") (damage_armor "0") (health "47") (armor "150")
L 01/16/2021 - 15:33:28: "MiSteR_WeV_PoVaR_<15><STEAM_1:0:1812503923><TERRORIST>" attacked "69mara1k<7><STEAM_1:0:517339566><TERRORIST>" with "knife" (damage "12") (damage_armor "0") (health "35") (armor "150")
L 01/16/2021 - 15:33:28: "MiSteR_WeV_PoVaR_<15><STEAM_1:0:1812503923><TERRORIST>" attacked "69mara1k<7><STEAM_1:0:517339566><TERRORIST>" with "knife" (damage "12") (damage_armor "0") (health "23") (armor "150")
L 01/16/2021 - 15:33:28: "69mara1k<7><STEAM_1:0:517339566><TERRORIST>" attacked "MiSteR_WeV_PoVaR_<15><STEAM_1:0:1812503923><TERRORIST>" with "knife" (damage "17") (damage_armor "1") (health "72") (armor "97")
L 01/16/2021 - 15:33:29: "MiSteR_WeV_PoVaR_<15><STEAM_1:0:1812503923><TERRORIST>" attacked "69mara1k<7><STEAM_1:0:517339566><TERRORIST>" with "knife" (damage "12") (damage_armor "0") (health "11") (armor "150")
L 01/16/2021 - 15:33:29: "MiSteR_WeV_PoVaR_<15><STEAM_1:0:1812503923><TERRORIST>" attacked "69mara1k<7><STEAM_1:0:517339566><TERRORIST>" with "knife" (damage "6") (damage_armor "0") (health "5") (armor "150")
L 01/16/2021 - 15:33:29: "69mara1k<7><STEAM_1:0:517339566><TERRORIST>" attacked "MiSteR_WeV_PoVaR_<15><STEAM_1:0:1812503923><TERRORIST>" with "knife" (damage "17") (damage_armor "1") (health "55") (armor "95")
L 01/16/2021 - 15:33:30: "MiSteR_WeV_PoVaR_<15><STEAM_1:0:1812503923><TERRORIST>" attacked "69mara1k<7><STEAM_1:0:517339566><TERRORIST>" with "knife" (damage "8") (damage_armor "0") (health "-2") (armor "150")
L 01/16/2021 - 15:33:30: "MiSteR_WeV_PoVaR_<15><STEAM_1:0:1812503923><TERRORIST>" killed "69mara1k<7><STEAM_1:0:517339566><TERRORIST>" with "knife"
L 01/16/2021 - 15:33:36: "69mara1k<7><STEAM_1:0:517339566><TERRORIST>" joined team "CT"
L 01/16/2021 - 15:33:41: "69mara1k<7><STEAM_1:0:517339566><CT>" joined team "TERRORIST"
L 01/16/2021 - 15:33:46: "MiSteR_WeV_PoVaR_<15><STEAM_1:0:1812503923><TERRORIST>" committed suicide with "worldspawn" (world)
L 01/16/2021 - 15:33:55: [admin_loader_for_fb.amxx] Login: "kc.er226<21><STEAM_1:0:499676745><>" became an admin (account "kc.er226") (nickname "kc.er226") (access "rs") (address "46.44.9.214")
L 01/16/2021 - 15:33:56: "Remastered<6><STEAM_1:0:73470706><TERRORIST>" committed suicide with "world"
L 01/16/2021 - 15:33:56: Team "CT" triggered "CTs_Win" (CT "2") (T "0")
L 01/16/2021 - 15:33:56: World triggered "Round_End"
L 01/16/2021 - 15:33:59: "Prosto chelovek<21><STEAM_1:0:499676745><TERRORIST>" triggered "time" (time "1:06")
L 01/16/2021 - 15:33:59: "Prosto chelovek<21><STEAM_1:0:499676745><TERRORIST>" triggered "latency" (ping "34")
L 01/16/2021 - 15:33:59: "Prosto chelovek<21><STEAM_1:0:499676745><TERRORIST>" disconnected
46.44.9.214:27005:reconnect
L 01/16/2021 - 15:33:59: "kc.er226<22><STEAM_1:0:499676745><>" connected, address "46.44.9.214:27005"
L 01/16/2021 - 15:34:01: World triggered "Round_Start"
46.44.9.214:27005:reconnect
L 01/16/2021 - 15:34:01: "kc.er226<23><STEAM_1:0:499676745><>" connected, address "46.44.9.214:27005"
L 01/16/2021 - 15:34:04: [admin_loader_for_fb.amxx] Login: "kc.er226<23><STEAM_1:0:499676745><>" became an admin (account "kc.er226") (nickname "kc.er226") (access "rs") (address "46.44.9.214")
L 01/16/2021 - 15:34:04: "kc.er226<23><STEAM_1:0:499676745><>" entered the game
L 01/16/2021 - 15:34:06: "kc.er226<23><STEAM_1:0:499676745><>" joined team "TERRORIST"
L 01/16/2021 - 15:34:36: "Kasanie<17><STEAM_1:0:303324759><TERRORIST>" triggered "time" (time "3:00")
L 01/16/2021 - 15:34:36: "Kasanie<17><STEAM_1:0:303324759><TERRORIST>" triggered "latency" (ping "73")
L 01/16/2021 - 15:34:36: "Kasanie<17><STEAM_1:0:303324759><TERRORIST>" disconnected
L 01/16/2021 - 15:34:43: "unnamed<24><STEAM_1:0:539990392><>" connected, address "176.51.225.187:27005"
176.51.225.187:27005:reconnect
L 01/16/2021 - 15:34:45: "unnamed<25><STEAM_1:0:539990392><>" connected, address "176.51.225.187:27005"
L 01/16/2021 - 15:34:49: Admin unnamed connected, ip: 176.51.225.187, Steam_ID: STEAM_1:0:539990392
L 01/16/2021 - 15:34:49: "unnamed<25><STEAM_1:0:539990392><>" entered the game
L 01/16/2021 - 15:34:52: "Kasanie<26><STEAM_1:0:303324759><>" connected, address "92.126.215.183:27005"
L 01/16/2021 - 15:34:52: "unnamed<25><STEAM_1:0:539990392><>" joined team "TERRORIST"
92.126.215.183:27005:reconnect
L 01/16/2021 - 15:34:54: "Kasanie<27><STEAM_1:0:303324759><>" connected, address "92.126.215.183:27005"
L 01/16/2021 - 15:34:57: [admin_loader_for_fb.amxx] Login: "Kasanie<27><STEAM_1:0:303324759><>" became an admin (account "Kasanie") (nickname "Kasanie") (access "rs") (address "92.126.215.183")
L 01/16/2021 - 15:34:57: "Kasanie<27><STEAM_1:0:303324759><>" entered the game
L 01/16/2021 - 15:34:59: "Kasanie<27><STEAM_1:0:303324759><>" joined team "TERRORIST"
L 01/16/2021 - 15:35:20: "a4ko<28><STEAM_1:0:1383066604><>" connected, address "178.46.96.164:2501"
178.46.96.164:2501:reconnect
L 01/16/2021 - 15:35:24: "a4ko<29><STEAM_1:0:1383066604><>" connected, address "178.46.96.164:2501"
L 01/16/2021 - 15:35:27: Admin a4ko connected, ip: 178.46.96.164, Steam_ID: STEAM_1:0:1383066604
L 01/16/2021 - 15:35:27: "a4ko<29><STEAM_1:0:1383066604><>" entered the game
L 01/16/2021 - 15:35:30: "a4ko<29><STEAM_1:0:1383066604><>" joined team "TERRORIST"
L 01/16/2021 - 15:35:41: "a4ko<29><STEAM_1:0:1383066604><TERRORIST>" triggered "time" (time "0:14")
L 01/16/2021 - 15:35:41: "a4ko<29><STEAM_1:0:1383066604><TERRORIST>" triggered "latency" (ping "0")
L 01/16/2021 - 15:35:41: "a4ko<29><STEAM_1:0:1383066604><TERRORIST>" disconnected
L 01/16/2021 - 15:35:42: "kc.er226<23><STEAM_1:0:499676745><TERRORIST>" joined team "CT"
L 01/16/2021 - 15:35:53: "69mara1k<7><STEAM_1:0:517339566><TERRORIST>" attacked "korollevsky  Nobick<1><STEAM_1:0:1740504086><CT>" with "snow" (damage "10") (damage_armor "0") (health "415") (armor "350")
178.46.96.164:2501:reconnect
L 01/16/2021 - 15:35:54: "per4ik<30><STEAM_1:0:1383066604><>" connected, address "178.46.96.164:2501"
L 01/16/2021 - 15:35:56: Admin per4ik connected, ip: 178.46.96.164, Steam_ID: STEAM_1:0:1383066604
L 01/16/2021 - 15:35:56: "per4ik<30><STEAM_1:0:1383066604><>" entered the game
L 01/16/2021 - 15:35:58: "per4ik<30><STEAM_1:0:1383066604><>" joined team "TERRORIST"
L 01/16/2021 - 15:35:59: "MiSteR_WeV_PoVaR_<15><STEAM_1:0:1812503923><TERRORIST>" attacked "korollevsky  Nobick<1><STEAM_1:0:1740504086><CT>" with "grenade" (damage "19") (damage_armor "9") (health "395") (armor "340")
L 01/16/2021 - 15:36:15: "69mara1k<7><STEAM_1:0:517339566><TERRORIST>" attacked "korollevsky  Nobick<1><STEAM_1:0:1740504086><CT>" with "snow" (damage "10") (damage_armor "0") (health "373") (armor "340")
L 01/16/2021 - 15:36:16: "Kasanie<27><STEAM_1:0:303324759><TERRORIST>" triggered "time" (time "1:19")
L 01/16/2021 - 15:36:16: "Kasanie<27><STEAM_1:0:303324759><TERRORIST>" triggered "latency" (ping "143")
L 01/16/2021 - 15:36:16: "Kasanie<27><STEAM_1:0:303324759><TERRORIST>" disconnected
L 01/16/2021 - 15:36:20: "BoB4uK.<31><STEAM_1:0:1963913185><>" connected, address "83.97.7.139:6911"
L 01/16/2021 - 15:36:31: "69mara1k<7><STEAM_1:0:517339566><TERRORIST>" attacked "korollevsky  Nobick<1><STEAM_1:0:1740504086><CT>" with "snow" (damage "10") (damage_armor "0") (health "363") (armor "340")
L 01/16/2021 - 15:36:36: "69mara1k<7><STEAM_1:0:517339566><TERRORIST>" attacked "Remastered<6><STEAM_1:0:73470706><TERRORIST>" with "snow" (damage "2") (damage_armor "0") (health "147") (armor "150")
L 01/16/2021 - 15:36:39: "korollevsky  Nobick<1><STEAM_1:0:1740504086><CT>" attacked "Remastered<6><STEAM_1:0:73470706><TERRORIST>" with "deagle" (damage "39") (damage_armor "0") (health "108") (armor "150")
L 01/16/2021 - 15:36:40: "69mara1k<7><STEAM_1:0:517339566><TERRORIST>" attacked "Remastered<6><STEAM_1:0:73470706><TERRORIST>" with "snow" (damage "2") (damage_armor "0") (health "106") (armor "150")
L 01/16/2021 - 15:37:15: "korollevsky  Nobick<1><STEAM_1:0:1740504086><CT>" attacked "MiSteR_WeV_PoVaR_<15><STEAM_1:0:1812503923><TERRORIST>" with "deagle" (damage "33") (damage_armor "0") (health "216") (armor "250")
L 01/16/2021 - 15:37:30: "korollevsky  Nobick<1><STEAM_1:0:1740504086><CT>" attacked "MiSteR_WeV_PoVaR_<15><STEAM_1:0:1812503923><TERRORIST>" with "mp5navy" (damage "20") (damage_armor "10") (health "196") (armor "239")
L 01/16/2021 - 15:37:30: "korollevsky  Nobick<1><STEAM_1:0:1740504086><CT>" attacked "MiSteR_WeV_PoVaR_<15><STEAM_1:0:1812503923><TERRORIST>" with "mp5navy" (damage "21") (damage_armor "9") (health "176") (armor "229")
L 01/16/2021 - 15:37:36: "MiSteR_WeV_PoVaR_<15><STEAM_1:0:1812503923><TERRORIST>" attacked "korollevsky  Nobick<1><STEAM_1:0:1740504086><CT>" with "m4a1" (damage "22") (damage_armor "4") (health "325") (armor "335")
L 01/16/2021 - 15:37:36: "MiSteR_WeV_PoVaR_<15><STEAM_1:0:1812503923><TERRORIST>" attacked "korollevsky  Nobick<1><STEAM_1:0:1740504086><CT>" with "m4a1" (damage "22") (damage_armor "4") (health "303") (armor "330")
L 01/16/2021 - 15:37:47: Admin prosto chelovеk connected, ip: 46.44.11.39, Steam_ID: STEAM_1:0:429685672
L 01/16/2021 - 15:37:47: "prosto chelovеk<20><STEAM_1:0:429685672><>" entered the game
L 01/16/2021 - 15:37:49: "prosto chelovеk<20><STEAM_1:0:429685672><>" joined team "TERRORIST"
L 01/16/2021 - 15:37:51: "MiSteR_WeV_PoVaR_<15><STEAM_1:0:1812503923><TERRORIST>" attacked "korollevsky  Nobick<1><STEAM_1:0:1740504086><CT>" with "knife" (damage "12") (damage_armor "0") (health "87") (armor "329")
L 01/16/2021 - 15:38:09: "MiSteR_WeV_PoVaR_<15><STEAM_1:0:1812503923><TERRORIST>" attacked "korollevsky  Nobick<1><STEAM_1:0:1740504086><CT>" with "m4a1" (damage "22") (damage_armor "4") (health "65") (armor "324")
L 01/16/2021 - 15:38:09: "MiSteR_WeV_PoVaR_<15><STEAM_1:0:1812503923><TERRORIST>" attacked "korollevsky  Nobick<1><STEAM_1:0:1740504086><CT>" with "m4a1" (damage "22") (damage_armor "3") (health "43") (armor "320")
L 01/16/2021 - 15:38:09: "MiSteR_WeV_PoVaR_<15><STEAM_1:0:1812503923><TERRORIST>" attacked "korollevsky  Nobick<1><STEAM_1:0:1740504086><CT>" with "m4a1" (damage "22") (damage_armor "4") (health "21") (armor "315")
L 01/16/2021 - 15:38:09: "MiSteR_WeV_PoVaR_<15><STEAM_1:0:1812503923><TERRORIST>" attacked "korollevsky  Nobick<1><STEAM_1:0:1740504086><CT>" with "m4a1" (damage "22") (damage_armor "4") (health "0") (armor "310")
L 01/16/2021 - 15:38:09: "MiSteR_WeV_PoVaR_<15><STEAM_1:0:1812503923><TERRORIST>" killed "korollevsky  Nobick<1><STEAM_1:0:1740504086><CT>" with "m4a1"
L 01/16/2021 - 15:38:09: Team "TERRORIST" triggered "Terrorists_Win" (CT "2") (T "1")
L 01/16/2021 - 15:38:09: World triggered "Round_End"
L 01/16/2021 - 15:38:14: World triggered "Round_Start"
L 01/16/2021 - 15:38:34: "nikto<32><STEAM_1:0:1923290925><>" connected, address "176.59.110.73:64039"
176.59.110.73:64039:reconnect
L 01/16/2021 - 15:38:36: "nikto<33><STEAM_1:0:1923290925><>" connected, address "176.59.110.73:64039"
L 01/16/2021 - 15:38:38: "MUR4IK<34><STEAM_1:0:1436037888><>" connected, address "78.142.234.84:2325"
78.142.234.84:2325:reconnect
L 01/16/2021 - 15:38:41: "MUR4IK<35><STEAM_1:0:1436037888><>" connected, address "78.142.234.84:2325"
L 01/16/2021 - 15:38:42: Admin nikto connected, ip: 176.59.110.73, Steam_ID: STEAM_1:0:1923290925
L 01/16/2021 - 15:38:42: "nikto<33><STEAM_1:0:1923290925><>" entered the game
L 01/16/2021 - 15:38:43: "nikto<33><STEAM_1:0:1923290925><>" joined team "TERRORIST"
L 01/16/2021 - 15:38:52: Admin MUR4IK connected, ip: 78.142.234.84, Steam_ID: STEAM_1:0:1436037888
L 01/16/2021 - 15:38:52: "MUR4IK<35><STEAM_1:0:1436037888><>" entered the game
L 01/16/2021 - 15:38:56: "MUR4IK<35><STEAM_1:0:1436037888><>" joined team "TERRORIST"
