Protocol version 48
Exe version 1.1.2.7/Stdio (cstrike)
Exe build: 16:23:03 Oct  6 2020 (2369)
Executing ReGameDLL Configuration File 
unknown command "mp_freeforall"
unknown command "mp_maxmoney"
unknown command "mp_round_infinite"
unknown command "mp_hegrenade_penetration"
unknown command "mp_nadedrops"
unknown command "mp_roundrespawn_time"
unknown command "mp_auto_reload_weapons"
unknown command "mp_refill_bpammo_weapons"
unknown command "bot_deathmatch"
unknown command "mp_auto_join_team"
Executing ReGameDLL Configuration File 
unknown command "mp_freeforall"
unknown command "mp_maxmoney"
unknown command "mp_round_infinite"
unknown command "mp_hegrenade_penetration"
unknown command "mp_nadedrops"
unknown command "mp_roundrespawn_time"
unknown command "mp_auto_reload_weapons"
unknown command "mp_refill_bpammo_weapons"
unknown command "bot_deathmatch"
unknown command "mp_auto_join_team"
Server IP address 195.88.208.116:27015
   
   Metamod-r version 1.3.0.128 Copyright (c) 2016-2018 ReHLDS Team (rebuild of original Metamod by Will Day and Jussi Kivilinna)
   Metamod-r comes with ABSOLUTELY NO WARRANTY; for details type `meta gpl'.
   This is free software, and you are welcome to redistribute it
   under certain conditions; type `meta gpl' for details.
   
Metamod-r v1.3.0.128, API (5:13)
Metamod-r build: 17:47:48 Aug 24 2018
Metamod-r from: https://github.com/theAsmodai/metamod-r/commit/0cf2f70

   AMX Mod X version 1.9.0.5271 Copyright (c) 2004-2015 AMX Mod X Development Team 
   AMX Mod X comes with ABSOLUTELY NO WARRANTY; for details type `amxx gpl'.
   This is free software and you are welcome to redistribute it under 
   certain conditions; type 'amxx gpl' for details.
  
[WHB] Version: 1.5.696 Linux (Usage SSE 4.1)
[WHB] Success: Build ReHLDS version defined Linux '2369'
[WHB] Success: Configuration executed.
ReGameDLL version: 5.11.0.420-dev+m
L 11/20/2020 - 21:55:44: -------- Mapchange to jail_float --------
L 11/20/2020 - 21:55:44: [GEOIP] Database info: GeoLite2 Country database 2.0
[ReAimDetector] Version: 0.2.2 Linux 'Counter-Strike 1.6'
[ReAimDetector] Success: Build ReHLDS version defined Linux '2369'.
L 11/20/2020 - 21:55:44: [AMXX] Plugin file open error (plugin "jbe_dm_new_year.amxx")
L 11/20/2020 - 21:55:44: [AMXX] Plugin file open error (plugin "jbe_dm_birthday.amxx")
Executing ReGameDLL Configuration File 
unknown command "bot_deathmatch"
Executing ReGameDLL Configuration File 
unknown command "bot_deathmatch"
unknown command "amx_default_access"
unknown command "amx_password_field"
unknown command "amx_mode"
unknown command "amx_show_activity"
unknown command "amx_imessage"
unknown command "amx_freq_imessage"
unknown command "amx_plmenu_bantimes"
unknown command "amx_tempban_maxtime"
unknown command "amx_plmenu_slapdmg"
unknown command "amx_flood_time"
unknown command "amx_reservation"
unknown command "amx_hideslots"
unknown command "amx_time_display"
unknown command "amx_time_voice"
unknown command "amx_vote_delay"
unknown command "amx_vote_time"
unknown command "amx_vote_answers"
unknown command "amx_votekick_ratio"
unknown command "amx_voteban_ratio"
unknown command "amx_votemap_ratio"
unknown command "amx_vote_ratio"
unknown command "amx_extendmap_max"
unknown command "amx_extendmap_step"
unknown command "amx_language_display_msg"
unknown command "amx_help_display_msg"
unknown command "amx_help_display_msg_time"
unknown command "amx_help_amount_per_page"
unknown command "amx_statsx_duration"
unknown command "amx_statsx_freeze"
unknown command "amx_restrmapsettings"
unknown command "fb_kick_delay"
unknown command "fb_server_name"
unknown command "fb_sql_table"
unknown command "fb_sql_log_table"
unknown command "fb_ip_ban_time"
unknown command "fb_showhud"
unknown command "fb_offline_time"
unknown command "fb_unban_self"
unknown command "fb_unban_all"
unknown command "fb_oldmap_players"
unknown command "fb_bantime_access"
unknown command "fb_adminrcon_flag"
unknown command "fb_bantime_limit"
unknown command "fb_use_sql"
unknown command "fb_nvault_clear"
unknown command "fb_force_check"
unknown command "fb_cachetime"
unknown command "fb_oldkickinfo"
unknown command "fb_logtype"
unknown command "fb_loglevel"
unknown command "fb_logdays"
unknown command "fb_use_russian"
unknown command "fb_sql_clear"
unknown command "fb_subnet_except_ucp"
unknown command "fb_subnet_clients"
unknown command "fb_prefix_clients"
unknown command "fb_rec_snet"
unknown command "fb_rec_snet_time"
unknown command "fb_rec_snet_count"
unknown command "fb_rec_snet_bt"
unknown command "fb_subnet_recheck"
unknown command "fb_rec_snet_level"
unknown command "fb_cachetime_kick"
unknown command "fb_cacheonly"
unknown command "fb_showchat"
unknown command "fb_chatinfo"
unknown command "fb_hudinfo"
unknown command "fb_hudcolor"
unknown command "fb_hudpos"
unknown command "fb_serveronly"
unknown command "fb_confirmchat"
unknown command "fb_locknames"
unknown command "fb_newmenu"
unknown command "fb_show_bb"
unknown command "fb_noip_as_allip"
unknown command "fb_longtime_allservers"
unknown command "fb_force_bantype_ip"
unknown command "fb_no_confirm"
unknown command "fb_lock_def_time"
unknown command "fb_customreason_first"
unknown command "fb_customreason_flag"
unknown command "fb_plugin_prefix"
unknown command "fb_plugin_hprefix"
unknown command "fb_menu_nick_addons"
unknown command "fb_acp_admin_uid"
unknown command "fb_kick_all_from_ip"
unknown command "fb_positive_cache_mc"
unknown command "fb_menufilters"
unknown command "fb_menusort"
unknown command "amx_password_field"
unknown command "amx_amxadmins_table"
unknown command "amx_admins_table"
unknown command "fb_adminban_flag"
unknown command "amx_mode"
unknown command "amx_imessage"
unknown command "amx_freq_imessage"
unknown command "amx_plmenu_bantimes"
unknown command "amx_tempban_maxtime"
unknown command "amx_plmenu_slapdmg"
unknown command "amx_flood_time"
unknown command "amx_reservation"
unknown command "amx_hideslots"
unknown command "amx_time_display"
unknown command "amx_time_voice"
unknown command "amx_extendmap_max"
unknown command "amx_extendmap_step"
unknown command "amx_language_display_msg"
unknown command "amx_help_display_msg"
unknown command "amx_help_display_msg_time"
unknown command "amx_help_amount_per_page"
unknown command "amx_statsx_duration"
unknown command "amx_statsx_freeze"
unknown command "amx_restrmapsettings"
IP Подошёл.
L 11/20/2020 - 21:55:45: [colored_translit_config.amxx] Can't add menu item "Настройки чата" from plugin "Colored Translit Config" to menu set because the Menus Front-End plugin itself is not loaded!
L 11/20/2020 - 21:55:46: [map_chooser_14.amxx] Загружено 48 карт из addons/amxmodx/configs/maps.ini
L 11/20/2020 - 21:55:46: [map_chooser_14.amxx] Режим сортировки карт по онлайну выключен!
========== [Colored Translit] START SET FCVAR ==========
=========== [Colored Translit] END SET FCVAR ===========
=========== [Colored Translit] START DEBUG =============
[Colored Translit] Translit File Loaded. Symbols: 65
[Colored Translit] Swear File Loaded. Swears: 0
[Colored Translit] Replace File Loaded. Replacements: 1
[Colored Translit] Ignore File Loaded. Ignore Words: 35
[Colored Translit] Spam File Loaded. Spam Words: 172
[Colored Translit] Cheat File Loaded. Cheat Words: 206
[Colored Translit] Config File Executed. Version: 3.0
=========== [Colored Translit] END DEBUG ===============
unknown command "vk"
couldn't exec addons/amxmodx/configs/jb_standard/all_cvars.cfg
unknown command "jbe_last_prisoner_money"
unknown command "jbe_vip_discount_shop"
L 11/20/2020 - 21:55:46: [admin_loader_for_fb.amxx] Загружено 32 администраторов из MySQL
Server logging data to file logs/L1120088.log
L 11/20/2020 - 21:55:46: Log file started (file "logs/L1120088.log") (game "cstrike") (version "48/1.1.2.7/Stdio/2369")
unknown command "sv_logecho"
unknown command "sv_logfile"
L 11/20/2020 - 21:55:46: Server cvar "mp_logdetail" = "3"
unknown command "mp_autocrosshair"
L 11/20/2020 - 21:55:46: Server cvar "sv_aim" = "0"
unknown command "sv_airmove"
unknown command "sv_voicequality"
unknown command "sv_voicecodec"
unknown command "amx_extendmap_max"
unknown command "amx_extendmap_step"
unknown command "cam_change"
unknown command "cam_connect"
unknown command "cam_message"
unknown command "sid_url"
unknown command "]fastcup.net/rating.html"
unknown command "precache_hl"
unknown command "precache_weapons"
unknown command "amx_extendmap_max"
unknown command "amx_extendmap_step"
unknown command "sv_consistency"
unknown command "amx_amxadmins_table"
unknown command "amx_admins_table"
L 11/20/2020 - 21:55:46: [pluginmenu.amxx] Can't add menu item "Plugin Cvars" from plugin "pluginmenu.amxx" to menu set because the Menus Front-End plugin itself is not loaded!
L 11/20/2020 - 21:55:46: [pluginmenu.amxx] Can't add menu item "Plugin Commands" from plugin "pluginmenu.amxx" to menu set because the Menus Front-End plugin itself is not loaded!
fsdfsd - 1 - 1
Connection to Steam servers successful.
   VAC secure mode disabled.
L 11/20/2020 - 21:55:49: "strelok1234<1><STEAM_1:0:1030552861><>" connected, address "91.217.4.66:27005"
L 11/20/2020 - 21:55:54: World triggered "Round_Start"
91.217.4.66:27005:reconnect
L 11/20/2020 - 21:55:57: "strelok1234<2><STEAM_1:0:1030552861><>" connected, address "91.217.4.66:27005"
L 11/20/2020 - 21:55:58: "Петя Чебурашка<3><STEAM_1:0:416065064><>" connected, address "194.106.98.26:5959"
194.106.98.26:5959:reconnect
L 11/20/2020 - 21:56:01: "Петя Чебурашка<4><STEAM_1:0:416065064><>" connected, address "194.106.98.26:5959"
L 11/20/2020 - 21:56:04: "strelok1234<2><STEAM_1:0:1030552861><>" entered the game
L 11/20/2020 - 21:56:04: "Aim4ik<5><STEAM_1:0:1571065535><>" connected, address "78.111.189.39:27005"
L 11/20/2020 - 21:56:04: "Петя Чебурашка<4><STEAM_1:0:416065064><>" entered the game
L 11/20/2020 - 21:56:05: "Telipyzik55<6><STEAM_1:0:1242911636><>" connected, address "213.5.126.73:17792"
L 11/20/2020 - 21:56:05: "Петя Чебурашка<4><STEAM_1:0:416065064><>" joined team "CT"
L 11/20/2020 - 21:56:05: World triggered "Round_Draw" (CT "0") (T "0")
L 11/20/2020 - 21:56:05: World triggered "Round_End"
L 11/20/2020 - 21:56:08: "({KNPR})listcs<7><STEAM_1:0:1061325750><>" connected, address "178.94.244.31:25359"
L 11/20/2020 - 21:56:10: World triggered "Round_Start"
178.94.244.31:25359:reconnect
L 11/20/2020 - 21:56:11: "({KNPR})listcs<8><STEAM_1:0:1061325750><>" connected, address "178.94.244.31:25359"
L 11/20/2020 - 21:56:14: "strelok1234<2><STEAM_1:0:1030552861><>" joined team "TERRORIST"
L 11/20/2020 - 21:56:14: World triggered "Game_Commencing"
L 11/20/2020 - 21:56:14: World triggered "Game_Commencing" (CT "0") (T "0")
L 11/20/2020 - 21:56:14: World triggered "Round_End"
L 11/20/2020 - 21:56:15: "Player | rp16.ru<8><STEAM_1:0:1061325750><>" entered the game
L 11/20/2020 - 21:56:17: World triggered "Round_Start"
L 11/20/2020 - 21:56:18: "Player | rp16.ru<8><STEAM_1:0:1061325750><>" joined team "TERRORIST"
L 11/20/2020 - 21:56:20: "Telipyzik55<9><STEAM_1:0:1242911636><>" connected, address "213.5.126.73:17792"
L 11/20/2020 - 21:56:22: "Telipyzik55<9><STEAM_1:0:1242911636><>" entered the game
L 11/20/2020 - 21:56:23: "minibam<10><STEAM_0:1:189314915><>" connected, address "92.38.68.168:9053"
L 11/20/2020 - 21:56:24: "minibam<10><STEAM_0:1:189314915><>" STEAM USERID validated
L 11/20/2020 - 21:56:25: "Telipyzik55<9><STEAM_1:0:1242911636><>" joined team "TERRORIST"
92.38.68.168:9053:reconnect
L 11/20/2020 - 21:56:26: "minibam<11><STEAM_0:1:189314915><>" connected, address "92.38.68.168:9053"
L 11/20/2020 - 21:56:26: "minibam<11><STEAM_0:1:189314915><>" STEAM USERID validated
L 11/20/2020 - 21:56:28: "КИБОРГ УБИЦА<12><STEAM_1:0:538817610><>" connected, address "37.113.231.5:27005"
L 11/20/2020 - 21:56:30: [admin_loader_for_fb.amxx] Login: "minibam<11><STEAM_0:1:189314915><>" became an admin (account "minibam") (nickname "minibam") (access "abcdefghjklopqrstu") (address "92.38.68.168")
 -> file: (../demoplayer.dll), md5hex: (641d3c2c) for (minibam) 
L 11/20/2020 - 21:56:30: "minibam<11><STEAM_0:1:189314915><>" entered the game
37.113.231.5:27005:reconnect
L 11/20/2020 - 21:56:31: "КИБОРГ УБИЦА<13><STEAM_1:0:538817610><>" connected, address "37.113.231.5:27005"
L 11/20/2020 - 21:56:38: [admin_loader_for_fb.amxx] Login: "КИБОРГ УБИЦА<13><STEAM_1:0:538817610><>" became an admin (account "КИБОРГ УБИЦА") (nickname "КИБОРГ УБИЦА") (access "dist") (address "37.113.231.5")
L 11/20/2020 - 21:56:38: "КИБОРГ УБИЦА<13><STEAM_1:0:538817610><>" entered the game
L 11/20/2020 - 21:56:38: "minibam<11><STEAM_0:1:189314915><>" joined team "TERRORIST"
L 11/20/2020 - 21:56:40: "Петя Чебурашка<4><STEAM_1:0:416065064><CT>" attacked "strelok1234<2><STEAM_1:0:1030552861><TERRORIST>" with "ak47" (damage "35") (damage_armor "0") (health "65") (armor "0")
L 11/20/2020 - 21:56:40: "Петя Чебурашка<4><STEAM_1:0:416065064><CT>" attacked "strelok1234<2><STEAM_1:0:1030552861><TERRORIST>" with "ak47" (damage "35") (damage_armor "0") (health "30") (armor "0")
L 11/20/2020 - 21:56:40: "Петя Чебурашка<4><STEAM_1:0:416065064><CT>" attacked "strelok1234<2><STEAM_1:0:1030552861><TERRORIST>" with "ak47" (damage "140") (damage_armor "0") (health "-110") (armor "0")
L 11/20/2020 - 21:56:40: "Петя Чебурашка<4><STEAM_1:0:416065064><CT>" killed "strelok1234<2><STEAM_1:0:1030552861><TERRORIST>" with "ak47"
L 11/20/2020 - 21:56:40: Team "CT" triggered "CTs_Win" (CT "1") (T "0")
L 11/20/2020 - 21:56:40: World triggered "Round_End"
L 11/20/2020 - 21:56:41: "КИБОРГ УБИЦА<13><STEAM_1:0:538817610><>" joined team "TERRORIST"
L 11/20/2020 - 21:56:41: Server cvar "sv_restart" = "5"
L 11/20/2020 - 21:56:42: World triggered "Restart_Round_(5_seconds)"
L 11/20/2020 - 21:56:42: Team "CT" scored "1" with "1" players
L 11/20/2020 - 21:56:42: Team "TERRORIST" scored "0" with "4" players
L 11/20/2020 - 21:56:42: Server cvar "sv_restart" = "0"
L 11/20/2020 - 21:56:46: "strelok1234<2><STEAM_1:0:1030552861><TERRORIST>" joined team "CT"
L 11/20/2020 - 21:56:47: World triggered "Round_Start"
L 11/20/2020 - 21:56:48: "koli 1231<14><STEAM_1:0:1960141105><>" connected, address "188.65.245.177:4820"
188.65.245.177:4820:reconnect
L 11/20/2020 - 21:56:52: "koli 1231<15><STEAM_1:0:1960141105><>" connected, address "188.65.245.177:4820"
 -> file: (../demoplayer.dll), md5hex: (55ceb842) for (koli 1231) 
L 11/20/2020 - 21:57:00: "koli 1231<15><STEAM_1:0:1960141105><>" entered the game
L 11/20/2020 - 21:57:06: Kick: "Петя Чебурашка<4><STEAM_1:0:416065064><>" was kicked by "Console" (message ""Вы забанены. Подробная информация в вашей консоли."")
L 11/20/2020 - 21:57:06: "Петя Чебурашка<4><STEAM_1:0:416065064><CT>" triggered "weaponstats" (weapon "ak47") (shots "7") (hits "3") (kills "1") (headshots "1") (tks "0") (damage "210") (deaths "0")
L 11/20/2020 - 21:57:06: "Петя Чебурашка<4><STEAM_1:0:416065064><CT>" triggered "weaponstats2" (weapon "ak47") (head "1") (chest "0") (stomach "0") (leftarm "0") (rightarm "2") (leftleg "0") (rightleg "0")
L 11/20/2020 - 21:57:06: "Петя Чебурашка<4><STEAM_1:0:416065064><CT>" triggered "time" (time "1:01")
L 11/20/2020 - 21:57:06: "Петя Чебурашка<4><STEAM_1:0:416065064><CT>" triggered "latency" (ping "31")
L 11/20/2020 - 21:57:06: "Петя Чебурашка<4><STEAM_1:0:416065064><CT>" disconnected
194.106.98.26:5959:reconnect
L 11/20/2020 - 21:57:20: "Петя Чебурашка<16><STEAM_1:0:416065064><>" connected, address "194.106.98.26:5959"
L 11/20/2020 - 21:57:21: Kick: "Петя Чебурашка<16><STEAM_1:0:416065064><>" was kicked by "Console" (message ""Вы забанены. Подробная информация в вашей консоли."")
L 11/20/2020 - 21:57:30: "Aim4ik<17><STEAM_1:0:1571065535><>" connected, address "78.111.189.39:27005"
L 11/20/2020 - 21:57:33: "Telipyzik55<9><STEAM_1:0:1242911636><TERRORIST>" attacked "strelok1234<2><STEAM_1:0:1030552861><CT>" with "deagle" (damage "208") (damage_armor "0") (health "-58") (armor "100")
L 11/20/2020 - 21:57:33: "Telipyzik55<9><STEAM_1:0:1242911636><TERRORIST>" killed "strelok1234<2><STEAM_1:0:1030552861><CT>" with "deagle"
L 11/20/2020 - 21:57:33: Team "TERRORIST" triggered "Terrorists_Win" (CT "0") (T "1")
L 11/20/2020 - 21:57:33: World triggered "Round_End"
L 11/20/2020 - 21:57:35: "koli 1231<15><STEAM_1:0:1960141105><>" joined team "TERRORIST"
L 11/20/2020 - 21:57:38: World triggered "Round_Start"
L 11/20/2020 - 21:57:43: "Aim4ik<17><STEAM_1:0:1571065535><>" entered the game
SZ_GetSpace: overflow on Aim4ik
WARNING: datagram overflowed for Aim4ik
L 11/20/2020 - 21:57:50: "Aim4ik<17><STEAM_1:0:1571065535><>" joined team "TERRORIST"
L 11/20/2020 - 21:58:47: "koli 1231<15><STEAM_1:0:1960141105><TERRORIST>" attacked "strelok1234<2><STEAM_1:0:1030552861><CT>" with "ak47" (damage "140") (damage_armor "0") (health "353") (armor "350")
L 11/20/2020 - 21:58:47: "koli 1231<15><STEAM_1:0:1960141105><TERRORIST>" attacked "strelok1234<2><STEAM_1:0:1030552861><CT>" with "ak47" (damage "140") (damage_armor "0") (health "213") (armor "350")
L 11/20/2020 - 21:58:47: "koli 1231<15><STEAM_1:0:1960141105><TERRORIST>" attacked "strelok1234<2><STEAM_1:0:1030552861><CT>" with "ak47" (damage "140") (damage_armor "0") (health "73") (armor "350")
L 11/20/2020 - 21:58:47: "koli 1231<15><STEAM_1:0:1960141105><TERRORIST>" attacked "strelok1234<2><STEAM_1:0:1030552861><CT>" with "ak47" (damage "140") (damage_armor "0") (health "-67") (armor "350")
L 11/20/2020 - 21:58:47: "koli 1231<15><STEAM_1:0:1960141105><TERRORIST>" killed "strelok1234<2><STEAM_1:0:1030552861><CT>" with "ak47"
L 11/20/2020 - 21:58:47: Team "TERRORIST" triggered "Terrorists_Win" (CT "0") (T "2")
L 11/20/2020 - 21:58:47: World triggered "Round_End"
L 11/20/2020 - 21:58:52: World triggered "Round_Start"
SZ_GetSpace: overflow on Telipyzik55
SZ_GetSpace: overflow on Telipyzik55
WARNING: datagram overflowed for Telipyzik55
L 11/20/2020 - 21:59:28: FATAL ERROR (shutting down): PF_MessageBegin_I: New message started when msg '98' has not been sent yet
