Protocol version 48
Exe version 1.1.2.7/Stdio (cstrike)
Exe build: 16:23:03 Oct  6 2020 (2369)
Executing ReGameDLL Configuration File 
unknown command "mp_freeforall"
unknown command "mp_maxmoney"
unknown command "mp_round_infinite"
unknown command "mp_hegrenade_penetration"
unknown command "mp_nadedrops"
unknown command "mp_roundrespawn_time"
unknown command "mp_auto_reload_weapons"
unknown command "mp_refill_bpammo_weapons"
unknown command "bot_deathmatch"
unknown command "mp_auto_join_team"
Executing ReGameDLL Configuration File 
unknown command "mp_freeforall"
unknown command "mp_maxmoney"
unknown command "mp_round_infinite"
unknown command "mp_hegrenade_penetration"
unknown command "mp_nadedrops"
unknown command "mp_roundrespawn_time"
unknown command "mp_auto_reload_weapons"
unknown command "mp_refill_bpammo_weapons"
unknown command "bot_deathmatch"
unknown command "mp_auto_join_team"
Server IP address 195.88.208.116:27015
   
   Metamod-r version 1.3.0.128 Copyright (c) 2016-2018 ReHLDS Team (rebuild of original Metamod by Will Day and Jussi Kivilinna)
   Metamod-r comes with ABSOLUTELY NO WARRANTY; for details type `meta gpl'.
   This is free software, and you are welcome to redistribute it
   under certain conditions; type `meta gpl' for details.
   
Metamod-r v1.3.0.128, API (5:13)
Metamod-r build: 17:47:48 Aug 24 2018
Metamod-r from: https://github.com/theAsmodai/metamod-r/commit/0cf2f70

   AMX Mod X version 1.9.0.5271 Copyright (c) 2004-2015 AMX Mod X Development Team 
   AMX Mod X comes with ABSOLUTELY NO WARRANTY; for details type `amxx gpl'.
   This is free software and you are welcome to redistribute it under 
   certain conditions; type 'amxx gpl' for details.
  
[WHB] Version: 1.5.696 Linux (Usage SSE 4.1)
[WHB] Success: Build ReHLDS version defined Linux '2369'
[WHB] Success: Configuration executed.
ReGameDLL version: 5.11.0.420-dev+m
L 11/20/2020 - 23:10:43: -------- Mapchange to jail_float --------
L 11/20/2020 - 23:10:43: [GEOIP] Database info: GeoLite2 Country database 2.0
[ReAimDetector] Version: 0.2.2 Linux 'Counter-Strike 1.6'
[ReAimDetector] Success: Build ReHLDS version defined Linux '2369'.
