Protocol version 48
Exe version 1.1.2.7/Stdio (cstrike)
Exe build: 16:23:03 Oct  6 2020 (2369)
Executing ReGameDLL Configuration File 
unknown command "mp_freeforall"
unknown command "mp_maxmoney"
unknown command "mp_round_infinite"
unknown command "mp_hegrenade_penetration"
unknown command "mp_nadedrops"
unknown command "mp_roundrespawn_time"
unknown command "mp_auto_reload_weapons"
unknown command "mp_refill_bpammo_weapons"
unknown command "bot_deathmatch"
unknown command "mp_auto_join_team"
Executing ReGameDLL Configuration File 
unknown command "mp_freeforall"
unknown command "mp_maxmoney"
unknown command "mp_round_infinite"
unknown command "mp_hegrenade_penetration"
unknown command "mp_nadedrops"
unknown command "mp_roundrespawn_time"
unknown command "mp_auto_reload_weapons"
unknown command "mp_refill_bpammo_weapons"
unknown command "bot_deathmatch"
unknown command "mp_auto_join_team"
Server IP address 195.88.208.116:27015
   
   Metamod-r version 1.3.0.128 Copyright (c) 2016-2018 ReHLDS Team (rebuild of original Metamod by Will Day and Jussi Kivilinna)
   Metamod-r comes with ABSOLUTELY NO WARRANTY; for details type `meta gpl'.
   This is free software, and you are welcome to redistribute it
   under certain conditions; type `meta gpl' for details.
   
Metamod-r v1.3.0.128, API (5:13)
Metamod-r build: 17:47:48 Aug 24 2018
Metamod-r from: https://github.com/theAsmodai/metamod-r/commit/0cf2f70

   AMX Mod X version 1.9.0.5271 Copyright (c) 2004-2015 AMX Mod X Development Team 
   AMX Mod X comes with ABSOLUTELY NO WARRANTY; for details type `amxx gpl'.
   This is free software and you are welcome to redistribute it under 
   certain conditions; type 'amxx gpl' for details.
  
[WHB] Version: 1.5.696 Linux (Usage SSE 4.1)
[WHB] Success: Build ReHLDS version defined Linux '2369'
[WHB] Success: Configuration executed.
ReGameDLL version: 5.11.0.420-dev+m
L 12/20/2020 - 00:37:36: -------- Mapchange to jail_float --------
L 12/20/2020 - 00:37:36: [GEOIP] Database info: GeoLite2 Country database 2.0
[ReAimDetector] Version: 0.2.2 Linux 'Counter-Strike 1.6'
[ReAimDetector] Success: Build ReHLDS version defined Linux '2369'.
Executing ReGameDLL Configuration File 
unknown command "bot_deathmatch"
Executing ReGameDLL Configuration File 
unknown command "bot_deathmatch"
unknown command "amx_default_access"
unknown command "amx_password_field"
unknown command "amx_mode"
unknown command "amx_show_activity"
unknown command "amx_imessage"
unknown command "amx_freq_imessage"
unknown command "amx_plmenu_bantimes"
unknown command "amx_tempban_maxtime"
unknown command "amx_plmenu_slapdmg"
unknown command "amx_flood_time"
unknown command "amx_reservation"
unknown command "amx_hideslots"
unknown command "amx_time_display"
unknown command "amx_time_voice"
unknown command "amx_vote_delay"
unknown command "amx_vote_time"
unknown command "amx_vote_answers"
unknown command "amx_votekick_ratio"
unknown command "amx_voteban_ratio"
unknown command "amx_votemap_ratio"
unknown command "amx_vote_ratio"
unknown command "amx_extendmap_max"
unknown command "amx_extendmap_step"
unknown command "amx_language_display_msg"
unknown command "amx_help_display_msg"
unknown command "amx_help_display_msg_time"
unknown command "amx_help_amount_per_page"
unknown command "amx_statsx_duration"
unknown command "amx_statsx_freeze"
unknown command "amx_restrmapsettings"
unknown command "fb_kick_delay"
unknown command "fb_server_name"
unknown command "fb_sql_table"
unknown command "fb_sql_log_table"
unknown command "fb_ip_ban_time"
unknown command "fb_showhud"
unknown command "fb_offline_time"
unknown command "fb_unban_self"
unknown command "fb_unban_all"
unknown command "fb_oldmap_players"
unknown command "fb_bantime_access"
unknown command "fb_adminrcon_flag"
unknown command "fb_bantime_limit"
unknown command "fb_use_sql"
unknown command "fb_nvault_clear"
unknown command "fb_force_check"
unknown command "fb_cachetime"
unknown command "fb_oldkickinfo"
unknown command "fb_logtype"
unknown command "fb_loglevel"
unknown command "fb_logdays"
unknown command "fb_use_russian"
unknown command "fb_sql_clear"
unknown command "fb_subnet_except_ucp"
unknown command "fb_subnet_clients"
unknown command "fb_prefix_clients"
unknown command "fb_rec_snet"
unknown command "fb_rec_snet_time"
unknown command "fb_rec_snet_count"
unknown command "fb_rec_snet_bt"
unknown command "fb_subnet_recheck"
unknown command "fb_rec_snet_level"
unknown command "fb_cachetime_kick"
unknown command "fb_cacheonly"
unknown command "fb_showchat"
unknown command "fb_chatinfo"
unknown command "fb_hudinfo"
unknown command "fb_hudcolor"
unknown command "fb_hudpos"
unknown command "fb_serveronly"
unknown command "fb_confirmchat"
unknown command "fb_locknames"
unknown command "fb_newmenu"
unknown command "fb_show_bb"
unknown command "fb_noip_as_allip"
unknown command "fb_longtime_allservers"
unknown command "fb_force_bantype_ip"
unknown command "fb_no_confirm"
unknown command "fb_lock_def_time"
unknown command "fb_customreason_first"
unknown command "fb_customreason_flag"
unknown command "fb_plugin_prefix"
unknown command "fb_plugin_hprefix"
unknown command "fb_menu_nick_addons"
unknown command "fb_acp_admin_uid"
unknown command "fb_kick_all_from_ip"
unknown command "fb_positive_cache_mc"
unknown command "fb_menufilters"
unknown command "fb_menusort"
unknown command "amx_password_field"
unknown command "amx_amxadmins_table"
unknown command "amx_admins_table"
unknown command "fb_adminban_flag"
unknown command "amx_mode"
unknown command "amx_imessage"
unknown command "amx_freq_imessage"
unknown command "amx_plmenu_bantimes"
unknown command "amx_tempban_maxtime"
unknown command "amx_plmenu_slapdmg"
unknown command "amx_flood_time"
unknown command "amx_reservation"
unknown command "amx_hideslots"
unknown command "amx_time_display"
unknown command "amx_time_voice"
unknown command "amx_extendmap_max"
unknown command "amx_extendmap_step"
unknown command "amx_language_display_msg"
unknown command "amx_help_display_msg"
unknown command "amx_help_display_msg_time"
unknown command "amx_help_amount_per_page"
unknown command "amx_statsx_duration"
unknown command "amx_statsx_freeze"
unknown command "amx_restrmapsettings"
IP Подошёл.
L 12/20/2020 - 00:37:37: [colored_translit_config.amxx] Can't add menu item "Настройки чата" from plugin "Colored Translit Config" to menu set because the Menus Front-End plugin itself is not loaded!
L 12/20/2020 - 00:37:37: [map_chooser_14.amxx] Загружено 47 карт из addons/amxmodx/configs/maps.ini
L 12/20/2020 - 00:37:37: [map_chooser_14.amxx] Режим сортировки карт по онлайну выключен!
========== [Colored Translit] START SET FCVAR ==========
=========== [Colored Translit] END SET FCVAR ===========
=========== [Colored Translit] START DEBUG =============
[Colored Translit] Translit File Loaded. Symbols: 65
[Colored Translit] Swear File Loaded. Swears: 0
[Colored Translit] Replace File Loaded. Replacements: 1
[Colored Translit] Ignore File Loaded. Ignore Words: 35
[Colored Translit] Spam File Loaded. Spam Words: 172
[Colored Translit] Cheat File Loaded. Cheat Words: 206
[Colored Translit] Config File Executed. Version: 3.0
=========== [Colored Translit] END DEBUG ===============
[COVID mode]: Everything is fine! The configuration file is loaded! 
unknown command "vk"
couldn't exec addons/amxmodx/configs/jb_standard/all_cvars.cfg
unknown command "jbe_last_prisoner_money"
unknown command "jbe_vip_discount_shop"
L 12/20/2020 - 00:37:37: [admin_loader_for_fb.amxx] Загружено 16 администраторов из MySQL
Server logging data to file logs/L1220100.log
L 12/20/2020 - 00:37:37: Log file started (file "logs/L1220100.log") (game "cstrike") (version "48/1.1.2.7/Stdio/2369")
unknown command "sv_logecho"
unknown command "sv_logfile"
L 12/20/2020 - 00:37:37: Server cvar "mp_logdetail" = "3"
unknown command "mp_autocrosshair"
L 12/20/2020 - 00:37:37: Server cvar "sv_aim" = "0"
unknown command "sv_airmove"
unknown command "sv_voicequality"
unknown command "sv_voicecodec"
unknown command "amx_extendmap_max"
unknown command "amx_extendmap_step"
unknown command "cam_change"
unknown command "cam_connect"
unknown command "cam_message"
unknown command "sid_url"
unknown command "]fastcup.net/rating.html"
unknown command "precache_hl"
unknown command "precache_weapons"
unknown command "amx_extendmap_max"
unknown command "amx_extendmap_step"
unknown command "sv_consistency"
unknown command "amx_amxadmins_table"
unknown command "amx_admins_table"
L 12/20/2020 - 00:37:37: [pluginmenu.amxx] Can't add menu item "Plugin Cvars" from plugin "pluginmenu.amxx" to menu set because the Menus Front-End plugin itself is not loaded!
L 12/20/2020 - 00:37:37: [pluginmenu.amxx] Can't add menu item "Plugin Commands" from plugin "pluginmenu.amxx" to menu set because the Menus Front-End plugin itself is not loaded!
fsdfsd - 1 - 1
Connection to Steam servers successful.
   VAC secure mode disabled.
L 12/20/2020 - 00:37:40: [META] ini: Begin re-reading plugins list: /servers/cs/1001/cstrike/addons/metamod/plugins.ini
L 12/20/2020 - 00:37:40: [META] ini: Read plugin config for: AMX Mod X
L 12/20/2020 - 00:37:40: [META] ini: Read plugin config for: Reunion
L 12/20/2020 - 00:37:40: [META] ini: Read plugin config for: WHBlocker
L 12/20/2020 - 00:37:40: [META] ini: Read plugin config for: Revoice
L 12/20/2020 - 00:37:40: [META] ini: Finished reading plugins list: /servers/cs/1001/cstrike/addons/metamod/plugins.ini; Found 4 plugins
L 12/20/2020 - 00:37:40: [META] dll: Updating plugins...
L 12/20/2020 - 00:37:40: [META] dll: Finished updating 14 plugins; kept 4, loaded 0, unloaded 0, reloaded 0, delayed 0
L 12/20/2020 - 00:37:40: [META] dll: Rebuilding callbacks...
L 12/20/2020 - 00:37:40: [META] dll: Callbacks rebuilded.
L 12/20/2020 - 00:37:40: Log file closed
Server logging data to file logs/L1220101.log
L 12/20/2020 - 00:37:40: Log file started (file "logs/L1220101.log") (game "cstrike") (version "48/1.1.2.7/Stdio/2369")
L 12/20/2020 - 00:37:40: Loading map "jb_flyhigh"
L 12/20/2020 - 00:37:40: Server cvars start
L 12/20/2020 - 00:37:40: Server cvar "[HR] MapStart Random GameName" = "0.2"
L 12/20/2020 - 00:37:40: Server cvar "admin_loader_version" = "3.4"
L 12/20/2020 - 00:37:40: Server cvar "allow_spectators" = "1"
L 12/20/2020 - 00:37:40: Server cvar "amx_client_languages" = "0"
L 12/20/2020 - 00:37:40: Server cvar "amx_language" = "ru"
L 12/20/2020 - 00:37:40: Server cvar "amxmodx_version" = "1.9.0.5271"
L 12/20/2020 - 00:37:40: Server cvar "antireklama" = "3.0b"
L 12/20/2020 - 00:37:40: Server cvar "banipfakes_version" = "0.2"
L 12/20/2020 - 00:37:40: Server cvar "brick_version" = "m4m3ts"
L 12/20/2020 - 00:37:40: Server cvar "Colored Translit Cheat" = "Loaded"
L 12/20/2020 - 00:37:40: Server cvar "Colored Translit Config" = "Loaded"
L 12/20/2020 - 00:37:40: Server cvar "Colored Translit Ignores" = "Loaded"
L 12/20/2020 - 00:37:40: Server cvar "Colored Translit Replace" = "Loaded"
L 12/20/2020 - 00:37:40: Server cvar "Colored Translit Spam" = "Loaded"
L 12/20/2020 - 00:37:40: Server cvar "Colored Translit Status" = "Loaded"
L 12/20/2020 - 00:37:40: Server cvar "Colored Translit Swear" = "Loaded"
L 12/20/2020 - 00:37:40: Server cvar "Colored Translit Version" = "2.0b Final"
L 12/20/2020 - 00:37:40: Server cvar "coop" = "0"
L 12/20/2020 - 00:37:40: Server cvar "csstatsx_sql" = "0.7.4"
L 12/20/2020 - 00:37:40: Server cvar "deathmatch" = "1"
L 12/20/2020 - 00:37:40: Server cvar "decalfrequency" = "30"
L 12/20/2020 - 00:37:40: Server cvar "edgefriction" = "2"
L 12/20/2020 - 00:37:40: Server cvar "ff_damage_reduction_bullets" = "0.35"
L 12/20/2020 - 00:37:40: Server cvar "ff_damage_reduction_grenade" = "0.25"
L 12/20/2020 - 00:37:40: Server cvar "ff_damage_reduction_grenade_self" = "1"
L 12/20/2020 - 00:37:40: Server cvar "ff_damage_reduction_other" = "0.25"
L 12/20/2020 - 00:37:40: Server cvar "game_version" = "5.11.0.420-dev+m"
L 12/20/2020 - 00:37:40: Server cvar "humans_join_team" = "any"
L 12/20/2020 - 00:37:40: Server cvar "max_queries_sec" = "3.0"
L 12/20/2020 - 00:37:40: Server cvar "max_queries_sec_global" = "30"
L 12/20/2020 - 00:37:40: Server cvar "max_queries_window" = "60"
L 12/20/2020 - 00:37:40: Server cvar "metamod_version" = "1.3.0.128"
L 12/20/2020 - 00:37:40: Server cvar "mp_afk_bomb_drop_time" = "0"
L 12/20/2020 - 00:37:40: Server cvar "mp_autokick" = "0"
L 12/20/2020 - 00:37:40: Server cvar "mp_autokick_timeout" = "-1"
L 12/20/2020 - 00:37:40: Server cvar "mp_autoteambalance" = "0"
L 12/20/2020 - 00:37:40: Server cvar "mp_buy_anywhere" = "0"
L 12/20/2020 - 00:37:40: Server cvar "mp_buytime" = "0"
L 12/20/2020 - 00:37:40: Server cvar "mp_c4timer" = "0"
L 12/20/2020 - 00:37:40: Server cvar "mp_chattime" = "10"
L 12/20/2020 - 00:37:40: Server cvar "mp_consistency" = "0"
L 12/20/2020 - 00:37:40: Server cvar "mp_fadetoblack" = "0"
L 12/20/2020 - 00:37:40: Server cvar "mp_flashlight" = "1"
L 12/20/2020 - 00:37:40: Server cvar "mp_footsteps" = "1"
L 12/20/2020 - 00:37:40: Server cvar "mp_forcecamera" = "2"
L 12/20/2020 - 00:37:40: Server cvar "mp_forcechasecam" = "1"
L 12/20/2020 - 00:37:40: Server cvar "mp_forcerespawn" = "0"
L 12/20/2020 - 00:37:40: Server cvar "mp_fraglimit" = "0"
L 12/20/2020 - 00:37:40: Server cvar "mp_fragsleft" = "0"
L 12/20/2020 - 00:37:40: Server cvar "mp_freeforall" = "0"
L 12/20/2020 - 00:37:40: Server cvar "mp_freezetime" = "0"
L 12/20/2020 - 00:37:40: Server cvar "mp_friendlyfire" = "1"
L 12/20/2020 - 00:37:40: Server cvar "mp_hostage_hurtable" = "1"
L 12/20/2020 - 00:37:40: Server cvar "mp_hostagepenalty" = "0"
L 12/20/2020 - 00:37:40: Server cvar "mp_infinite_ammo" = "0"
L 12/20/2020 - 00:37:40: Server cvar "mp_infinite_grenades" = "0"
L 12/20/2020 - 00:37:40: Server cvar "mp_item_staytime" = "300"
L 12/20/2020 - 00:37:40: Server cvar "mp_kickpercent" = "0.66"
L 12/20/2020 - 00:37:40: Server cvar "mp_limitteams" = "99"
L 12/20/2020 - 00:37:40: Server cvar "mp_logdetail" = "3"
L 12/20/2020 - 00:37:40: Server cvar "mp_logfile" = "1"
L 12/20/2020 - 00:37:40: Server cvar "mp_logmessages" = "1"
L 12/20/2020 - 00:37:40: Server cvar "mp_mapvoteratio" = "0.66"
L 12/20/2020 - 00:37:40: Server cvar "mp_maxmoney" = "16000"
L 12/20/2020 - 00:37:40: Server cvar "mp_maxrounds" = "0"
L 12/20/2020 - 00:37:40: Server cvar "mp_mirrordamage" = "0"
L 12/20/2020 - 00:37:40: Server cvar "mp_playerid" = "0"
L 12/20/2020 - 00:37:40: Server cvar "mp_radio_maxinround" = "60"
L 12/20/2020 - 00:37:40: Server cvar "mp_radio_timeout" = "1.5"
L 12/20/2020 - 00:37:40: Server cvar "mp_respawn_immunity_effects" = "1"
L 12/20/2020 - 00:37:40: Server cvar "mp_respawn_immunitytime" = "0"
L 12/20/2020 - 00:37:40: Server cvar "mp_round_infinite" = "0"
L 12/20/2020 - 00:37:40: Server cvar "mp_round_restart_delay" = "5"
L 12/20/2020 - 00:37:40: Server cvar "mp_roundover" = "0"
L 12/20/2020 - 00:37:40: Server cvar "mp_roundtime" = "0"
L 12/20/2020 - 00:37:40: Server cvar "mp_show_scenarioicon" = "0"
L 12/20/2020 - 00:37:40: Server cvar "mp_startmoney" = "1"
L 12/20/2020 - 00:37:40: Server cvar "mp_timeleft" = "44:56"
L 12/20/2020 - 00:37:40: Server cvar "mp_timelimit" = "45"
L 12/20/2020 - 00:37:40: Server cvar "mp_tkpunish" = "0"
L 12/20/2020 - 00:37:40: Server cvar "mp_windifference" = "1"
L 12/20/2020 - 00:37:40: Server cvar "mp_winlimit" = "0"
L 12/20/2020 - 00:37:40: Server cvar "pausable" = "0"
L 12/20/2020 - 00:37:40: Server cvar "reaimdetector_version" = "0.2.2"
L 12/20/2020 - 00:37:40: Server cvar "reu_version" = "0.1.0.92"
L 12/20/2020 - 00:37:40: Server cvar "revoice_version" = "0.1.0.32"
L 12/20/2020 - 00:37:40: Server cvar "sam_version" = "1.0"
L 12/20/2020 - 00:37:40: Server cvar "SpecList" = "1.3"
L 12/20/2020 - 00:37:40: Server cvar "sv_accelerate" = "5"
L 12/20/2020 - 00:37:40: Server cvar "sv_aim" = "0"
L 12/20/2020 - 00:37:40: Server cvar "sv_airaccelerate" = "10"
L 12/20/2020 - 00:37:40: Server cvar "sv_allowupload" = "1"
L 12/20/2020 - 00:37:40: Server cvar "sv_alltalk" = "1"
L 12/20/2020 - 00:37:40: Server cvar "sv_bounce" = "1"
L 12/20/2020 - 00:37:40: Server cvar "sv_cheats" = "0"
L 12/20/2020 - 00:37:40: Server cvar "sv_clienttrace" = "1"
L 12/20/2020 - 00:37:40: Server cvar "sv_contact" = ""
L 12/20/2020 - 00:37:40: Server cvar "sv_friction" = "4"
L 12/20/2020 - 00:37:40: Server cvar "sv_gravity" = "800"
L 12/20/2020 - 00:37:40: Server cvar "sv_logblocks" = "0"
L 12/20/2020 - 00:37:40: Server cvar "sv_maxrate" = "100000"
L 12/20/2020 - 00:37:40: Server cvar "sv_maxspeed" = "320"
L 12/20/2020 - 00:37:40: Server cvar "sv_minrate" = "15000"
L 12/20/2020 - 00:37:40: Server cvar "sv_password" = ""
L 12/20/2020 - 00:37:40: Server cvar "sv_proxies" = "1"
L 12/20/2020 - 00:37:40: Server cvar "sv_restart" = "0"
L 12/20/2020 - 00:37:40: Server cvar "sv_restartround" = "0"
L 12/20/2020 - 00:37:40: Server cvar "sv_stepsize" = "18"
L 12/20/2020 - 00:37:40: Server cvar "sv_stopspeed" = "75"
L 12/20/2020 - 00:37:40: Server cvar "sv_uploadmax" = "0.5"
L 12/20/2020 - 00:37:40: Server cvar "sv_version" = "1.1.2.7/Stdio,48,2369"
L 12/20/2020 - 00:37:40: Server cvar "sv_voiceenable" = "1"
L 12/20/2020 - 00:37:40: Server cvar "sv_wateraccelerate" = "10"
L 12/20/2020 - 00:37:40: Server cvar "sv_waterfriction" = "1"
L 12/20/2020 - 00:37:40: Server cvar "whb_version" = "1.5.696"
L 12/20/2020 - 00:37:40: Server cvars end
L 12/20/2020 - 00:37:40: -------- Mapchange to jb_flyhigh --------
L 12/20/2020 - 00:37:40: Server cvar "sv_maxspeed" = "900"
Executing ReGameDLL Configuration File 
unknown command "bot_deathmatch"
Executing ReGameDLL Configuration File 
unknown command "bot_deathmatch"
Host_Error: ED_ParseEdict: Model '*221' failed to precache because the item count is over the 512 limit.
Reduce the number of brush models and/or regular models in the map to correct this.
L 12/20/2020 - 00:37:41: FATAL ERROR (shutting down): Host_Error: ED_ParseEdict: Model '*221' failed to precache because the item count is over the 512 limit.
Reduce the number of brush models and/or regular models in the map to correct this.

