–í—ã–ø–æ–ª–Ω–µ–Ω–∞ –æ—á–∏—Å—Ç–∫–∞ –∫–æ–Ω—Å–æ–ª–∏, —Å–ª–∏—à–∫–æ–º –±–æ–ª—å—à–æ–π –æ–±—ä–µ–º –¥–∞–Ω–Ω—ã—Ö

Currently loaded plugins:
       name                    version     author            file             status   
 [  1] Admin Loader            3.4         neygomon          admin_loader_fo  running  
 [  2] FreshBans               1.4.3b      kanagava          fresh_bans_143_  running  
 [  3] fb_forwards             0.1.4       Kanagava & Realu  fb_forwards.amx  running  
 [  4] CSStatsX SQL            0.7.4       serfreeman1337    csstatsx_sql.am  running  
 [  5] AMXX Gag                1.4         minibum           amx_gag.amxx     running  
 [  6] CS Stats Logging        1.9.0.5241  AMXX Dev Team     stats_logging.a  running  
 [  7] Admin Commands          1.9.0.5235  AMXX Dev Team     admincmd.amxx    running  
 [  8] Admin_Log_IP            1.0         minion            admin_log_ip.am  running  
 [  9] –ö–æ–Ω—Ç—Ä–æ–ª—å –ê–¥–  0.1         minibam           check_admins.am  running  
 [ 10] Anti Reklama            3.0b        minibam           antireklama.amx  running  
 [ 11] Commands Menu           1.9.0.5241  AMXX Dev Team     cmdmenu.amxx     running  
 [ 12] Info. Messages          1.9.0.5241  AMXX Dev Team     imessage.amxx    running  
 [ 13] Players Menu            1.8.2       AMXX Dev Team     plmenu.amxx      running  
 [ 14] Plugin Menu             1.9.0.5241  AMXX Dev Team     pluginmenu.amxx  running  
 [ 15] Scrolling Message       1.9.0.5241  AMXX Dev Team     scrollmsg.amxx   running  
 [ 16] Admin Votes             1.9.0.5241  AMXX Dev Team     adminvote.amxx   running  
 [ 17] Stats Configuration     1.9.0.5241  AMXX Dev Team     statscfg.amxx    running  
 [ 18] Advanced MapChooser     1.4.1       minibam           map_chooser_14.  running  
 [ 19] Autoresponder/Advertis  0.5         MaximusBrood      reklama_in_chat  running  
 [ 20] Custom Flashlight       0.4.0       ConnorMcLeod      custom_flashlig  running  
 [ 21] cs-rp16.ru              1.0         minion            sam.amxx         running  
 [ 22] Night VIP               0.1         F@nt0M            night_vip.amxx   running  
 [ 23] AdminMenu               0.1         HoCok             super_menu.amxx  running  
 [ 24] BanIP Fakes             0.2         Safety1st         banip_fakes.amx  running  
 [ 25] Anim_EnadRound          1.0         ShaTalKiN         anim_endround.a  running  
 [ 26] Give Weapon             1.0         OverGame          global_weapon.a  running  
 [ 27] Christmas Tree Spawn    0.0.1b      wopox1337         christmas_tree_  running  
 [ 28] Maps Menu               1.9.0.5241  AMXX Dev Team     mapsmenu.amxx    running  
 [ 29] Proxy Detetor           1.0         _xvi              proxy_detetor.a  running  
 [ 30] [HR] MapStart Random G  0.2         Hellr0ck          hr_mapstart_ran  running  
 [ 31] Counter-advertising ni  Free        minibam           counter_adverti  running  
 [ 32] Anti Fast Strafe        10.1        Proffi+Seroff     anti_fast_straf  running  
 [ 33] Admin Chat              1.8.1.3746  AMXX Dev Team     adminchat_big_h  running  
 [ 34] No Software Mode        0.1         panicaskill       no_software_mod  running  
 [ 35] Anti Flood              1.9.0.5235  AMXX Dev Team     antiflood.amxx   running  
 [ 36] Anti net_graph 2        1.0         Seroff            anti_net_graph_  running  
 [ 37] ReAimDetector API       0.2.2       ReHLDS Team       reaimdetector.a  running  
 [ 38] Game Namer              Version 1.  NeuroToxin        gamenamechanger  running  
 [ 39] UnPrecacher             minibam -   Proo.Noob         limit_off.amxx   running  
 [ 40] [JBE] –°—Ç—Ä–æ–∏—Ç–µ–ª  1.1         minibam           jbe_building.am  running  
 [ 41] –ú–µ–Ω—é –î–∏–¥–∂–µ—è   1.1         minibam           menu_didjeya.am  running  
 [ 42] HookManager             3.1         minibum           UltraHook.amxx   running  
 [ 43] Normal Mode Kriss SV R  2.0         Asep, Credits :   normal-mode_kri  debug    
 [ 44] [CSO] M4A1 Dark Knight  1.1         minibum           cso_buffm4_fix_  running  
 [ 45] [CSO] AK47 PALADIN ||   1.0 || CLO  AsepKhairulAnam@  cso_buffak_fix_  running  
 [ 46] Brick Peace V2          1.0         minibam           jbe_brickpeacev  running  
 [ 47] [JBE] Grab + Menu       5.3         minibum           jbe_grab.amxx    debug    
 [ 48] Paint                   1.0         minion            paint.amxx       running  
 [ 49] Nade fixer              0.1         Mati              flyhighfix.amxx  debug    
 [ 50] [JB] Weapon: AK-47 Kni  1.0         Crock / =)        jb_akknife.amxx  debug    
 [ 51] jail_blue map enhancer  1.0         *CareFully*       jail_blue_enhan  running  
 [ 52] Fix bug (say / say_tea  1.0         Ghost95V & popey  saycharfix.amxx  running  
 [ 53] [Jail] Jail Core        4.2         minibam           jbe_core_mode.a  debug    
 [ 54] Menu emotions           1.0         KEK+Seroff        emot.amxx        running  
 [ 55] PLUGIN                  VERSION     AUTHOR            cam.amxx         running  
 [ 56] [JBE] –õ–æ—Ä–¥          1.0         minibum           jbe_elite_admin  debug    
 [ 57] legenda                 1.0         minibum           jbe_legenda.amx  running  
 [ 58] [JBE_DM] Birth Day      1.1         Freedo.m          jbe_dm_birthday  debug    
 [ 59] [JBE] DOGONYLKI         1.1         BATYP             jbe_dm_dogon9lk  debug    
 [ 60] [JBE_DM] Sniper         1.0         Freedo.m          jbe_dm_Day_no4.  debug    
 [ 61] [JBE_DM] Hide And Seek  1.1         Freedo.m          jbe_dm_hideands  debug    
 [ 62] ***[D-JAIL]~[J-GALAXY]  1.0         Notepad++         jbe_galaxy.amxx  debug    
 [ 63] [JBE_DM] DRUG NAHUI SU  0.1         kR1m1naL | VK.CO  jbe_dm_drug.amx  debug    
 [ 64] [JBE_DM] Shtyrm         1.0         Freedo.m          jbe_dm_shtyrm.a  debug    
 [ 65] [JBE_DM] Starwars       1.1         DARLOK            jbe_dm_starwars  debug    
 [ 66] [JBE_DM] Magic          1.0         Halyavshik        jbe_dm_magic.am  debug    
 [ 67] [JBE_DM] snipers        1.1         mdNss             jbe_dm_snipers.  debug    
 [ 68] [JBE_DM] jetpack        1.1         mdNss             jbe_dm_jetpack.  debug    
 [ 69] New Jetpack             0.0.2       Bad_Bud,ZmOutSta  zp_item_jetpack  debug    
 [ 70] [JBE_DM] snipers        1.1         mdNss             jbe_dm_1hp.amxx  debug    
 [ 71] Zombie                  1.0         Madness           jbe_dm_zombie.a  running  
 [ 72] [ZP] Extra: M134 EX     1.0         LARS-DAY[BR]EAKE  jbe_weapon_m134  debug    
 [ 73] Colored Translit        3.0         Sho0ter           colored_transli  running  
 [ 74] Colored Translit Confi  3.0         Sho0ter           colored_transli  running  
 [ 75] Parachute               1.0         maeStro           parachute.amxx   debug    
 [ 76] [JBE] dop               1.0         minibum           jbe_dopmenu.amx  running  
 [ 77] [JBE] Chief Step        1.0         Geneor            jbe_chiefstep.a  debug    
 [ 78] SpecList                1.3         minibum           speclist.amxx    running  
 [ 79] [JBE] smotr             1.0         minibum           jbe_smotr_dop.a  running  
 [ 80] SC Ban                  1.0 Beta    malniata          sc_ban.amxx      running  
 [ 81] JBE SPLEAF + CREATE BL  1.0         cut by thezoloto  stroit.amxx      running  
 [ 82] AMX Blind               1           snoopy            amx_blind.amxx   running  
82 plugins, 82 running
[FB]: Player not found
[FB]: Player not found
Rcon from 195.88.208.116:35765:
rcon 1508390541 "7K4YVX3KUfT8vzz7YLee-ZUZUzEXQ5ZjkvBrwzcjx" status
L 11/21/2020 - 19:24:50: Rcon: "rcon 1508390541 "7K4YVX3KUfT8vzz7YLee-ZUZUzEXQ5ZjkvBrwzcjx" status" from "195.88.208.116:35765"
Rcon from 195.88.208.116:55040:
rcon 1508390541 "7K4YVX3KUfT8vzz7YLee-ZUZUzEXQ5ZjkvBrwzcjx" status
L 11/21/2020 - 19:24:56: Rcon: "rcon 1508390541 "7K4YVX3KUfT8vzz7YLee-ZUZUzEXQ5ZjkvBrwzcjx" status" from "195.88.208.116:55040"
L 11/21/2020 - 19:25:04: "–ì–µ—à–∫–∞<540><STEAM_1:0:210741587><TERRORIST>" triggered "weaponstats" (weapon "m4a1") (shots "8") (hits "0") (kills "0") (headshots "0") (tks "0") (damage "0") (deaths "0")
L 11/21/2020 - 19:25:04: "–ì–µ—à–∫–∞<540><STEAM_1:0:210741587><TERRORIST>" triggered "weaponstats2" (weapon "m4a1") (head "0") (chest "0") (stomach "0") (leftarm "0") (rightarm "0") (leftleg "0") (rightleg "0")
L 11/21/2020 - 19:25:04: "–ì–µ—à–∫–∞<540><STEAM_1:0:210741587><TERRORIST>" triggered "weaponstats" (weapon "knife") (shots "2") (hits "0") (kills "0") (headshots "0") (tks "0") (damage "0") (deaths "0")
L 11/21/2020 - 19:25:04: "–ì–µ—à–∫–∞<540><STEAM_1:0:210741587><TERRORIST>" triggered "weaponstats2" (weapon "knife") (head "0") (chest "0") (stomach "0") (leftarm "0") (rightarm "0") (leftleg "0") (rightleg "0")
L 11/21/2020 - 19:25:04: "–ì–µ—à–∫–∞<540><STEAM_1:0:210741587><TERRORIST>" triggered "time" (time "2:02")
L 11/21/2020 - 19:25:04: "–ì–µ—à–∫–∞<540><STEAM_1:0:210741587><TERRORIST>" triggered "latency" (ping "81")
L 11/21/2020 - 19:25:04: "Zero<539><STEAM_1:0:763869197><TERRORIST>" triggered "weaponstats" (weapon "m4a1") (shots "4") (hits "2") (kills "1") (headshots "1") (tks "0") (damage "248") (deaths "0")
L 11/21/2020 - 19:25:04: "Zero<539><STEAM_1:0:763869197><TERRORIST>" triggered "weaponstats2" (weapon "m4a1") (head "2") (chest "0") (stomach "0") (leftarm "0") (rightarm "0") (leftleg "0") (rightleg "0")
L 11/21/2020 - 19:25:04: "Zero<539><STEAM_1:0:763869197><TERRORIST>" triggered "time" (time "2:11")
L 11/21/2020 - 19:25:04: "Zero<539><STEAM_1:0:763869197><TERRORIST>" triggered "latency" (ping "53")
L 11/21/2020 - 19:25:04: "–ö–ò–ë–û–†–ì –£–ë–ò–¶–ê<537><STEAM_1:0:538817610><TERRORIST>" triggered "weaponstats" (weapon "knife") (shots "2") (hits "0") (kills "0") (headshots "0") (tks "0") (damage "0") (deaths "0")
L 11/21/2020 - 19:25:04: "–ö–ò–ë–û–†–ì –£–ë–ò–¶–ê<537><STEAM_1:0:538817610><TERRORIST>" triggered "weaponstats2" (weapon "knife") (head "0") (chest "0") (stomach "0") (leftarm "0") (rightarm "0") (leftleg "0") (rightleg "0")
L 11/21/2020 - 19:25:04: "–ö–ò–ë–û–†–ì –£–ë–ò–¶–ê<537><STEAM_1:0:538817610><TERRORIST>" triggered "time" (time "2:09")
L 11/21/2020 - 19:25:04: "–ö–ò–ë–û–†–ì –£–ë–ò–¶–ê<537><STEAM_1:0:538817610><TERRORIST>" triggered "latency" (ping "29")
L 11/21/2020 - 19:25:04: "IMPERIVM<538><STEAM_1:0:1030145091><CT>" triggered "time" (time "2:11")
L 11/21/2020 - 19:25:04: "IMPERIVM<538><STEAM_1:0:1030145091><CT>" triggered "latency" (ping "28")
L 11/21/2020 - 19:25:04: "Nepodrazhaemiy.<536><STEAM_1:0:817665611><TERRORIST>" triggered "time" (time "2:12")
L 11/21/2020 - 19:25:04: "Nepodrazhaemiy.<536><STEAM_1:0:817665611><TERRORIST>" triggered "latency" (ping "24")
L 11/21/2020 - 19:25:04: Couldn't write file "cstrike/addons/amxmodx/configs/fb/oldmap_players.txt"
L 11/21/2020 - 19:25:04: [AMXX] Run time error 10 (plugin "fresh_bans_143_183.amxx") (native "write_file") - debug not enabled!
L 11/21/2020 - 19:25:04: [AMXX] To enable debug mode, add "debug" after the plugin name in plugins.ini (without quotes).
L 11/21/2020 - 19:25:04: [META] ini: Begin re-reading plugins list: /servers/cs/1001/cstrike/addons/metamod/plugins.ini
L 11/21/2020 - 19:25:04: [META] ini: Read plugin config for: AMX Mod X
L 11/21/2020 - 19:25:04: [META] ini: Read plugin config for: LocalizeBug Fix
L 11/21/2020 - 19:25:04: [META] ini: Read plugin config for: Reunion
L 11/21/2020 - 19:25:04: [META] ini: Read plugin config for: WHBlocker
L 11/21/2020 - 19:25:04: [META] ini: Read plugin config for: Revoice
L 11/21/2020 - 19:25:04: [META] ini: Read plugin config for: Rechecker
L 11/21/2020 - 19:25:04: [META] ini: Finished reading plugins list: /servers/cs/1001/cstrike/addons/metamod/plugins.ini; Found 6 plugins
L 11/21/2020 - 19:25:04: [META] dll: Updating plugins...
L 11/21/2020 - 19:25:04: [META] dll: Finished updating 16 plugins; kept 6, loaded 0, unloaded 0, reloaded 0, delayed 0
L 11/21/2020 - 19:25:04: [META] dll: Rebuilding callbacks...
L 11/21/2020 - 19:25:04: [META] dll: Callbacks rebuilded.
L 11/21/2020 - 19:25:04: "–ì–µ—à–∫–∞<540><STEAM_1:0:210741587><TERRORIST>" disconnected
L 11/21/2020 - 19:25:04: "Zero<539><STEAM_1:0:763869197><TERRORIST>" disconnected
L 11/21/2020 - 19:25:04: "–ö–ò–ë–û–†–ì –£–ë–ò–¶–ê<537><STEAM_1:0:538817610><TERRORIST>" disconnected
L 11/21/2020 - 19:25:04: "IMPERIVM<538><STEAM_1:0:1030145091><CT>" disconnected
L 11/21/2020 - 19:25:04: "Nepodrazhaemiy.<536><STEAM_1:0:817665611><TERRORIST>" disconnected
L 11/21/2020 - 19:25:04: World triggered "Round_Draw" (CT "0") (T "1")
L 11/21/2020 - 19:25:04: World triggered "Round_End"
L 11/21/2020 - 19:25:04: Log file closed
Server logging data to file logs/L1121039.log
L 11/21/2020 - 19:25:04: Log file started (file "logs/L1121039.log") (game "cstrike") (version "48/1.1.2.7/Stdio/2369")
L 11/21/2020 - 19:25:04: Loading map "jail_greytown"
L 11/21/2020 - 19:25:04: Server cvars start
L 11/21/2020 - 19:25:04: Server cvar "[HR] MapStart Random GameName" = "0.2"
L 11/21/2020 - 19:25:04: Server cvar "admin_loader_version" = "3.4"
L 11/21/2020 - 19:25:04: Server cvar "allow_spectators" = "1"
L 11/21/2020 - 19:25:04: Server cvar "amx_client_languages" = "0"
L 11/21/2020 - 19:25:04: Server cvar "amx_language" = "ru"
L 11/21/2020 - 19:25:04: Server cvar "amxmodx_version" = "1.9.0.5271"
L 11/21/2020 - 19:25:04: Server cvar "antireklama" = "3.0b"
L 11/21/2020 - 19:25:04: Server cvar "banipfakes_version" = "0.2"
L 11/21/2020 - 19:25:04: Server cvar "brick_version" = "m4m3ts"
L 11/21/2020 - 19:25:04: Server cvar "Colored Translit Cheat" = "Loaded"
L 11/21/2020 - 19:25:04: Server cvar "Colored Translit Config" = "Loaded"
L 11/21/2020 - 19:25:04: Server cvar "Colored Translit Ignores" = "Loaded"
L 11/21/2020 - 19:25:04: Server cvar "Colored Translit Replace" = "Loaded"
L 11/21/2020 - 19:25:04: Server cvar "Colored Translit Spam" = "Loaded"
L 11/21/2020 - 19:25:04: Server cvar "Colored Translit Status" = "Loaded"
L 11/21/2020 - 19:25:04: Server cvar "Colored Translit Swear" = "Loaded"
L 11/21/2020 - 19:25:04: Server cvar "Colored Translit Version" = "2.0b Final"
L 11/21/2020 - 19:25:04: Server cvar "coop" = "0"
L 11/21/2020 - 19:25:04: Server cvar "csstatsx_sql" = "0.7.4"
L 11/21/2020 - 19:25:04: Server cvar "deathmatch" = "1"
L 11/21/2020 - 19:25:04: Server cvar "decalfrequency" = "30"
L 11/21/2020 - 19:25:04: Server cvar "edgefriction" = "2"
L 11/21/2020 - 19:25:04: Server cvar "ff_damage_reduction_bullets" = "0.35"
L 11/21/2020 - 19:25:04: Server cvar "ff_damage_reduction_grenade" = "0.25"
L 11/21/2020 - 19:25:04: Server cvar "ff_damage_reduction_grenade_self" = "1"
L 11/21/2020 - 19:25:04: Server cvar "ff_damage_reduction_other" = "0.25"
L 11/21/2020 - 19:25:04: Server cvar "game_version" = "5.11.0.420-dev+m"
L 11/21/2020 - 19:25:04: Server cvar "humans_join_team" = "any"
L 11/21/2020 - 19:25:04: Server cvar "max_queries_sec" = "3.0"
L 11/21/2020 - 19:25:04: Server cvar "max_queries_sec_global" = "30"
L 11/21/2020 - 19:25:04: Server cvar "max_queries_window" = "60"
L 11/21/2020 - 19:25:04: Server cvar "metamod_version" = "1.3.0.128"
L 11/21/2020 - 19:25:04: Server cvar "mp_afk_bomb_drop_time" = "0"
L 11/21/2020 - 19:25:04: Server cvar "mp_autokick" = "0"
L 11/21/2020 - 19:25:04: Server cvar "mp_autokick_timeout" = "-1"
L 11/21/2020 - 19:25:04: Server cvar "mp_autoteambalance" = "0"
L 11/21/2020 - 19:25:04: Server cvar "mp_buy_anywhere" = "0"
L 11/21/2020 - 19:25:04: Server cvar "mp_buytime" = "0"
L 11/21/2020 - 19:25:04: Server cvar "mp_c4timer" = "0"
L 11/21/2020 - 19:25:04: Server cvar "mp_chattime" = "10"
L 11/21/2020 - 19:25:04: Server cvar "mp_consistency" = "0"
L 11/21/2020 - 19:25:04: Server cvar "mp_fadetoblack" = "0"
L 11/21/2020 - 19:25:04: Server cvar "mp_flashlight" = "1"
L 11/21/2020 - 19:25:04: Server cvar "mp_footsteps" = "1"
L 11/21/2020 - 19:25:04: Server cvar "mp_forcecamera" = "2"
L 11/21/2020 - 19:25:04: Server cvar "mp_forcechasecam" = "1"
L 11/21/2020 - 19:25:04: Server cvar "mp_forcerespawn" = "0"
L 11/21/2020 - 19:25:04: Server cvar "mp_fraglimit" = "0"
L 11/21/2020 - 19:25:04: Server cvar "mp_fragsleft" = "0"
L 11/21/2020 - 19:25:04: Server cvar "mp_freeforall" = "0"
L 11/21/2020 - 19:25:04: Server cvar "mp_freezetime" = "0"
L 11/21/2020 - 19:25:04: Server cvar "mp_friendlyfire" = "1"
L 11/21/2020 - 19:25:04: Server cvar "mp_hostage_hurtable" = "1"
L 11/21/2020 - 19:25:04: Server cvar "mp_hostagepenalty" = "0"
L 11/21/2020 - 19:25:04: Server cvar "mp_infinite_ammo" = "0"
L 11/21/2020 - 19:25:04: Server cvar "mp_infinite_grenades" = "0"
L 11/21/2020 - 19:25:04: Server cvar "mp_item_staytime" = "300"
L 11/21/2020 - 19:25:04: Server cvar "mp_kickpercent" = "0.66"
L 11/21/2020 - 19:25:04: Server cvar "mp_limitteams" = "99"
L 11/21/2020 - 19:25:04: Server cvar "mp_logdetail" = "3"
L 11/21/2020 - 19:25:04: Server cvar "mp_logfile" = "1"
L 11/21/2020 - 19:25:04: Server cvar "mp_logmessages" = "1"
L 11/21/2020 - 19:25:04: Server cvar "mp_mapvoteratio" = "0.66"
L 11/21/2020 - 19:25:04: Server cvar "mp_maxmoney" = "16000"
L 11/21/2020 - 19:25:04: Server cvar "mp_maxrounds" = "0"
L 11/21/2020 - 19:25:04: Server cvar "mp_mirrordamage" = "0"
L 11/21/2020 - 19:25:04: Server cvar "mp_playerid" = "0"
L 11/21/2020 - 19:25:04: Server cvar "mp_radio_maxinround" = "60"
L 11/21/2020 - 19:25:04: Server cvar "mp_radio_timeout" = "1.5"
L 11/21/2020 - 19:25:04: Server cvar "mp_respawn_immunity_effects" = "1"
L 11/21/2020 - 19:25:04: Server cvar "mp_respawn_immunitytime" = "0"
L 11/21/2020 - 19:25:04: Server cvar "mp_round_infinite" = "0"
L 11/21/2020 - 19:25:04: Server cvar "mp_round_restart_delay" = "5"
L 11/21/2020 - 19:25:04: Server cvar "mp_roundover" = "0"
L 11/21/2020 - 19:25:04: Server cvar "mp_roundtime" = "0"
L 11/21/2020 - 19:25:04: Server cvar "mp_show_scenarioicon" = "0"
L 11/21/2020 - 19:25:04: Server cvar "mp_startmoney" = "1"
L 11/21/2020 - 19:25:04: Server cvar "mp_timeleft" = "43:33"
L 11/21/2020 - 19:25:04: Server cvar "mp_timelimit" = "45"
L 11/21/2020 - 19:25:04: Server cvar "mp_tkpunish" = "0"
L 11/21/2020 - 19:25:04: Server cvar "mp_windifference" = "1"
L 11/21/2020 - 19:25:04: Server cvar "mp_winlimit" = "0"
L 11/21/2020 - 19:25:04: Server cvar "pausable" = "0"
L 11/21/2020 - 19:25:04: Server cvar "reaimdetector_version" = "0.2.2"
L 11/21/2020 - 19:25:04: Server cvar "reu_version" = "0.1.0.92"
L 11/21/2020 - 19:25:04: Server cvar "revoice_version" = "0.1.0.32"
L 11/21/2020 - 19:25:04: Server cvar "sam_version" = "1.0"
L 11/21/2020 - 19:25:04: Server cvar "SpecList" = "1.3"
L 11/21/2020 - 19:25:04: Server cvar "sv_accelerate" = "5"
L 11/21/2020 - 19:25:04: Server cvar "sv_aim" = "0"
L 11/21/2020 - 19:25:04: Server cvar "sv_airaccelerate" = "10"
L 11/21/2020 - 19:25:04: Server cvar "sv_allowupload" = "1"
L 11/21/2020 - 19:25:04: Server cvar "sv_alltalk" = "1"
L 11/21/2020 - 19:25:04: Server cvar "sv_bounce" = "1"
L 11/21/2020 - 19:25:04: Server cvar "sv_cheats" = "0"
L 11/21/2020 - 19:25:04: Server cvar "sv_clienttrace" = "1"
L 11/21/2020 - 19:25:04: Server cvar "sv_contact" = ""
L 11/21/2020 - 19:25:04: Server cvar "sv_friction" = "4"
L 11/21/2020 - 19:25:04: Server cvar "sv_gravity" = "800"
L 11/21/2020 - 19:25:04: Server cvar "sv_logblocks" = "0"
L 11/21/2020 - 19:25:04: Server cvar "sv_maxrate" = "100000"
L 11/21/2020 - 19:25:04: Server cvar "sv_maxspeed" = "320"
L 11/21/2020 - 19:25:04: Server cvar "sv_minrate" = "15000"
L 11/21/2020 - 19:25:04: Server cvar "sv_password" = ""
L 11/21/2020 - 19:25:04: Server cvar "sv_proxies" = "1"
L 11/21/2020 - 19:25:04: Server cvar "sv_restart" = "0"
L 11/21/2020 - 19:25:04: Server cvar "sv_restartround" = "0"
L 11/21/2020 - 19:25:04: Server cvar "sv_stepsize" = "18"
L 11/21/2020 - 19:25:04: Server cvar "sv_stopspeed" = "75"
L 11/21/2020 - 19:25:04: Server cvar "sv_uploadmax" = "0.5"
L 11/21/2020 - 19:25:04: Server cvar "sv_version" = "1.1.2.7/Stdio,48,2369"
L 11/21/2020 - 19:25:04: Server cvar "sv_voiceenable" = "1"
L 11/21/2020 - 19:25:04: Server cvar "sv_wateraccelerate" = "10"
L 11/21/2020 - 19:25:04: Server cvar "sv_waterfriction" = "1"
L 11/21/2020 - 19:25:04: Server cvar "whb_version" = "1.5.696"
L 11/21/2020 - 19:25:04: Server cvars end
L 11/21/2020 - 19:25:04: -------- Mapchange to jail_greytown --------
L 11/21/2020 - 19:25:05: Server cvar "sv_maxspeed" = "900"
Executing ReGameDLL Configuration File 
unknown command "bot_deathmatch"
Executing ReGameDLL Configuration File 
unknown command "bot_deathmatch"
unknown command "amx_mode"
unknown command "amx_reservation"
unknown command "amx_hideslots"
unknown command "amx_time_display"
unknown command "amx_time_voice"
unknown command "amx_extendmap_max"
unknown command "amx_extendmap_step"
unknown command "amx_language_display_msg"
unknown command "amx_help_display_msg"
unknown command "amx_help_display_msg_time"
unknown command "amx_help_amount_per_page"
unknown command "amx_statsx_duration"
unknown command "amx_statsx_freeze"
unknown command "amx_restrmapsettings"
unknown command "amx_amxadmins_table"
unknown command "amx_admins_table"
unknown command "amx_mode"
unknown command "amx_reservation"
unknown command "amx_hideslots"
unknown command "amx_time_display"
unknown command "amx_time_voice"
unknown command "amx_extendmap_max"
unknown command "amx_extendmap_step"
unknown command "amx_language_display_msg"
unknown command "amx_help_display_msg"
unknown command "amx_help_display_msg_time"
unknown command "amx_help_amount_per_page"
unknown command "amx_statsx_duration"
unknown command "amx_statsx_freeze"
unknown command "amx_restrmapsettings"
IP –ü–æ–¥–æ—à—ë–ª.
L 11/21/2020 - 19:25:05: [colored_translit_config.amxx] Can't add menu item "–ù–∞—Å—Ç—Ä–æ–π–∫–∏ —á–∞—Ç–∞" from plugin "Colored Translit Config" to menu set because the Menus Front-End plugin itself is not loaded!
L 11/21/2020 - 19:25:05: [map_chooser_14.amxx] –ó–∞–≥—Ä—É–∂–µ–Ω–æ 48 –∫–∞—Ä—Ç –∏–∑ addons/amxmodx/configs/maps.ini
L 11/21/2020 - 19:25:05: [map_chooser_14.amxx] –†–µ–∂–∏–º —Å–æ—Ä—Ç–∏—Ä–æ–≤–∫–∏ –∫–∞—Ä—Ç –ø–æ –æ–Ω–ª–∞–π–Ω—É –≤—ã–∫–ª—é—á–µ–Ω!
========== [Colored Translit] START SET FCVAR ==========
=========== [Colored Translit] END SET FCVAR ===========
=========== [Colored Translit] START DEBUG =============
[Colored Translit] Translit File Loaded. Symbols: 65
[Colored Translit] Swear File Loaded. Swears: 0
[Colored Translit] Replace File Loaded. Replacements: 1
[Colored Translit] Ignore File Loaded. Ignore Words: 35
[Colored Translit] Spam File Loaded. Spam Words: 172
[Colored Translit] Cheat File Loaded. Cheat Words: 206
[Colored Translit] Config File Executed. Version: 3.0
=========== [Colored Translit] END DEBUG ===============
unknown command "vk"
couldn't exec addons/amxmodx/configs/jb_standard/all_cvars.cfg
unknown command "jbe_last_prisoner_money"
unknown command "jbe_vip_discount_shop"
L 11/21/2020 - 19:25:05: [admin_loader_for_fb.amxx] –ó–∞–≥—Ä—É–∂–µ–Ω–æ 32 –∞–¥–º–∏–Ω–∏—Å—Ç—Ä–∞—Ç–æ—Ä–æ–≤ –∏–∑ MySQL
L 11/21/2020 - 19:25:06: Started map "jail_greytown" (CRC "-511480936")
L 11/21/2020 - 19:25:06: Server cvar "sv_maxspeed" = "320"
L 11/21/2020 - 19:25:06: Server cvar "mp_logdetail" = "1"
L 11/21/2020 - 19:25:06: Log file closed
Server logging data to file logs/L1121040.log
L 11/21/2020 - 19:25:06: Log file started (file "logs/L1121040.log") (game "cstrike") (version "48/1.1.2.7/Stdio/2369")
unknown command "sv_logecho"
unknown command "sv_logfile"
L 11/21/2020 - 19:25:06: Server cvar "mp_logdetail" = "3"
unknown command "mp_autocrosshair"
unknown command "sv_airmove"
unknown command "sv_voicequality"
unknown command "sv_voicecodec"
unknown command "amx_extendmap_max"
unknown command "amx_extendmap_step"
unknown command "cam_change"
unknown command "cam_connect"
unknown command "cam_message"
unknown command "sid_url"
unknown command "]fastcup.net/rating.html"
unknown command "precache_hl"
unknown command "precache_weapons"
unknown command "amx_extendmap_max"
unknown command "amx_extendmap_step"
unknown command "sv_consistency"
fsdfsd - 1 - 1
unknown command "amx_amxadmins_table"
unknown command "amx_admins_table"
L 11/21/2020 - 19:25:06: [pluginmenu.amxx] Can't add menu item "Plugin Cvars" from plugin "pluginmenu.amxx" to menu set because the Menus Front-End plugin itself is not loaded!
L 11/21/2020 - 19:25:06: [pluginmenu.amxx] Can't add menu item "Plugin Commands" from plugin "pluginmenu.amxx" to menu set because the Menus Front-End plugin itself is not loaded!
L 11/21/2020 - 19:25:07: World triggered "Round_Start"
46.147.156.46:42987:reconnect
L 11/21/2020 - 19:25:08: "IMPERIVM<543><STEAM_1:0:1030145091><>" connected, address "46.147.156.46:42987"
178.155.68.30:27005:reconnect
L 11/21/2020 - 19:25:08: "Nepodrazhaemiy.<544><STEAM_1:0:817665611><>" connected, address "178.155.68.30:27005"
188.18.233.130:2744:reconnect
L 11/21/2020 - 19:25:08: "Zero<545><STEAM_1:0:763869197><>" connected, address "188.18.233.130:2744"
37.113.231.5:27005:reconnect
L 11/21/2020 - 19:25:09: "–ö–ò–ë–û–†–ì –£–ë–ò–¶–ê<546><STEAM_1:0:538817610><>" connected, address "37.113.231.5:27005"
92.38.70.135:11836:reconnect
L 11/21/2020 - 19:25:11: [admin_loader_for_fb.amxx] Login: "Nepodrazhaemiy.<544><STEAM_1:0:817665611><>" became an admin (account "Nepodrazhaemiy.") (nickname "Nepodrazhaemiy.") (access "adgiklprst") (address "178.155.68.30")
L 11/21/2020 - 19:25:11: "Nepodrazhaemiy.<544><STEAM_1:0:817665611><>" entered the game
L 11/21/2020 - 19:25:11: [admin_loader_for_fb.amxx] Login: "IMPERIVM<543><STEAM_1:0:1030145091><>" became an admin (account "IMPERIVM") (nickname "IMPERIVM") (access "adgijklpqrst") (address "46.147.156.46")
 -> file: (../demoplayer.dll), md5hex: (55ceb842) for (IMPERIVM) 
L 11/21/2020 - 19:25:11: "IMPERIVM<543><STEAM_1:0:1030145091><>" entered the game
L 11/21/2020 - 19:25:11: "Zero<545><STEAM_1:0:763869197><>" entered the game
L 11/21/2020 - 19:25:12: "Nepodrazhaemiy.<544><STEAM_1:0:817665611><>" joined team "TERRORIST"
L 11/21/2020 - 19:25:12: World triggered "Round_Draw" (CT "0") (T "0")
L 11/21/2020 - 19:25:12: World triggered "Round_End"
L 11/21/2020 - 19:25:12: "Zero<545><STEAM_1:0:763869197><>" joined team "TERRORIST"
L 11/21/2020 - 19:25:13: [admin_loader_for_fb.amxx] Login: "–ö–ò–ë–û–†–ì –£–ë–ò–¶–ê<546><STEAM_1:0:538817610><>" became an admin (account "–ö–ò–ë–û–†–ì –£–ë–ò–¶–ê") (nickname "–ö–ò–ë–û–†–ì –£–ë–ò–¶–ê") (access "dist") (address "37.113.231.5")
L 11/21/2020 - 19:25:13: "–ö–ò–ë–û–†–ì –£–ë–ò–¶–ê<546><STEAM_1:0:538817610><>" entered the game
L 11/21/2020 - 19:25:14: "–ö–ò–ë–û–†–ì –£–ë–ò–¶–ê<546><STEAM_1:0:538817610><>" joined team "TERRORIST"
L 11/21/2020 - 19:25:15: "IMPERIVM<543><STEAM_1:0:1030145091><>" joined team "CT"
L 11/21/2020 - 19:25:17: World triggered "Round_Start"
37.76.174.79:27005:reconnect
L 11/21/2020 - 19:25:21: "–ì–µ—à–∫–∞<548><STEAM_1:0:210741587><>" connected, address "37.76.174.79:27005"
L 11/21/2020 - 19:25:24: "–ö–ò–ë–û–†–ì –£–ë–ò–¶–ê<546><STEAM_1:0:538817610><TERRORIST>" committed suicide with "world"
L 11/21/2020 - 19:25:24: World triggered "Game_Commencing"
L 11/21/2020 - 19:25:24: World triggered "Game_Commencing" (CT "0") (T "0")
L 11/21/2020 - 19:25:24: World triggered "Round_End"
L 11/21/2020 - 19:25:26: "–ì–µ—à–∫–∞<548><STEAM_1:0:210741587><>" entered the game
L 11/21/2020 - 19:25:27: World triggered "Round_Start"
L 11/21/2020 - 19:25:28: "–ì–µ—à–∫–∞<548><STEAM_1:0:210741587><>" joined team "TERRORIST"
(–í–°–ï–ú) –†–∞–¥–∏ –ü–æ–±–µ–¥—ã [ Jail ]  :  restart
L 11/21/2020 - 19:25:31: [adminchat_big_hud_msg.amxx] Chat: "–†–∞–¥–∏ –ü–æ–±–µ–¥—ã [ Jail ] <0><><>" say "restart"
L 11/21/2020 - 19:25:31: "–†–∞–¥–∏ –ü–æ–±–µ–¥—ã [ Jail ] <0><><>" triggered "amx_say" (text "restart")
(–í–°–ï–ú) –†–∞–¥–∏ –ü–æ–±–µ–¥—ã [ Jail ]  :  restart
L 11/21/2020 - 19:25:31: [adminchat_big_hud_msg.amxx] Chat: "–†–∞–¥–∏ –ü–æ–±–µ–¥—ã [ Jail ] <0><><>" say "restart"
L 11/21/2020 - 19:25:31: "–†–∞–¥–∏ –ü–æ–±–µ–¥—ã [ Jail ] <0><><>" triggered "amx_say" (text "restart")
(–í–°–ï–ú) –†–∞–¥–∏ –ü–æ–±–µ–¥—ã [ Jail ]  :  restart
L 11/21/2020 - 19:25:31: [adminchat_big_hud_msg.amxx] Chat: "–†–∞–¥–∏ –ü–æ–±–µ–¥—ã [ Jail ] <0><><>" say "restart"
L 11/21/2020 - 19:25:31: "–†–∞–¥–∏ –ü–æ–±–µ–¥—ã [ Jail ] <0><><>" triggered "amx_say" (text "restart")
(–í–°–ï–ú) –†–∞–¥–∏ –ü–æ–±–µ–¥—ã [ Jail ]  :  restart
L 11/21/2020 - 19:25:32: [adminchat_big_hud_msg.amxx] Chat: "–†–∞–¥–∏ –ü–æ–±–µ–¥—ã [ Jail ] <0><><>" say "restart"
L 11/21/2020 - 19:25:32: "–†–∞–¥–∏ –ü–æ–±–µ–¥—ã [ Jail ] <0><><>" triggered "amx_say" (text "restart")
(–í–°–ï–ú) –†–∞–¥–∏ –ü–æ–±–µ–¥—ã [ Jail ]  :  restart
L 11/21/2020 - 19:25:32: [adminchat_big_hud_msg.amxx] Chat: "–†–∞–¥–∏ –ü–æ–±–µ–¥—ã [ Jail ] <0><><>" say "restart"
L 11/21/2020 - 19:25:32: "–†–∞–¥–∏ –ü–æ–±–µ–¥—ã [ Jail ] <0><><>" triggered "amx_say" (text "restart")
(–í–°–ï–ú) –†–∞–¥–∏ –ü–æ–±–µ–¥—ã [ Jail ]  :  restart
L 11/21/2020 - 19:25:32: [adminchat_big_hud_msg.amxx] Chat: "–†–∞–¥–∏ –ü–æ–±–µ–¥—ã [ Jail ] <0><><>" say "restart"
L 11/21/2020 - 19:25:32: "–†–∞–¥–∏ –ü–æ–±–µ–¥—ã [ Jail ] <0><><>" triggered "amx_say" (text "restart")
(–í–°–ï–ú) –†–∞–¥–∏ –ü–æ–±–µ–¥—ã [ Jail ]  :  restart
L 11/21/2020 - 19:25:32: [adminchat_big_hud_msg.amxx] Chat: "–†–∞–¥–∏ –ü–æ–±–µ–¥—ã [ Jail ] <0><><>" say "restart"
L 11/21/2020 - 19:25:32: "–†–∞–¥–∏ –ü–æ–±–µ–¥—ã [ Jail ] <0><><>" triggered "amx_say" (text "restart")
(–í–°–ï–ú) –†–∞–¥–∏ –ü–æ–±–µ–¥—ã [ Jail ]  :  restart
L 11/21/2020 - 19:25:32: [adminchat_big_hud_msg.amxx] Chat: "–†–∞–¥–∏ –ü–æ–±–µ–¥—ã [ Jail ] <0><><>" say "restart"
L 11/21/2020 - 19:25:32: "–†–∞–¥–∏ –ü–æ–±–µ–¥—ã [ Jail ] <0><><>" triggered "amx_say" (text "restart")
(–í–°–ï–ú) –†–∞–¥–∏ –ü–æ–±–µ–¥—ã [ Jail ]  :  restart
L 11/21/2020 - 19:25:33: [adminchat_big_hud_msg.amxx] Chat: "–†–∞–¥–∏ –ü–æ–±–µ–¥—ã [ Jail ] <0><><>" say "restart"
L 11/21/2020 - 19:25:33: "–†–∞–¥–∏ –ü–æ–±–µ–¥—ã [ Jail ] <0><><>" triggered "amx_say" (text "restart")
(–í–°–ï–ú) –†–∞–¥–∏ –ü–æ–±–µ–¥—ã [ Jail ]  :  restart
L 11/21/2020 - 19:25:33: [adminchat_big_hud_msg.amxx] Chat: "–†–∞–¥–∏ –ü–æ–±–µ–¥—ã [ Jail ] <0><><>" say "restart"
L 11/21/2020 - 19:25:33: "–†–∞–¥–∏ –ü–æ–±–µ–¥—ã [ Jail ] <0><><>" triggered "amx_say" (text "restart")
(–í–°–ï–ú) –†–∞–¥–∏ –ü–æ–±–µ–¥—ã [ Jail ]  :  restart
L 11/21/2020 - 19:25:33: [adminchat_big_hud_msg.amxx] Chat: "–†–∞–¥–∏ –ü–æ–±–µ–¥—ã [ Jail ] <0><><>" say "restart"
L 11/21/2020 - 19:25:33: "–†–∞–¥–∏ –ü–æ–±–µ–¥—ã [ Jail ] <0><><>" triggered "amx_say" (text "restart")
(–í–°–ï–ú) –†–∞–¥–∏ –ü–æ–±–µ–¥—ã [ Jail ]  :  restart
L 11/21/2020 - 19:25:33: [adminchat_big_hud_msg.amxx] Chat: "–†–∞–¥–∏ –ü–æ–±–µ–¥—ã [ Jail ] <0><><>" say "restart"
L 11/21/2020 - 19:25:33: "–†–∞–¥–∏ –ü–æ–±–µ–¥—ã [ Jail ] <0><><>" triggered "amx_say" (text "restart")
(–í–°–ï–ú) –†–∞–¥–∏ –ü–æ–±–µ–¥—ã [ Jail ]  :  restart
L 11/21/2020 - 19:25:33: [adminchat_big_hud_msg.amxx] Chat: "–†–∞–¥–∏ –ü–æ–±–µ–¥—ã [ Jail ] <0><><>" say "restart"
L 11/21/2020 - 19:25:33: "–†–∞–¥–∏ –ü–æ–±–µ–¥—ã [ Jail ] <0><><>" triggered "amx_say" (text "restart")
(–í–°–ï–ú) –†–∞–¥–∏ –ü–æ–±–µ–¥—ã [ Jail ]  :  restart
L 11/21/2020 - 19:25:33: [adminchat_big_hud_msg.amxx] Chat: "–†–∞–¥–∏ –ü–æ–±–µ–¥—ã [ Jail ] <0><><>" say "restart"
L 11/21/2020 - 19:25:33: "–†–∞–¥–∏ –ü–æ–±–µ–¥—ã [ Jail ] <0><><>" triggered "amx_say" (text "restart")
(–í–°–ï–ú) –†–∞–¥–∏ –ü–æ–±–µ–¥—ã [ Jail ]  :  restart
L 11/21/2020 - 19:25:33: [adminchat_big_hud_msg.amxx] Chat: "–†–∞–¥–∏ –ü–æ–±–µ–¥—ã [ Jail ] <0><><>" say "restart"
L 11/21/2020 - 19:25:33: "–†–∞–¥–∏ –ü–æ–±–µ–¥—ã [ Jail ] <0><><>" triggered "amx_say" (text "restart")
(–í–°–ï–ú) –†–∞–¥–∏ –ü–æ–±–µ–¥—ã [ Jail ]  :  restart
L 11/21/2020 - 19:25:34: [adminchat_big_hud_msg.amxx] Chat: "–†–∞–¥–∏ –ü–æ–±–µ–¥—ã [ Jail ] <0><><>" say "restart"
L 11/21/2020 - 19:25:34: "–†–∞–¥–∏ –ü–æ–±–µ–¥—ã [ Jail ] <0><><>" triggered "amx_say" (text "restart")
(–í–°–ï–ú) –†–∞–¥–∏ –ü–æ–±–µ–¥—ã [ Jail ]  :  restart
L 11/21/2020 - 19:25:34: [adminchat_big_hud_msg.amxx] Chat: "–†–∞–¥–∏ –ü–æ–±–µ–¥—ã [ Jail ] <0><><>" say "restart"
L 11/21/2020 - 19:25:34: "–†–∞–¥–∏ –ü–æ–±–µ–¥—ã [ Jail ] <0><><>" triggered "amx_say" (text "restart")
(–í–°–ï–ú) –†–∞–¥–∏ –ü–æ–±–µ–¥—ã [ Jail ]  :  restart
L 11/21/2020 - 19:25:34: [adminchat_big_hud_msg.amxx] Chat: "–†–∞–¥–∏ –ü–æ–±–µ–¥—ã [ Jail ] <0><><>" say "restart"
L 11/21/2020 - 19:25:34: "–†–∞–¥–∏ –ü–æ–±–µ–¥—ã [ Jail ] <0><><>" triggered "amx_say" (text "restart")
(–í–°–ï–ú) –†–∞–¥–∏ –ü–æ–±–µ–¥—ã [ Jail ]  :  restart
L 11/21/2020 - 19:25:34: [adminchat_big_hud_msg.amxx] Chat: "–†–∞–¥–∏ –ü–æ–±–µ–¥—ã [ Jail ] <0><><>" say "restart"
L 11/21/2020 - 19:25:34: "–†–∞–¥–∏ –ü–æ–±–µ–¥—ã [ Jail ] <0><><>" triggered "amx_say" (text "restart")
Rcon from 195.88.208.116:34603:
rcon 1508390541 "7K4YVX3KUfT8vzz7YLee-ZUZUzEXQ5ZjkvBrwzcjx" status
L 11/21/2020 - 19:25:35: Rcon: "rcon 1508390541 "7K4YVX3KUfT8vzz7YLee-ZUZUzEXQ5ZjkvBrwzcjx" status" from "195.88.208.116:34603"
L 11/21/2020 - 19:25:39: "Zero<545><STEAM_1:0:763869197><TERRORIST>" attacked "IMPERIVM<543><STEAM_1:0:1030145091><CT>" with "awp" (damage "114") (damage_armor "0") (health "-14") (armor "0")
L 11/21/2020 - 19:25:39: "Zero<545><STEAM_1:0:763869197><TERRORIST>" killed "IMPERIVM<543><STEAM_1:0:1030145091><CT>" with "awp"
L 11/21/2020 - 19:25:39: Team "TERRORIST" triggered "Terrorists_Win" (CT "0") (T "1")
L 11/21/2020 - 19:25:39: World triggered "Round_End"
L 11/21/2020 - 19:25:41: "Zero<545><STEAM_1:0:763869197><TERRORIST>" committed suicide with "worldspawn" (world)
Rcon from 195.88.208.116:32990:
rcon 1508390541 "7K4YVX3KUfT8vzz7YLee-ZUZUzEXQ5ZjkvBrwzcjx" status
L 11/21/2020 - 19:25:41: Rcon: "rcon 1508390541 "7K4YVX3KUfT8vzz7YLee-ZUZUzEXQ5ZjkvBrwzcjx" status" from "195.88.208.116:32990"
