Выполнена очистка консоли, слишком большой объем данных

(ВСЕМ) Ради Победы [ Jail ]  :  restart
L 11/23/2020 - 23:46:21: [adminchat_big_hud_msg.amxx] Chat: "Ради Победы [ Jail ] <0><><>" say "restart"
L 11/23/2020 - 23:46:21: "Ради Победы [ Jail ] <0><><>" triggered "amx_say" (text "restart")
(ВСЕМ) Ради Победы [ Jail ]  :  restart
L 11/23/2020 - 23:46:22: [adminchat_big_hud_msg.amxx] Chat: "Ради Победы [ Jail ] <0><><>" say "restart"
L 11/23/2020 - 23:46:22: "Ради Победы [ Jail ] <0><><>" triggered "amx_say" (text "restart")
(ВСЕМ) Ради Победы [ Jail ]  :  restart
L 11/23/2020 - 23:46:22: [adminchat_big_hud_msg.amxx] Chat: "Ради Победы [ Jail ] <0><><>" say "restart"
L 11/23/2020 - 23:46:22: "Ради Победы [ Jail ] <0><><>" triggered "amx_say" (text "restart")
(ВСЕМ) Ради Победы [ Jail ]  :  restart
L 11/23/2020 - 23:46:22: [adminchat_big_hud_msg.amxx] Chat: "Ради Победы [ Jail ] <0><><>" say "restart"
L 11/23/2020 - 23:46:22: "Ради Победы [ Jail ] <0><><>" triggered "amx_say" (text "restart")
(ВСЕМ) Ради Победы [ Jail ]  :  restart
L 11/23/2020 - 23:46:23: [adminchat_big_hud_msg.amxx] Chat: "Ради Победы [ Jail ] <0><><>" say "restart"
L 11/23/2020 - 23:46:23: "Ради Победы [ Jail ] <0><><>" triggered "amx_say" (text "restart")
(ВСЕМ) Ради Победы [ Jail ]  :  restart
L 11/23/2020 - 23:46:23: [adminchat_big_hud_msg.amxx] Chat: "Ради Победы [ Jail ] <0><><>" say "restart"
L 11/23/2020 - 23:46:23: "Ради Победы [ Jail ] <0><><>" triggered "amx_say" (text "restart")
(ВСЕМ) Ради Победы [ Jail ]  :  restart
L 11/23/2020 - 23:46:23: [adminchat_big_hud_msg.amxx] Chat: "Ради Победы [ Jail ] <0><><>" say "restart"
L 11/23/2020 - 23:46:23: "Ради Победы [ Jail ] <0><><>" triggered "amx_say" (text "restart")
Rcon from 195.88.208.116:56062:
rcon 2093212024 "7K4YVX3KUfT8vzz7YLee-ZUZUzEXQ5ZjkvBrwzcjx" status
L 11/23/2020 - 23:46:29: Rcon: "rcon 2093212024 "7K4YVX3KUfT8vzz7YLee-ZUZUzEXQ5ZjkvBrwzcjx" status" from "195.88.208.116:56062"
