–í—ã–ø–æ–ª–Ω–µ–Ω–∞ –æ—á–∏—Å—Ç–∫–∞ –∫–æ–Ω—Å–æ–ª–∏, —Å–ª–∏—à–∫–æ–º –±–æ–ª—å—à–æ–π –æ–±—ä–µ–º –¥–∞–Ω–Ω—ã—Ö

Currently loaded plugins:
       name                    version     author            file             status   
 [  1] FreshBans               1.4.3b      kanagava          fresh_bans_143_  running  
 [  2] Admin Loader            3.4         neygomon          admin_loader_fo  running  
 [  3] fb_forwards             0.1.4       Kanagava & Realu  fb_forwards.amx  running  
 [  4] COVID mode              [182] 1.2.  wellasgood        covid_mode.amxx  running  
 [  5] CSStatsX SQL            0.7.4       serfreeman1337    csstatsx_sql.am  running  
 [  6] AMXX Gag                1.4         minibum           amx_gag.amxx     running  
 [  7] CS Stats Logging        1.9.0.5241  AMXX Dev Team     stats_logging.a  running  
 [  8] Admin Commands          1.9.0.5235  AMXX Dev Team     admincmd.amxx    running  
 [  9] Admin_Log_IP            1.0         minion            admin_log_ip.am  running  
 [ 10] –ö–æ–Ω—Ç—Ä–æ–ª—å –ê–¥–  0.1         minibam           check_admins.am  running  
 [ 11] Anti Reklama            3.0b        minibam           antireklama.amx  running  
 [ 12] Commands Menu           1.9.0.5241  AMXX Dev Team     cmdmenu.amxx     running  
 [ 13] Info. Messages          1.9.0.5241  AMXX Dev Team     imessage.amxx    running  
 [ 14] Players Menu            1.8.2       AMXX Dev Team     plmenu.amxx      running  
 [ 15] Plugin Menu             1.9.0.5241  AMXX Dev Team     pluginmenu.amxx  running  
 [ 16] Scrolling Message       1.9.0.5241  AMXX Dev Team     scrollmsg.amxx   running  
 [ 17] Admin Votes             1.9.0.5241  AMXX Dev Team     adminvote.amxx   running  
 [ 18] Stats Configuration     1.9.0.5241  AMXX Dev Team     statscfg.amxx    running  
 [ 19] Advanced MapChooser     1.4.1       minibam           map_chooser_14.  running  
 [ 20] Autoresponder/Advertis  0.5         MaximusBrood      reklama_in_chat  running  
 [ 21] Custom Flashlight       0.4.0       ConnorMcLeod      custom_flashlig  running  
 [ 22] cs-rp16.ru              1.0         minion            sam.amxx         running  
 [ 23] Night VIP               0.1         F@nt0M            night_vip.amxx   running  
 [ 24] AdminMenu               0.1         HoCok             super_menu.amxx  running  
 [ 25] BanIP Fakes             0.2         Safety1st         banip_fakes.amx  running  
 [ 26] Anim_EnadRound          1.0         ShaTalKiN         anim_endround.a  running  
 [ 27] Give Weapon             1.0         OverGame          global_weapon.a  running  
 [ 28] Christmas Tree Spawn    0.0.1b      wopox1337         christmas_tree_  running  
 [ 29] Maps Menu               1.9.0.5241  AMXX Dev Team     mapsmenu.amxx    running  
 [ 30] Proxy Detetor           1.0         _xvi              proxy_detetor.a  running  
 [ 31] [HR] MapStart Random G  0.2         Hellr0ck          hr_mapstart_ran  running  
 [ 32] Counter-advertising ni  Free        minibam           counter_adverti  running  
 [ 33] Anti Fast Strafe        10.1        Proffi+Seroff     anti_fast_straf  running  
 [ 34] Admin Chat              1.8.1.3746  AMXX Dev Team     adminchat_big_h  running  
 [ 35] No Software Mode        0.1         panicaskill       no_software_mod  running  
 [ 36] Anti Flood              1.9.0.5235  AMXX Dev Team     antiflood.amxx   running  
 [ 37] Anti net_graph 2        1.0         Seroff            anti_net_graph_  running  
 [ 38] ReAimDetector API       0.2.2       ReHLDS Team       reaimdetector.a  running  
 [ 39] Game Namer              Version 1.  NeuroToxin        gamenamechanger  running  
 [ 40] UnPrecacher             minibam -   Proo.Noob         limit_off.amxx   running  
 [ 41] [JBE] –°—Ç—Ä–æ–∏—Ç–µ–ª  1.1         minibam           jbe_building.am  running  
 [ 42] –ú–µ–Ω—é –î–∏–¥–∂–µ—è   1.1         minibam           menu_didjeya.am  running  
 [ 43] HookManager             3.1         minibum           UltraHook.amxx   running  
 [ 44] Normal Mode Kriss SV R  2.0         Asep, Credits :   normal-mode_kri  debug    
 [ 45] [CSO] M4A1 Dark Knight  1.1         minibum           cso_buffm4_fix_  running  
 [ 46] [CSO] AK47 PALADIN ||   1.0 || CLO  AsepKhairulAnam@  cso_buffak_fix_  running  
 [ 47] Brick Peace V2          1.0         minibam           jbe_brickpeacev  running  
 [ 48] [JBE] Grab + Menu       5.3         minibum           jbe_grab.amxx    debug    
 [ 49] Paint                   1.0         minion            paint.amxx       running  
 [ 50] Nade fixer              0.1         Mati              flyhighfix.amxx  debug    
 [ 51] [JB] Weapon: AK-47 Kni  1.0         Crock / =)        jb_akknife.amxx  debug    
 [ 52] jail_blue map enhancer  1.0         *CareFully*       jail_blue_enhan  running  
 [ 53] Fix bug (say / say_tea  1.0         Ghost95V & popey  saycharfix.amxx  running  
 [ 54] [Jail] Jail Core        4.2         minibam           jbe_core_mode.a  debug    
 [ 55] Menu emotions           1.0         KEK+Seroff        emot.amxx        running  
 [ 56] PLUGIN                  VERSION     AUTHOR            cam.amxx         running  
 [ 57] [JBE] –õ–æ—Ä–¥          1.0         minibum           jbe_elite_admin  debug    
 [ 58] legenda                 1.0         minibum           jbe_legenda.amx  running  
 [ 59] [JBE_DM] Birth Day      1.1         Freedo.m          jbe_dm_birthday  debug    
 [ 60] [JBE] DOGONYLKI         1.1         BATYP             jbe_dm_dogon9lk  debug    
 [ 61] [JBE_DM] Sniper         1.0         Freedo.m          jbe_dm_Day_no4.  debug    
 [ 62] [JBE_DM] Hide And Seek  1.1         Freedo.m          jbe_dm_hideands  debug    
 [ 63] ***[D-JAIL]~[J-GALAXY]  1.0         Notepad++         jbe_galaxy.amxx  debug    
 [ 64] [JBE_DM] DRUG NAHUI SU  0.1         kR1m1naL | VK.CO  jbe_dm_drug.amx  debug    
 [ 65] [JBE_DM] Shtyrm         1.0         Freedo.m          jbe_dm_shtyrm.a  debug    
 [ 66] [JBE_DM] Starwars       1.1         DARLOK            jbe_dm_starwars  debug    
 [ 67] [JBE_DM] Magic          1.0         Halyavshik        jbe_dm_magic.am  debug    
 [ 68] [JBE_DM] snipers        1.1         mdNss             jbe_dm_snipers.  debug    
 [ 69] [JBE_DM] jetpack        1.1         mdNss             jbe_dm_jetpack.  debug    
 [ 70] New Jetpack             0.0.2       Bad_Bud,ZmOutSta  zp_item_jetpack  debug    
 [ 71] [JBE_DM] snipers        1.1         mdNss             jbe_dm_1hp.amxx  debug    
 [ 72] Zombie                  1.0         Madness           jbe_dm_zombie.a  running  
 [ 73] [ZP] Extra: M134 EX     1.0         LARS-DAY[BR]EAKE  jbe_weapon_m134  debug    
 [ 74] Colored Translit        3.0         Sho0ter           colored_transli  running  
 [ 75] Colored Translit Confi  3.0         Sho0ter           colored_transli  running  
 [ 76] Parachute               1.0         maeStro           parachute.amxx   debug    
 [ 77] [JBE] dop               1.0         minibum           jbe_dopmenu.amx  running  
 [ 78] [JBE] Chief Step        1.0         Geneor            jbe_chiefstep.a  debug    
 [ 79] SpecList                1.3         minibum           speclist.amxx    running  
 [ 80] [JBE] smotr             1.0         minibum           jbe_smotr_dop.a  running  
 [ 81] SC Ban                  1.0 Beta    malniata          sc_ban.amxx      running  
 [ 82] JBE SPLEAF + CREATE BL  1.0         cut by thezoloto  stroit.amxx      running  
 [ 83] AMX Blind               1           snoopy            amx_blind.amxx   running  
83 plugins, 83 running
Currently loaded plugins:
      description      stat pend  file                        vers            src  load  unload
 [ 1] AMX Mod X        RUN   -    amxmodx_mm_i386.so          v1.9.0.5271     ini  Start ANY  
 [ 2] LocalizeBug Fix  RUN   -    localizebugfix.so           v2.4            ini  Start Never
 [ 3] Reunion          RUN   -    reunion_mm_i386.so          v0.1.0.92       ini  Start Never
 [ 4] WHBlocker        RUN   -    whblocker.so                v1.5.696        ini  Chlvl ANY  
 [ 5] Revoice          RUN   -    revoice.so                  v0.1.0.32       ini  Start Never
 [ 6] Rechecker        RUN   -    rechecker_mm_i386.so        v2.5            ini  Chlvl ANY  
 [ 7] CStrike          RUN   -    cstrike_amxx_i386.so        v1.9.0.5271     pl1  ANY   ANY  
 [ 8] CSX              RUN   -    csx_amxx_i386.so            v1.9.0.5271     pl1  ANY   ANY  
 [ 9] FakeMeta         RUN   -    fakemeta_amxx_i386.so       v1.9.0.5271     pl1  ANY   ANY  
 [10] MySQL            RUN   -    mysql_amxx_i386.so          v1.9.0.5271     pl1  ANY   ANY  
 [11] ReAPI            RUN   -    reapi_amxx_i386.so          v5.8.0.166-dev  pl1  ANY   Never
 [12] Engine           RUN   -    engine_amxx_i386.so         v1.9.0.5271     pl1  ANY   ANY  
 [13] Ham Sandwich     RUN   -    hamsandwich_amxx_i386.so    v1.9.0.5271     pl1  ANY   ANY  
 [14] GeoIP            RUN   -    geoip_amxx_i386.so          v1.9.0.5271     pl1  ANY   ANY  
 [15] Fun              RUN   -    fun_amxx_i386.so            v1.9.0.5271     pl1  ANY   ANY  
 [16] ReAimDetector    RUN   -    reaimdetector_amxx_i386.so  v0.2.2          pl1  ANY   Never
16 plugins, 16 running
–°–ø–∏—Å–æ–∫ –∑–∞–≥—Ä—É–∂–µ–Ω–Ω—ã—Ö –º–æ–¥—É–ª–µ–π:
–ù–∞–∏–º–µ–Ω–æ–≤–∞–Ω–∏  –í–µ—Ä—Å–∏  –ê–≤—Ç–æ—Ä           –°–æ—Å—Ç–æ 
CStrike                 1.9.0.5271  AMX Mod X Dev Team   running    
CSX                     1.9.0.5271  AMX Mod X Dev Team   running    
FakeMeta                1.9.0.5271  AMX Mod X Dev Team   running    
nVault                  1.9.0.5271  AMX Mod X Dev Team   running    
MySQL                   1.9.0.5271  AMX Mod X Dev Team   running    
ReAPI                   5.8.0.166-  Asmodai & s1lent     running    
Engine                  1.9.0.5271  AMX Mod X Dev Team   running    
Ham Sandwich            1.9.0.5271  AMX Mod X Dev Team   running    
GeoIP                   1.9.0.5271  AMX Mod X Dev Team   running    
Fun                     1.9.0.5271  AMX Mod X Dev Team   running    
ReAimDetector           0.2.2       ReHLDS Team          running    
–í—Å–µ–≥–æ 11 –º–æ–¥—É–ª–µ–π
213.87.255.236:27005:reconnect
L 11/22/2020 - 21:06:20: "T-MS | ÔºÉPro Player<523><STEAM_1:0:817665611><>" connected, address "213.87.255.236:27005"
213.87.255.236:27005:reconnect
L 11/22/2020 - 21:06:51: "T-MS | ÔºÉPro Player<524><STEAM_1:0:817665611><>" connected, address "213.87.255.236:27005"
L 11/22/2020 - 21:06:54: "Player | rp16.ru<524><STEAM_1:0:817665611><>" entered the game
L 11/22/2020 - 21:07:02: "Player | rp16.ru<524><STEAM_1:0:817665611><>" joined team "TERRORIST"
L 11/22/2020 - 21:08:02: "213<522><STEAM_1:0:135370578><TERRORIST>" triggered "weaponstats" (weapon "knife") (shots "23") (hits "0") (kills "0") (headshots "0") (tks "0") (damage "0") (deaths "1")
L 11/22/2020 - 21:08:02: "213<522><STEAM_1:0:135370578><TERRORIST>" triggered "weaponstats2" (weapon "knife") (head "0") (chest "0") (stomach "0") (leftarm "0") (rightarm "0") (leftleg "0") (rightleg "0")
L 11/22/2020 - 21:08:02: "213<522><STEAM_1:0:135370578><TERRORIST>" triggered "time" (time "8:20")
L 11/22/2020 - 21:08:02: "213<522><STEAM_1:0:135370578><TERRORIST>" triggered "latency" (ping "34")
L 11/22/2020 - 21:08:02: "213<522><STEAM_1:0:135370578><TERRORIST>" disconnected
46.149.187.100:27005:reconnect
L 11/22/2020 - 21:08:02: "213<525><STEAM_1:0:135370578><>" connected, address "46.149.187.100:27005"
L 11/22/2020 - 21:08:04: "213<525><STEAM_1:0:135370578><>" entered the game
L 11/22/2020 - 21:08:05: "213<525><STEAM_1:0:135370578><>" joined team "TERRORIST"
L 11/22/2020 - 21:08:11: [admin_loader_for_fb.amxx] Login: "Player | rp16.ru<524><STEAM_1:0:817665611><>" kicked due to invalid password (account "Nepodrazhaemiy.") (address "213.87.255.236")
L 11/22/2020 - 21:08:11: Kick: "Player | rp16.ru<524><STEAM_1:0:817665611><>" was kicked by "Console" (message "Invalid password! Use setinfo "_pw" "your pass"")
L 11/22/2020 - 21:08:11: "Player | rp16.ru<524><STEAM_1:0:817665611><TERRORIST>" triggered "time" (time "1:16")
L 11/22/2020 - 21:08:11: "Player | rp16.ru<524><STEAM_1:0:817665611><TERRORIST>" triggered "latency" (ping "23")
L 11/22/2020 - 21:08:11: "Player | rp16.ru<524><STEAM_1:0:817665611><TERRORIST>" disconnected
L 11/22/2020 - 21:08:39: "213<525><STEAM_1:0:135370578><TERRORIST>" triggered "time" (time "0:35")
L 11/22/2020 - 21:08:39: "213<525><STEAM_1:0:135370578><TERRORIST>" triggered "latency" (ping "31")
L 11/22/2020 - 21:08:39: "213<525><STEAM_1:0:135370578><TERRORIST>" disconnected
213.87.255.236:27005:reconnect
L 11/22/2020 - 21:08:45: "Nepodrazhaemiy.<526><STEAM_1:0:817665611><>" connected, address "213.87.255.236:27005"
L 11/22/2020 - 21:08:47: [admin_loader_for_fb.amxx] Login: "Nepodrazhaemiy.<526><STEAM_1:0:817665611><>" became an admin (account "Nepodrazhaemiy.") (nickname "Nepodrazhaemiy.") (access "adgiklprst") (address "213.87.255.236")
L 11/22/2020 - 21:08:47: "Nepodrazhaemiy.<526><STEAM_1:0:817665611><>" entered the game
L 11/22/2020 - 21:08:51: "Nepodrazhaemiy.<526><STEAM_1:0:817665611><>" joined team "TERRORIST"
L 11/22/2020 - 21:09:02: [adminchat_big_hud_msg.amxx] Chat: "Nepodrazhaemiy.<526><STEAM_1:0:817665611><>" tsay "–ù–∏–∫–∏—Ç–∞–∞ –î–æ–±–±—Ä—ã–π –≤–µ—á–µ–µ—Ä)"
L 11/22/2020 - 21:09:02: "Nepodrazhaemiy.<526><STEAM_1:0:817665611><>" triggered "amx_tsay" (text "–ù–∏–∫–∏—Ç–∞–∞ –î–æ–±–±—Ä—ã–π –≤–µ—á–µ–µ—Ä)") (color "white")
L 11/22/2020 - 21:09:59: "R@MZE$$<511><STEAM_1:0:763869197><CT>" committed suicide with "trigger_hurt" (world)
L 11/22/2020 - 21:09:59: Team "TERRORIST" triggered "Terrorists_Win" (CT "0") (T "3")
L 11/22/2020 - 21:09:59: World triggered "Round_End"
L 11/22/2020 - 21:10:04: World triggered "Round_Start"
91.204.115.91:27005:reconnect
L 11/22/2020 - 21:10:08: "Kwazzi<527><STEAM_1:0:1566539173><>" connected, address "91.204.115.91:27005"
91.204.115.91:27005:reconnect
L 11/22/2020 - 21:10:11: "Kwazzi<528><STEAM_1:0:1566539173><>" connected, address "91.204.115.91:27005"
L 11/22/2020 - 21:10:15: [admin_loader_for_fb.amxx] Login: "Kwazzi<528><STEAM_1:0:1566539173><>" became an admin (account "Kwazzi") (nickname "Kwazzi") (access "mrs") (address "91.204.115.91")
L 11/22/2020 - 21:10:15: "Kwazzi<528><STEAM_1:0:1566539173><>" entered the game
L 11/22/2020 - 21:10:20: "Kwazzi<528><STEAM_1:0:1566539173><>" joined team "TERRORIST"
L 11/22/2020 - 21:10:29: "MAMKA23<521><STEAM_1:0:711618438><TERRORIST>" committed suicide with "worldspawn" (world)
L 11/22/2020 - 21:10:37: "MAMKA23<521><STEAM_1:0:711618438><TERRORIST>" triggered "weaponstats" (weapon "m4a1") (shots "6") (hits "0") (kills "0") (headshots "0") (tks "0") (damage "0") (deaths "0")
L 11/22/2020 - 21:10:37: "MAMKA23<521><STEAM_1:0:711618438><TERRORIST>" triggered "weaponstats2" (weapon "m4a1") (head "0") (chest "0") (stomach "0") (leftarm "0") (rightarm "0") (leftleg "0") (rightleg "0")
L 11/22/2020 - 21:10:37: "MAMKA23<521><STEAM_1:0:711618438><TERRORIST>" triggered "weaponstats" (weapon "deagle") (shots "17") (hits "2") (kills "0") (headshots "0") (tks "0") (damage "59") (deaths "1")
L 11/22/2020 - 21:10:37: "MAMKA23<521><STEAM_1:0:711618438><TERRORIST>" triggered "weaponstats2" (weapon "deagle") (head "0") (chest "1") (stomach "0") (leftarm "1") (rightarm "0") (leftleg "0") (rightleg "0")
L 11/22/2020 - 21:10:37: "MAMKA23<521><STEAM_1:0:711618438><TERRORIST>" triggered "weaponstats" (weapon "ak47") (shots "21") (hits "6") (kills "3") (headshots "1") (tks "0") (damage "314") (deaths "0")
L 11/22/2020 - 21:10:37: "MAMKA23<521><STEAM_1:0:711618438><TERRORIST>" triggered "weaponstats2" (weapon "ak47") (head "1") (chest "2") (stomach "1") (leftarm "1") (rightarm "0") (leftleg "1") (rightleg "0")
L 11/22/2020 - 21:10:37: "MAMKA23<521><STEAM_1:0:711618438><TERRORIST>" triggered "weaponstats" (weapon "knife") (shots "10") (hits "0") (kills "0") (headshots "0") (tks "0") (damage "0") (deaths "0")
L 11/22/2020 - 21:10:37: "MAMKA23<521><STEAM_1:0:711618438><TERRORIST>" triggered "weaponstats2" (weapon "knife") (head "0") (chest "0") (stomach "0") (leftarm "0") (rightarm "0") (leftleg "0") (rightleg "0")
L 11/22/2020 - 21:10:37: "MAMKA23<521><STEAM_1:0:711618438><TERRORIST>" triggered "time" (time "12:11")
L 11/22/2020 - 21:10:37: "MAMKA23<521><STEAM_1:0:711618438><TERRORIST>" triggered "latency" (ping "22")
L 11/22/2020 - 21:10:37: "MAMKA23<521><STEAM_1:0:711618438><TERRORIST>" disconnected
L 11/22/2020 - 21:10:47: "R@MZE$$<511><STEAM_1:0:763869197><CT>" committed suicide with "world"
L 11/22/2020 - 21:10:47: Team "TERRORIST" triggered "Terrorists_Win" (CT "0") (T "4")
L 11/22/2020 - 21:10:47: World triggered "Round_End"
L 11/22/2020 - 21:10:47: "R@MZE$$<511><STEAM_1:0:763869197><CT>" joined team "TERRORIST"
L 11/22/2020 - 21:10:50: "Kwazzi<528><STEAM_1:0:1566539173><TERRORIST>" joined team "CT"
L 11/22/2020 - 21:10:52: World triggered "Round_Start"
L 11/22/2020 - 21:11:37: "Kwazzi<528><STEAM_1:0:1566539173><CT>" changed name to "zeRRo"
L 11/22/2020 - 21:11:37: [admin_loader_for_fb.amxx] Login: "zeRRo<528><STEAM_1:0:1566539173><>" became an admin (account "zeRRo") (nickname "zeRRo") (access "adefghilnpqrst") (address "91.204.115.91")
L 11/22/2020 - 21:13:10: "zeRRo<528><STEAM_1:0:1566539173><CT>" changed name to "Kwazzi"
L 11/22/2020 - 21:13:10: [admin_loader_for_fb.amxx] Login: "Kwazzi<528><STEAM_1:0:1566539173><>" became an admin (account "Kwazzi") (nickname "Kwazzi") (access "mrs") (address "91.204.115.91")
L 11/22/2020 - 21:13:24: "Kwazzi<528><STEAM_1:0:1566539173><CT>" attacked "Nepodrazhaemiy.<526><STEAM_1:0:817665611><TERRORIST>" with "mp5navy" (damage "43") (damage_armor "0") (health "56") (armor "0")
L 11/22/2020 - 21:13:25: "Kwazzi<528><STEAM_1:0:1566539173><CT>" attacked "Nepodrazhaemiy.<526><STEAM_1:0:817665611><TERRORIST>" with "mp5navy" (damage "175") (damage_armor "0") (health "-118") (armor "0")
L 11/22/2020 - 21:13:25: "Kwazzi<528><STEAM_1:0:1566539173><CT>" killed "Nepodrazhaemiy.<526><STEAM_1:0:817665611><TERRORIST>" with "mp5navy"
L 11/22/2020 - 21:13:42: "R@MZE$$<511><STEAM_1:0:763869197><TERRORIST>" triggered "weaponstats" (weapon "mp5navy") (shots "4") (hits "0") (kills "0") (headshots "0") (tks "0") (damage "0") (deaths "0")
L 11/22/2020 - 21:13:42: "R@MZE$$<511><STEAM_1:0:763869197><TERRORIST>" triggered "weaponstats2" (weapon "mp5navy") (head "0") (chest "0") (stomach "0") (leftarm "0") (rightarm "0") (leftleg "0") (rightleg "0")
L 11/22/2020 - 21:13:42: "R@MZE$$<511><STEAM_1:0:763869197><TERRORIST>" triggered "weaponstats" (weapon "ak47") (shots "29") (hits "5") (kills "3") (headshots "2") (tks "3") (damage "385") (deaths "2")
L 11/22/2020 - 21:13:42: "R@MZE$$<511><STEAM_1:0:763869197><TERRORIST>" triggered "weaponstats2" (weapon "ak47") (head "2") (chest "0") (stomach "0") (leftarm "0") (rightarm "3") (leftleg "0") (rightleg "0")
L 11/22/2020 - 21:13:42: "R@MZE$$<511><STEAM_1:0:763869197><TERRORIST>" triggered "weaponstats" (weapon "knife") (shots "26") (hits "0") (kills "0") (headshots "0") (tks "0") (damage "0") (deaths "1")
L 11/22/2020 - 21:13:42: "R@MZE$$<511><STEAM_1:0:763869197><TERRORIST>" triggered "weaponstats2" (weapon "knife") (head "0") (chest "0") (stomach "0") (leftarm "0") (rightarm "0") (leftleg "0") (rightleg "0")
L 11/22/2020 - 21:13:42: "R@MZE$$<511><STEAM_1:0:763869197><TERRORIST>" triggered "time" (time "25:28")
L 11/22/2020 - 21:13:42: "R@MZE$$<511><STEAM_1:0:763869197><TERRORIST>" triggered "latency" (ping "51")
L 11/22/2020 - 21:13:42: "R@MZE$$<511><STEAM_1:0:763869197><TERRORIST>" disconnected
L 11/22/2020 - 21:14:38: "Kwazzi<528><STEAM_1:0:1566539173><CT>" triggered "weaponstats" (weapon "mp5navy") (shots "7") (hits "2") (kills "1") (headshots "1") (tks "0") (damage "218") (deaths "0")
L 11/22/2020 - 21:14:38: "Kwazzi<528><STEAM_1:0:1566539173><CT>" triggered "weaponstats2" (weapon "mp5navy") (head "1") (chest "0") (stomach "0") (leftarm "1") (rightarm "0") (leftleg "0") (rightleg "0")
L 11/22/2020 - 21:14:38: "Kwazzi<528><STEAM_1:0:1566539173><CT>" triggered "weaponstats" (weapon "knife") (shots "36") (hits "0") (kills "0") (headshots "0") (tks "0") (damage "0") (deaths "0")
L 11/22/2020 - 21:14:38: "Kwazzi<528><STEAM_1:0:1566539173><CT>" triggered "weaponstats2" (weapon "knife") (head "0") (chest "0") (stomach "0") (leftarm "0") (rightarm "0") (leftleg "0") (rightleg "0")
L 11/22/2020 - 21:14:38: "Kwazzi<528><STEAM_1:0:1566539173><CT>" triggered "time" (time "4:22")
L 11/22/2020 - 21:14:38: "Kwazzi<528><STEAM_1:0:1566539173><CT>" triggered "latency" (ping "67")
L 11/22/2020 - 21:14:38: "Kwazzi<528><STEAM_1:0:1566539173><CT>" disconnected
L 11/22/2020 - 21:14:42: "Zver1232<453><STEAM_1:0:640980244><TERRORIST>" committed suicide with "worldspawn" (world)
L 11/22/2020 - 21:14:42: World triggered "Round_Draw" (CT "0") (T "4")
L 11/22/2020 - 21:14:42: World triggered "Round_End"
L 11/22/2020 - 21:14:47: World triggered "Round_Start"
91.204.115.91:27005:reconnect
L 11/22/2020 - 21:15:01: "NARUTO.<529><STEAM_1:0:1566539173><>" connected, address "91.204.115.91:27005"
91.204.115.91:27005:reconnect
L 11/22/2020 - 21:15:07: "NARUTO.<530><STEAM_1:0:1566539173><>" connected, address "91.204.115.91:27005"
L 11/22/2020 - 21:15:11: "Nepodrazhaemiy.<526><STEAM_1:0:817665611><TERRORIST>" attacked "Zver1232<453><STEAM_1:0:640980244><TERRORIST>" with "ak47" (damage "42") (damage_armor "0") (health "57") (armor "0")
L 11/22/2020 - 21:15:12: "Nepodrazhaemiy.<526><STEAM_1:0:817665611><TERRORIST>" attacked "Zver1232<453><STEAM_1:0:640980244><TERRORIST>" with "ak47" (damage "34") (damage_armor "0") (health "24") (armor "0")
L 11/22/2020 - 21:15:12: "Nepodrazhaemiy.<526><STEAM_1:0:817665611><TERRORIST>" attacked "Zver1232<453><STEAM_1:0:640980244><TERRORIST>" with "ak47" (damage "34") (damage_armor "0") (health "-10") (armor "0")
L 11/22/2020 - 21:15:12: "Nepodrazhaemiy.<526><STEAM_1:0:817665611><TERRORIST>" killed "Zver1232<453><STEAM_1:0:640980244><TERRORIST>" with "ak47"
L 11/22/2020 - 21:15:13: "NARUTO.<530><STEAM_1:0:1566539173><>" entered the game
L 11/22/2020 - 21:15:17: "NARUTO.<530><STEAM_1:0:1566539173><>" joined team "TERRORIST"
L 11/22/2020 - 21:15:17: "Nepodrazhaemiy.<526><STEAM_1:0:817665611><TERRORIST>" committed suicide with "world"
L 11/22/2020 - 21:15:17: World triggered "Round_Draw" (CT "0") (T "4")
L 11/22/2020 - 21:15:17: World triggered "Round_End"
L 11/22/2020 - 21:15:22: World triggered "Round_Start"
L 11/22/2020 - 21:15:44: "NARUTO.<530><STEAM_1:0:1566539173><TERRORIST>" attacked "Zver1232<453><STEAM_1:0:640980244><TERRORIST>" with "m4a1" (damage "37") (damage_armor "0") (health "62") (armor "0")
L 11/22/2020 - 21:15:44: "NARUTO.<530><STEAM_1:0:1566539173><TERRORIST>" attacked "Zver1232<453><STEAM_1:0:640980244><TERRORIST>" with "m4a1" (damage "120") (damage_armor "0") (health "-57") (armor "0")
L 11/22/2020 - 21:15:44: "NARUTO.<530><STEAM_1:0:1566539173><TERRORIST>" killed "Zver1232<453><STEAM_1:0:640980244><TERRORIST>" with "m4a1"
L 11/22/2020 - 21:15:46: "Nepodrazhaemiy.<526><STEAM_1:0:817665611><TERRORIST>" attacked "NARUTO.<530><STEAM_1:0:1566539173><TERRORIST>" with "ak47" (damage "42") (damage_armor "0") (health "57") (armor "0")
L 11/22/2020 - 21:15:46: "Nepodrazhaemiy.<526><STEAM_1:0:817665611><TERRORIST>" attacked "NARUTO.<530><STEAM_1:0:1566539173><TERRORIST>" with "ak47" (damage "34") (damage_armor "0") (health "24") (armor "0")
L 11/22/2020 - 21:15:50: "Nepodrazhaemiy.<526><STEAM_1:0:817665611><TERRORIST>" attacked "NARUTO.<530><STEAM_1:0:1566539173><TERRORIST>" with "ak47" (damage "35") (damage_armor "0") (health "-11") (armor "0")
L 11/22/2020 - 21:15:50: "Nepodrazhaemiy.<526><STEAM_1:0:817665611><TERRORIST>" killed "NARUTO.<530><STEAM_1:0:1566539173><TERRORIST>" with "ak47"
L 11/22/2020 - 21:15:52: "Nepodrazhaemiy.<526><STEAM_1:0:817665611><TERRORIST>" committed suicide with "world"
L 11/22/2020 - 21:15:52: World triggered "Round_Draw" (CT "0") (T "4")
L 11/22/2020 - 21:15:52: World triggered "Round_End"
L 11/22/2020 - 21:15:57: World triggered "Round_Start"
L 11/22/2020 - 21:16:20: "NARUTO.<530><STEAM_1:0:1566539173><TERRORIST>" attacked "Nepodrazhaemiy.<526><STEAM_1:0:817665611><TERRORIST>" with "ak47" (damage "35") (damage_armor "0") (health "215") (armor "250")
L 11/22/2020 - 21:16:20: "Nepodrazhaemiy.<526><STEAM_1:0:817665611><TERRORIST>" attacked "NARUTO.<530><STEAM_1:0:1566539173><TERRORIST>" with "ak47" (damage "27") (damage_armor "3") (health "72") (armor "26")
L 11/22/2020 - 21:16:20: "NARUTO.<530><STEAM_1:0:1566539173><TERRORIST>" attacked "Nepodrazhaemiy.<526><STEAM_1:0:817665611><TERRORIST>" with "ak47" (damage "35") (damage_armor "0") (health "180") (armor "250")
L 11/22/2020 - 21:16:20: "NARUTO.<530><STEAM_1:0:1566539173><TERRORIST>" attacked "Nepodrazhaemiy.<526><STEAM_1:0:817665611><TERRORIST>" with "ak47" (damage "35") (damage_armor "0") (health "145") (armor "250")
L 11/22/2020 - 21:16:21: "NARUTO.<530><STEAM_1:0:1566539173><TERRORIST>" attacked "Nepodrazhaemiy.<526><STEAM_1:0:817665611><TERRORIST>" with "ak47" (damage "35") (damage_armor "0") (health "110") (armor "250")
L 11/22/2020 - 21:16:21: "NARUTO.<530><STEAM_1:0:1566539173><TERRORIST>" attacked "Nepodrazhaemiy.<526><STEAM_1:0:817665611><TERRORIST>" with "ak47" (damage "26") (damage_armor "0") (health "83") (armor "250")
L 11/22/2020 - 21:16:21: "Nepodrazhaemiy.<526><STEAM_1:0:817665611><TERRORIST>" attacked "NARUTO.<530><STEAM_1:0:1566539173><TERRORIST>" with "ak47" (damage "33") (damage_armor "4") (health "39") (armor "21")
L 11/22/2020 - 21:16:21: "NARUTO.<530><STEAM_1:0:1566539173><TERRORIST>" attacked "Nepodrazhaemiy.<526><STEAM_1:0:817665611><TERRORIST>" with "ak47" (damage "35") (damage_armor "0") (health "49") (armor "250")
L 11/22/2020 - 21:16:21: "Nepodrazhaemiy.<526><STEAM_1:0:817665611><TERRORIST>" attacked "NARUTO.<530><STEAM_1:0:1566539173><TERRORIST>" with "ak47" (damage "27") (damage_armor "3") (health "12") (armor "17")
L 11/22/2020 - 21:16:21: "Nepodrazhaemiy.<526><STEAM_1:0:817665611><TERRORIST>" attacked "NARUTO.<530><STEAM_1:0:1566539173><TERRORIST>" with "ak47" (damage "27") (damage_armor "3") (health "-14") (armor "13")
L 11/22/2020 - 21:16:21: "Nepodrazhaemiy.<526><STEAM_1:0:817665611><TERRORIST>" killed "NARUTO.<530><STEAM_1:0:1566539173><TERRORIST>" with "ak47"
L 11/22/2020 - 21:16:25: Function is not present (function "jbe_set_rabies") (plugin "jbe_core_mode.amxx")
L 11/22/2020 - 21:16:25: [AMXX] Displaying debug trace (plugin "jbe_core_mode.amxx", version "4.2")
L 11/22/2020 - 21:16:25: [AMXX] Run time error 10: native error (native "set_task")
L 11/22/2020 - 21:16:25: [AMXX]    [0] jbe_core_mode.sma::Handle_ShopOtherMenu (line 4130)
L 11/22/2020 - 21:16:30: "NARUTO.<530><STEAM_1:0:1566539173><TERRORIST>" joined team "CT"
L 11/22/2020 - 21:16:30: World triggered "Game_Commencing"
L 11/22/2020 - 21:16:30: World triggered "Game_Commencing" (CT "0") (T "4")
L 11/22/2020 - 21:16:30: World triggered "Round_End"
L 11/22/2020 - 21:16:33: World triggered "Round_Start"
95.27.44.118:62529:reconnect
L 11/22/2020 - 21:17:58: "MAMKA23<531><STEAM_1:0:711618438><>" connected, address "95.27.44.118:62529"
95.27.44.118:62529:reconnect
L 11/22/2020 - 21:17:59: "MAMKA23<532><STEAM_1:0:711618438><>" connected, address "95.27.44.118:62529"
L 11/22/2020 - 21:18:01: "MAMKA23<532><STEAM_1:0:711618438><>" entered the game
L 11/22/2020 - 21:18:06: "MAMKA23<532><STEAM_1:0:711618438><>" joined team "TERRORIST"
L 11/22/2020 - 21:18:21: "NARUTO.<530><STEAM_1:0:1566539173><CT>" changed name to "zeRRo"
L 11/22/2020 - 21:18:21: [admin_loader_for_fb.amxx] Login: "zeRRo<530><STEAM_1:0:1566539173><>" became an admin (account "zeRRo") (nickname "zeRRo") (access "adefghilnpqrst") (address "91.204.115.91")
L 11/22/2020 - 21:20:43: "zeRRo<530><STEAM_1:0:1566539173><CT>" committed suicide with "world"
L 11/22/2020 - 21:20:43: Team "TERRORIST" triggered "Terrorists_Win" (CT "0") (T "1")
L 11/22/2020 - 21:20:43: World triggered "Round_End"
L 11/22/2020 - 21:20:43: "zeRRo<530><STEAM_1:0:1566539173><CT>" joined team "TERRORIST"
L 11/22/2020 - 21:20:48: World triggered "Round_Start"
L 11/22/2020 - 21:21:18: "Zver1232<453><STEAM_1:0:640980244><TERRORIST>" attacked "zeRRo<530><STEAM_1:0:1566539173><TERRORIST>" with "m4a1" (damage "30") (damage_armor "0") (health "219") (armor "0")
L 11/22/2020 - 21:21:19: "zeRRo<530><STEAM_1:0:1566539173><TERRORIST>" attacked "Zver1232<453><STEAM_1:0:640980244><TERRORIST>" with "m4a1" (damage "32") (damage_armor "0") (health "68") (armor "0")
L 11/22/2020 - 21:21:19: "zeRRo<530><STEAM_1:0:1566539173><TERRORIST>" attacked "Zver1232<453><STEAM_1:0:640980244><TERRORIST>" with "m4a1" (damage "32") (damage_armor "0") (health "36") (armor "0")
L 11/22/2020 - 21:21:19: "zeRRo<530><STEAM_1:0:1566539173><TERRORIST>" attacked "Zver1232<453><STEAM_1:0:640980244><TERRORIST>" with "m4a1" (damage "32") (damage_armor "0") (health "4") (armor "0")
L 11/22/2020 - 21:21:19: "zeRRo<530><STEAM_1:0:1566539173><TERRORIST>" attacked "Zver1232<453><STEAM_1:0:640980244><TERRORIST>" with "m4a1" (damage "32") (damage_armor "0") (health "-28") (armor "0")
L 11/22/2020 - 21:21:19: "zeRRo<530><STEAM_1:0:1566539173><TERRORIST>" killed "Zver1232<453><STEAM_1:0:640980244><TERRORIST>" with "m4a1"
L 11/22/2020 - 21:21:28: "Nepodrazhaemiy.<526><STEAM_1:0:817665611><TERRORIST>" attacked "MAMKA23<532><STEAM_1:0:711618438><TERRORIST>" with "ak47" (damage "35") (damage_armor "0") (health "65") (armor "0")
L 11/22/2020 - 21:21:28: "Nepodrazhaemiy.<526><STEAM_1:0:817665611><TERRORIST>" attacked "MAMKA23<532><STEAM_1:0:711618438><TERRORIST>" with "ak47" (damage "35") (damage_armor "0") (health "30") (armor "0")
L 11/22/2020 - 21:21:28: "MAMKA23<532><STEAM_1:0:711618438><TERRORIST>" attacked "Nepodrazhaemiy.<526><STEAM_1:0:817665611><TERRORIST>" with "m4a1" (damage "30") (damage_armor "0") (health "219") (armor "250")
L 11/22/2020 - 21:21:28: "MAMKA23<532><STEAM_1:0:711618438><TERRORIST>" attacked "Nepodrazhaemiy.<526><STEAM_1:0:817665611><TERRORIST>" with "m4a1" (damage "30") (damage_armor "0") (health "189") (armor "250")
L 11/22/2020 - 21:21:28: "MAMKA23<532><STEAM_1:0:711618438><TERRORIST>" attacked "Nepodrazhaemiy.<526><STEAM_1:0:817665611><TERRORIST>" with "m4a1" (damage "123") (damage_armor "0") (health "66") (armor "250")
L 11/22/2020 - 21:21:29: "MAMKA23<532><STEAM_1:0:711618438><TERRORIST>" attacked "Nepodrazhaemiy.<526><STEAM_1:0:817665611><TERRORIST>" with "m4a1" (damage "30") (damage_armor "0") (health "36") (armor "250")
L 11/22/2020 - 21:21:29: "Nepodrazhaemiy.<526><STEAM_1:0:817665611><TERRORIST>" attacked "MAMKA23<532><STEAM_1:0:711618438><TERRORIST>" with "ak47" (damage "35") (damage_armor "0") (health "-5") (armor "0")
L 11/22/2020 - 21:21:29: "Nepodrazhaemiy.<526><STEAM_1:0:817665611><TERRORIST>" killed "MAMKA23<532><STEAM_1:0:711618438><TERRORIST>" with "ak47"
L 11/22/2020 - 21:21:36: "MAMKA23<532><STEAM_1:0:711618438><TERRORIST>" joined team "CT"
L 11/22/2020 - 21:21:36: World triggered "Game_Commencing"
L 11/22/2020 - 21:21:36: World triggered "Game_Commencing" (CT "0") (T "1")
L 11/22/2020 - 21:21:36: World triggered "Round_End"
L 11/22/2020 - 21:21:37: "MAMKA23<532><STEAM_1:0:711618438><CT>" joined team "TERRORIST"
L 11/22/2020 - 21:21:39: World triggered "Round_Start"
L 11/22/2020 - 21:21:43: "MAMKA23<532><STEAM_1:0:711618438><TERRORIST>" committed suicide with "worldspawn" (world)
L 11/22/2020 - 21:21:51: "MAMKA23<532><STEAM_1:0:711618438><TERRORIST>" joined team "CT"
L 11/22/2020 - 21:21:51: World triggered "Game_Commencing"
L 11/22/2020 - 21:21:51: World triggered "Game_Commencing" (CT "0") (T "0")
L 11/22/2020 - 21:21:51: World triggered "Round_End"
L 11/22/2020 - 21:21:52: "MAMKA23<532><STEAM_1:0:711618438><CT>" joined team "TERRORIST"
L 11/22/2020 - 21:21:54: World triggered "Round_Start"
L 11/22/2020 - 21:22:05: Kick: "MAMKA23<532><STEAM_1:0:711618438><>" was kicked by "Console" (message ""–í—ã –∑–∞–±–∞–Ω–µ–Ω—ã. –ü–æ–¥—Ä–æ–±–Ω–∞—è –∏–Ω—Ñ–æ—Ä–º–∞—Ü–∏—è –≤ –≤–∞—à–µ–π –∫–æ–Ω—Å–æ–ª–∏."")
L 11/22/2020 - 21:22:05: "MAMKA23<532><STEAM_1:0:711618438><TERRORIST>" triggered "weaponstats" (weapon "m4a1") (shots "13") (hits "4") (kills "0") (headshots "0") (tks "0") (damage "213") (deaths "1")
L 11/22/2020 - 21:22:05: "MAMKA23<532><STEAM_1:0:711618438><TERRORIST>" triggered "weaponstats2" (weapon "m4a1") (head "1") (chest "0") (stomach "0") (leftarm "2") (rightarm "0") (leftleg "0") (rightleg "1")
L 11/22/2020 - 21:22:05: "MAMKA23<532><STEAM_1:0:711618438><TERRORIST>" triggered "weaponstats" (weapon "ak47") (shots "2") (hits "0") (kills "0") (headshots "0") (tks "0") (damage "0") (deaths "0")
L 11/22/2020 - 21:22:05: "MAMKA23<532><STEAM_1:0:711618438><TERRORIST>" triggered "weaponstats2" (weapon "ak47") (head "0") (chest "0") (stomach "0") (leftarm "0") (rightarm "0") (leftleg "0") (rightleg "0")
L 11/22/2020 - 21:22:05: "MAMKA23<532><STEAM_1:0:711618438><TERRORIST>" triggered "time" (time "4:03")
L 11/22/2020 - 21:22:05: "MAMKA23<532><STEAM_1:0:711618438><TERRORIST>" triggered "latency" (ping "23")
L 11/22/2020 - 21:22:05: "MAMKA23<532><STEAM_1:0:711618438><TERRORIST>" disconnected
95.27.44.118:62529:reconnect
L 11/22/2020 - 21:22:21: "MAMKA23<533><STEAM_1:0:711618438><>" connected, address "95.27.44.118:62529"
L 11/22/2020 - 21:22:22: Kick: "MAMKA23<533><STEAM_1:0:711618438><>" was kicked by "Console" (message ""–í—ã –∑–∞–±–∞–Ω–µ–Ω—ã. –ü–æ–¥—Ä–æ–±–Ω–∞—è –∏–Ω—Ñ–æ—Ä–º–∞—Ü–∏—è –≤ –≤–∞—à–µ–π –∫–æ–Ω—Å–æ–ª–∏."")
95.27.44.118:62529:reconnect
L 11/22/2020 - 21:22:31: "MAMKA2<534><STEAM_1:0:711618438><>" connected, address "95.27.44.118:62529"
L 11/22/2020 - 21:22:32: Kick: "MAMKA2<534><STEAM_1:0:711618438><>" was kicked by "Console" (message ""–í—ã –∑–∞–±–∞–Ω–µ–Ω—ã. –ü–æ–¥—Ä–æ–±–Ω–∞—è –∏–Ω—Ñ–æ—Ä–º–∞—Ü–∏—è –≤ –≤–∞—à–µ–π –∫–æ–Ω—Å–æ–ª–∏."")
L 11/22/2020 - 21:22:37: "zeRRo<530><STEAM_1:0:1566539173><TERRORIST>" attacked "Nepodrazhaemiy.<526><STEAM_1:0:817665611><TERRORIST>" with "m4a1" (damage "128") (damage_armor "0") (health "122") (armor "250")
L 11/22/2020 - 21:22:37: "zeRRo<530><STEAM_1:0:1566539173><TERRORIST>" attacked "Nepodrazhaemiy.<526><STEAM_1:0:817665611><TERRORIST>" with "m4a1" (damage "32") (damage_armor "0") (health "90") (armor "250")
L 11/22/2020 - 21:22:37: "zeRRo<530><STEAM_1:0:1566539173><TERRORIST>" attacked "Nepodrazhaemiy.<526><STEAM_1:0:817665611><TERRORIST>" with "m4a1" (damage "32") (damage_armor "0") (health "58") (armor "250")
L 11/22/2020 - 21:22:37: "Nepodrazhaemiy.<526><STEAM_1:0:817665611><TERRORIST>" attacked "zeRRo<530><STEAM_1:0:1566539173><TERRORIST>" with "ak47" (damage "140") (damage_armor "0") (health "-40") (armor "0")
L 11/22/2020 - 21:22:37: "Nepodrazhaemiy.<526><STEAM_1:0:817665611><TERRORIST>" killed "zeRRo<530><STEAM_1:0:1566539173><TERRORIST>" with "ak47"
L 11/22/2020 - 21:22:42: "zeRRo<530><STEAM_1:0:1566539173><TERRORIST>" triggered "weaponstats" (weapon "m4a1") (shots "39") (hits "9") (kills "2") (headshots "1") (tks "2") (damage "477") (deaths "2")
L 11/22/2020 - 21:22:42: "zeRRo<530><STEAM_1:0:1566539173><TERRORIST>" triggered "weaponstats2" (weapon "m4a1") (head "2") (chest "1") (stomach "1") (leftarm "5") (rightarm "0") (leftleg "0") (rightleg "0")
L 11/22/2020 - 21:22:42: "zeRRo<530><STEAM_1:0:1566539173><TERRORIST>" triggered "weaponstats" (weapon "ak47") (shots "19") (hits "6") (kills "0") (headshots "0") (tks "0") (damage "201") (deaths "1")
L 11/22/2020 - 21:22:42: "zeRRo<530><STEAM_1:0:1566539173><TERRORIST>" triggered "weaponstats2" (weapon "ak47") (head "0") (chest "0") (stomach "0") (leftarm "5") (rightarm "0") (leftleg "1") (rightleg "0")
L 11/22/2020 - 21:22:42: "zeRRo<530><STEAM_1:0:1566539173><TERRORIST>" triggered "weaponstats" (weapon "knife") (shots "27") (hits "0") (kills "0") (headshots "0") (tks "0") (damage "0") (deaths "0")
L 11/22/2020 - 21:22:42: "zeRRo<530><STEAM_1:0:1566539173><TERRORIST>" triggered "weaponstats2" (weapon "knife") (head "0") (chest "0") (stomach "0") (leftarm "0") (rightarm "0") (leftleg "0") (rightleg "0")
L 11/22/2020 - 21:22:42: "zeRRo<530><STEAM_1:0:1566539173><TERRORIST>" triggered "time" (time "7:29")
L 11/22/2020 - 21:22:42: "zeRRo<530><STEAM_1:0:1566539173><TERRORIST>" triggered "latency" (ping "70")
L 11/22/2020 - 21:22:42: "zeRRo<530><STEAM_1:0:1566539173><TERRORIST>" disconnected
91.204.115.91:27005:reconnect
L 11/22/2020 - 21:22:43: "zeRRo<535><STEAM_1:0:1566539173><>" connected, address "91.204.115.91:27005"
91.204.115.91:27005:reconnect
L 11/22/2020 - 21:22:46: "zeRRo<536><STEAM_1:0:1566539173><>" connected, address "91.204.115.91:27005"
L 11/22/2020 - 21:22:51: [admin_loader_for_fb.amxx] Login: "zeRRo<536><STEAM_1:0:1566539173><>" became an admin (account "zeRRo") (nickname "zeRRo") (access "adefghilnpqrst") (address "91.204.115.91")
L 11/22/2020 - 21:22:51: "zeRRo<536><STEAM_1:0:1566539173><>" entered the game
L 11/22/2020 - 21:22:52: "zeRRo<536><STEAM_1:0:1566539173><>" joined team "TERRORIST"
L 11/22/2020 - 21:23:01: "Zver1232<453><STEAM_1:0:640980244><TERRORIST>" committed suicide with "worldspawn" (world)
L 11/22/2020 - 21:23:05: "bobby1545<537><STEAM_1:0:805317254><>" connected, address "178.66.169.41:27005"
L 11/22/2020 - 21:23:06: "Nepodrazhaemiy.<526><STEAM_1:0:817665611><TERRORIST>" committed suicide with "world"
L 11/22/2020 - 21:23:06: World triggered "Round_Draw" (CT "0") (T "0")
L 11/22/2020 - 21:23:06: World triggered "Round_End"
L 11/22/2020 - 21:23:11: World triggered "Round_Start"
L 11/22/2020 - 21:23:34: "zeRRo<536><STEAM_1:0:1566539173><TERRORIST>" attacked "Nepodrazhaemiy.<526><STEAM_1:0:817665611><TERRORIST>" with "ak47" (damage "35") (damage_armor "0") (health "215") (armor "250")
L 11/22/2020 - 21:23:34: "zeRRo<536><STEAM_1:0:1566539173><TERRORIST>" attacked "Nepodrazhaemiy.<526><STEAM_1:0:817665611><TERRORIST>" with "ak47" (damage "35") (damage_armor "0") (health "180") (armor "250")
L 11/22/2020 - 21:23:34: "zeRRo<536><STEAM_1:0:1566539173><TERRORIST>" attacked "Nepodrazhaemiy.<526><STEAM_1:0:817665611><TERRORIST>" with "ak47" (damage "35") (damage_armor "0") (health "145") (armor "250")
L 11/22/2020 - 21:23:34: "zeRRo<536><STEAM_1:0:1566539173><TERRORIST>" attacked "Nepodrazhaemiy.<526><STEAM_1:0:817665611><TERRORIST>" with "ak47" (damage "35") (damage_armor "0") (health "110") (armor "250")
L 11/22/2020 - 21:23:34: "zeRRo<536><STEAM_1:0:1566539173><TERRORIST>" attacked "Nepodrazhaemiy.<526><STEAM_1:0:817665611><TERRORIST>" with "ak47" (damage "35") (damage_armor "0") (health "75") (armor "250")
L 11/22/2020 - 21:23:34: "Nepodrazhaemiy.<526><STEAM_1:0:817665611><TERRORIST>" attacked "zeRRo<536><STEAM_1:0:1566539173><TERRORIST>" with "ak47" (damage "35") (damage_armor "0") (health "215") (armor "0")
L 11/22/2020 - 21:23:34: "zeRRo<536><STEAM_1:0:1566539173><TERRORIST>" attacked "Nepodrazhaemiy.<526><STEAM_1:0:817665611><TERRORIST>" with "ak47" (damage "35") (damage_armor "0") (health "40") (armor "250")
L 11/22/2020 - 21:23:34: "Nepodrazhaemiy.<526><STEAM_1:0:817665611><TERRORIST>" attacked "zeRRo<536><STEAM_1:0:1566539173><TERRORIST>" with "ak47" (damage "35") (damage_armor "0") (health "180") (armor "0")
L 11/22/2020 - 21:23:34: "Nepodrazhaemiy.<526><STEAM_1:0:817665611><TERRORIST>" attacked "zeRRo<536><STEAM_1:0:1566539173><TERRORIST>" with "ak47" (damage "35") (damage_armor "0") (health "145") (armor "0")
L 11/22/2020 - 21:23:34: "Nepodrazhaemiy.<526><STEAM_1:0:817665611><TERRORIST>" attacked "zeRRo<536><STEAM_1:0:1566539173><TERRORIST>" with "ak47" (damage "35") (damage_armor "0") (health "110") (armor "0")
L 11/22/2020 - 21:23:35: "Nepodrazhaemiy.<526><STEAM_1:0:817665611><TERRORIST>" attacked "zeRRo<536><STEAM_1:0:1566539173><TERRORIST>" with "ak47" (damage "35") (damage_armor "0") (health "75") (armor "0")
L 11/22/2020 - 21:23:35: "Nepodrazhaemiy.<526><STEAM_1:0:817665611><TERRORIST>" attacked "zeRRo<536><STEAM_1:0:1566539173><TERRORIST>" with "ak47" (damage "35") (damage_armor "0") (health "40") (armor "0")
L 11/22/2020 - 21:23:35: "Nepodrazhaemiy.<526><STEAM_1:0:817665611><TERRORIST>" attacked "zeRRo<536><STEAM_1:0:1566539173><TERRORIST>" with "ak47" (damage "35") (damage_armor "0") (health "5") (armor "0")
L 11/22/2020 - 21:23:35: "Nepodrazhaemiy.<526><STEAM_1:0:817665611><TERRORIST>" attacked "zeRRo<536><STEAM_1:0:1566539173><TERRORIST>" with "ak47" (damage "35") (damage_armor "0") (health "-30") (armor "0")
L 11/22/2020 - 21:23:35: "Nepodrazhaemiy.<526><STEAM_1:0:817665611><TERRORIST>" killed "zeRRo<536><STEAM_1:0:1566539173><TERRORIST>" with "ak47"
L 11/22/2020 - 21:24:11: "Nepodrazhaemiy.<526><STEAM_1:0:817665611><TERRORIST>" attacked "Zver1232<453><STEAM_1:0:640980244><TERRORIST>" with "ak47" (damage "34") (damage_armor "0") (health "49") (armor "0")
L 11/22/2020 - 21:24:11: "Nepodrazhaemiy.<526><STEAM_1:0:817665611><TERRORIST>" attacked "Zver1232<453><STEAM_1:0:640980244><TERRORIST>" with "ak47" (damage "136") (damage_armor "0") (health "-87") (armor "0")
L 11/22/2020 - 21:24:11: "Nepodrazhaemiy.<526><STEAM_1:0:817665611><TERRORIST>" killed "Zver1232<453><STEAM_1:0:640980244><TERRORIST>" with "ak47"
L 11/22/2020 - 21:24:13: "Nepodrazhaemiy.<526><STEAM_1:0:817665611><TERRORIST>" committed suicide with "world"
L 11/22/2020 - 21:24:13: World triggered "Round_Draw" (CT "0") (T "0")
L 11/22/2020 - 21:24:13: World triggered "Round_End"
L 11/22/2020 - 21:24:18: "minibam<517><STEAM_0:1:189314915><SPECTATOR>" triggered "weaponstats" (weapon "g3sg1") (shots "4") (hits "0") (kills "0") (headshots "0") (tks "0") (damage "0") (deaths "1")
L 11/22/2020 - 21:24:18: "minibam<517><STEAM_0:1:189314915><SPECTATOR>" triggered "weaponstats2" (weapon "g3sg1") (head "0") (chest "0") (stomach "0") (leftarm "0") (rightarm "0") (leftleg "0") (rightleg "0")
L 11/22/2020 - 21:24:18: "minibam<517><STEAM_0:1:189314915><SPECTATOR>" triggered "weaponstats" (weapon "ak47") (shots "2") (hits "0") (kills "0") (headshots "0") (tks "0") (damage "0") (deaths "2")
L 11/22/2020 - 21:24:18: "minibam<517><STEAM_0:1:189314915><SPECTATOR>" triggered "weaponstats2" (weapon "ak47") (head "0") (chest "0") (stomach "0") (leftarm "0") (rightarm "0") (leftleg "0") (rightleg "0")
L 11/22/2020 - 21:24:18: "minibam<517><STEAM_0:1:189314915><SPECTATOR>" triggered "weaponstats" (weapon "knife") (shots "3") (hits "0") (kills "0") (headshots "0") (tks "0") (damage "0") (deaths "0")
L 11/22/2020 - 21:24:18: "minibam<517><STEAM_0:1:189314915><SPECTATOR>" triggered "weaponstats2" (weapon "knife") (head "0") (chest "0") (stomach "0") (leftarm "0") (rightarm "0") (leftleg "0") (rightleg "0")
L 11/22/2020 - 21:24:18: "minibam<517><STEAM_0:1:189314915><SPECTATOR>" triggered "time" (time "29:57")
L 11/22/2020 - 21:24:18: "minibam<517><STEAM_0:1:189314915><SPECTATOR>" triggered "latency" (ping "61")
L 11/22/2020 - 21:24:18: "minibam<517><STEAM_0:1:189314915><SPECTATOR>" disconnected
L 11/22/2020 - 21:24:18: World triggered "Round_Start"
L 11/22/2020 - 21:25:05: "zeRRo<536><STEAM_1:0:1566539173><TERRORIST>" attacked "Zver1232<453><STEAM_1:0:640980244><TERRORIST>" with "m4a1" (damage "40") (damage_armor "0") (health "60") (armor "0")
L 11/22/2020 - 21:25:05: "Zver1232<453><STEAM_1:0:640980244><TERRORIST>" attacked "zeRRo<536><STEAM_1:0:1566539173><TERRORIST>" with "m4a1" (damage "32") (damage_armor "0") (health "62") (armor "0")
L 11/22/2020 - 21:25:05: "Zver1232<453><STEAM_1:0:640980244><TERRORIST>" attacked "zeRRo<536><STEAM_1:0:1566539173><TERRORIST>" with "m4a1" (damage "32") (damage_armor "0") (health "30") (armor "0")
L 11/22/2020 - 21:25:05: "Zver1232<453><STEAM_1:0:640980244><TERRORIST>" attacked "zeRRo<536><STEAM_1:0:1566539173><TERRORIST>" with "m4a1" (damage "32") (damage_armor "0") (health "-2") (armor "0")
L 11/22/2020 - 21:25:05: "Zver1232<453><STEAM_1:0:640980244><TERRORIST>" killed "zeRRo<536><STEAM_1:0:1566539173><TERRORIST>" with "m4a1"
L 11/22/2020 - 21:25:16: "Nepodrazhaemiy.<526><STEAM_1:0:817665611><TERRORIST>" attacked "Zver1232<453><STEAM_1:0:640980244><TERRORIST>" with "ak47" (damage "140") (damage_armor "0") (health "-89") (armor "0")
L 11/22/2020 - 21:25:16: "Nepodrazhaemiy.<526><STEAM_1:0:817665611><TERRORIST>" killed "Zver1232<453><STEAM_1:0:640980244><TERRORIST>" with "ak47"
L 11/22/2020 - 21:25:19: "Nepodrazhaemiy.<526><STEAM_1:0:817665611><TERRORIST>" committed suicide with "world"
L 11/22/2020 - 21:25:19: World triggered "Round_Draw" (CT "0") (T "0")
L 11/22/2020 - 21:25:19: World triggered "Round_End"
L 11/22/2020 - 21:25:24: World triggered "Round_Start"
L 11/22/2020 - 21:25:50: "Zver1232<453><STEAM_1:0:640980244><TERRORIST>" attacked "zeRRo<536><STEAM_1:0:1566539173><TERRORIST>" with "ak47" (damage "35") (damage_armor "0") (health "215") (armor "0")
L 11/22/2020 - 21:25:50: "Zver1232<453><STEAM_1:0:640980244><TERRORIST>" attacked "zeRRo<536><STEAM_1:0:1566539173><TERRORIST>" with "ak47" (damage "35") (damage_armor "0") (health "180") (armor "0")
L 11/22/2020 - 21:25:50: "zeRRo<536><STEAM_1:0:1566539173><TERRORIST>" attacked "Zver1232<453><STEAM_1:0:640980244><TERRORIST>" with "ak47" (damage "35") (damage_armor "0") (health "65") (armor "0")
L 11/22/2020 - 21:25:50: "zeRRo<536><STEAM_1:0:1566539173><TERRORIST>" attacked "Zver1232<453><STEAM_1:0:640980244><TERRORIST>" with "ak47" (damage "140") (damage_armor "0") (health "-75") (armor "0")
L 11/22/2020 - 21:25:50: "zeRRo<536><STEAM_1:0:1566539173><TERRORIST>" killed "Zver1232<453><STEAM_1:0:640980244><TERRORIST>" with "ak47"
L 11/22/2020 - 21:26:37: "Nepodrazhaemiy.<526><STEAM_1:0:817665611><TERRORIST>" attacked "zeRRo<536><STEAM_1:0:1566539173><TERRORIST>" with "ak47" (damage "35") (damage_armor "0") (health "215") (armor "0")
L 11/22/2020 - 21:26:37: "Nepodrazhaemiy.<526><STEAM_1:0:817665611><TERRORIST>" attacked "zeRRo<536><STEAM_1:0:1566539173><TERRORIST>" with "ak47" (damage "35") (damage_armor "0") (health "180") (armor "0")
L 11/22/2020 - 21:26:37: "zeRRo<536><STEAM_1:0:1566539173><TERRORIST>" attacked "Nepodrazhaemiy.<526><STEAM_1:0:817665611><TERRORIST>" with "ak47" (damage "35") (damage_armor "0") (health "215") (armor "0")
L 11/22/2020 - 21:26:37: "Nepodrazhaemiy.<526><STEAM_1:0:817665611><TERRORIST>" attacked "zeRRo<536><STEAM_1:0:1566539173><TERRORIST>" with "ak47" (damage "35") (damage_armor "0") (health "145") (armor "0")
L 11/22/2020 - 21:26:37: "Nepodrazhaemiy.<526><STEAM_1:0:817665611><TERRORIST>" attacked "zeRRo<536><STEAM_1:0:1566539173><TERRORIST>" with "ak47" (damage "35") (damage_armor "0") (health "110") (armor "0")
L 11/22/2020 - 21:26:38: "Nepodrazhaemiy.<526><STEAM_1:0:817665611><TERRORIST>" attacked "zeRRo<536><STEAM_1:0:1566539173><TERRORIST>" with "ak47" (damage "35") (damage_armor "0") (health "215") (armor "0")
L 11/22/2020 - 21:26:38: "zeRRo<536><STEAM_1:0:1566539173><TERRORIST>" attacked "Nepodrazhaemiy.<526><STEAM_1:0:817665611><TERRORIST>" with "ak47" (damage "35") (damage_armor "0") (health "180") (armor "0")
L 11/22/2020 - 21:26:38: "zeRRo<536><STEAM_1:0:1566539173><TERRORIST>" attacked "Nepodrazhaemiy.<526><STEAM_1:0:817665611><TERRORIST>" with "ak47" (damage "35") (damage_armor "0") (health "145") (armor "0")
L 11/22/2020 - 21:26:38: "Nepodrazhaemiy.<526><STEAM_1:0:817665611><TERRORIST>" attacked "zeRRo<536><STEAM_1:0:1566539173><TERRORIST>" with "ak47" (damage "35") (damage_armor "0") (health "180") (armor "0")
L 11/22/2020 - 21:26:38: "zeRRo<536><STEAM_1:0:1566539173><TERRORIST>" attacked "Nepodrazhaemiy.<526><STEAM_1:0:817665611><TERRORIST>" with "ak47" (damage "35") (damage_armor "0") (health "110") (armor "0")
L 11/22/2020 - 21:26:38: "Nepodrazhaemiy.<526><STEAM_1:0:817665611><TERRORIST>" attacked "zeRRo<536><STEAM_1:0:1566539173><TERRORIST>" with "ak47" (damage "35") (damage_armor "0") (health "145") (armor "0")
L 11/22/2020 - 21:26:38: "Nepodrazhaemiy.<526><STEAM_1:0:817665611><TERRORIST>" attacked "zeRRo<536><STEAM_1:0:1566539173><TERRORIST>" with "ak47" (damage "25") (damage_armor "0") (health "120") (armor "0")
L 11/22/2020 - 21:26:38: "zeRRo<536><STEAM_1:0:1566539173><TERRORIST>" attacked "Nepodrazhaemiy.<526><STEAM_1:0:817665611><TERRORIST>" with "ak47" (damage "35") (damage_armor "0") (health "75") (armor "0")
L 11/22/2020 - 21:26:38: "Nepodrazhaemiy.<526><STEAM_1:0:817665611><TERRORIST>" attacked "zeRRo<536><STEAM_1:0:1566539173><TERRORIST>" with "ak47" (damage "35") (damage_armor "0") (health "85") (armor "0")
L 11/22/2020 - 21:26:38: "zeRRo<536><STEAM_1:0:1566539173><TERRORIST>" attacked "Nepodrazhaemiy.<526><STEAM_1:0:817665611><TERRORIST>" with "ak47" (damage "35") (damage_armor "0") (health "40") (armor "0")
L 11/22/2020 - 21:26:38: "Nepodrazhaemiy.<526><STEAM_1:0:817665611><TERRORIST>" attacked "zeRRo<536><STEAM_1:0:1566539173><TERRORIST>" with "ak47" (damage "35") (damage_armor "0") (health "215") (armor "0")
L 11/22/2020 - 21:26:38: "zeRRo<536><STEAM_1:0:1566539173><TERRORIST>" attacked "Nepodrazhaemiy.<526><STEAM_1:0:817665611><TERRORIST>" with "ak47" (damage "35") (damage_armor "0") (health "5") (armor "0")
L 11/22/2020 - 21:26:38: "Nepodrazhaemiy.<526><STEAM_1:0:817665611><TERRORIST>" attacked "zeRRo<536><STEAM_1:0:1566539173><TERRORIST>" with "ak47" (damage "35") (damage_armor "0") (health "180") (armor "0")
L 11/22/2020 - 21:26:38: "zeRRo<536><STEAM_1:0:1566539173><TERRORIST>" attacked "Nepodrazhaemiy.<526><STEAM_1:0:817665611><TERRORIST>" with "ak47" (damage "35") (damage_armor "0") (health "-30") (armor "0")
L 11/22/2020 - 21:26:38: "zeRRo<536><STEAM_1:0:1566539173><TERRORIST>" killed "Nepodrazhaemiy.<526><STEAM_1:0:817665611><TERRORIST>" with "ak47"
L 11/22/2020 - 21:26:41: "zeRRo<536><STEAM_1:0:1566539173><TERRORIST>" committed suicide with "worldspawn" (world)
L 11/22/2020 - 21:26:41: World triggered "Round_Draw" (CT "0") (T "0")
L 11/22/2020 - 21:26:41: World triggered "Round_End"
L 11/22/2020 - 21:26:46: "koli 1231<538><STEAM_1:0:1960141105><>" connected, address "81.9.126.59:31626"
L 11/22/2020 - 21:26:47: World triggered "Round_Start"
81.9.126.59:31626:reconnect
L 11/22/2020 - 21:26:49: "koli 1231<539><STEAM_1:0:1960141105><>" connected, address "81.9.126.59:31626"
 -> file: (../demoplayer.dll), md5hex: (55ceb842) for (koli 1231) 
L 11/22/2020 - 21:26:55: "koli 1231<539><STEAM_1:0:1960141105><>" entered the game
L 11/22/2020 - 21:27:00: "koli 1231<539><STEAM_1:0:1960141105><>" joined team "TERRORIST"
L 11/22/2020 - 21:27:09: "Zver1232<453><STEAM_1:0:640980244><TERRORIST>" attacked "Nepodrazhaemiy.<526><STEAM_1:0:817665611><TERRORIST>" with "ak47" (damage "26") (damage_armor "0") (health "73") (armor "0")
L 11/22/2020 - 21:27:10: "Zver1232<453><STEAM_1:0:640980244><TERRORIST>" attacked "Nepodrazhaemiy.<526><STEAM_1:0:817665611><TERRORIST>" with "ak47" (damage "35") (damage_armor "0") (health "39") (armor "0")
L 11/22/2020 - 21:27:10: "Zver1232<453><STEAM_1:0:640980244><TERRORIST>" attacked "Nepodrazhaemiy.<526><STEAM_1:0:817665611><TERRORIST>" with "ak47" (damage "35") (damage_armor "0") (health "4") (armor "0")
L 11/22/2020 - 21:27:10: "Zver1232<453><STEAM_1:0:640980244><TERRORIST>" attacked "Nepodrazhaemiy.<526><STEAM_1:0:817665611><TERRORIST>" with "ak47" (damage "35") (damage_armor "0") (health "-31") (armor "0")
L 11/22/2020 - 21:27:10: "Zver1232<453><STEAM_1:0:640980244><TERRORIST>" killed "Nepodrazhaemiy.<526><STEAM_1:0:817665611><TERRORIST>" with "ak47"
L 11/22/2020 - 21:27:17: "Zver1232<453><STEAM_1:0:640980244><TERRORIST>" attacked "zeRRo<536><STEAM_1:0:1566539173><TERRORIST>" with "ak47" (damage "35") (damage_armor "0") (health "215") (armor "0")
L 11/22/2020 - 21:27:17: "Zver1232<453><STEAM_1:0:640980244><TERRORIST>" attacked "zeRRo<536><STEAM_1:0:1566539173><TERRORIST>" with "ak47" (damage "35") (damage_armor "0") (health "180") (armor "0")
L 11/22/2020 - 21:27:17: "Zver1232<453><STEAM_1:0:640980244><TERRORIST>" attacked "zeRRo<536><STEAM_1:0:1566539173><TERRORIST>" with "ak47" (damage "35") (damage_armor "0") (health "145") (armor "0")
L 11/22/2020 - 21:27:17: "Zver1232<453><STEAM_1:0:640980244><TERRORIST>" attacked "zeRRo<536><STEAM_1:0:1566539173><TERRORIST>" with "ak47" (damage "35") (damage_armor "0") (health "215") (armor "0")
L 11/22/2020 - 21:27:18: "Zver1232<453><STEAM_1:0:640980244><TERRORIST>" attacked "zeRRo<536><STEAM_1:0:1566539173><TERRORIST>" with "ak47" (damage "35") (damage_armor "0") (health "180") (armor "0")
L 11/22/2020 - 21:27:18: "Zver1232<453><STEAM_1:0:640980244><TERRORIST>" attacked "zeRRo<536><STEAM_1:0:1566539173><TERRORIST>" with "ak47" (damage "35") (damage_armor "0") (health "145") (armor "0")
L 11/22/2020 - 21:27:18: "Zver1232<453><STEAM_1:0:640980244><TERRORIST>" attacked "zeRRo<536><STEAM_1:0:1566539173><TERRORIST>" with "ak47" (damage "35") (damage_armor "0") (health "110") (armor "0")
L 11/22/2020 - 21:27:18: "Zver1232<453><STEAM_1:0:640980244><TERRORIST>" attacked "zeRRo<536><STEAM_1:0:1566539173><TERRORIST>" with "ak47" (damage "35") (damage_armor "0") (health "75") (armor "0")
L 11/22/2020 - 21:27:18: "Zver1232<453><STEAM_1:0:640980244><TERRORIST>" attacked "zeRRo<536><STEAM_1:0:1566539173><TERRORIST>" with "ak47" (damage "35") (damage_armor "0") (health "40") (armor "0")
L 11/22/2020 - 21:27:18: "Zver1232<453><STEAM_1:0:640980244><TERRORIST>" attacked "zeRRo<536><STEAM_1:0:1566539173><TERRORIST>" with "ak47" (damage "35") (damage_armor "0") (health "5") (armor "0")
L 11/22/2020 - 21:27:19: "Zver1232<453><STEAM_1:0:640980244><TERRORIST>" attacked "zeRRo<536><STEAM_1:0:1566539173><TERRORIST>" with "ak47" (damage "35") (damage_armor "0") (health "-30") (armor "0")
L 11/22/2020 - 21:27:19: "Zver1232<453><STEAM_1:0:640980244><TERRORIST>" killed "zeRRo<536><STEAM_1:0:1566539173><TERRORIST>" with "ak47"
L 11/22/2020 - 21:27:23: "Zver1232<453><STEAM_1:0:640980244><TERRORIST>" committed suicide with "world"
L 11/22/2020 - 21:27:23: World triggered "Round_Draw" (CT "0") (T "0")
L 11/22/2020 - 21:27:23: World triggered "Round_End"
L 11/22/2020 - 21:27:28: World triggered "Round_Start"
SZ_GetSpace: overflow on koli 1231
L 11/22/2020 - 21:27:49: "zeRRo<536><STEAM_1:0:1566539173><TERRORIST>" attacked "koli 1231<539><STEAM_1:0:1960141105><TERRORIST>" with "m4a1" (damage "128") (damage_armor "0") (health "-28") (armor "0")
L 11/22/2020 - 21:27:49: "zeRRo<536><STEAM_1:0:1566539173><TERRORIST>" killed "koli 1231<539><STEAM_1:0:1960141105><TERRORIST>" with "m4a1"
L 11/22/2020 - 21:27:50: "Arsen_Lyt<540><STEAM_1:0:17751153><>" connected, address "188.190.221.21:35570"
SZ_GetSpace: overflow on koli 1231
L 11/22/2020 - 21:27:55: "Zver1232<453><STEAM_1:0:640980244><TERRORIST>" attacked "Nepodrazhaemiy.<526><STEAM_1:0:817665611><TERRORIST>" with "ak47" (damage "25") (damage_armor "0") (health "224") (armor "250")
L 11/22/2020 - 21:27:56: "Nepodrazhaemiy.<526><STEAM_1:0:817665611><TERRORIST>" attacked "Zver1232<453><STEAM_1:0:640980244><TERRORIST>" with "ak47" (damage "34") (damage_armor "0") (health "66") (armor "0")
L 11/22/2020 - 21:27:56: "Nepodrazhaemiy.<526><STEAM_1:0:817665611><TERRORIST>" attacked "Zver1232<453><STEAM_1:0:640980244><TERRORIST>" with "ak47" (damage "34") (damage_armor "0") (health "32") (armor "0")
L 11/22/2020 - 21:27:57: "Nepodrazhaemiy.<526><STEAM_1:0:817665611><TERRORIST>" attacked "Zver1232<453><STEAM_1:0:640980244><TERRORIST>" with "ak47" (damage "34") (damage_armor "0") (health "-2") (armor "0")
L 11/22/2020 - 21:27:57: "Nepodrazhaemiy.<526><STEAM_1:0:817665611><TERRORIST>" killed "Zver1232<453><STEAM_1:0:640980244><TERRORIST>" with "ak47"
L 11/22/2020 - 21:28:01: "zeRRo<536><STEAM_1:0:1566539173><TERRORIST>" attacked "Nepodrazhaemiy.<526><STEAM_1:0:817665611><TERRORIST>" with "m4a1" (damage "32") (damage_armor "0") (health "193") (armor "250")
L 11/22/2020 - 21:28:01: "zeRRo<536><STEAM_1:0:1566539173><TERRORIST>" attacked "Nepodrazhaemiy.<526><STEAM_1:0:817665611><TERRORIST>" with "m4a1" (damage "32") (damage_armor "0") (health "161") (armor "250")
L 11/22/2020 - 21:28:02: "zeRRo<536><STEAM_1:0:1566539173><TERRORIST>" attacked "Nepodrazhaemiy.<526><STEAM_1:0:817665611><TERRORIST>" with "m4a1" (damage "32") (damage_armor "0") (health "129") (armor "250")
L 11/22/2020 - 21:28:02: "zeRRo<536><STEAM_1:0:1566539173><TERRORIST>" attacked "Nepodrazhaemiy.<526><STEAM_1:0:817665611><TERRORIST>" with "m4a1" (damage "32") (damage_armor "0") (health "97") (armor "250")
L 11/22/2020 - 21:28:02: "zeRRo<536><STEAM_1:0:1566539173><TERRORIST>" attacked "Nepodrazhaemiy.<526><STEAM_1:0:817665611><TERRORIST>" with "m4a1" (damage "32") (damage_armor "0") (health "65") (armor "250")
L 11/22/2020 - 21:28:02: "zeRRo<536><STEAM_1:0:1566539173><TERRORIST>" attacked "Nepodrazhaemiy.<526><STEAM_1:0:817665611><TERRORIST>" with "m4a1" (damage "32") (damage_armor "0") (health "33") (armor "250")
L 11/22/2020 - 21:28:02: "Nepodrazhaemiy.<526><STEAM_1:0:817665611><TERRORIST>" attacked "zeRRo<536><STEAM_1:0:1566539173><TERRORIST>" with "ak47" (damage "35") (damage_armor "0") (health "65") (armor "0")
L 11/22/2020 - 21:28:02: "zeRRo<536><STEAM_1:0:1566539173><TERRORIST>" attacked "Nepodrazhaemiy.<526><STEAM_1:0:817665611><TERRORIST>" with "m4a1" (damage "23") (damage_armor "0") (health "9") (armor "250")
L 11/22/2020 - 21:28:02: "Nepodrazhaemiy.<526><STEAM_1:0:817665611><TERRORIST>" attacked "zeRRo<536><STEAM_1:0:1566539173><TERRORIST>" with "ak47" (damage "35") (damage_armor "0") (health "30") (armor "0")
L 11/22/2020 - 21:28:02: "Nepodrazhaemiy.<526><STEAM_1:0:817665611><TERRORIST>" attacked "zeRRo<536><STEAM_1:0:1566539173><TERRORIST>" with "ak47" (damage "35") (damage_armor "0") (health "-5") (armor "0")
L 11/22/2020 - 21:28:02: "Nepodrazhaemiy.<526><STEAM_1:0:817665611><TERRORIST>" killed "zeRRo<536><STEAM_1:0:1566539173><TERRORIST>" with "ak47"
SZ_GetSpace: overflow on koli 1231
SZ_GetSpace: overflow on koli 1231
L 11/22/2020 - 21:28:07: "Nepodrazhaemiy.<526><STEAM_1:0:817665611><TERRORIST>" committed suicide with "world"
L 11/22/2020 - 21:28:07: World triggered "Round_Draw" (CT "0") (T "0")
L 11/22/2020 - 21:28:07: World triggered "Round_End"
SZ_GetSpace: overflow on koli 1231
SZ_GetSpace: overflow on koli 1231
L 11/22/2020 - 21:28:12: World triggered "Round_Start"
L 11/22/2020 - 21:28:12: "koli 1231<539><STEAM_1:0:1960141105><TERRORIST>" triggered "time" (time "1:17")
L 11/22/2020 - 21:28:12: "koli 1231<539><STEAM_1:0:1960141105><TERRORIST>" triggered "latency" (ping "58")
L 11/22/2020 - 21:28:12: "koli 1231<539><STEAM_1:0:1960141105><TERRORIST>" disconnected
81.9.126.59:31626:reconnect
L 11/22/2020 - 21:28:12: "koli 1231<541><STEAM_1:0:1960141105><>" connected, address "81.9.126.59:31626"
81.9.126.59:31626:reconnect
L 11/22/2020 - 21:28:15: "koli 1231<542><STEAM_1:0:1960141105><>" connected, address "81.9.126.59:31626"
 -> file: (../demoplayer.dll), md5hex: (55ceb842) for (koli 1231) 
L 11/22/2020 - 21:28:23: "koli 1231<542><STEAM_1:0:1960141105><>" entered the game
L 11/22/2020 - 21:28:26: "koli 1231<542><STEAM_1:0:1960141105><>" joined team "TERRORIST"
188.190.221.21:13805:reconnect
L 11/22/2020 - 21:28:53: "Arsen_Lyt<543><STEAM_1:0:17751153><>" connected, address "188.190.221.21:13805"
L 11/22/2020 - 21:28:57: "zeRRo<536><STEAM_1:0:1566539173><TERRORIST>" attacked "Zver1232<453><STEAM_1:0:640980244><TERRORIST>" with "m4a1" (damage "23") (damage_armor "0") (health "76") (armor "0")
L 11/22/2020 - 21:28:57: "zeRRo<536><STEAM_1:0:1566539173><TERRORIST>" attacked "Zver1232<453><STEAM_1:0:640980244><TERRORIST>" with "m4a1" (damage "23") (damage_armor "0") (health "53") (armor "0")
L 11/22/2020 - 21:28:57: "Zver1232<453><STEAM_1:0:640980244><TERRORIST>" attacked "zeRRo<536><STEAM_1:0:1566539173><TERRORIST>" with "ak47" (damage "35") (damage_armor "0") (health "65") (armor "0")
L 11/22/2020 - 21:28:57: "Arsen_Lyt<543><STEAM_1:0:17751153><>" entered the game
L 11/22/2020 - 21:28:58: "zeRRo<536><STEAM_1:0:1566539173><TERRORIST>" attacked "Zver1232<453><STEAM_1:0:640980244><TERRORIST>" with "m4a1" (damage "30") (damage_armor "0") (health "23") (armor "0")
L 11/22/2020 - 21:28:58: "Zver1232<453><STEAM_1:0:640980244><TERRORIST>" attacked "zeRRo<536><STEAM_1:0:1566539173><TERRORIST>" with "ak47" (damage "35") (damage_armor "0") (health "30") (armor "0")
L 11/22/2020 - 21:28:58: "zeRRo<536><STEAM_1:0:1566539173><TERRORIST>" attacked "Zver1232<453><STEAM_1:0:640980244><TERRORIST>" with "m4a1" (damage "30") (damage_armor "0") (health "-6") (armor "0")
L 11/22/2020 - 21:28:58: "zeRRo<536><STEAM_1:0:1566539173><TERRORIST>" killed "Zver1232<453><STEAM_1:0:640980244><TERRORIST>" with "m4a1"
L 11/22/2020 - 21:29:00: "Arsen_Lyt<543><STEAM_1:0:17751153><>" joined team "TERRORIST"
L 11/22/2020 - 21:29:14: "Nepodrazhaemiy.<526><STEAM_1:0:817665611><TERRORIST>" attacked "zeRRo<536><STEAM_1:0:1566539173><TERRORIST>" with "ak47" (damage "35") (damage_armor "0") (health "-5") (armor "0")
L 11/22/2020 - 21:29:14: "Nepodrazhaemiy.<526><STEAM_1:0:817665611><TERRORIST>" killed "zeRRo<536><STEAM_1:0:1566539173><TERRORIST>" with "ak47"
L 11/22/2020 - 21:29:18: "Nepodrazhaemiy.<526><STEAM_1:0:817665611><TERRORIST>" committed suicide with "world"
L 11/22/2020 - 21:29:18: World triggered "Round_Draw" (CT "0") (T "0")
L 11/22/2020 - 21:29:18: World triggered "Round_End"
L 11/22/2020 - 21:29:23: World triggered "Round_Start"
L 11/22/2020 - 21:29:44: "koli 1231<542><STEAM_1:0:1960141105><TERRORIST>" attacked "Nepodrazhaemiy.<526><STEAM_1:0:817665611><TERRORIST>" with "m4a1" (damage "30") (damage_armor "0") (health "219") (armor "250")
L 11/22/2020 - 21:29:44: "koli 1231<542><STEAM_1:0:1960141105><TERRORIST>" attacked "Nepodrazhaemiy.<526><STEAM_1:0:817665611><TERRORIST>" with "m4a1" (damage "30") (damage_armor "0") (health "189") (armor "250")
L 11/22/2020 - 21:29:45: "koli 1231<542><STEAM_1:0:1960141105><TERRORIST>" attacked "Nepodrazhaemiy.<526><STEAM_1:0:817665611><TERRORIST>" with "m4a1" (damage "30") (damage_armor "0") (health "159") (armor "250")
L 11/22/2020 - 21:29:45: "koli 1231<542><STEAM_1:0:1960141105><TERRORIST>" attacked "Nepodrazhaemiy.<526><STEAM_1:0:817665611><TERRORIST>" with "m4a1" (damage "30") (damage_armor "0") (health "129") (armor "250")
L 11/22/2020 - 21:29:45: "koli 1231<542><STEAM_1:0:1960141105><TERRORIST>" attacked "Nepodrazhaemiy.<526><STEAM_1:0:817665611><TERRORIST>" with "m4a1" (damage "23") (damage_armor "0") (health "106") (armor "250")
L 11/22/2020 - 21:29:45: "koli 1231<542><STEAM_1:0:1960141105><TERRORIST>" attacked "Nepodrazhaemiy.<526><STEAM_1:0:817665611><TERRORIST>" with "m4a1" (damage "23") (damage_armor "0") (health "83") (armor "250")
L 11/22/2020 - 21:29:46: "koli 1231<542><STEAM_1:0:1960141105><TERRORIST>" attacked "Nepodrazhaemiy.<526><STEAM_1:0:817665611><TERRORIST>" with "m4a1" (damage "30") (damage_armor "0") (health "53") (armor "250")
L 11/22/2020 - 21:29:46: "koli 1231<542><STEAM_1:0:1960141105><TERRORIST>" attacked "Nepodrazhaemiy.<526><STEAM_1:0:817665611><TERRORIST>" with "m4a1" (damage "30") (damage_armor "0") (health "23") (armor "250")
L 11/22/2020 - 21:29:47: "koli 1231<542><STEAM_1:0:1960141105><TERRORIST>" attacked "Nepodrazhaemiy.<526><STEAM_1:0:817665611><TERRORIST>" with "m4a1" (damage "23") (damage_armor "0") (health "0") (armor "250")
L 11/22/2020 - 21:29:49: "Nepodrazhaemiy.<526><STEAM_1:0:817665611><TERRORIST>" committed suicide with "worldspawn" (world)
L 11/22/2020 - 21:29:55: "koli 1231<542><STEAM_1:0:1960141105><TERRORIST>" attacked "zeRRo<536><STEAM_1:0:1566539173><TERRORIST>" with "m4a1" (damage "30") (damage_armor "0") (health "70") (armor "0")
L 11/22/2020 - 21:29:56: "koli 1231<542><STEAM_1:0:1960141105><TERRORIST>" attacked "zeRRo<536><STEAM_1:0:1566539173><TERRORIST>" with "m4a1" (damage "30") (damage_armor "0") (health "40") (armor "0")
L 11/22/2020 - 21:29:56: "koli 1231<542><STEAM_1:0:1960141105><TERRORIST>" committed suicide with "world"
L 11/22/2020 - 21:30:02: "zeRRo<536><STEAM_1:0:1566539173><TERRORIST>" attacked "Zver1232<453><STEAM_1:0:640980244><TERRORIST>" with "m4a1" (damage "29") (damage_armor "0") (health "71") (armor "0")
L 11/22/2020 - 21:30:03: "Zver1232<453><STEAM_1:0:640980244><TERRORIST>" attacked "zeRRo<536><STEAM_1:0:1566539173><TERRORIST>" with "m4a1" (damage "58") (damage_armor "0") (health "-18") (armor "0")
L 11/22/2020 - 21:30:03: "Zver1232<453><STEAM_1:0:640980244><TERRORIST>" killed "zeRRo<536><STEAM_1:0:1566539173><TERRORIST>" with "m4a1"
L 11/22/2020 - 21:30:10: "Zver1232<453><STEAM_1:0:640980244><TERRORIST>" attacked "Arsen_Lyt<543><STEAM_1:0:17751153><TERRORIST>" with "m4a1" (damage "46") (damage_armor "0") (health "53") (armor "0")
L 11/22/2020 - 21:30:11: "Zver1232<453><STEAM_1:0:640980244><TERRORIST>" attacked "Arsen_Lyt<543><STEAM_1:0:17751153><TERRORIST>" with "m4a1" (damage "61") (damage_armor "0") (health "-7") (armor "0")
L 11/22/2020 - 21:30:11: "Zver1232<453><STEAM_1:0:640980244><TERRORIST>" killed "Arsen_Lyt<543><STEAM_1:0:17751153><TERRORIST>" with "m4a1"
L 11/22/2020 - 21:30:14: "Zver1232<453><STEAM_1:0:640980244><TERRORIST>" committed suicide with "world"
L 11/22/2020 - 21:30:14: World triggered "Round_Draw" (CT "0") (T "0")
L 11/22/2020 - 21:30:14: World triggered "Round_End"
L 11/22/2020 - 21:30:16: "koli 1231<542><STEAM_1:0:1960141105><TERRORIST>" triggered "weaponstats" (weapon "m4a1") (shots "36") (hits "11") (kills "0") (headshots "0") (tks "0") (damage "309") (deaths "0")
L 11/22/2020 - 21:30:16: "koli 1231<542><STEAM_1:0:1960141105><TERRORIST>" triggered "weaponstats2" (weapon "m4a1") (head "2") (chest "3") (stomach "0") (leftarm "3") (rightarm "0") (leftleg "3") (rightleg "0")
L 11/22/2020 - 21:30:16: "koli 1231<542><STEAM_1:0:1960141105><TERRORIST>" triggered "time" (time "1:52")
L 11/22/2020 - 21:30:16: "koli 1231<542><STEAM_1:0:1960141105><TERRORIST>" triggered "latency" (ping "59")
L 11/22/2020 - 21:30:16: "koli 1231<542><STEAM_1:0:1960141105><TERRORIST>" disconnected
L 11/22/2020 - 21:30:19: World triggered "Round_Start"
L 11/22/2020 - 21:30:40: "Nepodrazhaemiy.<526><STEAM_1:0:817665611><TERRORIST>" attacked "Arsen_Lyt<543><STEAM_1:0:17751153><TERRORIST>" with "ak47" (damage "35") (damage_armor "0") (health "65") (armor "0")
L 11/22/2020 - 21:30:40: "Nepodrazhaemiy.<526><STEAM_1:0:817665611><TERRORIST>" attacked "Arsen_Lyt<543><STEAM_1:0:17751153><TERRORIST>" with "ak47" (damage "35") (damage_armor "0") (health "30") (armor "0")
L 11/22/2020 - 21:30:40: "Nepodrazhaemiy.<526><STEAM_1:0:817665611><TERRORIST>" attacked "Arsen_Lyt<543><STEAM_1:0:17751153><TERRORIST>" with "ak47" (damage "35") (damage_armor "0") (health "-5") (armor "0")
L 11/22/2020 - 21:30:40: "Nepodrazhaemiy.<526><STEAM_1:0:817665611><TERRORIST>" killed "Arsen_Lyt<543><STEAM_1:0:17751153><TERRORIST>" with "ak47"
L 11/22/2020 - 21:30:44: "Nepodrazhaemiy.<526><STEAM_1:0:817665611><TERRORIST>" attacked "zeRRo<536><STEAM_1:0:1566539173><TERRORIST>" with "ak47" (damage "34") (damage_armor "0") (health "216") (armor "0")
L 11/22/2020 - 21:30:44: "zeRRo<536><STEAM_1:0:1566539173><TERRORIST>" attacked "Nepodrazhaemiy.<526><STEAM_1:0:817665611><TERRORIST>" with "ak47" (damage "25") (damage_armor "0") (health "224") (armor "0")
L 11/22/2020 - 21:30:44: "zeRRo<536><STEAM_1:0:1566539173><TERRORIST>" attacked "Nepodrazhaemiy.<526><STEAM_1:0:817665611><TERRORIST>" with "ak47" (damage "34") (damage_armor "0") (health "191") (armor "0")
L 11/22/2020 - 21:30:45: "Nepodrazhaemiy.<526><STEAM_1:0:817665611><TERRORIST>" attacked "zeRRo<536><STEAM_1:0:1566539173><TERRORIST>" with "ak47" (damage "34") (damage_armor "0") (health "182") (armor "0")
L 11/22/2020 - 21:30:49: "zeRRo<536><STEAM_1:0:1566539173><TERRORIST>" attacked "Nepodrazhaemiy.<526><STEAM_1:0:817665611><TERRORIST>" with "m4a1" (damage "30") (damage_armor "0") (health "161") (armor "0")
L 11/22/2020 - 21:30:49: "zeRRo<536><STEAM_1:0:1566539173><TERRORIST>" attacked "Nepodrazhaemiy.<526><STEAM_1:0:817665611><TERRORIST>" with "m4a1" (damage "30") (damage_armor "0") (health "131") (armor "0")
L 11/22/2020 - 21:30:49: "zeRRo<536><STEAM_1:0:1566539173><TERRORIST>" attacked "Nepodrazhaemiy.<526><STEAM_1:0:817665611><TERRORIST>" with "m4a1" (damage "30") (damage_armor "0") (health "101") (armor "0")
L 11/22/2020 - 21:30:49: "zeRRo<536><STEAM_1:0:1566539173><TERRORIST>" attacked "Nepodrazhaemiy.<526><STEAM_1:0:817665611><TERRORIST>" with "m4a1" (damage "30") (damage_armor "0") (health "71") (armor "0")
L 11/22/2020 - 21:30:49: "zeRRo<536><STEAM_1:0:1566539173><TERRORIST>" attacked "Nepodrazhaemiy.<526><STEAM_1:0:817665611><TERRORIST>" with "m4a1" (damage "30") (damage_armor "0") (health "41") (armor "0")
L 11/22/2020 - 21:30:49: "zeRRo<536><STEAM_1:0:1566539173><TERRORIST>" attacked "Nepodrazhaemiy.<526><STEAM_1:0:817665611><TERRORIST>" with "m4a1" (damage "37") (damage_armor "0") (health "3") (armor "0")
L 11/22/2020 - 21:30:54: "Zver1232<453><STEAM_1:0:640980244><TERRORIST>" committed suicide with "trigger_hurt" (world)
L 11/22/2020 - 21:31:16: "zeRRo<536><STEAM_1:0:1566539173><TERRORIST>" attacked "Nepodrazhaemiy.<526><STEAM_1:0:817665611><TERRORIST>" with "m4a1" (damage "32") (damage_armor "0") (health "-28") (armor "0")
L 11/22/2020 - 21:31:16: "zeRRo<536><STEAM_1:0:1566539173><TERRORIST>" killed "Nepodrazhaemiy.<526><STEAM_1:0:817665611><TERRORIST>" with "m4a1"
L 11/22/2020 - 21:31:19: "zeRRo<536><STEAM_1:0:1566539173><TERRORIST>" committed suicide with "worldspawn" (world)
L 11/22/2020 - 21:31:19: World triggered "Round_Draw" (CT "0") (T "0")
L 11/22/2020 - 21:31:19: World triggered "Round_End"
L 11/22/2020 - 21:31:24: World triggered "Round_Start"
L 11/22/2020 - 21:31:47: "zeRRo<536><STEAM_1:0:1566539173><TERRORIST>" attacked "Arsen_Lyt<543><STEAM_1:0:17751153><TERRORIST>" with "ak47" (damage "33") (damage_armor "0") (health "67") (armor "0")
L 11/22/2020 - 21:31:47: "zeRRo<536><STEAM_1:0:1566539173><TERRORIST>" attacked "Arsen_Lyt<543><STEAM_1:0:17751153><TERRORIST>" with "ak47" (damage "132") (damage_armor "0") (health "-65") (armor "0")
L 11/22/2020 - 21:31:47: "zeRRo<536><STEAM_1:0:1566539173><TERRORIST>" killed "Arsen_Lyt<543><STEAM_1:0:17751153><TERRORIST>" with "ak47"
L 11/22/2020 - 21:31:52: "Nepodrazhaemiy.<526><STEAM_1:0:817665611><TERRORIST>" attacked "Zver1232<453><STEAM_1:0:640980244><TERRORIST>" with "ak47" (damage "35") (damage_armor "0") (health "65") (armor "0")
L 11/22/2020 - 21:31:52: "Zver1232<453><STEAM_1:0:640980244><TERRORIST>" attacked "Nepodrazhaemiy.<526><STEAM_1:0:817665611><TERRORIST>" with "m4a1" (damage "64") (damage_armor "0") (health "186") (armor "250")
L 11/22/2020 - 21:31:52: "Zver1232<453><STEAM_1:0:640980244><TERRORIST>" attacked "Nepodrazhaemiy.<526><STEAM_1:0:817665611><TERRORIST>" with "m4a1" (damage "64") (damage_armor "0") (health "122") (armor "250")
L 11/22/2020 - 21:31:52: "Zver1232<453><STEAM_1:0:640980244><TERRORIST>" attacked "Nepodrazhaemiy.<526><STEAM_1:0:817665611><TERRORIST>" with "m4a1" (damage "64") (damage_armor "0") (health "58") (armor "250")
L 11/22/2020 - 21:31:52: "Zver1232<453><STEAM_1:0:640980244><TERRORIST>" attacked "Nepodrazhaemiy.<526><STEAM_1:0:817665611><TERRORIST>" with "m4a1" (damage "64") (damage_armor "0") (health "-6") (armor "250")
L 11/22/2020 - 21:31:52: "Zver1232<453><STEAM_1:0:640980244><TERRORIST>" killed "Nepodrazhaemiy.<526><STEAM_1:0:817665611><TERRORIST>" with "m4a1"
L 11/22/2020 - 21:32:00: "zeRRo<536><STEAM_1:0:1566539173><TERRORIST>" attacked "Zver1232<453><STEAM_1:0:640980244><TERRORIST>" with "ak47" (damage "35") (damage_armor "0") (health "30") (armor "0")
L 11/22/2020 - 21:32:00: "zeRRo<536><STEAM_1:0:1566539173><TERRORIST>" attacked "Zver1232<453><STEAM_1:0:640980244><TERRORIST>" with "ak47" (damage "140") (damage_armor "0") (health "-110") (armor "0")
L 11/22/2020 - 21:32:00: "zeRRo<536><STEAM_1:0:1566539173><TERRORIST>" killed "Zver1232<453><STEAM_1:0:640980244><TERRORIST>" with "ak47"
L 11/22/2020 - 21:32:07: "zeRRo<536><STEAM_1:0:1566539173><TERRORIST>" committed suicide with "world"
L 11/22/2020 - 21:32:07: World triggered "Round_Draw" (CT "0") (T "0")
L 11/22/2020 - 21:32:07: World triggered "Round_End"
L 11/22/2020 - 21:32:12: World triggered "Round_Start"
L 11/22/2020 - 21:32:36: "zeRRo<536><STEAM_1:0:1566539173><TERRORIST>" attacked "Nepodrazhaemiy.<526><STEAM_1:0:817665611><TERRORIST>" with "ak47" (damage "35") (damage_armor "0") (health "215") (armor "0")
L 11/22/2020 - 21:32:36: "zeRRo<536><STEAM_1:0:1566539173><TERRORIST>" attacked "Nepodrazhaemiy.<526><STEAM_1:0:817665611><TERRORIST>" with "ak47" (damage "35") (damage_armor "0") (health "180") (armor "0")
L 11/22/2020 - 21:32:36: "zeRRo<536><STEAM_1:0:1566539173><TERRORIST>" attacked "Nepodrazhaemiy.<526><STEAM_1:0:817665611><TERRORIST>" with "ak47" (damage "35") (damage_armor "0") (health "145") (armor "0")
L 11/22/2020 - 21:32:36: "zeRRo<536><STEAM_1:0:1566539173><TERRORIST>" attacked "Nepodrazhaemiy.<526><STEAM_1:0:817665611><TERRORIST>" with "ak47" (damage "35") (damage_armor "0") (health "110") (armor "0")
L 11/22/2020 - 21:32:36: "zeRRo<536><STEAM_1:0:1566539173><TERRORIST>" attacked "Nepodrazhaemiy.<526><STEAM_1:0:817665611><TERRORIST>" with "ak47" (damage "140") (damage_armor "0") (health "-30") (armor "0")
L 11/22/2020 - 21:32:36: "zeRRo<536><STEAM_1:0:1566539173><TERRORIST>" killed "Nepodrazhaemiy.<526><STEAM_1:0:817665611><TERRORIST>" with "ak47"
L 11/22/2020 - 21:32:45: "zeRRo<536><STEAM_1:0:1566539173><TERRORIST>" attacked "Zver1232<453><STEAM_1:0:640980244><TERRORIST>" with "ak47" (damage "140") (damage_armor "0") (health "110") (armor "0")
L 11/22/2020 - 21:32:45: "zeRRo<536><STEAM_1:0:1566539173><TERRORIST>" attacked "Zver1232<453><STEAM_1:0:640980244><TERRORIST>" with "ak47" (damage "35") (damage_armor "0") (health "75") (armor "0")
L 11/22/2020 - 21:32:45: "zeRRo<536><STEAM_1:0:1566539173><TERRORIST>" attacked "Zver1232<453><STEAM_1:0:640980244><TERRORIST>" with "ak47" (damage "35") (damage_armor "0") (health "40") (armor "0")
L 11/22/2020 - 21:32:46: "zeRRo<536><STEAM_1:0:1566539173><TERRORIST>" attacked "Zver1232<453><STEAM_1:0:640980244><TERRORIST>" with "ak47" (damage "140") (damage_armor "0") (health "-100") (armor "0")
L 11/22/2020 - 21:32:46: "zeRRo<536><STEAM_1:0:1566539173><TERRORIST>" killed "Zver1232<453><STEAM_1:0:640980244><TERRORIST>" with "ak47"
Rcon from 195.88.208.116:41684:
rcon 823300801 "7K4YVX3KUfT8vzz7YLee-ZUZUzEXQ5ZjkvBrwzcjx" status
L 11/22/2020 - 21:32:50: Rcon: "rcon 823300801 "7K4YVX3KUfT8vzz7YLee-ZUZUzEXQ5ZjkvBrwzcjx" status" from "195.88.208.116:41684"
L 11/22/2020 - 21:32:58: "zeRRo<536><STEAM_1:0:1566539173><TERRORIST>" attacked "Arsen_Lyt<543><STEAM_1:0:17751153><TERRORIST>" with "ak47" (damage "140") (damage_armor "0") (health "110") (armor "0")
L 11/22/2020 - 21:33:02: "zeRRo<536><STEAM_1:0:1566539173><TERRORIST>" attacked "Arsen_Lyt<543><STEAM_1:0:17751153><TERRORIST>" with "ak47" (damage "35") (damage_armor "0") (health "75") (armor "0")
L 11/22/2020 - 21:33:05: "zeRRo<536><STEAM_1:0:1566539173><TERRORIST>" attacked "Arsen_Lyt<543><STEAM_1:0:17751153><TERRORIST>" with "ak47" (damage "140") (damage_armor "0") (health "-65") (armor "0")
L 11/22/2020 - 21:33:05: "zeRRo<536><STEAM_1:0:1566539173><TERRORIST>" killed "Arsen_Lyt<543><STEAM_1:0:17751153><TERRORIST>" with "ak47"
