Protocol version 48
Exe version 1.1.2.7/Stdio (cstrike)
Exe build: 16:23:03 Oct  6 2020 (2369)
Executing ReGameDLL Configuration File 
unknown command "mp_freeforall"
unknown command "mp_maxmoney"
unknown command "mp_round_infinite"
unknown command "mp_hegrenade_penetration"
unknown command "mp_nadedrops"
unknown command "mp_roundrespawn_time"
unknown command "mp_auto_reload_weapons"
unknown command "mp_refill_bpammo_weapons"
unknown command "bot_deathmatch"
unknown command "mp_auto_join_team"
Executing ReGameDLL Configuration File 
unknown command "mp_freeforall"
unknown command "mp_maxmoney"
unknown command "mp_round_infinite"
unknown command "mp_hegrenade_penetration"
unknown command "mp_nadedrops"
unknown command "mp_roundrespawn_time"
unknown command "mp_auto_reload_weapons"
unknown command "mp_refill_bpammo_weapons"
unknown command "bot_deathmatch"
unknown command "mp_auto_join_team"
Server IP address 195.88.208.116:27015
   
   Metamod-r version 1.3.0.128 Copyright (c) 2016-2018 ReHLDS Team (rebuild of original Metamod by Will Day and Jussi Kivilinna)
   Metamod-r comes with ABSOLUTELY NO WARRANTY; for details type `meta gpl'.
   This is free software, and you are welcome to redistribute it
   under certain conditions; type `meta gpl' for details.
   
Metamod-r v1.3.0.128, API (5:13)
Metamod-r build: 17:47:48 Aug 24 2018
Metamod-r from: https://github.com/theAsmodai/metamod-r/commit/0cf2f70

   AMX Mod X version 1.9.0.5271 Copyright (c) 2004-2015 AMX Mod X Development Team 
   AMX Mod X comes with ABSOLUTELY NO WARRANTY; for details type `amxx gpl'.
   This is free software and you are welcome to redistribute it under 
   certain conditions; type 'amxx gpl' for details.
  
[WHB] Version: 1.5.696 Linux (Usage SSE 4.1)
[WHB] Success: Build ReHLDS version defined Linux '2369'
[WHB] Success: Configuration executed.
ReGameDLL version: 5.11.0.420-dev+m
L 11/24/2020 - 13:25:26: -------- Mapchange to jail_float --------
L 11/24/2020 - 13:25:26: [GEOIP] Database info: GeoLite2 Country database 2.0
[ReAimDetector] Version: 0.2.2 Linux 'Counter-Strike 1.6'
[ReAimDetector] Success: Build ReHLDS version defined Linux '2369'.
Executing ReGameDLL Configuration File 
unknown command "bot_deathmatch"
Executing ReGameDLL Configuration File 
unknown command "bot_deathmatch"
unknown command "amx_default_access"
unknown command "amx_password_field"
unknown command "amx_mode"
unknown command "amx_show_activity"
unknown command "amx_imessage"
unknown command "amx_freq_imessage"
unknown command "amx_plmenu_bantimes"
unknown command "amx_tempban_maxtime"
unknown command "amx_plmenu_slapdmg"
unknown command "amx_flood_time"
unknown command "amx_reservation"
unknown command "amx_hideslots"
unknown command "amx_time_display"
unknown command "amx_time_voice"
unknown command "amx_vote_delay"
unknown command "amx_vote_time"
unknown command "amx_vote_answers"
unknown command "amx_votekick_ratio"
unknown command "amx_voteban_ratio"
unknown command "amx_votemap_ratio"
unknown command "amx_vote_ratio"
unknown command "amx_extendmap_max"
unknown command "amx_extendmap_step"
unknown command "amx_language_display_msg"
unknown command "amx_help_display_msg"
unknown command "amx_help_display_msg_time"
unknown command "amx_help_amount_per_page"
unknown command "amx_statsx_duration"
unknown command "amx_statsx_freeze"
unknown command "amx_restrmapsettings"
unknown command "fb_kick_delay"
unknown command "fb_server_name"
unknown command "fb_sql_table"
unknown command "fb_sql_log_table"
unknown command "fb_ip_ban_time"
unknown command "fb_showhud"
unknown command "fb_offline_time"
unknown command "fb_unban_self"
unknown command "fb_unban_all"
unknown command "fb_oldmap_players"
unknown command "fb_bantime_access"
unknown command "fb_adminrcon_flag"
unknown command "fb_bantime_limit"
unknown command "fb_use_sql"
unknown command "fb_nvault_clear"
unknown command "fb_force_check"
unknown command "fb_cachetime"
unknown command "fb_oldkickinfo"
unknown command "fb_logtype"
unknown command "fb_loglevel"
unknown command "fb_logdays"
unknown command "fb_use_russian"
unknown command "fb_sql_clear"
unknown command "fb_subnet_except_ucp"
unknown command "fb_subnet_clients"
unknown command "fb_prefix_clients"
unknown command "fb_rec_snet"
unknown command "fb_rec_snet_time"
unknown command "fb_rec_snet_count"
unknown command "fb_rec_snet_bt"
unknown command "fb_subnet_recheck"
unknown command "fb_rec_snet_level"
unknown command "fb_cachetime_kick"
unknown command "fb_cacheonly"
unknown command "fb_showchat"
unknown command "fb_chatinfo"
unknown command "fb_hudinfo"
unknown command "fb_hudcolor"
unknown command "fb_hudpos"
unknown command "fb_serveronly"
unknown command "fb_confirmchat"
unknown command "fb_locknames"
unknown command "fb_newmenu"
unknown command "fb_show_bb"
unknown command "fb_noip_as_allip"
unknown command "fb_longtime_allservers"
unknown command "fb_force_bantype_ip"
unknown command "fb_no_confirm"
unknown command "fb_lock_def_time"
unknown command "fb_customreason_first"
unknown command "fb_customreason_flag"
unknown command "fb_plugin_prefix"
unknown command "fb_plugin_hprefix"
unknown command "fb_menu_nick_addons"
unknown command "fb_acp_admin_uid"
unknown command "fb_kick_all_from_ip"
unknown command "fb_positive_cache_mc"
unknown command "fb_menufilters"
unknown command "fb_menusort"
unknown command "amx_password_field"
unknown command "amx_amxadmins_table"
unknown command "amx_admins_table"
unknown command "fb_adminban_flag"
unknown command "amx_mode"
unknown command "amx_imessage"
unknown command "amx_freq_imessage"
unknown command "amx_plmenu_bantimes"
unknown command "amx_tempban_maxtime"
unknown command "amx_plmenu_slapdmg"
unknown command "amx_flood_time"
unknown command "amx_reservation"
unknown command "amx_hideslots"
unknown command "amx_time_display"
unknown command "amx_time_voice"
unknown command "amx_extendmap_max"
unknown command "amx_extendmap_step"
unknown command "amx_language_display_msg"
unknown command "amx_help_display_msg"
unknown command "amx_help_display_msg_time"
unknown command "amx_help_amount_per_page"
unknown command "amx_statsx_duration"
unknown command "amx_statsx_freeze"
unknown command "amx_restrmapsettings"
IP Подошёл.
L 11/24/2020 - 13:25:27: [colored_translit_config.amxx] Can't add menu item "Настройки чата" from plugin "Colored Translit Config" to menu set because the Menus Front-End plugin itself is not loaded!
L 11/24/2020 - 13:25:27: [map_chooser_14.amxx] Загружено 48 карт из addons/amxmodx/configs/maps.ini
L 11/24/2020 - 13:25:27: [map_chooser_14.amxx] Режим сортировки карт по онлайну выключен!
========== [Colored Translit] START SET FCVAR ==========
=========== [Colored Translit] END SET FCVAR ===========
=========== [Colored Translit] START DEBUG =============
[Colored Translit] Translit File Loaded. Symbols: 65
[Colored Translit] Swear File Loaded. Swears: 0
[Colored Translit] Replace File Loaded. Replacements: 1
[Colored Translit] Ignore File Loaded. Ignore Words: 35
[Colored Translit] Spam File Loaded. Spam Words: 172
[Colored Translit] Cheat File Loaded. Cheat Words: 206
[Colored Translit] Config File Executed. Version: 3.0
=========== [Colored Translit] END DEBUG ===============
unknown command "vk"
couldn't exec addons/amxmodx/configs/jb_standard/all_cvars.cfg
unknown command "jbe_last_prisoner_money"
unknown command "jbe_vip_discount_shop"
[COVID mode]: Everything is fine! The configuration file is loaded! 
L 11/24/2020 - 13:25:28: [admin_loader_for_fb.amxx] Загружено 32 администраторов из MySQL
Server logging data to file logs/L1124022.log
L 11/24/2020 - 13:25:28: Log file started (file "logs/L1124022.log") (game "cstrike") (version "48/1.1.2.7/Stdio/2369")
unknown command "sv_logecho"
unknown command "sv_logfile"
L 11/24/2020 - 13:25:28: Server cvar "mp_logdetail" = "3"
unknown command "mp_autocrosshair"
L 11/24/2020 - 13:25:28: Server cvar "sv_aim" = "0"
unknown command "sv_airmove"
unknown command "sv_voicequality"
unknown command "sv_voicecodec"
unknown command "amx_extendmap_max"
unknown command "amx_extendmap_step"
unknown command "cam_change"
unknown command "cam_connect"
unknown command "cam_message"
unknown command "sid_url"
unknown command "]fastcup.net/rating.html"
unknown command "precache_hl"
unknown command "precache_weapons"
unknown command "amx_extendmap_max"
unknown command "amx_extendmap_step"
unknown command "sv_consistency"
unknown command "amx_amxadmins_table"
unknown command "amx_admins_table"
L 11/24/2020 - 13:25:28: [pluginmenu.amxx] Can't add menu item "Plugin Cvars" from plugin "pluginmenu.amxx" to menu set because the Menus Front-End plugin itself is not loaded!
L 11/24/2020 - 13:25:28: [pluginmenu.amxx] Can't add menu item "Plugin Commands" from plugin "pluginmenu.amxx" to menu set because the Menus Front-End plugin itself is not loaded!
fsdfsd - 1 - 1
Connection to Steam servers successful.
L 11/24/2020 - 13:25:29: "KNIGA S IGRAMI<1><STEAM_1:0:2139325993><>" connected, address "5.59.41.114:35412"
   VAC secure mode disabled.
5.59.41.114:35412:reconnect
L 11/24/2020 - 13:25:29: "KNIGA S IGRAMI<2><STEAM_1:0:2139325993><>" connected, address "5.59.41.114:35412"
L 11/24/2020 - 13:25:29: "Zveruga<3><STEAM_1:0:948512310><>" connected, address "188.170.253.207:27005"
5.59.41.114:35412:reconnect
L 11/24/2020 - 13:25:30: "KNIGA S IGRAMI<4><STEAM_1:0:2139325993><>" connected, address "5.59.41.114:35412"
5.59.41.114:35412:reconnect
L 11/24/2020 - 13:25:30: "KNIGA S IGRAMI<5><STEAM_1:0:2139325993><>" connected, address "5.59.41.114:35412"
L 11/24/2020 - 13:25:31: "artemka888<6><STEAM_1:0:1288359075><>" connected, address "31.132.123.18:27005"
188.170.253.207:27005:reconnect
L 11/24/2020 - 13:25:31: "Zveruga<7><STEAM_1:0:948512310><>" connected, address "188.170.253.207:27005"
L 11/24/2020 - 13:25:32: "Alkatras<8><STEAM_1:0:1718162856><>" connected, address "46.0.208.51:39653"
188.170.253.207:27005:reconnect
L 11/24/2020 - 13:25:32: "Zveruga<9><STEAM_1:0:948512310><>" connected, address "188.170.253.207:27005"
5.59.41.114:35412:reconnect
L 11/24/2020 - 13:25:34: "KNIGA S IGRAMI<10><STEAM_1:0:2139325993><>" connected, address "5.59.41.114:35412"
188.170.253.207:27005:reconnect
L 11/24/2020 - 13:25:34: "Zveruga<11><STEAM_1:0:948512310><>" connected, address "188.170.253.207:27005"
188.170.253.207:27005:reconnect
L 11/24/2020 - 13:25:34: "Zveruga<12><STEAM_1:0:948512310><>" connected, address "188.170.253.207:27005"
5.59.41.114:35412:reconnect
L 11/24/2020 - 13:25:34: "KNIGA S IGRAMI<13><STEAM_1:0:2139325993><>" connected, address "5.59.41.114:35412"
46.0.208.51:39653:reconnect
L 11/24/2020 - 13:25:34: "Alkatras<14><STEAM_1:0:1718162856><>" connected, address "46.0.208.51:39653"
31.132.123.18:27005:reconnect
L 11/24/2020 - 13:25:34: "artemka888<15><STEAM_1:0:1288359075><>" connected, address "31.132.123.18:27005"
188.170.253.207:27005:reconnect
L 11/24/2020 - 13:25:35: "Zveruga<16><STEAM_1:0:948512310><>" connected, address "188.170.253.207:27005"
5.59.41.114:35412:reconnect
L 11/24/2020 - 13:25:35: "KNIGA S IGRAMI<17><STEAM_1:0:2139325993><>" connected, address "5.59.41.114:35412"
L 11/24/2020 - 13:25:36: World triggered "Round_Start"
L 11/24/2020 - 13:25:38: [admin_loader_for_fb.amxx] Login: "Zveruga<16><STEAM_1:0:948512310><>" became an admin (account "Zveruga") (nickname "Zveruga") (access "adfghilpqrst") (address "188.170.253.207")
L 11/24/2020 - 13:25:38: Admin Zveruga connected, ip: 188.170.253.207, Steam_ID: STEAM_1:0:948512310
L 11/24/2020 - 13:25:38: "Zveruga<16><STEAM_1:0:948512310><>" entered the game
L 11/24/2020 - 13:25:41: [admin_loader_for_fb.amxx] Login: "Alkatras<14><STEAM_1:0:1718162856><>" became an admin (account "Alkatras") (nickname "Alkatras") (access "abdfghiklnpqrst") (address "46.0.208.51")
L 11/24/2020 - 13:25:41: Admin Alkatras connected, ip: 46.0.208.51, Steam_ID: STEAM_1:0:1718162856
L 11/24/2020 - 13:25:41: "Alkatras<14><STEAM_1:0:1718162856><>" entered the game
L 11/24/2020 - 13:25:42: "Zveruga<16><STEAM_1:0:948512310><>" joined team "CT"
L 11/24/2020 - 13:25:42: World triggered "Round_Draw" (CT "0") (T "0")
L 11/24/2020 - 13:25:42: World triggered "Round_End"
L 11/24/2020 - 13:25:44: "Zveruga<16><STEAM_1:0:948512310><CT>" triggered "time" (time "0:06")
L 11/24/2020 - 13:25:44: "Zveruga<16><STEAM_1:0:948512310><CT>" triggered "latency" (ping "0")
L 11/24/2020 - 13:25:44: "Zveruga<16><STEAM_1:0:948512310><CT>" disconnected
188.170.253.207:27005:reconnect
L 11/24/2020 - 13:25:45: "Zveruga<18><STEAM_1:0:948512310><>" connected, address "188.170.253.207:27005"
5.59.41.114:35412:reconnect
L 11/24/2020 - 13:25:45: "KNIGA S IGRAMI<19><STEAM_1:0:2139325993><>" connected, address "5.59.41.114:35412"
L 11/24/2020 - 13:25:47: World triggered "Round_Start"
L 11/24/2020 - 13:25:47: [admin_loader_for_fb.amxx] Login: "Zveruga<18><STEAM_1:0:948512310><>" became an admin (account "Zveruga") (nickname "Zveruga") (access "adfghilpqrst") (address "188.170.253.207")
L 11/24/2020 - 13:25:47: Admin Zveruga connected, ip: 188.170.253.207, Steam_ID: STEAM_1:0:948512310
L 11/24/2020 - 13:25:47: "Zveruga<18><STEAM_1:0:948512310><>" entered the game
L 11/24/2020 - 13:25:48: "Alkatras<14><STEAM_1:0:1718162856><>" joined team "TERRORIST"
L 11/24/2020 - 13:25:48: World triggered "Round_Draw" (CT "0") (T "0")
L 11/24/2020 - 13:25:48: World triggered "Round_End"
L 11/24/2020 - 13:25:49: "KNIGA S IGRAMI<19><STEAM_1:0:2139325993><>" entered the game
L 11/24/2020 - 13:25:52: "KNIGA S IGRAMI<19><STEAM_1:0:2139325993><>" joined team "CT"
L 11/24/2020 - 13:25:53: World triggered "Round_Start"
L 11/24/2020 - 13:25:56: "миша45<20><STEAM_1:0:1500364440><>" connected, address "37.113.162.62:63553"
L 11/24/2020 - 13:25:57: "Zveruga<18><STEAM_1:0:948512310><>" joined team "TERRORIST"
L 11/24/2020 - 13:25:57: World triggered "Game_Commencing"
L 11/24/2020 - 13:25:57: World triggered "Game_Commencing" (CT "0") (T "0")
L 11/24/2020 - 13:25:57: World triggered "Round_End"
37.113.162.62:63553:reconnect
L 11/24/2020 - 13:25:58: "миша45<21><STEAM_1:0:1500364440><>" connected, address "37.113.162.62:63553"
L 11/24/2020 - 13:26:00: World triggered "Round_Start"
L 11/24/2020 - 13:26:02: "миша45<21><STEAM_1:0:1500364440><>" entered the game
L 11/24/2020 - 13:26:03: [plmenu.amxx] Cmd: "Alkatras<14><STEAM_1:0:1718162856><>" transfer "KNIGA S IGRAMI<19><STEAM_1:0:2139325993><>" (team "Ментов")
L 11/24/2020 - 13:26:03: "KNIGA S IGRAMI<19><STEAM_1:0:2139325993><CT>" committed suicide with "world"
L 11/24/2020 - 13:26:03: Team "TERRORIST" triggered "Terrorists_Win" (CT "0") (T "1")
L 11/24/2020 - 13:26:03: World triggered "Round_End"
L 11/24/2020 - 13:26:03: "KNIGA S IGRAMI<19><STEAM_1:0:2139325993><CT>" joined team "TERRORIST"
L 11/24/2020 - 13:26:04: "миша45<21><STEAM_1:0:1500364440><>" joined team "TERRORIST"
L 11/24/2020 - 13:26:07: "KNIGA S IGRAMI<19><STEAM_1:0:2139325993><TERRORIST>" joined team "CT"
L 11/24/2020 - 13:26:08: World triggered "Round_Start"
L 11/24/2020 - 13:26:09: [plmenu.amxx] Cmd: "Zveruga<18><STEAM_1:0:948512310><>" transfer "KNIGA S IGRAMI<19><STEAM_1:0:2139325993><>" (team "Ментов")
L 11/24/2020 - 13:26:09: "KNIGA S IGRAMI<19><STEAM_1:0:2139325993><CT>" committed suicide with "world"
L 11/24/2020 - 13:26:09: Team "TERRORIST" triggered "Terrorists_Win" (CT "0") (T "2")
L 11/24/2020 - 13:26:09: World triggered "Round_End"
L 11/24/2020 - 13:26:09: "KNIGA S IGRAMI<19><STEAM_1:0:2139325993><CT>" joined team "TERRORIST"
L 11/24/2020 - 13:26:10: "Zveruga<18><STEAM_1:0:948512310><TERRORIST>" committed suicide with "world"
L 11/24/2020 - 13:26:10: "Zveruga<18><STEAM_1:0:948512310><TERRORIST>" joined team "CT"
L 11/24/2020 - 13:26:14: World triggered "Round_Start"
L 11/24/2020 - 13:26:18: Server cvar "sv_restart" = "5"
L 11/24/2020 - 13:26:18: World triggered "Restart_Round_(5_seconds)"
L 11/24/2020 - 13:26:18: Team "CT" scored "0" with "1" players
L 11/24/2020 - 13:26:18: Team "TERRORIST" scored "2" with "3" players
L 11/24/2020 - 13:26:18: Server cvar "sv_restart" = "0"
L 11/24/2020 - 13:26:23: World triggered "Round_Start"
SZ_GetSpace: overflow on Alkatras
SZ_GetSpace: overflow on Alkatras
SZ_GetSpace: overflow on Alkatras
SZ_GetSpace: overflow on Alkatras
SZ_GetSpace: overflow on Alkatras
L 11/24/2020 - 13:27:27: "Alkatras<14><STEAM_1:0:1718162856><TERRORIST>" triggered "weaponstats" (weapon "knife") (shots "3") (hits "0") (kills "0") (headshots "0") (tks "0") (damage "0") (deaths "0")
L 11/24/2020 - 13:27:27: "Alkatras<14><STEAM_1:0:1718162856><TERRORIST>" triggered "weaponstats2" (weapon "knife") (head "0") (chest "0") (stomach "0") (leftarm "0") (rightarm "0") (leftleg "0") (rightleg "0")
L 11/24/2020 - 13:27:27: "Alkatras<14><STEAM_1:0:1718162856><TERRORIST>" triggered "time" (time "1:46")
L 11/24/2020 - 13:27:27: "Alkatras<14><STEAM_1:0:1718162856><TERRORIST>" triggered "latency" (ping "150")
L 11/24/2020 - 13:27:27: "Alkatras<14><STEAM_1:0:1718162856><TERRORIST>" disconnected
46.0.208.51:39653:reconnect
L 11/24/2020 - 13:27:27: "Alkatras<22><STEAM_1:0:1718162856><>" connected, address "46.0.208.51:39653"
46.0.208.51:39653:reconnect
L 11/24/2020 - 13:27:36: "Alkatras<23><STEAM_1:0:1718162856><>" connected, address "46.0.208.51:39653"
L 11/24/2020 - 13:27:41: [admin_loader_for_fb.amxx] Login: "Alkatras<23><STEAM_1:0:1718162856><>" became an admin (account "Alkatras") (nickname "Alkatras") (access "abdfghiklnpqrst") (address "46.0.208.51")
L 11/24/2020 - 13:27:41: Admin Alkatras connected, ip: 46.0.208.51, Steam_ID: STEAM_1:0:1718162856
L 11/24/2020 - 13:27:41: "Alkatras<23><STEAM_1:0:1718162856><>" entered the game
L 11/24/2020 - 13:27:44: "Alkatras<23><STEAM_1:0:1718162856><>" joined team "TERRORIST"
L 11/24/2020 - 13:27:57: "$$$ keks $$$<24><STEAM_1:0:603183723><>" connected, address "91.241.193.8:27005"
91.241.193.8:27005:reconnect
L 11/24/2020 - 13:28:00: "$$$ keks $$$<25><STEAM_1:0:603183723><>" connected, address "91.241.193.8:27005"
L 11/24/2020 - 13:28:25: "$$$ keks $$$<25><STEAM_1:0:603183723><>" entered the game
L 11/24/2020 - 13:28:28: "$$$ keks $$$<25><STEAM_1:0:603183723><>" joined team "TERRORIST"
L 11/24/2020 - 13:28:39: "$$$ keks $$$<25><STEAM_1:0:603183723><TERRORIST>" triggered "time" (time "0:14")
L 11/24/2020 - 13:28:39: "$$$ keks $$$<25><STEAM_1:0:603183723><TERRORIST>" triggered "latency" (ping "0")
L 11/24/2020 - 13:28:39: "$$$ keks $$$<25><STEAM_1:0:603183723><TERRORIST>" disconnected
L 11/24/2020 - 13:29:49: "PROFESSOR<26><STEAM_1:0:879078399><>" connected, address "212.109.27.193:2563"
212.109.27.193:2563:reconnect
L 11/24/2020 - 13:29:50: "PROFESSOR<27><STEAM_1:0:879078399><>" connected, address "212.109.27.193:2563"
L 11/24/2020 - 13:29:53: "PROFESSOR<27><STEAM_1:0:879078399><>" entered the game
L 11/24/2020 - 13:29:55: "PROFESSOR<27><STEAM_1:0:879078399><>" joined team "TERRORIST"
L 11/24/2020 - 13:30:30: "Zveruga<18><STEAM_1:0:948512310><CT>" attacked "KNIGA S IGRAMI<19><STEAM_1:0:2139325993><TERRORIST>" with "ak47" (damage "800") (damage_armor "112") (health "-700") (armor "0")
L 11/24/2020 - 13:30:30: "Zveruga<18><STEAM_1:0:948512310><CT>" killed "KNIGA S IGRAMI<19><STEAM_1:0:2139325993><TERRORIST>" with "ak47"
L 11/24/2020 - 13:30:40: "KNIGA S IGRAMI<19><STEAM_1:0:2139325993><TERRORIST>" triggered "weaponstats" (weapon "knife") (shots "32") (hits "0") (kills "0") (headshots "0") (tks "0") (damage "0") (deaths "1")
L 11/24/2020 - 13:30:40: "KNIGA S IGRAMI<19><STEAM_1:0:2139325993><TERRORIST>" triggered "weaponstats2" (weapon "knife") (head "0") (chest "0") (stomach "0") (leftarm "0") (rightarm "0") (leftleg "0") (rightleg "0")
L 11/24/2020 - 13:30:40: "KNIGA S IGRAMI<19><STEAM_1:0:2139325993><TERRORIST>" triggered "time" (time "4:51")
L 11/24/2020 - 13:30:40: "KNIGA S IGRAMI<19><STEAM_1:0:2139325993><TERRORIST>" triggered "latency" (ping "73")
L 11/24/2020 - 13:30:40: "KNIGA S IGRAMI<19><STEAM_1:0:2139325993><TERRORIST>" disconnected
5.59.41.114:35412:reconnect
L 11/24/2020 - 13:30:41: "KNIGA S IGRAMI<28><STEAM_1:0:2139325993><>" connected, address "5.59.41.114:35412"
L 11/24/2020 - 13:30:45: "KNIGA S IGRAMI<28><STEAM_1:0:2139325993><>" entered the game
L 11/24/2020 - 13:30:48: "KNIGA S IGRAMI<28><STEAM_1:0:2139325993><>" joined team "TERRORIST"
L 11/24/2020 - 13:30:58: "Alkatras<23><STEAM_1:0:1718162856><TERRORIST>" attacked "Zveruga<18><STEAM_1:0:948512310><CT>" with "knife" (damage "55") (damage_armor "4") (health "444") (armor "345")
L 11/24/2020 - 13:31:07: "KNIGA S IGRAMI<28><STEAM_1:0:2139325993><TERRORIST>" triggered "time" (time "0:22")
L 11/24/2020 - 13:31:07: "KNIGA S IGRAMI<28><STEAM_1:0:2139325993><TERRORIST>" triggered "latency" (ping "76")
L 11/24/2020 - 13:31:07: "KNIGA S IGRAMI<28><STEAM_1:0:2139325993><TERRORIST>" disconnected
L 11/24/2020 - 13:31:14: "Alkatras<23><STEAM_1:0:1718162856><TERRORIST>" attacked "миша45<21><STEAM_1:0:1500364440><TERRORIST>" with "knife" (damage "153") (damage_armor "13") (health "-53") (armor "86")
L 11/24/2020 - 13:31:14: "Alkatras<23><STEAM_1:0:1718162856><TERRORIST>" killed "миша45<21><STEAM_1:0:1500364440><TERRORIST>" with "knife"
L 11/24/2020 - 13:31:33: "Moroz_pidor<29><STEAM_1:0:1526837245><>" connected, address "178.187.212.40:27005"
L 11/24/2020 - 13:31:49: "Xto Ya<30><STEAM_1:0:1431999595><>" connected, address "5.153.138.230:27005"
L 11/24/2020 - 13:31:49: "Alkatras<23><STEAM_1:0:1718162856><TERRORIST>" attacked "Zveruga<18><STEAM_1:0:948512310><CT>" with "ak47" (damage "108") (damage_armor "15") (health "336") (armor "329")
L 11/24/2020 - 13:31:57: "Alkatras<23><STEAM_1:0:1718162856><TERRORIST>" attacked "Zveruga<18><STEAM_1:0:948512310><CT>" with "scout" (damage "62") (damage_armor "5") (health "37") (armor "94")
L 11/24/2020 - 13:31:59: "Alkatras<23><STEAM_1:0:1718162856><TERRORIST>" attacked "Zveruga<18><STEAM_1:0:948512310><CT>" with "scout" (damage "62") (damage_armor "4") (health "-24") (armor "89")
L 11/24/2020 - 13:31:59: "Alkatras<23><STEAM_1:0:1718162856><TERRORIST>" killed "Zveruga<18><STEAM_1:0:948512310><CT>" with "scout"
L 11/24/2020 - 13:31:59: Team "TERRORIST" triggered "Terrorists_Win" (CT "0") (T "1")
L 11/24/2020 - 13:31:59: World triggered "Round_End"
L 11/24/2020 - 13:32:03: "Alkatras<23><STEAM_1:0:1718162856><TERRORIST>" committed suicide with "world"
5.153.138.230:27005:reconnect
L 11/24/2020 - 13:32:04: "Xto Ya<31><STEAM_1:0:1431999595><>" connected, address "5.153.138.230:27005"
L 11/24/2020 - 13:32:05: World triggered "Round_Start"
L 11/24/2020 - 13:32:09: "Xto Ya<31><STEAM_1:0:1431999595><>" entered the game
L 11/24/2020 - 13:32:15: "Xto Ya<31><STEAM_1:0:1431999595><>" joined team "TERRORIST"
L 11/24/2020 - 13:33:44: "MILKO<32><STEAM_1:0:1961203173><>" connected, address "213.174.6.179:27005"
L 11/24/2020 - 13:33:45: Kick: "MILKO<32><STEAM_1:0:1961203173><>" was kicked by "Console" (message "Ваши настройки видео-режима запрещены на сервере!")
L 11/24/2020 - 13:34:34: "K P A C U B O<33><STEAM_1:0:40932237><>" connected, address "92.37.166.32:27005"
92.37.166.32:27005:reconnect
L 11/24/2020 - 13:34:40: "K P A C U B O<34><STEAM_1:0:40932237><>" connected, address "92.37.166.32:27005"
L 11/24/2020 - 13:34:54: "K P A C U B O<34><STEAM_1:0:40932237><>" entered the game
L 11/24/2020 - 13:34:55: Kick: "K P A C U B O<34><STEAM_1:0:40932237><>" was kicked by "Console" (message ""Вы забанены. Подробная информация в вашей консоли."")
L 11/24/2020 - 13:34:55: "K P A C U B O<34><STEAM_1:0:40932237><UNASSIGNED>" triggered "time" (time "0:01")
L 11/24/2020 - 13:34:55: "K P A C U B O<34><STEAM_1:0:40932237><UNASSIGNED>" triggered "latency" (ping "0")
L 11/24/2020 - 13:34:55: "K P A C U B O<34><STEAM_1:0:40932237><>" disconnected
L 11/24/2020 - 13:35:16: "Zveruga<18><STEAM_1:0:948512310><CT>" attacked "Alkatras<23><STEAM_1:0:1718162856><TERRORIST>" with "ak47" (damage "1000") (damage_armor "0") (health "-922") (armor "0")
L 11/24/2020 - 13:35:16: "Zveruga<18><STEAM_1:0:948512310><CT>" killed "Alkatras<23><STEAM_1:0:1718162856><TERRORIST>" with "ak47"
L 11/24/2020 - 13:35:48: "PROFESSOR<27><STEAM_1:0:879078399><TERRORIST>" attacked "Zveruga<18><STEAM_1:0:948512310><CT>" with "knife" (damage "331") (damage_armor "29") (health "168") (armor "320")
L 11/24/2020 - 13:35:49: "PROFESSOR<27><STEAM_1:0:879078399><TERRORIST>" attacked "Zveruga<18><STEAM_1:0:948512310><CT>" with "knife" (damage "331") (damage_armor "28") (health "-162") (armor "291")
L 11/24/2020 - 13:35:49: "PROFESSOR<27><STEAM_1:0:879078399><TERRORIST>" killed "Zveruga<18><STEAM_1:0:948512310><CT>" with "knife"
L 11/24/2020 - 13:35:49: Team "TERRORIST" triggered "Terrorists_Win" (CT "0") (T "2")
L 11/24/2020 - 13:35:49: World triggered "Round_End"
L 11/24/2020 - 13:35:54: World triggered "Round_Start"
L 11/24/2020 - 13:36:27: "Alkatras<23><STEAM_1:0:1718162856><TERRORIST>" attacked "Zveruga<18><STEAM_1:0:948512310><CT>" with "knife" (damage "663") (damage_armor "58") (health "-163") (armor "291")
L 11/24/2020 - 13:36:27: "Alkatras<23><STEAM_1:0:1718162856><TERRORIST>" killed "Zveruga<18><STEAM_1:0:948512310><CT>" with "knife"
L 11/24/2020 - 13:36:27: Team "TERRORIST" triggered "Terrorists_Win" (CT "0") (T "3")
L 11/24/2020 - 13:36:27: World triggered "Round_End"
L 11/24/2020 - 13:36:32: World triggered "Round_Start"
L 11/24/2020 - 13:36:53: "Alkatras<23><STEAM_1:0:1718162856><TERRORIST>" attacked "Zveruga<18><STEAM_1:0:948512310><CT>" with "knife" (damage "1989") (damage_armor "175") (health "-1489") (armor "174")
L 11/24/2020 - 13:36:53: "Alkatras<23><STEAM_1:0:1718162856><TERRORIST>" killed "Zveruga<18><STEAM_1:0:948512310><CT>" with "knife"
L 11/24/2020 - 13:36:53: Team "TERRORIST" triggered "Terrorists_Win" (CT "0") (T "4")
L 11/24/2020 - 13:36:53: World triggered "Round_End"
L 11/24/2020 - 13:36:58: World triggered "Round_Start"
L 11/24/2020 - 13:37:23: "Moroz_pidor<35><STEAM_1:0:1526837245><>" connected, address "178.187.212.40:27005"
L 11/24/2020 - 13:37:28: "Moroz_pidor<35><STEAM_1:0:1526837245><>" entered the game
L 11/24/2020 - 13:37:32: "Moroz_pidor<35><STEAM_1:0:1526837245><>" joined team "TERRORIST"
Host_Error: PF_setmodel_I: no precache: models/w_xm1014.mdl

L 11/24/2020 - 13:37:44: "Xto Ya<31><STEAM_1:0:1431999595><TERRORIST>" triggered "weaponstats" (weapon "knife") (shots "6") (hits "0") (kills "0") (headshots "0") (tks "0") (damage "0") (deaths "0")
L 11/24/2020 - 13:37:44: "Xto Ya<31><STEAM_1:0:1431999595><TERRORIST>" triggered "weaponstats2" (weapon "knife") (head "0") (chest "0") (stomach "0") (leftarm "0") (rightarm "0") (leftleg "0") (rightleg "0")
L 11/24/2020 - 13:37:44: "Xto Ya<31><STEAM_1:0:1431999595><TERRORIST>" triggered "time" (time "5:35")
L 11/24/2020 - 13:37:44: "Xto Ya<31><STEAM_1:0:1431999595><TERRORIST>" triggered "latency" (ping "46")
L 11/24/2020 - 13:37:44: "Zveruga<18><STEAM_1:0:948512310><CT>" triggered "weaponstats" (weapon "knife") (shots "1") (hits "0") (kills "0") (headshots "0") (tks "0") (damage "0") (deaths "0")
L 11/24/2020 - 13:37:44: "Zveruga<18><STEAM_1:0:948512310><CT>" triggered "weaponstats2" (weapon "knife") (head "0") (chest "0") (stomach "0") (leftarm "0") (rightarm "0") (leftleg "0") (rightleg "0")
L 11/24/2020 - 13:37:44: "Zveruga<18><STEAM_1:0:948512310><CT>" triggered "time" (time "11:56")
L 11/24/2020 - 13:37:44: "Zveruga<18><STEAM_1:0:948512310><CT>" triggered "latency" (ping "72")
L 11/24/2020 - 13:37:44: "PROFESSOR<27><STEAM_1:0:879078399><TERRORIST>" triggered "weaponstats" (weapon "knife") (shots "41") (hits "2") (kills "1") (headshots "0") (tks "0") (damage "662") (deaths "0")
L 11/24/2020 - 13:37:44: "PROFESSOR<27><STEAM_1:0:879078399><TERRORIST>" triggered "weaponstats2" (weapon "knife") (head "0") (chest "0") (stomach "1") (leftarm "0") (rightarm "0") (leftleg "0") (rightleg "0")
L 11/24/2020 - 13:37:44: "PROFESSOR<27><STEAM_1:0:879078399><TERRORIST>" triggered "time" (time "7:51")
L 11/24/2020 - 13:37:44: "PROFESSOR<27><STEAM_1:0:879078399><TERRORIST>" triggered "latency" (ping "46")
L 11/24/2020 - 13:37:44: "Alkatras<23><STEAM_1:0:1718162856><TERRORIST>" triggered "weaponstats" (weapon "scout") (shots "2") (hits "2") (kills "1") (headshots "0") (tks "0") (damage "124") (deaths "0")
L 11/24/2020 - 13:37:44: "Alkatras<23><STEAM_1:0:1718162856><TERRORIST>" triggered "weaponstats2" (weapon "scout") (head "0") (chest "1") (stomach "0") (leftarm "1") (rightarm "0") (leftleg "0") (rightleg "0")
L 11/24/2020 - 13:37:44: "Alkatras<23><STEAM_1:0:1718162856><TERRORIST>" triggered "weaponstats" (weapon "deagle") (shots "3") (hits "0") (kills "0") (headshots "0") (tks "0") (damage "0") (deaths "0")
L 11/24/2020 - 13:37:44: "Alkatras<23><STEAM_1:0:1718162856><TERRORIST>" triggered "weaponstats2" (weapon "deagle") (head "0") (chest "0") (stomach "0") (leftarm "0") (rightarm "0") (leftleg "0") (rightleg "0")
L 11/24/2020 - 13:37:44: "Alkatras<23><STEAM_1:0:1718162856><TERRORIST>" triggered "weaponstats" (weapon "ak47") (shots "6") (hits "1") (kills "0") (headshots "0") (tks "0") (damage "108") (deaths "0")
L 11/24/2020 - 13:37:44: "Alkatras<23><STEAM_1:0:1718162856><TERRORIST>" triggered "weaponstats2" (weapon "ak47") (head "0") (chest "0") (stomach "0") (leftarm "0") (rightarm "1") (leftleg "0") (rightleg "0")
L 11/24/2020 - 13:37:44: "Alkatras<23><STEAM_1:0:1718162856><TERRORIST>" triggered "weaponstats" (weapon "knife") (shots "33") (hits "4") (kills "3") (headshots "0") (tks "1") (damage "2860") (deaths "1")
L 11/24/2020 - 13:37:44: "Alkatras<23><STEAM_1:0:1718162856><TERRORIST>" triggered "weaponstats2" (weapon "knife") (head "1") (chest "0") (stomach "0") (leftarm "0") (rightarm "0") (leftleg "0") (rightleg "0")
L 11/24/2020 - 13:37:44: "Alkatras<23><STEAM_1:0:1718162856><TERRORIST>" triggered "time" (time "10:03")
L 11/24/2020 - 13:37:44: "Alkatras<23><STEAM_1:0:1718162856><TERRORIST>" triggered "latency" (ping "30")
L 11/24/2020 - 13:37:44: "миша45<21><STEAM_1:0:1500364440><TERRORIST>" triggered "weaponstats" (weapon "scout") (shots "1") (hits "0") (kills "0") (headshots "0") (tks "0") (damage "0") (deaths "0")
L 11/24/2020 - 13:37:44: "миша45<21><STEAM_1:0:1500364440><TERRORIST>" triggered "weaponstats2" (weapon "scout") (head "0") (chest "0") (stomach "0") (leftarm "0") (rightarm "0") (leftleg "0") (rightleg "0")
L 11/24/2020 - 13:37:44: "миша45<21><STEAM_1:0:1500364440><TERRORIST>" triggered "weaponstats" (weapon "ak47") (shots "1") (hits "0") (kills "0") (headshots "0") (tks "0") (damage "0") (deaths "0")
L 11/24/2020 - 13:37:44: "миша45<21><STEAM_1:0:1500364440><TERRORIST>" triggered "weaponstats2" (weapon "ak47") (head "0") (chest "0") (stomach "0") (leftarm "0") (rightarm "0") (leftleg "0") (rightleg "0")
L 11/24/2020 - 13:37:44: "миша45<21><STEAM_1:0:1500364440><TERRORIST>" triggered "weaponstats" (weapon "knife") (shots "19") (hits "0") (kills "0") (headshots "0") (tks "0") (damage "0") (deaths "1")
L 11/24/2020 - 13:37:44: "миша45<21><STEAM_1:0:1500364440><TERRORIST>" triggered "weaponstats2" (weapon "knife") (head "0") (chest "0") (stomach "0") (leftarm "0") (rightarm "0") (leftleg "0") (rightleg "0")
L 11/24/2020 - 13:37:44: "миша45<21><STEAM_1:0:1500364440><TERRORIST>" triggered "time" (time "11:42")
L 11/24/2020 - 13:37:44: "миша45<21><STEAM_1:0:1500364440><TERRORIST>" triggered "latency" (ping "50")
L 11/24/2020 - 13:37:44: "Moroz_pidor<35><STEAM_1:0:1526837245><TERRORIST>" triggered "time" (time "0:15")
L 11/24/2020 - 13:37:44: "Moroz_pidor<35><STEAM_1:0:1526837245><TERRORIST>" triggered "latency" (ping "0")
L 11/24/2020 - 13:37:44: [META] ini: Begin re-reading plugins list: /servers/cs/1001/cstrike/addons/metamod/plugins.ini
L 11/24/2020 - 13:37:44: [META] ini: Read plugin config for: AMX Mod X
L 11/24/2020 - 13:37:44: [META] ini: Read plugin config for: LocalizeBug Fix
L 11/24/2020 - 13:37:44: [META] ini: Read plugin config for: Reunion
L 11/24/2020 - 13:37:44: [META] ini: Read plugin config for: WHBlocker
L 11/24/2020 - 13:37:44: [META] ini: Read plugin config for: Revoice
L 11/24/2020 - 13:37:44: [META] ini: Read plugin config for: Rechecker
L 11/24/2020 - 13:37:44: [META] ini: Finished reading plugins list: /servers/cs/1001/cstrike/addons/metamod/plugins.ini; Found 6 plugins
L 11/24/2020 - 13:37:44: [META] dll: Updating plugins...
L 11/24/2020 - 13:37:44: [META] dll: Finished updating 16 plugins; kept 6, loaded 0, unloaded 0, reloaded 0, delayed 0
L 11/24/2020 - 13:37:44: [META] dll: Begin scan to collect callback fix data...
