L 01/09/2013 - 20:59:29: Log file started (file "logs\L0109001.log") (game "cstrike") (version "48/1.1.2.6/4554")
L 01/09/2013 - 20:59:29: Loading map "fy_pool_day"
L 01/09/2013 - 20:59:29: Server cvars start
L 01/09/2013 - 20:59:29: Server cvar "_tutor_bomb_viewable_check_interval" = "0.5"
L 01/09/2013 - 20:59:29: Server cvar "_tutor_debug_level" = "0"
L 01/09/2013 - 20:59:29: Server cvar "_tutor_examine_time" = "0.5"
L 01/09/2013 - 20:59:29: Server cvar "_tutor_hint_interval_time" = "10.0"
L 01/09/2013 - 20:59:29: Server cvar "_tutor_look_angle" = "10"
L 01/09/2013 - 20:59:29: Server cvar "_tutor_look_distance" = "200"
L 01/09/2013 - 20:59:29: Server cvar "_tutor_message_character_display_time_coefficient" = "0.07"
L 01/09/2013 - 20:59:29: Server cvar "_tutor_message_minimum_display_time" = "1"
L 01/09/2013 - 20:59:29: Server cvar "_tutor_message_repeats" = "5"
L 01/09/2013 - 20:59:29: Server cvar "_tutor_view_distance" = "1000"
L 01/09/2013 - 20:59:29: Server cvar "allow_spectators" = "1"
L 01/09/2013 - 20:59:29: Server cvar "amx_client_languages" = "0"
L 01/09/2013 - 20:59:29: Server cvar "amx_language" = "ru"
L 01/09/2013 - 20:59:29: Server cvar "amx_nextmap" = "de_dust2"
L 01/09/2013 - 20:59:29: Server cvar "amxmodx_version" = "1.8.1.3746"
L 01/09/2013 - 20:59:29: Server cvar "coop" = "0"
L 01/09/2013 - 20:59:29: Server cvar "deathmatch" = "1"
L 01/09/2013 - 20:59:29: Server cvar "decalfrequency" = "60"
L 01/09/2013 - 20:59:29: Server cvar "dp_version" = "0.9.87"
L 01/09/2013 - 20:59:29: Server cvar "edgefriction" = "2"
L 01/09/2013 - 20:59:29: Server cvar "hostage_debug" = "0"
L 01/09/2013 - 20:59:29: Server cvar "hostage_stop" = "0"
L 01/09/2013 - 20:59:29: Server cvar "humans_join_team" = "any"
L 01/09/2013 - 20:59:29: Server cvar "max_queries_sec" = "3.0"
L 01/09/2013 - 20:59:29: Server cvar "max_queries_sec_global" = "30"
L 01/09/2013 - 20:59:29: Server cvar "max_queries_window" = "60"
L 01/09/2013 - 20:59:29: Server cvar "metamod_version" = "1.19p32"
L 01/09/2013 - 20:59:29: Server cvar "mp_allowmonsters" = "0"
L 01/09/2013 - 20:59:29: Server cvar "mp_autokick" = "0"
L 01/09/2013 - 20:59:29: Server cvar "mp_autoteambalance" = "1"
L 01/09/2013 - 20:59:29: Server cvar "mp_buytime" = "0.250000"
L 01/09/2013 - 20:59:29: Server cvar "mp_c4timer" = "35"
L 01/09/2013 - 20:59:29: Server cvar "mp_chattime" = "10"
L 01/09/2013 - 20:59:29: Server cvar "mp_consistency" = "1"
L 01/09/2013 - 20:59:29: Server cvar "mp_fadetoblack" = "0"
L 01/09/2013 - 20:59:29: Server cvar "mp_flashlight" = "1"
L 01/09/2013 - 20:59:29: Server cvar "mp_footsteps" = "1"
L 01/09/2013 - 20:59:29: Server cvar "mp_forcecamera" = "0"
L 01/09/2013 - 20:59:29: Server cvar "mp_forcechasecam" = "0"
L 01/09/2013 - 20:59:29: Server cvar "mp_fragsleft" = "0"
L 01/09/2013 - 20:59:29: Server cvar "mp_freezetime" = "2"
L 01/09/2013 - 20:59:29: Server cvar "mp_friendlyfire" = "0"
L 01/09/2013 - 20:59:29: Server cvar "mp_ghostfrequency" = "0.1"
L 01/09/2013 - 20:59:29: Server cvar "mp_hostagepenalty" = "0"
L 01/09/2013 - 20:59:29: Server cvar "mp_kickpercent" = "1"
L 01/09/2013 - 20:59:29: Server cvar "mp_limitteams" = "0"
L 01/09/2013 - 20:59:29: Server cvar "mp_logdetail" = "3"
L 01/09/2013 - 20:59:29: Server cvar "mp_logfile" = "1"
L 01/09/2013 - 20:59:29: Server cvar "mp_logmessages" = "1"
L 01/09/2013 - 20:59:29: Server cvar "mp_mapvoteratio" = "0.66"
L 01/09/2013 - 20:59:29: Server cvar "mp_maxrounds" = "0"
L 01/09/2013 - 20:59:29: Server cvar "mp_mirrordamage" = "0"
L 01/09/2013 - 20:59:29: Server cvar "mp_playerid" = "0"
L 01/09/2013 - 20:59:29: Server cvar "mp_roundtime" = "2.20"
L 01/09/2013 - 20:59:29: Server cvar "mp_startmoney" = "888"
L 01/09/2013 - 20:59:29: Server cvar "mp_timeleft" = "0"
L 01/09/2013 - 20:59:29: Server cvar "mp_timelimit" = "30"
L 01/09/2013 - 20:59:29: Server cvar "mp_tkpunish" = "0"
L 01/09/2013 - 20:59:29: Server cvar "mp_windifference" = "1"
L 01/09/2013 - 20:59:29: Server cvar "mp_winlimit" = "0"
L 01/09/2013 - 20:59:29: Server cvar "pausable" = "0"
L 01/09/2013 - 20:59:29: Server cvar "statsx_shell_ver" = "2.0.0 (BETA)"
L 01/09/2013 - 20:59:29: Server cvar "sv_accelerate" = "5"
L 01/09/2013 - 20:59:29: Server cvar "sv_aim" = "0"
L 01/09/2013 - 20:59:29: Server cvar "sv_airaccelerate" = "10""
L 01/09/2013 - 20:59:29: Server cvar "sv_airmove" = "1""
L 01/09/2013 - 20:59:29: Server cvar "sv_allowupload" = "1"
L 01/09/2013 - 20:59:29: Server cvar "sv_alltalk" = "1"
L 01/09/2013 - 20:59:29: Server cvar "sv_bounce" = "1"
L 01/09/2013 - 20:59:29: Server cvar "sv_cheats" = "0"
L 01/09/2013 - 20:59:29: Server cvar "sv_clienttrace" = "1.0"
L 01/09/2013 - 20:59:29: Server cvar "sv_clipmode" = "0"
L 01/09/2013 - 20:59:29: Server cvar "sv_contact" = "Skype: puree_game"
L 01/09/2013 - 20:59:29: Server cvar "sv_friction" = "4"
L 01/09/2013 - 20:59:29: Server cvar "sv_gravity" = "800"
L 01/09/2013 - 20:59:29: Server cvar "sv_logblocks" = "0"
L 01/09/2013 - 20:59:29: Server cvar "sv_maxrate" = "25000"
L 01/09/2013 - 20:59:29: Server cvar "sv_maxspeed" = "320"
L 01/09/2013 - 20:59:29: Server cvar "sv_minrate" = "10000"
L 01/09/2013 - 20:59:29: Server cvar "sv_password" = ""
L 01/09/2013 - 20:59:29: Server cvar "sv_proxies" = "1"
L 01/09/2013 - 20:59:29: Server cvar "sv_region" = "3"
L 01/09/2013 - 20:59:29: Server cvar "sv_restart" = "0"
L 01/09/2013 - 20:59:29: Server cvar "sv_restartround" = "0"
L 01/09/2013 - 20:59:29: Server cvar "sv_stepsize" = "18"
L 01/09/2013 - 20:59:29: Server cvar "sv_stopspeed" = "75"
L 01/09/2013 - 20:59:29: Server cvar "sv_uploadmax" = "0.5"
L 01/09/2013 - 20:59:29: Server cvar "sv_voiceenable" = "1"
L 01/09/2013 - 20:59:29: Server cvar "sv_wateraccelerate" = "10"
L 01/09/2013 - 20:59:29: Server cvar "sv_waterfriction" = "1"
L 01/09/2013 - 20:59:29: Server cvars end
L 01/09/2013 - 20:59:30: [DPROTO]: Unable to load strings pool from file './cstrike/estrpool/estrpool_main.dat'
L 01/09/2013 - 20:59:30: [DPROTO]: Unable to load strings pool from file './cstrike/estrpool/estrpool_fy_pool_day.dat'
L 01/09/2013 - 20:59:30: Server cvar "sv_maxspeed" = "900"
L 01/09/2013 - 20:59:30: Server cvar "amx_nextmap" = "de_dust2_2x2"
L 01/09/2013 - 20:59:30: Started map "fy_pool_day" (CRC "1149410091")
L 01/09/2013 - 20:59:33: World triggered "Round_Start"
L 01/09/2013 - 20:59:35: [DPROTO]: TryAuthRevEmu: AuthString = '4MS1LKK3'
L 01/09/2013 - 20:59:35: [DPROTO]: Client 0 - Set AuthIdType 1 [dp_RevEmu]; pClient = 042D14A0
L 01/09/2013 - 20:59:35: "Smike#<4><STEAM_0:0:2088518936><>" connected, address "31.135.60.108:27005"
L 01/09/2013 - 20:59:38: "Smike#<4><STEAM_0:0:2088518936><>" entered the game
L 01/09/2013 - 20:59:43: "Smike#<4><STEAM_0:0:2088518936><>" joined team "CT"
L 01/09/2013 - 21:01:28: "Smike#<4><STEAM_0:0:2088518936><CT>" disconnected
L 01/09/2013 - 21:01:28: World triggered "Round_Draw" (CT "0") (T "0")
L 01/09/2013 - 21:01:28: World triggered "Round_End"
L 01/09/2013 - 21:01:35: World triggered "Round_Start"
L 01/09/2013 - 21:03:47: Team "CT" triggered "Target_Saved" (CT "1") (T "0")
L 01/09/2013 - 21:03:47: World triggered "Round_End"
L 01/09/2013 - 21:03:54: World triggered "Round_Start"
L 01/09/2013 - 21:06:07: Team "CT" triggered "Target_Saved" (CT "2") (T "0")
L 01/09/2013 - 21:06:07: World triggered "Round_End"
L 01/09/2013 - 21:06:14: World triggered "Round_Start"
L 01/09/2013 - 21:08:26: Team "CT" triggered "Target_Saved" (CT "3") (T "0")
L 01/09/2013 - 21:08:26: World triggered "Round_End"
L 01/09/2013 - 21:08:33: World triggered "Round_Start"
L 01/09/2013 - 21:10:45: Team "CT" triggered "Target_Saved" (CT "4") (T "0")
L 01/09/2013 - 21:10:45: World triggered "Round_End"
L 01/09/2013 - 21:10:52: World triggered "Round_Start"
L 01/09/2013 - 21:13:04: Team "CT" triggered "Target_Saved" (CT "5") (T "0")
L 01/09/2013 - 21:13:04: World triggered "Round_End"
L 01/09/2013 - 21:13:11: World triggered "Round_Start"
L 01/09/2013 - 21:15:23: Team "CT" triggered "Target_Saved" (CT "6") (T "0")
L 01/09/2013 - 21:15:23: World triggered "Round_End"
L 01/09/2013 - 21:15:30: World triggered "Round_Start"
L 01/09/2013 - 21:17:42: Team "CT" triggered "Target_Saved" (CT "7") (T "0")
L 01/09/2013 - 21:17:42: World triggered "Round_End"
L 01/09/2013 - 21:17:49: World triggered "Round_Start"
L 01/09/2013 - 21:20:01: Team "CT" triggered "Target_Saved" (CT "8") (T "0")
L 01/09/2013 - 21:20:01: World triggered "Round_End"
L 01/09/2013 - 21:20:08: World triggered "Round_Start"
L 01/09/2013 - 21:22:20: Team "CT" triggered "Target_Saved" (CT "9") (T "0")
L 01/09/2013 - 21:22:20: World triggered "Round_End"
L 01/09/2013 - 21:22:27: World triggered "Round_Start"
L 01/09/2013 - 21:24:39: Team "CT" triggered "Target_Saved" (CT "10") (T "0")
L 01/09/2013 - 21:24:39: World triggered "Round_End"
L 01/09/2013 - 21:24:46: World triggered "Round_Start"
L 01/09/2013 - 21:26:58: Team "CT" triggered "Target_Saved" (CT "11") (T "0")
L 01/09/2013 - 21:26:58: World triggered "Round_End"
L 01/09/2013 - 21:27:05: World triggered "Round_Start"
L 01/09/2013 - 21:29:17: Team "CT" triggered "Target_Saved" (CT "12") (T "0")
L 01/09/2013 - 21:29:17: World triggered "Round_End"
L 01/09/2013 - 21:29:24: World triggered "Round_Start"
L 01/09/2013 - 21:31:36: Team "CT" triggered "Target_Saved" (CT "13") (T "0")
L 01/09/2013 - 21:31:36: World triggered "Round_End"
L 01/09/2013 - 21:31:43: World triggered "Round_Start"
L 01/09/2013 - 21:32:42: Team "CT" scored "13" with "0" players
L 01/09/2013 - 21:32:42: Team "TERRORIST" scored "0" with "0" players
L 01/09/2013 - 21:32:42: Server cvar "mp_chattime" = "12"
L 01/09/2013 - 21:32:52: Server cvar "mp_chattime" = "10"
L 01/09/2013 - 21:32:52: [META] ini: Begin re-reading plugins list: c:/documents and settings/admin/Рабочий стол/momot-owt/cstrike/addons/metamod/plugins.ini
L 01/09/2013 - 21:32:52: [META] ini: Read plugin config for: AMX Mod X
L 01/09/2013 - 21:32:52: [META] ini: Read plugin config for: dproto_EF
L 01/09/2013 - 21:32:52: [META] ini: Read plugin config for: mmtimer
L 01/09/2013 - 21:32:52: [META] ini: Finished reading plugins list: c:/documents and settings/admin/Рабочий стол/momot-owt/cstrike/addons/metamod/plugins.ini; Found 3 plugins
L 01/09/2013 - 21:32:52: [META] dll: Updating plugins...
L 01/09/2013 - 21:32:52: [META] dll: Finished updating 10 plugins; kept 3, loaded 0, unloaded 0, reloaded 0, delayed 0
L 01/09/2013 - 21:32:52: Log file closed
