L 01/09/2013 - 20:53:11: Log file started (file "logs\L0109000.log") (game "cstrike") (version "48/1.1.2.6/4554")
L 01/09/2013 - 20:53:11: Server cvar "mp_logdetail" = "3"
L 01/09/2013 - 20:53:11: Server cvar "mp_autokick" = "0"
L 01/09/2013 - 20:53:11: Server cvar "mp_buytime" = "0.15"
L 01/09/2013 - 20:53:11: Server cvar "mp_c4timer" = "35"
L 01/09/2013 - 20:53:11: Server cvar "mp_flashlight" = "1"
L 01/09/2013 - 20:53:11: Server cvar "mp_freezetime" = "2"
L 01/09/2013 - 20:53:11: Server cvar "mp_hostagepenalty" = "0"
L 01/09/2013 - 20:53:11: Server cvar "mp_kickpercent" = "1"
L 01/09/2013 - 20:53:11: Server cvar "mp_limitteams" = "0"
L 01/09/2013 - 20:53:11: Server cvar "mp_roundtime" = "2.20"
L 01/09/2013 - 20:53:11: Server cvar "mp_startmoney" = "888"
L 01/09/2013 - 20:53:11: Server cvar "mp_timelimit" = "30"
L 01/09/2013 - 20:53:11: Server cvar "sv_aim" = "0"
L 01/09/2013 - 20:53:11: Server cvar "sv_airaccelerate" = "10""
L 01/09/2013 - 20:53:11: Server cvar "sv_airmove" = "1""
L 01/09/2013 - 20:53:11: Server cvar "sv_clienttrace" = "1.0"
L 01/09/2013 - 20:53:11: Server cvar "sv_maxrate" = "25000"
L 01/09/2013 - 20:53:11: Server cvar "sv_maxspeed" = "320"
L 01/09/2013 - 20:53:11: Server cvar "sv_minrate" = "10000"
L 01/09/2013 - 20:53:11: Server cvar "sv_region" = "3"
L 01/09/2013 - 20:53:11: Server cvar "sv_contact" = "Skype: puree_game"
L 01/09/2013 - 20:53:11: Server cvar "sv_alltalk" = "1"
L 01/09/2013 - 20:53:11: Server cvar "allow_spectators" = "1"
L 01/09/2013 - 20:53:11: Server cvar "decalfrequency" = "60"
L 01/09/2013 - 20:53:19: World triggered "Round_Start"
L 01/09/2013 - 20:54:57: [DPROTO]: TryAuthRevEmu: AuthString = '4MS1LKK3'
L 01/09/2013 - 20:54:57: [DPROTO]: Client 0 - Set AuthIdType 1 [dp_RevEmu]; pClient = 042D14A0
L 01/09/2013 - 20:54:57: "Smike#<1><STEAM_0:0:2088518936><>" connected, address "31.135.60.108:27005"
L 01/09/2013 - 20:54:57: Kick: "Smike#<1><STEAM_0:0:2088518936><>" was kicked by "Console" (message ""–í—ã –Ω–µ –∏–º–µ–µ—Ç–µ –ø—Ä–∞–≤–∞ –≤—Ö–æ–¥–∞ –Ω–∞ —ç—Ç–æ—Ç —Å–µ—Ä–≤–µ—Ä..."")
L 01/09/2013 - 20:55:15: [DPROTO]: TryAuthRevEmu: AuthString = '4MS1LKK3'
L 01/09/2013 - 20:55:15: [DPROTO]: Client 0 - Set AuthIdType 1 [dp_RevEmu]; pClient = 042D14A0
L 01/09/2013 - 20:55:15: "Smike#<2><STEAM_0:0:2088518936><>" connected, address "31.135.60.108:27005"
L 01/09/2013 - 20:55:17: [DPROTO]: TryAuthRevEmu: AuthString = '4MS1LKK3'
L 01/09/2013 - 20:55:17: [DPROTO]: Client 0 - Set AuthIdType 1 [dp_RevEmu]; pClient = 042D14A0
L 01/09/2013 - 20:55:17: "Smike#<3><STEAM_0:0:2088518936><>" connected, address "31.135.60.108:27005"
L 01/09/2013 - 20:55:24: "Smike#<3><STEAM_0:0:2088518936><>" entered the game
L 01/09/2013 - 20:55:38: "Smike#<3><STEAM_0:0:2088518936><>" joined team "TERRORIST"
L 01/09/2013 - 20:55:39: "Smike#<3><STEAM_0:0:2088518936><TERRORIST>" triggered "Spawned_With_The_Bomb"
L 01/09/2013 - 20:55:39: Server cvar "mp_buytime" = "0.250000"
L 01/09/2013 - 20:56:22: Server cvar "sv_restartround" = "1"
L 01/09/2013 - 20:56:22: World triggered "Restart_Round_(1_second)"
L 01/09/2013 - 20:56:22: Team "CT" scored "0" with "0" players
L 01/09/2013 - 20:56:22: Team "TERRORIST" scored "0" with "1" players
L 01/09/2013 - 20:56:22: Server cvar "sv_restartround" = "0"
L 01/09/2013 - 20:56:23: "Smike#<3><STEAM_0:0:2088518936><TERRORIST>" triggered "Spawned_With_The_Bomb"
L 01/09/2013 - 20:56:25: World triggered "Round_Start"
L 01/09/2013 - 20:58:37: Team "CT" triggered "Target_Saved" (CT "1") (T "0")
L 01/09/2013 - 20:58:37: World triggered "Round_End"
L 01/09/2013 - 20:58:42: "Smike#<3><STEAM_0:0:2088518936><TERRORIST>" triggered "Spawned_With_The_Bomb"
L 01/09/2013 - 20:58:44: World triggered "Round_Start"
L 01/09/2013 - 20:58:47: "Smike#<3><STEAM_0:0:2088518936><TERRORIST>" say "/rs"
L 01/09/2013 - 20:58:49: "Smike#<3><STEAM_0:0:2088518936><TERRORIST>" say "/rs"
L 01/09/2013 - 20:58:53: "Smike#<3><STEAM_0:0:2088518936><TERRORIST>" say "/top15"
L 01/09/2013 - 20:59:29: [META] ini: Begin re-reading plugins list: c:/documents and settings/admin/–‡·Ó˜ËÈ ÒÚÓÎ/momot-owt/cstrike/addons/metamod/plugins.ini
L 01/09/2013 - 20:59:29: [META] ini: Read plugin config for: AMX Mod X
L 01/09/2013 - 20:59:29: [META] ini: Read plugin config for: dproto_EF
L 01/09/2013 - 20:59:29: [META] ini: Read plugin config for: mmtimer
L 01/09/2013 - 20:59:29: [META] ini: Finished reading plugins list: c:/documents and settings/admin/–‡·Ó˜ËÈ ÒÚÓÎ/momot-owt/cstrike/addons/metamod/plugins.ini; Found 3 plugins
L 01/09/2013 - 20:59:29: [META] dll: Updating plugins...
L 01/09/2013 - 20:59:29: [META] dll: Finished updating 10 plugins; kept 3, loaded 0, unloaded 0, reloaded 0, delayed 0
L 01/09/2013 - 20:59:29: "Smike#<3><STEAM_0:0:2088518936><TERRORIST>" triggered "Dropped_The_Bomb"
L 01/09/2013 - 20:59:29: "Smike#<3><STEAM_0:0:2088518936><TERRORIST>" disconnected
L 01/09/2013 - 20:59:29: World triggered "Round_Draw" (CT "1") (T "0")
L 01/09/2013 - 20:59:29: World triggered "Round_End"
L 01/09/2013 - 20:59:29: Log file closed
