L 01/09/2013 - 21:32:52: Log file started (file "logs\L0109002.log") (game "cstrike") (version "48/1.1.2.6/4554")
L 01/09/2013 - 21:32:52: Loading map "de_dust2_2x2"
L 01/09/2013 - 21:32:52: Server cvars start
L 01/09/2013 - 21:32:52: Server cvar "_tutor_bomb_viewable_check_interval" = "0.5"
L 01/09/2013 - 21:32:52: Server cvar "_tutor_debug_level" = "0"
L 01/09/2013 - 21:32:52: Server cvar "_tutor_examine_time" = "0.5"
L 01/09/2013 - 21:32:52: Server cvar "_tutor_hint_interval_time" = "10.0"
L 01/09/2013 - 21:32:52: Server cvar "_tutor_look_angle" = "10"
L 01/09/2013 - 21:32:52: Server cvar "_tutor_look_distance" = "200"
L 01/09/2013 - 21:32:52: Server cvar "_tutor_message_character_display_time_coefficient" = "0.07"
L 01/09/2013 - 21:32:52: Server cvar "_tutor_message_minimum_display_time" = "1"
L 01/09/2013 - 21:32:52: Server cvar "_tutor_message_repeats" = "5"
L 01/09/2013 - 21:32:52: Server cvar "_tutor_view_distance" = "1000"
L 01/09/2013 - 21:32:52: Server cvar "allow_spectators" = "1"
L 01/09/2013 - 21:32:52: Server cvar "amx_client_languages" = "0"
L 01/09/2013 - 21:32:52: Server cvar "amx_language" = "ru"
L 01/09/2013 - 21:32:52: Server cvar "amx_nextmap" = "de_dust2_2x2"
L 01/09/2013 - 21:32:52: Server cvar "amxmodx_version" = "1.8.1.3746"
L 01/09/2013 - 21:32:52: Server cvar "coop" = "0"
L 01/09/2013 - 21:32:52: Server cvar "deathmatch" = "1"
L 01/09/2013 - 21:32:52: Server cvar "decalfrequency" = "60"
L 01/09/2013 - 21:32:52: Server cvar "dp_version" = "0.9.87"
L 01/09/2013 - 21:32:52: Server cvar "edgefriction" = "2"
L 01/09/2013 - 21:32:52: Server cvar "hostage_debug" = "0"
L 01/09/2013 - 21:32:52: Server cvar "hostage_stop" = "0"
L 01/09/2013 - 21:32:52: Server cvar "humans_join_team" = "any"
L 01/09/2013 - 21:32:52: Server cvar "max_queries_sec" = "3.0"
L 01/09/2013 - 21:32:52: Server cvar "max_queries_sec_global" = "30"
L 01/09/2013 - 21:32:52: Server cvar "max_queries_window" = "60"
L 01/09/2013 - 21:32:52: Server cvar "metamod_version" = "1.19p32"
L 01/09/2013 - 21:32:52: Server cvar "mp_allowmonsters" = "0"
L 01/09/2013 - 21:32:52: Server cvar "mp_autokick" = "0"
L 01/09/2013 - 21:32:52: Server cvar "mp_autoteambalance" = "1"
L 01/09/2013 - 21:32:52: Server cvar "mp_buytime" = "0.250000"
L 01/09/2013 - 21:32:52: Server cvar "mp_c4timer" = "35"
L 01/09/2013 - 21:32:52: Server cvar "mp_chattime" = "10"
L 01/09/2013 - 21:32:52: Server cvar "mp_consistency" = "1"
L 01/09/2013 - 21:32:52: Server cvar "mp_fadetoblack" = "0"
L 01/09/2013 - 21:32:52: Server cvar "mp_flashlight" = "1"
L 01/09/2013 - 21:32:52: Server cvar "mp_footsteps" = "1"
L 01/09/2013 - 21:32:52: Server cvar "mp_forcecamera" = "0"
L 01/09/2013 - 21:32:52: Server cvar "mp_forcechasecam" = "0"
L 01/09/2013 - 21:32:52: Server cvar "mp_fragsleft" = "0"
L 01/09/2013 - 21:32:52: Server cvar "mp_freezetime" = "2"
L 01/09/2013 - 21:32:52: Server cvar "mp_friendlyfire" = "0"
L 01/09/2013 - 21:32:52: Server cvar "mp_ghostfrequency" = "0.1"
L 01/09/2013 - 21:32:52: Server cvar "mp_hostagepenalty" = "0"
L 01/09/2013 - 21:32:52: Server cvar "mp_kickpercent" = "1"
L 01/09/2013 - 21:32:52: Server cvar "mp_limitteams" = "0"
L 01/09/2013 - 21:32:52: Server cvar "mp_logdetail" = "3"
L 01/09/2013 - 21:32:52: Server cvar "mp_logfile" = "1"
L 01/09/2013 - 21:32:52: Server cvar "mp_logmessages" = "1"
L 01/09/2013 - 21:32:52: Server cvar "mp_mapvoteratio" = "0.66"
L 01/09/2013 - 21:32:52: Server cvar "mp_maxrounds" = "0"
L 01/09/2013 - 21:32:52: Server cvar "mp_mirrordamage" = "0"
L 01/09/2013 - 21:32:52: Server cvar "mp_playerid" = "0"
L 01/09/2013 - 21:32:52: Server cvar "mp_roundtime" = "2.20"
L 01/09/2013 - 21:32:52: Server cvar "mp_startmoney" = "888"
L 01/09/2013 - 21:32:52: Server cvar "mp_timeleft" = "0"
L 01/09/2013 - 21:32:52: Server cvar "mp_timelimit" = "30"
L 01/09/2013 - 21:32:52: Server cvar "mp_tkpunish" = "0"
L 01/09/2013 - 21:32:52: Server cvar "mp_windifference" = "1"
L 01/09/2013 - 21:32:52: Server cvar "mp_winlimit" = "0"
L 01/09/2013 - 21:32:52: Server cvar "pausable" = "0"
L 01/09/2013 - 21:32:52: Server cvar "statsx_shell_ver" = "2.0.0 (B