L 02/27/2012 - 10:16:23: Log file started (file "logs\L0227020.log") (game "cstrike") (version "48/1.1.2.6/5408")
L 02/27/2012 - 10:16:23: Server cvar "mp_logdetail" = "3"
L 02/27/2012 - 10:16:23: Server cvar "sv_contact" = "1944489"
L 02/27/2012 - 10:16:23: Server cvar "mp_timelimit" = "30"
L 02/27/2012 - 10:16:23: Server cvar "mp_autokick" = "0"
L 02/27/2012 - 10:16:23: Server cvar "mp_c4timer" = "35"
L 02/27/2012 - 10:16:23: Server cvar "mp_flashlight" = "1"
L 02/27/2012 - 10:16:23: Server cvar "mp_freezetime" = "2"
L 02/27/2012 - 10:16:23: Server cvar "mp_hostagepenalty" = "1"
L 02/27/2012 - 10:16:23: Server cvar "mp_limitteams" = "1"
L 02/27/2012 - 10:16:23: Server cvar "sv_proxies" = "0"
L 02/27/2012 - 10:16:23: Server cvar "mp_roundtime" = "2.75"
L 02/27/2012 - 10:16:23: Server cvar "mp_buytime" = "0.5"
L 02/27/2012 - 10:16:23: Server cvar "mp_kickpercent" = "99"
L 02/27/2012 - 10:16:23: Server cvar "mp_playerid" = "1"
L 02/27/2012 - 10:16:23: Server cvar "allow_spectators" = "3"
L 02/27/2012 - 10:16:23: Server cvar "mp_startmoney" = "1000"
L 02/27/2012 - 10:16:23: Server cvar "mp_chattime" = "0"
L 02/27/2012 - 10:16:23: Server cvar "sv_alltalk" = "1"
L 02/27/2012 - 10:16:23: Server cvar "decalfrequency" = "60"
L 02/27/2012 - 10:16:23: Server cvar "sv_aim" = "0"
L 02/27/2012 - 10:16:23: Server cvar "sv_maxrate" = "25000"
L 02/27/2012 - 10:16:23: Server cvar "sv_minrate" = "50000"
L 02/27/2012 - 10:16:23: Server cvar "sv_maxspeed" = "320"
L 02/27/2012 - 10:16:31: World triggered "Round_Start"
L 02/27/2012 - 10:17:20: [DPROTO]: Client 0 - Set AuthIdType 1 [dp_RevEmu]; pClient = 06C414A0
L 02/27/2012 - 10:17:20: "9 rpamm!?<1><STEAM_0:0:249086951><>" connected, address "188.134.92.204:27005"
L 02/27/2012 - 10:17:26: "9 rpamm!?<1><STEAM_0:0:249086951><>" entered the game
L 02/27/2012 - 10:17:27: "9 rpamm!?<1><STEAM_0:0:249086951><>" joined team "CT"
L 02/27/2012 - 10:17:48: "9 rpamm!?<1><STEAM_0:0:249086951><CT>" say "/rs"
L 02/27/2012 - 10:17:55: "9 rpamm!?<1><STEAM_0:0:249086951><CT>" say "/admin"
L 02/27/2012 - 10:18:12: "9 rpamm!?<1><STEAM_0:0:249086951><CT>" say "/rank"
L 02/27/2012 - 10:18:15: "9 rpamm!?<1><STEAM_0:0:249086951><CT>" say "/top15"
L 02/27/2012 - 10:21:28: [META] ini: Begin re-reading plugins list: c:/users/Алексей/desktop/hlserver/cstrike/addons/metamod/plugins.ini
L 02/27/2012 - 10:21:28: [META] ini: Read plugin config for: AMX Mod X
L 02/27/2012 - 10:21:28: [META] ini: Read plugin config for: dproto
L 02/27/2012 - 10:21:28: [META] ini: Read plugin config for: Anti Jos Exploit
L 02/27/2012 - 10:21:28: [META] ini: Finished reading plugins list: c:/users/Алексей/desktop/hlserver/cstrike/addons/metamod/plugins.ini; Found 3 plugins
L 02/27/2012 - 10:21:28: [META] dll: Updating plugins...
L 02/27/2012 - 10:21:28: [META] dll: Finished updating 10 plugins; kept 3, loaded 0, unloaded 0, reloaded 0, delayed 0
L 02/27/2012 - 10:21:28: "9 rpamm!?<1><STEAM_0:0:249086951><CT>" disconnected
L 02/27/2012 - 10:21:28: World triggered "Round_Draw" (CT "0") (T "0")
L 02/27/2012 - 10:21:28: World triggered "Round_End"
L 02/27/2012 - 10:21:28: Log file closed
