L 02/27/2012 - 09:29:37: Log file started (file "logs\L0227014.log") (game "cstrike") (version "48/1.1.2.6/5408")
L 02/27/2012 - 09:29:37: Loading map "de_dust2"
L 02/27/2012 - 09:29:37: Server cvars start
L 02/27/2012 - 09:29:37: Server cvar "_tutor_bomb_viewable_check_interval" = "0.5"
L 02/27/2012 - 09:29:37: Server cvar "_tutor_debug_level" = "0"
L 02/27/2012 - 09:29:37: Server cvar "_tutor_examine_time" = "0.5"
L 02/27/2012 - 09:29:37: Server cvar "_tutor_hint_interval_time" = "10.0"
L 02/27/2012 - 09:29:37: Server cvar "_tutor_look_angle" = "10"
L 02/27/2012 - 09:29:37: Server cvar "_tutor_look_distance" = "200"
L 02/27/2012 - 09:29:37: Server cvar "_tutor_message_character_display_time_coefficient" = "0.07"
L 02/27/2012 - 09:29:37: Server cvar "_tutor_message_minimum_display_time" = "1"
L 02/27/2012 - 09:29:37: Server cvar "_tutor_message_repeats" = "5"
L 02/27/2012 - 09:29:37: Server cvar "_tutor_view_distance" = "1000"
L 02/27/2012 - 09:29:37: Server cvar "allow_spectators" = "3"
L 02/27/2012 - 09:29:37: Server cvar "amx_client_languages" = "0"
L 02/27/2012 - 09:29:37: Server cvar "amx_language" = "ru"
L 02/27/2012 - 09:29:37: Server cvar "amx_nextmap" = "cs_italy"
L 02/27/2012 - 09:29:37: Server cvar "amx_timeleft" = "28:57"
L 02/27/2012 - 09:29:37: Server cvar "amxmodx_version" = "1.8.1.3746"
L 02/27/2012 - 09:29:37: Server cvar "coop" = "0"
L 02/27/2012 - 09:29:37: Server cvar "deathmatch" = "1"
L 02/27/2012 - 09:29:37: Server cvar "decalfrequency" = "60"
L 02/27/2012 - 09:29:37: Server cvar "dp_version" = "0.4.8"
L 02/27/2012 - 09:29:37: Server cvar "edgefriction" = "2"
L 02/27/2012 - 09:29:37: Server cvar "hostage_debug" = "0"
L 02/27/2012 - 09:29:37: Server cvar "hostage_stop" = "0"
L 02/27/2012 - 09:29:37: Server cvar "humans_join_team" = "any"
L 02/27/2012 - 09:29:37: Server cvar "max_queries_sec" = "3.0"
L 02/27/2012 - 09:29:37: Server cvar "max_queries_sec_global" = "30"
L 02/27/2012 - 09:29:37: Server cvar "max_queries_window" = "60"
L 02/27/2012 - 09:29:37: Server cvar "metamod_version" = "1.19p32"
L 02/27/2012 - 09:29:37: Server cvar "mp_allowmonsters" = "0"
L 02/27/2012 - 09:29:37: Server cvar "mp_autokick" = "0"
L 02/27/2012 - 09:29:37: Server cvar "mp_autoteambalance" = "1"
L 02/27/2012 - 09:29:37: Server cvar "mp_buytime" = "0.5"
L 02/27/2012 - 09:29:37: Server cvar "mp_c4timer" = "35"
L 02/27/2012 - 09:29:37: Server cvar "mp_chattime" = "0"
L 02/27/2012 - 09:29:37: Server cvar "mp_consistency" = "1"
L 02/27/2012 - 09:29:37: Server cvar "mp_fadetoblack" = "0"
L 02/27/2012 - 09:29:37: Server cvar "mp_flashlight" = "1"
L 02/27/2012 - 09:29:37: Server cvar "mp_footsteps" = "1"
L 02/27/2012 - 09:29:37: Server cvar "mp_forcecamera" = "0"
L 02/27/2012 - 09:29:37: Server cvar "mp_forcechasecam" = "0"
L 02/27/2012 - 09:29:37: Server cvar "mp_fragsleft" = "0"
L 02/27/2012 - 09:29:37: Server cvar "mp_freezetime" = "0"
L 02/27/2012 - 09:29:37: Server cvar "mp_friendlyfire" = "0"
L 02/27/2012 - 09:29:37: Server cvar "mp_ghostfrequency" = "0.1"
L 02/27/2012 - 09:29:37: Server cvar "mp_hostagepenalty" = "1"
L 02/27/2012 - 09:29:37: Server cvar "mp_kickpercent" = "99"
L 02/27/2012 - 09:29:37: Server cvar "mp_limitteams" = "1"
L 02/27/2012 - 09:29:37: Server cvar "mp_logdetail" = "3"
L 02/27/2012 - 09:29:37: Server cvar "mp_logfile" = "1"
L 02/27/2012 - 09:29:37: Server cvar "mp_logmessages" = "1"
L 02/27/2012 - 09:29:37: Server cvar "mp_mapvoteratio" = "0.66"
L 02/27/2012 - 09:29:37: Server cvar "mp_maxrounds" = "0"
L 02/27/2012 - 09:29:37: Server cvar "mp_mirrordamage" = "0"
L 02/27/2012 - 09:29:37: Server cvar "mp_playerid" = "1"
L 02/27/2012 - 09:29:37: Server cvar "mp_roundtime" = "2.5"
L 02/27/2012 - 09:29:37: Server cvar "mp_startmoney" = "1000"
L 02/27/2012 - 09:29:37: Server cvar "mp_timeleft" = "0"
L 02/27/2012 - 09:29:37: Server cvar "mp_timelimit" = "30"
L 02/27/2012 - 09:29:37: Server cvar "mp_tkpunish" = "0"
L 02/27/2012 - 09:29:37: Server cvar "mp_windifference" = "1"
L 02/27/2012 - 09:29:37: Server cvar "mp_winlimit" = "0"
L 02/27/2012 - 09:29:37: Server cvar "pausable" = "0"
L 02/27/2012 - 09:29:37: Server cvar "sv_accelerate" = "5"
L 02/27/2012 - 09:29:37: Server cvar "sv_aim" = "0"
L 02/27/2012 - 09:29:37: Server cvar "sv_airaccelerate" = "10"
L 02/27/2012 - 09:29:37: Server cvar "sv_airmove" = "1"
L 02/27/2012 - 09:29:37: Server cvar "sv_allowupload" = "1"
L 02/27/2012 - 09:29:37: Server cvar "sv_alltalk" = "1"
L 02/27/2012 - 09:29:37: Server cvar "sv_bounce" = "1"
L 02/27/2012 - 09:29:37: Server cvar "sv_cheats" = "0"
L 02/27/2012 - 09:29:37: Server cvar "sv_clienttrace" = "1"
L 02/27/2012 - 09:29:37: Server cvar "sv_clipmode" = "0"
L 02/27/2012 - 09:29:37: Server cvar "sv_contact" = ""
L 02/27/2012 - 09:29:37: Server cvar "sv_friction" = "4"
L 02/27/2012 - 09:29:37: Server cvar "sv_gravity" = "800"
L 02/27/2012 - 09:29:37: Server cvar "sv_logblocks" = "0"
L 02/27/2012 - 09:29:37: Server cvar "sv_maxrate" = "25000"
L 02/27/2012 - 09:29:37: Server cvar "sv_maxspeed" = "900"
L 02/27/2012 - 09:29:37: Server cvar "sv_minrate" = "50000"
L 02/27/2012 - 09:29:37: Server cvar "sv_password" = ""
L 02/27/2012 - 09:29:37: Server cvar "sv_proxies" = "0"
L 02/27/2012 - 09:29:37: Server cvar "sv_region" = "255"
L 02/27/2012 - 09:29:37: Server cvar "sv_restart" = "0"
L 02/27/2012 - 09:29:37: Server cvar "sv_restartround" = "0"
L 02/27/2012 - 09:29:37: Server cvar "sv_stepsize" = "18"
L 02/27/2012 - 09:29:37: Server cvar "sv_stopspeed" = "75"
L 02/27/2012 - 09:29:37: Server cvar "sv_uploadmax" = "0.5"
L 02/27/2012 - 09:29:37: Server cvar "sv_voiceenable" = "1"
L 02/27/2012 - 09:29:37: Server cvar "sv_wateraccelerate" = "10"
L 02/27/2012 - 09:29:37: Server cvar "sv_waterfriction" = "1"
L 02/27/2012 - 09:29:37: Server cvars end
L 02/27/2012 - 09:29:37: Server cvar "amx_nextmap" = "cs_backalley"
L 02/27/2012 - 09:29:37: Started map "de_dust2" (CRC "1159425449")
L 02/27/2012 - 09:29:38: World triggered "Round_Start"
L 02/27/2012 - 09:29:41: "CreativeHeadConnect<8><STEAM_0:0:49520696><>" entered the game
L 02/27/2012 - 09:29:42: "CreativeHeadConnect<8><STEAM_0:0:49520696><>" joined team "CT"
L 02/27/2012 - 09:32:06: Team "CT" triggered "Target_Saved" (CT "1") (T "0")
L 02/27/2012 - 09:32:06: World triggered "Round_End"
L 02/27/2012 - 09:32:11: World triggered "Round_Start"
L 02/27/2012 - 09:33:34: "CreativeHeadConnect<8><STEAM_0:0:49520696><CT>" disconnected
L 02/27/2012 - 09:33:34: World triggered "Round_Draw" (CT "1") (T "0")
L 02/27/2012 - 09:33:34: World triggered "Round_End"
L 02/27/2012 - 09:33:39: World triggered "Round_Start"
L 02/27/2012 - 09:35:29: [DPROTO]: Client 0 - Set AuthIdType 1 [Native]; pClient = 06EF14A0
L 02/27/2012 - 09:35:29: "CreativeHeadConnect<9><STEAM_0:0:49520696><>" connected, address "188.134.92.204:27005"
L 02/27/2012 - 09:35:29: "CreativeHeadConnect<9><STEAM_0:0:49520696><>" STEAM USERID validated
L 02/27/2012 - 09:35:32: "CreativeHeadConnect<9><STEAM_0:0:49520696><>" entered the game
L 02/27/2012 - 09:35:33: "CreativeHeadConnect<9><STEAM_0:0:49520696><>" joined team "CT"
L 02/27/2012 - 09:36:08: Team "CT" triggered "Target_Saved" (CT "2") (T "0")
L 02/27/2012 - 09:36:08: World triggered "Round_End"
L 02/27/2012 - 09:36:13: World triggered "Round_Start"
L 02/27/2012 - 09:37:56: "CreativeHeadConnect<9><STEAM_0:0:49520696><CT>" disconnected
L 02/27/2012 - 09:37:56: World triggered "Round_Draw" (CT "2") (T "0")
L 02/27/2012 - 09:37:56: World triggered "Round_End"
L 02/27/2012 - 09:38:01: World triggered "Round_Start"
L 02/27/2012 - 09:38:57: [DPROTO]: Client 0 - Set AuthIdType 1 [Native]; pClient = 06EF14A0
L 02/27/2012 - 09:38:57: "CreativeHeadConnect<10><STEAM_0:0:49520696><>" connected, address "188.134.92.204:27005"
L 02/27/2012 - 09:38:57: "CreativeHeadConnect<10><STEAM_0:0:49520696><>" STEAM USERID validated
L 02/27/2012 - 09:39:01: "CreativeHeadConnect<10><STEAM_0:0:49520696><>" entered the game
L 02/27/2012 - 09:39:02: "CreativeHeadConnect<10><STEAM_0:0:49520696><>" joined team "TERRORIST"
L 02/27/2012 - 09:39:02: "CreativeHeadConnect<10><STEAM_0:0:49520696><TERRORIST>" triggered "Spawned_With_The_Bomb"
L 02/27/2012 - 09:40:04: "CreativeHeadConnect<10><STEAM_0:0:49520696><TERRORIST>" trigge