L 02/27/2012 - 09:14:40: Log file started (file "logs\L0227011.log") (game "cstrike") (version "48/1.1.2.6/5408")
L 02/27/2012 - 09:14:40: Loading map "de_dust2"
L 02/27/2012 - 09:14:40: Server cvars start
L 02/27/2012 - 09:14:40: Server cvar "_tutor_bomb_viewable_check_interval" = "0.5"
L 02/27/2012 - 09:14:40: Server cvar "_tutor_debug_level" = "0"
L 02/27/2012 - 09:14:40: Server cvar "_tutor_examine_time" = "0.5"
L 02/27/2012 - 09:14:40: Server cvar "_tutor_hint_interval_time" = "10.0"
L 02/27/2012 - 09:14:40: Server cvar "_tutor_look_angle" = "10"
L 02/27/2012 - 09:14:40: Server cvar "_tutor_look_distance" = "200"
L 02/27/2012 - 09:14:40: Server cvar "_tutor_message_character_display_time_coefficient" = "0.07"
L 02/27/2012 - 09:14:40: Server cvar "_tutor_message_minimum_display_time" = "1"
L 02/27/2012 - 09:14:40: Server cvar "_tutor_message_repeats" = "5"
L 02/27/2012 - 09:14:40: Server cvar "_tutor_view_distance" = "1000"
L 02/27/2012 - 09:14:40: Server cvar "allow_spectators" = "3"
L 02/27/2012 - 09:14:40: Server cvar "amx_client_languages" = "0"
L 02/27/2012 - 09:14:40: Server cvar "amx_language" = "ru"
L 02/27/2012 - 09:14:40: Server cvar "amx_nextmap" = "de_prodigy"
L 02/27/2012 - 09:14:40: Server cvar "amx_timeleft" = "28:47"
L 02/27/2012 - 09:14:40: Server cvar "amxmodx_version" = "1.8.1.3746"
L 02/27/2012 - 09:14:40: Server cvar "coop" = "0"
L 02/27/2012 - 09:14:40: Server cvar "deathmatch" = "1"
L 02/27/2012 - 09:14:40: Server cvar "decalfrequency" = "60"
L 02/27/2012 - 09:14:40: Server cvar "dp_version" = "0.4.8"
L 02/27/2012 - 09:14:40: Server cvar "edgefriction" = "2"
L 02/27/2012 - 09:14:40: Server cvar "hostage_debug" = "0"
L 02/27/2012 - 09:14:40: Server cvar "hostage_stop" = "0"
L 02/27/2012 - 09:14:40: Server cvar "humans_join_team" = "any"
L 02/27/2012 - 09:14:40: Server cvar "max_queries_sec" = "3.0"
L 02/27/2012 - 09:14:40: Server cvar "max_queries_sec_global" = "30"
L 02/27/2012 - 09:14:40: Server cvar "max_queries_window" = "60"
L 02/27/2012 - 09:14:40: Server cvar "metamod_version" = "1.19p32"
L 02/27/2012 - 09:14:40: Server cvar "mp_allowmonsters" = "0"
L 02/27/2012 - 09:14:40: Server cvar "mp_autokick" = "0"
L 02/27/2012 - 09:14:40: Server cvar "mp_autoteambalance" = "1"
L 02/27/2012 - 09:14:40: Server cvar "mp_buytime" = "0.5"
L 02/27/2012 - 09:14:40: Server cvar "mp_c4timer" = "35"
L 02/27/2012 - 09:14:40: Server cvar "mp_chattime" = "0"
L 02/27/2012 - 09:14:40: Server cvar "mp_consistency" = "1"
L 02/27/2012 - 09:14:40: Server cvar "mp_fadetoblack" = "0"
L 02/27/2012 - 09:14:40: Server cvar "mp_flashlight" = "1"
L 02/27/2012 - 09:14:40: Server cvar "mp_footsteps" = "1"
L 02/27/2012 - 09:14:40: Server cvar "mp_forcecamera" = "0"
L 02/27/2012 - 09:14:40: Server cvar "mp_forcechasecam" = "0"
L 02/27/2012 - 09:14:40: Server cvar "mp_fragsleft" = "0"
L 02/27/2012 - 09:14:40: Server cvar "mp_freezetime" = "0"
L 02/27/2012 - 09:14:40: Server cvar "mp_friendlyfire" = "0"
L 02/27/2012 - 09:14:40: Server cvar "mp_ghostfrequency" = "0.1"
L 02/27/2012 - 09:14:40: Server cvar "mp_hostagepenalty" = "1"
L 02/27/2012 - 09:14:40: Server cvar "mp_kickpercent" = "99"
L 02/27/2012 - 09:14:40: Server cvar "mp_limitteams" = "1"
L 02/27/2012 - 09:14:40: Server cvar "mp_logdetail" = "3"
L 02/27/2012 - 09:14:40: Server cvar "mp_logfile" = "1"
L 02/27/2012 - 09:14:40: Server cvar "mp_logmessages" = "1"
L 02/27/2012 - 09:14:40: Server cvar "mp_mapvoteratio" = "0.66"
L 02/27/2012 - 09:14:40: Server cvar "mp_maxrounds" = "0"
L 02/27/2012 - 09:14:40: Server cvar "mp_mirrordamage" = "0"
L 02/27/2012 - 09:14:40: Server cvar "mp_playerid" = "1"
L 02/27/2012 - 09:14:40: Server cvar "mp_roundtime" = "2.5"
L 02/27/2012 - 09:14:40: Server cvar "mp_startmoney" = "1000"
L 02/27/2012 - 09:14:40: Server cvar "mp_timeleft" = "0"
L 02/27/2012 - 09:14:40: Server cvar "mp_timelimit" = "30"
L 02/27/2012 - 09:14:40: Server cvar "mp_tkpunish" = "0"
L 02/27/2012 - 09:14:40: Server cvar "mp_windifference" = "1"
L 02/27/2012 - 09:14:40: Server cvar "mp_winlimit" = "0"
L 02/27/2012 - 09:14:40: Server cvar "pausable" = "0"
L 02/27/2012 - 09:14:40: Server cvar "sv_accelerate" = "5"
L 02/27/2012 - 09:14:40: Server cvar "sv_aim" = "0"
L 02/27/2012 - 09:14:40: Server cvar "sv_airaccelerate" = "10"
L 02/27/2012 - 09:14:40: Server cvar "sv_airmove" = "1"
L 02/27/2012 - 09:14:40: Server cvar "sv_allowupload" = "1"
L 02/27/2012 - 09:14:40: Server cvar "sv_alltalk" = "1"
L 02/27/2012 - 09:14:40: Server cvar "sv_bounce" = "1"
L 02/27/2012 - 09:14:40: Server cvar "sv_cheats" = "0"
L 02/27/2012 - 09:14:40: Server cvar "sv_clienttrace" = "1"
L 02/27/2012 - 09:14:40: Server cvar "sv_clipmode" = "0"
L 02/27/2012 - 09:14:40: Server cvar "sv_contact" = ""
L 02/27/2012 - 09:14:40: Server cvar "sv_friction" = "4"
L 02/27/2012 - 09:14:40: Server cvar "sv_gravity" = "800"
L 02/27/2012 - 09:14:40: Server cvar "sv_logblocks" = "0"
L 02/27/2012 - 09:14:40: Server cvar "sv_maxrate" = "25000"
L 02/27/2012 - 09:14:40: Server cvar "sv_maxspeed" = "900"
L 02/27/2012 - 09:14:40: Server cvar "sv_minrate" = "50000"
L 02/27/2012 - 09:14:40: Server cvar "sv_password" = ""
L 02/27/2012 - 09:14:40: Server cvar "sv_proxies" = "0"
L 02/27/2012 - 09:14:40: Server cvar "sv_region" = "255"
L 02/27/2012 - 09:14:40: Server cvar "sv_restart" = "0"
L 02/27/2012 - 09:14:40: Server cvar "sv_restartround" = "0"
L 02/27/2012 - 09:14:40: Server cvar "sv_stepsize" = "18"
L 02/27/2012 - 09:14:40: Server cvar "sv_stopspeed" = "75"
L 02/27/2012 - 09:14:40: Server cvar "sv_uploadmax" = "0.5"
L 02/27/2012 - 09:14:40: Server cvar "sv_voiceenable" = "1"
L 02/27/2012 - 09:14:40: Server cvar "sv_wateraccelerate" = "10"
L 02/27/2012 - 09:14:40: Server cvar "sv_waterfriction" = "1"
L 02/27/2012 - 09:14:40: Server cvars end
L 02/27/2012 - 09:14:41: Server cvar "amx_nextmap" = "cs_assault"
L 02/27/2012 - 09:14:41: Started map "de_dust2" (CRC "1159425449")
L 02/27/2012 - 09:14:42: World triggered "Round_Start"
L 02/27/2012 - 09:14:44: "CreativeHeadConnect<4><STEAM_0:0:49520696><>" entered the game
L 02/27/2012 - 09:14:45: "CreativeHeadConnect<4><STEAM_0:0:49520696><>" joined team "TERRORIST"
L 02/27/2012 - 09:14:45: "CreativeHeadConnect<4><STEAM_0:0:49520696><TERRORIST>" triggered "Spawned_With_The_Bomb"
L 02/27/2012 - 09:15:21: "CreativeHeadConnect<4><STEAM_0:0:49520696><TERRORIST>" triggered "Dropped_The_Bomb"
L 02/27/2012 - 09:15:21: "CreativeHeadConnect<4><STEAM_0:0:49520696><TERRORIST>" disconnected
L 02/27/2012 - 09:15:21: World triggered "Round_Draw" (CT "0") (T "0")
L 02/27/2012 - 09:15:21: World triggered "Round_End"
L 02/27/2012 - 09:15:26: World triggered "Round_Start"
L 02/27/2012 - 09:17:54: Team "CT" triggered "Target_Saved" (CT "1") (T "0")
L 02/27/2012 - 09:17:54: World triggered "Round_End"
L 02/27/2012 - 09:17:59: World triggered "Round_Start"
L 02/27/2012 - 09:20:28: Team "CT" triggered "Target_Saved" (CT "2") (T "0")
L 02/27/2012 - 09:20:28: World triggered "Round_End"
L 02/27/2012 - 09:20:33: World triggered "Round_Start"
L 02/27/2012 - 09:23:01: Team "CT" triggered "Target_Saved" (CT "3") (T "0")
L 02/27/2012 - 09:23:01: World triggered "Round_End"
L 02/27/2012 - 09:23:06: World triggered "Round_Start"
L 02/27/2012 - 09:24:52: [META] ini: Begin re-reading plugins list: c:/users/Алексей/desktop/hlserver/cstrike/addons/metamod/plugins.ini
L 02/27/2012 - 09:24:52: [META] ini: Read plugin config for: AMX Mod X
L 02/27/2012 - 09:24:52: [META] ini: Read plugin config for: dproto
L 02/27/2012 - 09:24:52: [META] ini: Read plugin config for: Anti Jos Exploit
L 02/27/2012 - 09:24:52: [META] ini: Finished reading plugins list: c:/users/Алексей/desktop/hlserver/cstrike/addons/metamod/plugins.ini; Found 3 plugins
L 02/27/2012 - 09:24:52: [META] dll: Updating plugins...
L 02/27/2012 - 09:24:52: [META] dll: Finished updating 10 plugins; kept 3, loaded 0, unloaded 0, reloaded 0, delayed 0
L 02/27/2012 - 09:24:52: Log file closed
