L 07/04/2009 - 12:36:19: Log file started (file "logs\L0704002.log") (game "cstrike") (version "48/1.1.2.6/4554")
L 07/04/2009 - 12:36:19: Server cvar "mp_logdetail" = "3"
L 07/04/2009 - 12:36:19: Server cvar "sv_contact" = "1944489"
L 07/04/2009 - 12:36:19: Server cvar "mp_timelimit" = "30"
L 07/04/2009 - 12:36:19: Server cvar "mp_autokick" = "0"
L 07/04/2009 - 12:36:19: Server cvar "mp_c4timer" = "35"
L 07/04/2009 - 12:36:19: Server cvar "mp_flashlight" = "1"
L 07/04/2009 - 12:36:19: Server cvar "mp_freezetime" = "2"
L 07/04/2009 - 12:36:19: Server cvar "mp_hostagepenalty" = "1"
L 07/04/2009 - 12:36:19: Server cvar "mp_limitteams" = "1"
L 07/04/2009 - 12:36:19: Server cvar "sv_proxies" = "0"
L 07/04/2009 - 12:36:19: Server cvar "mp_roundtime" = "2.75"
L 07/04/2009 - 12:36:19: Server cvar "mp_buytime" = "0.5"
L 07/04/2009 - 12:36:19: Server cvar "mp_kickpercent" = "99"
L 07/04/2009 - 12:36:19: Server cvar "mp_playerid" = "1"
L 07/04/2009 - 12:36:19: Server cvar "allow_spectators" = "3"
L 07/04/2009 - 12:36:19: Server cvar "mp_startmoney" = "1000"
L 07/04/2009 - 12:36:19: Server cvar "mp_chattime" = "0"
L 07/04/2009 - 12:36:19: Server cvar "sv_alltalk" = "1"
L 07/04/2009 - 12:36:19: Server cvar "decalfrequency" = "60"
L 07/04/2009 - 12:36:19: Server cvar "sv_aim" = "0"
L 07/04/2009 - 12:36:19: Server cvar "sv_maxrate" = "25000"
L 07/04/2009 - 12:36:19: Server cvar "sv_minrate" = "50000"
L 07/04/2009 - 12:36:19: Server cvar "sv_maxspeed" = "320"
L 07/04/2009 - 12:36:26: World triggered "Round_Start"
L 07/04/2009 - 12:41:26: Team "CT" triggered "Target_Saved" (CT "1") (T "0")
L 07/04/2009 - 12:41:26: World triggered "Round_End"
L 07/04/2009 - 12:41:33: World triggered "Round_Start"
L 07/04/2009 - 12:44:18: Team "CT" triggered "Target_Saved" (CT "2") (T "0")
L 07/04/2009 - 12:44:18: World triggered "Round_End"
L 07/04/2009 - 12:44:25: World triggered "Round_Start"
L 07/04/2009 - 12:47:10: Team "CT" triggered "Target_Saved" (CT "3") (T "0")
L 07/04/2009 - 12:47:10: World triggered "Round_End"
L 07/04/2009 - 12:47:17: World triggered "Round_Start"
L 07/04/2009 - 12:50:02: Team "CT" triggered "Target_Saved" (CT "4") (T "0")
L 07/04/2009 - 12:50:02: World triggered "Round_End"
L 07/04/2009 - 12:50:09: World triggered "Round_Start"
L 07/04/2009 - 12:52:54: Team "CT" triggered "Target_Saved" (CT "5") (T "0")
L 07/04/2009 - 12:52:54: World triggered "Round_End"
L 07/04/2009 - 12:53:01: World triggered "Round_Start"
L 07/04/2009 - 12:55:46: Team "CT" triggered "Target_Saved" (CT "6") (T "0")
L 07/04/2009 - 12:55:46: World triggered "Round_End"
L 07/04/2009 - 12:55:53: World triggered "Round_Start"
L 07/04/2009 - 12:58:38: Team "CT" triggered "Target_Saved" (CT "7") (T "0")
L 07/04/2009 - 12:58:38: World triggered "Round_End"
L 07/04/2009 - 12:58:45: World triggered "Round_Start"
L 07/04/2009 - 12:59:20: [DPROTO]: TryAuthRevEmu: AuthString = 'WDWCASY9210175'
L 07/04/2009 - 12:59:20: [DPROTO]: Client 0 - Set AuthIdType 1 [dp_RevEmu]; pClient = 048714A0
L 07/04/2009 - 12:59:20: "~rD~BlooDik_AWp<1><STEAM_0:0:889048808><>" connected, address "212.2.145.247:27005"
L 07/04/2009 - 12:59:23: "~rD~BlooDik_AWp<1><STEAM_0:0:889048808><>" entered the game
L 07/04/2009 - 12:59:24: "~rD~BlooDik_AWp<1><STEAM_0:0:889048808><>" joined team "CT"
L 07/04/2009 - 13:00:43: [META] ini: Begin re-reading plugins list: c:/documents and settings/Савелий Крыворот/Рабочий стол/hlserver/cstrike/addons/metamod/plugins.ini
L 07/04/2009 - 13:00:43: [META] ini: Read plugin config for: AMX Mod X
L 07/04/2009 - 13:00:43: [META] ini: Read plugin config for: dproto_EF
L 07/04/2009 - 13:00:43: [META] ini: Read plugin config for: mmtimer
L 07/04/2009 - 13:00:43: [META] ini: Finished reading plugins list: c:/documents and settings/Савелий Крыворот/Рабочий стол/hlserver/cstrike/addons/metamod/plugins.ini; Found 3 plugins
L 07/04/2009 - 13:00:43: [META] dll: Updating plugins...
L 07/04/2009 - 13:00:43: [META] WARNING: dll: Failed to unload plugin 'mmtimer' for reloading
L 07/04/2009 - 13:00:43: [META] dll: Finished updating 10 plugins; kept 1, loaded 0, unloaded 0, reloaded 0, delayed 0
L 07/04/2009 - 13:00:43: "~rD~BlooDik_AWp<1><STEAM_0:0:889048808><CT>" disconnected
L 07/04/2009 - 13:00:43: World triggered "Round_Draw" (CT "7") (T "0")
L 07/04/2009 - 13:00:43: World triggered "Round_End"
L 07/04/2009 - 13:00:43: Log file closed
