L 07/06/2009 - 17:34:44: Log file started (file "logs\L0706004.log") (game "cstrike") (version "48/1.1.2.6/4554")
L 07/06/2009 - 17:34:44: Loading map "de_dust2_2x2"
L 07/06/2009 - 17:34:44: Server cvars start
L 07/06/2009 - 17:34:44: Server cvar "_tutor_bomb_viewable_check_interval" = "0.5"
L 07/06/2009 - 17:34:44: Server cvar "_tutor_debug_level" = "0"
L 07/06/2009 - 17:34:44: Server cvar "_tutor_examine_time" = "0.5"
L 07/06/2009 - 17:34:44: Server cvar "_tutor_hint_interval_time" = "10.0"
L 07/06/2009 - 17:34:44: Server cvar "_tutor_look_angle" = "10"
L 07/06/2009 - 17:34:44: Server cvar "_tutor_look_distance" = "200"
L 07/06/2009 - 17:34:44: Server cvar "_tutor_message_character_display_time_coefficient" = "0.07"
L 07/06/2009 - 17:34:44: Server cvar "_tutor_message_minimum_display_time" = "1"
L 07/06/2009 - 17:34:44: Server cvar "_tutor_message_repeats" = "5"
L 07/06/2009 - 17:34:44: Server cvar "_tutor_view_distance" = "1000"
L 07/06/2009 - 17:34:44: Server cvar "allow_spectators" = "3"
L 07/06/2009 - 17:34:44: Server cvar "amx_client_languages" = "0"
L 07/06/2009 - 17:34:44: Server cvar "amx_language" = "ru"
L 07/06/2009 - 17:34:44: Server cvar "amx_nextmap" = "de_chateau"
L 07/06/2009 - 17:34:44: Server cvar "amx_timeleft" = "27:56"
L 07/06/2009 - 17:34:44: Server cvar "amxmodx_version" = "1.8.1.3746"
L 07/06/2009 - 17:34:44: Server cvar "coop" = "0"
L 07/06/2009 - 17:34:44: Server cvar "deathmatch" = "1"
L 07/06/2009 - 17:34:44: Server cvar "decalfrequency" = "60"
L 07/06/2009 - 17:34:44: Server cvar "dp_version" = "0.9.87"
L 07/06/2009 - 17:34:44: Server cvar "edgefriction" = "2"
L 07/06/2009 - 17:34:44: Server cvar "hostage_debug" = "0"
L 07/06/2009 - 17:34:44: Server cvar "hostage_stop" = "0"
L 07/06/2009 - 17:34:44: Server cvar "humans_join_team" = "any"
L 07/06/2009 - 17:34:44: Server cvar "max_queries_sec" = "3.0"
L 07/06/2009 - 17:34:44: Server cvar "max_queries_sec_global" = "30"
L 07/06/2009 - 17:34:44: Server cvar "max_queries_window" = "60"
L 07/06/2009 - 17:34:44: Server cvar "metamod_version" = "1.19p32"
L 07/06/2009 - 17:34:44: Server cvar "mp_allowmonsters" = "0"
L 07/06/2009 - 17:34:44: Server cvar "mp_autokick" = "0"
L 07/06/2009 - 17:34:44: Server cvar "mp_autoteambalance" = "1"
L 07/06/2009 - 17:34:44: Server cvar "mp_buytime" = "0.5"
L 07/06/2009 - 17:34:44: Server cvar "mp_c4timer" = "35"
L 07/06/2009 - 17:34:44: Server cvar "mp_chattime" = "0"
L 07/06/2009 - 17:34:44: Server cvar "mp_consistency" = "1"
L 07/06/2009 - 17:34:44: Server cvar "mp_fadetoblack" = "0"
L 07/06/2009 - 17:34:44: Server cvar "mp_flashlight" = "1"
L 07/06/2009 - 17:34:44: Server cvar "mp_footsteps" = "1"
L 07/06/2009 - 17:34:44: Server cvar "mp_forcecamera" = "0"
L 07/06/2009 - 17:34:44: Server cvar "mp_forcechasecam" = "0"
L 07/06/2009 - 17:34:44: Server cvar "mp_fragsleft" = "0"
L 07/06/2009 - 17:34:44: Server cvar "mp_freezetime" = "2"
L 07/06/2009 - 17:34:44: Server cvar "mp_friendlyfire" = "0"
L 07/06/2009 - 17:34:44: Server cvar "mp_ghostfrequency" = "0.1"
L 07/06/2009 - 17:34:44: Server cvar "mp_hostagepenalty" = "1"
L 07/06/2009 - 17:34:44: Server cvar "mp_kickpercent" = "99"
L 07/06/2009 - 17:34:44: Server cvar "mp_limitteams" = "1"
L 07/06/2009 - 17:34:44: Server cvar "mp_logdetail" = "3"
L 07/06/2009 - 17:34:44: Server cvar "mp_logfile" = "1"
L 07/06/2009 - 17:34:44: Server cvar "mp_logmessages" = "1"
L 07/06/2009 - 17:34:44: Server cvar "mp_mapvoteratio" = "0.66"
L 07/06/2009 - 17:34:44: Server cvar "mp_maxrounds" = "0"
L 07/06/2009 - 17:34:44: Server cvar "mp_mirrordamage" = "0"
L 07/06/2009 - 17:34:44: Server cvar "mp_playerid" = "1"
L 07/06/2009 - 17:34:44: Server cvar "mp_roundtime" = "2.75"
L 07/06/2009 - 17:34:44: Server cvar "mp_startmoney" = "1000"
L 07/06/2009 - 17:34:44: Server cvar "mp_timeleft" = "0"
L 07/06/2009 - 17:34:44: Server cvar "mp_timelimit" = "30"
L 07/06/2009 - 17:34:44: Server cvar "mp_tkpunish" = "0"
L 07/06/2009 - 17:34:44: Server cvar "mp_windifference" = "1"
L 07/06/2009 - 17:34:44: Server cvar "mp_winlimit" = "0"
L 07/06/2009 - 17:34:44: Server cvar "pausable" = "0"
L 07/06/2009 - 17:34:44: Server cvar "statsx_shell_ver" = "2.0.0 (BETA)"
L 07/06/2009 - 17:34:44: Server cvar "sv_accelerate" = "5"
L 07/06/2009 - 17:34:44: Server cvar "sv_aim" = "0"
L 07/06/2009 - 17:34:44: Server cvar "sv_airaccelerate" = "10"
L 07/06/2009 - 17:34:44: Server cvar "sv_airmove" = "1"
L 07/06/2009 - 17:34:44: Server cvar "sv_allowupload" = "1"
L 07/06/2009 - 17:34:44: Server cvar "sv_alltalk" = "1"
L 07/06/2009 - 17:34:44: Server cvar "sv_bounce" = "1"
L 07/06/2009 - 17:34:44: Server cvar "sv_cheats" = "0"
L 07/06/2009 - 17:34:44: Server cvar "sv_clienttrace" = "1"
L 07/06/2009 - 17:34:44: Server cvar "sv_clipmode" = "0"
L 07/06/2009 - 17:34:44: Server cvar "sv_contact" = "1944489"
L 07/06/2009 - 17:34:44: Server cvar "sv_friction" = "4"
L 07/06/2009 - 17:34:44: Server cvar "sv_gravity" = "800"
L 07/06/2009 - 17:34:44: Server cvar "sv_logblocks" = "0"
L 07/06/2009 - 17:34:44: Server cvar "sv_maxrate" = "25000"
L 07/06/2009 - 17:34:44: Server cvar "sv_maxspeed" = "900"
L 07/06/2009 - 17:34:44: Server cvar "sv_minrate" = "50000"
L 07/06/2009 - 17:34:44: Server cvar "sv_password" = ""
L 07/06/2009 - 17:34:44: Server cvar "sv_proxies" = "0"
L 07/06/2009 - 17:34:44: Server cvar "sv_region" = "255"
L 07/06/2009 - 17:34:44: Server cvar "sv_restart" = "0"
L 07/06/2009 - 17:34:44: Server cvar "sv_restartround" = "0"
L 07/06/2009 - 17:34:44: Server cvar "sv_stepsize" = "18"
L 07/06/2009 - 17:34:44: Server cvar "sv_stopspeed" = "75"
L 07/06/2009 - 17:34:44: Server cvar "sv_uploadmax" = "0.5"
L 07/06/2009 - 17:34:44: Server cvar "sv_voiceenable" = "1"
L 07/06/2009 - 17:34:44: Server cvar "sv_wateraccelerate" = "10"
L 07/06/2009 - 17:34:44: Server cvar "sv_waterfriction" = "1"
L 07/06/2009 - 17:34:44: Server cvars end
L 07/06/2009 - 17:34:44: [DPROTO]: Unable to load strings pool from file './cstrike/estrpool/estrpool_main.dat'
L 07/06/2009 - 17:34:44: [DPROTO]: Unable to load strings pool from file './cstrike/estrpool/estrpool_de_dust2_2x2.dat'
L 07/06/2009 - 17:34:44: Server cvar "amx_nextmap" = "de_aztec"
L 07/06/2009 - 17:34:44: Started map "de_dust2_2x2" (CRC "1607683513")
L 07/06/2009 - 17:34:47: "~rD~BlooDik_AWp<1><STEAM_0:0:889048808><>" entered the game
L 07/06/2009 - 17:34:47: "~rD~BlooDik_AWp<1><STEAM_0:0:889048808><>" joined team "CT"
L 07/06/2009 - 17:34:48: World triggered "Round_Start"
L 07/06/2009 - 17:36:12: [META] ini: Begin re-reading plugins list: c:/documents and settings/Савелий Крыворот/Рабочий стол/bloodi_srver/cstrike/addons/metamod/plugins.ini
L 07/06/2009 - 17:36:12: [META] ini: Read plugin config for: AMX Mod X
L 07/06/2009 - 17:36:12: [META] ini: Read plugin config for: dproto_EF
L 07/06/2009 - 17:36:12: [META] ini: Read plugin config for: mmtimer
L 07/06/2009 - 17:36:12: [META] ini: Finished reading plugins list: c:/documents and settings/Савелий Крыворот/Рабочий стол/bloodi_srver/cstrike/addons/metamod/plugins.ini; Found 3 plugins
L 07/06/2009 - 17:36:12: [META] dll: Updating plugins...
L 07/06/2009 - 17:36:12: [META] WARNING: dll: Failed to unload plugin 'mmtimer' for reloading
L 07/06/2009 - 17:36:12: [META] dll: Finished updating 10 plugins; kept 1, loaded 0, unloaded 0, reloaded 0, delayed 0
L 07/06/2009 - 17:36:12: "~rD~BlooDik_AWp<1><STEAM_0:0:889048808><CT>" disconnected
L 07/06/2009 - 17:36:12: World triggered "Round_Draw" (CT "0") (T "0")
L 07/06/2009 - 17:36:12: World triggered "Round_End"
L 07/06/2009 - 17:36:12: Log file closed
