L 07/31/2012 - 09:57:26: Log file started (file "logs\L0731000.log") (game "cstrike") (version "48/1.1.2.6/4554")
L 07/31/2012 - 09:57:26: Server cvar "mp_logdetail" = "3"
L 07/31/2012 - 09:57:26: Server cvar "sv_contact" = "sktpe:bloodik_18"
L 07/31/2012 - 09:57:26: Server cvar "mp_timelimit" = "30"
L 07/31/2012 - 09:57:26: Server cvar "mp_autokick" = "0"
L 07/31/2012 - 09:57:26: Server cvar "mp_c4timer" = "35"
L 07/31/2012 - 09:57:26: Server cvar "mp_flashlight" = "1"
L 07/31/2012 - 09:57:26: Server cvar "mp_freezetime" = "2"
L 07/31/2012 - 09:57:26: Server cvar "mp_hostagepenalty" = "1"
L 07/31/2012 - 09:57:26: Server cvar "mp_limitteams" = "1"
L 07/31/2012 - 09:57:26: Server cvar "sv_proxies" = "0"
L 07/31/2012 - 09:57:26: Server cvar "mp_roundtime" = "2.75"
L 07/31/2012 - 09:57:26: Server cvar "mp_buytime" = "0.5"
L 07/31/2012 - 09:57:26: Server cvar "mp_kickpercent" = "99"
L 07/31/2012 - 09:57:26: Server cvar "mp_playerid" = "1"
L 07/31/2012 - 09:57:26: Server cvar "allow_spectators" = "3"
L 07/31/2012 - 09:57:26: Server cvar "mp_startmoney" = "1000"
L 07/31/2012 - 09:57:26: Server cvar "mp_chattime" = "0"
L 07/31/2012 - 09:57:26: Server cvar "sv_alltalk" = "1"
L 07/31/2012 - 09:57:26: Server cvar "decalfrequency" = "60"
L 07/31/2012 - 09:57:26: Server cvar "sv_aim" = "0"
L 07/31/2012 - 09:57:26: Server cvar "sv_maxrate" = "25000"
L 07/31/2012 - 09:57:26: Server cvar "sv_minrate" = "50000"
L 07/31/2012 - 09:57:26: Server cvar "sv_maxspeed" = "320"
L 07/31/2012 - 09:57:34: World triggered "Round_Start"
L 07/31/2012 - 09:57:39: [DPROTO]: Client 0 - Set AuthIdType 8 [dproto]; pClient = 048714A0
L 07/31/2012 - 09:57:39: "LolLiK<1><STEAM_ID_LAN><>" connected, address "212.2.145.247:27005"
L 07/31/2012 - 09:57:40: [DPROTO]: Client 0 - Set AuthIdType 8 [dproto]; pClient = 048714A0
L 07/31/2012 - 09:57:40: "LolLiK<2><STEAM_ID_LAN><>" connected, address "212.2.145.247:27005"
L 07/31/2012 - 09:57:45: "LolLiK<2><STEAM_ID_LAN><>" entered the game
L 07/31/2012 - 09:57:47: "LolLiK<2><STEAM_ID_LAN><>" joined team "TERRORIST"
L 07/31/2012 - 09:57:48: "LolLiK<2><STEAM_ID_LAN><TERRORIST>" triggered "Spawned_With_The_Bomb"
L 07/31/2012 - 09:57:51: "LolLiK<2><STEAM_ID_LAN><TERRORIST>" say "/rs"
L 07/31/2012 - 09:57:57: "LolLiK<2><STEAM_ID_LAN><TERRORIST>" say "/rs"
L 07/31/2012 - 09:59:14: [META] ini: Begin re-reading plugins list: c:/documents and settings/Савелий Крыворот/Рабочий стол/bloodi_srver/cstrike/addons/metamod/plugins.ini
L 07/31/2012 - 09:59:14: [META] ini: Read plugin config for: AMX Mod X
L 07/31/2012 - 09:59:14: [META] ini: Read plugin config for: dproto_EF
L 07/31/2012 - 09:59:14: [META] ini: Read plugin config for: mmtimer
L 07/31/2012 - 09:59:14: [META] ini: Read plugin config for: POD-Bot mm
L 07/31/2012 - 09:59:14: [META] ini: Finished reading plugins list: c:/documents and settings/Савелий Крыворот/Рабочий стол/bloodi_srver/cstrike/addons/metamod/plugins.ini; Found 4 plugins
L 07/31/2012 - 09:59:14: [META] dll: Updating plugins...
L 07/31/2012 - 09:59:14: [META] dll: Finished updating 11 plugins; kept 4, loaded 0, unloaded 0, reloaded 0, delayed 0
L 07/31/2012 - 09:59:14: "LolLiK<2><STEAM_ID_LAN><TERRORIST>" triggered "Dropped_The_Bomb"
L 07/31/2012 - 09:59:14: "LolLiK<2><STEAM_ID_LAN><TERRORIST>" disconnected
L 07/31/2012 - 09:59:14: World triggered "Round_Draw" (CT "0") (T "0")
L 07/31/2012 - 09:59:14: World triggered "Round_End"
L 07/31/2012 - 09:59:14: Log file closed
