L 07/31/2012 - 11:01:44: Log file started (file "logs\L0731005.log") (game "cstrike") (version "48/1.1.2.6/4554")
L 07/31/2012 - 11:01:44: Loading map "cs_assault"
L 07/31/2012 - 11:01:44: Server cvars start
L 07/31/2012 - 11:01:44: Server cvar "_tutor_bomb_viewable_check_interval" = "0.5"
L 07/31/2012 - 11:01:44: Server cvar "_tutor_debug_level" = "0"
L 07/31/2012 - 11:01:44: Server cvar "_tutor_examine_time" = "0.5"
L 07/31/2012 - 11:01:44: Server cvar "_tutor_hint_interval_time" = "10.0"
L 07/31/2012 - 11:01:44: Server cvar "_tutor_look_angle" = "10"
L 07/31/2012 - 11:01:44: Server cvar "_tutor_look_distance" = "200"
L 07/31/2012 - 11:01:44: Server cvar "_tutor_message_character_display_time_coefficient" = "0.07"
L 07/31/2012 - 11:01:44: Server cvar "_tutor_message_minimum_display_time" = "1"
L 07/31/2012 - 11:01:44: Server cvar "_tutor_message_repeats" = "5"
L 07/31/2012 - 11:01:44: Server cvar "_tutor_view_distance" = "1000"
L 07/31/2012 - 11:01:44: Server cvar "allow_spectators" = "1"
L 07/31/2012 - 11:01:44: Server cvar "amx_client_languages" = "0"
L 07/31/2012 - 11:01:44: Server cvar "amx_contactinfo" = ""
L 07/31/2012 - 11:01:44: Server cvar "amx_language" = "ru"
L 07/31/2012 - 11:01:44: Server cvar "amx_nextmap" = "de_airstrip"
L 07/31/2012 - 11:01:44: Server cvar "amxmodx_version" = "1.8.1.3746"
L 07/31/2012 - 11:01:44: Server cvar "coop" = "0"
L 07/31/2012 - 11:01:44: Server cvar "deathmatch" = "1"
L 07/31/2012 - 11:01:44: Server cvar "decalfrequency" = "60"
L 07/31/2012 - 11:01:44: Server cvar "dp_version" = "0.9.87"
L 07/31/2012 - 11:01:44: Server cvar "edgefriction" = "2"
L 07/31/2012 - 11:01:44: Server cvar "hostage_debug" = "0"
L 07/31/2012 - 11:01:44: Server cvar "hostage_stop" = "0"
L 07/31/2012 - 11:01:44: Server cvar "humans_join_team" = "any"
L 07/31/2012 - 11:01:44: Server cvar "max_queries_sec" = "3.0"
L 07/31/2012 - 11:01:44: Server cvar "max_queries_sec_global" = "30"
L 07/31/2012 - 11:01:44: Server cvar "max_queries_window" = "60"
L 07/31/2012 - 11:01:44: Server cvar "metamod_version" = "1.19p32"
L 07/31/2012 - 11:01:44: Server cvar "mp_allowmonsters" = "0"
L 07/31/2012 - 11:01:44: Server cvar "mp_autokick" = "0"
L 07/31/2012 - 11:01:44: Server cvar "mp_autoteambalance" = "1"
L 07/31/2012 - 11:01:44: Server cvar "mp_buytime" = "0.250000"
L 07/31/2012 - 11:01:44: Server cvar "mp_c4timer" = "35"
L 07/31/2012 - 11:01:44: Server cvar "mp_chattime" = "10"
L 07/31/2012 - 11:01:44: Server cvar "mp_consistency" = "1"
L 07/31/2012 - 11:01:44: Server cvar "mp_fadetoblack" = "0"
L 07/31/2012 - 11:01:44: Server cvar "mp_flashlight" = "1"
L 07/31/2012 - 11:01:44: Server cvar "mp_footsteps" = "1"
L 07/31/2012 - 11:01:44: Server cvar "mp_forcecamera" = "0"
L 07/31/2012 - 11:01:44: Server cvar "mp_forcechasecam" = "0"
L 07/31/2012 - 11:01:44: Server cvar "mp_fragsleft" = "0"
L 07/31/2012 - 11:01:44: Server cvar "mp_freezetime" = "2"
L 07/31/2012 - 11:01:44: Server cvar "mp_friendlyfire" = "0"
L 07/31/2012 - 11:01:44: Server cvar "mp_ghostfrequency" = "0.1"
L 07/31/2012 - 11:01:44: Server cvar "mp_hostagepenalty" = "0"
L 07/31/2012 - 11:01:44: Server cvar "mp_kickpercent" = "1"
L 07/31/2012 - 11:01:44: Server cvar "mp_limitteams" = "0"
L 07/31/2012 - 11:01:44: Server cvar "mp_logdetail" = "3"
L 07/31/2012 - 11:01:44: Server cvar "mp_logfile" = "1"
L 07/31/2012 - 11:01:44: Server cvar "mp_logmessages" = "1"
L 07/31/2012 - 11:01:44: Server cvar "mp_mapvoteratio" = "0.66"
L 07/31/2012 - 11:01:44: Server cvar "mp_maxrounds" = "0"
L 07/31/2012 - 11:01:44: Server cvar "mp_mirrordamage" = "0"
L 07/31/2012 - 11:01:44: Server cvar "mp_playerid" = "0"
L 07/31/2012 - 11:01:44: Server cvar "mp_roundtime" = "2.20"
L 07/31/2012 - 11:01:44: Server cvar "mp_startmoney" = "888"
L 07/31/2012 - 11:01:44: Server cvar "mp_timeleft" = "0"
L 07/31/2012 - 11:01:44: Server cvar "mp_timelimit" = "30"
L 07/31/2012 - 11:01:44: Server cvar "mp_tkpunish" = "0"
L 07/31/2012 - 11:01:44: Server cvar "mp_windifference" = "1"
L 07/31/2012 - 11:01:44: Server cvar "mp_winlimit" = "0"
L 07/31/2012 - 11:01:44: Server cvar "pausable" = "0"
L 07/31/2012 - 11:01:44: Server cvar "pb_aim_damper_coefficient_x" = "0.22"
L 07/31/2012 - 11:01:44: Server cvar "pb_aim_damper_coefficient_y" = "0.22"
L 07/31/2012 - 11:01:44: Server cvar "pb_aim_deviation_x" = "2.0"
L 07/31/2012 - 11:01:44: Server cvar "pb_aim_deviation_y" = "1.0"
L 07/31/2012 - 11:01:44: Server cvar "pb_aim_influence_x_on_y" = "0.25"
L 07/31/2012 - 11:01:44: Server cvar "pb_aim_influence_y_on_x" = "0.17"
L 07/31/2012 - 11:01:44: Server cvar "pb_aim_notarget_slowdown_ratio" = "0.5"
L 07/31/2012 - 11:01:44: Server cvar "pb_aim_offset_delay" = "1.2"
L 07/31/2012 - 11:01:44: Server cvar "pb_aim_spring_stiffness_x" = "13.0"
L 07/31/2012 - 11:01:44: Server cvar "pb_aim_spring_stiffness_y" = "13.0"
L 07/31/2012 - 11:01:44: Server cvar "pb_aim_target_anticipation_ratio" = "2.2"
L 07/31/2012 - 11:01:44: Server cvar "pb_aim_type" = "4"
L 07/31/2012 - 11:01:44: Server cvar "pb_autokill" = "0"
L 07/31/2012 - 11:01:44: Server cvar "pb_autokilldelay" = "45"
L 07/31/2012 - 11:01:44: Server cvar "pb_bot_join_team" = "ANY"
L 07/31/2012 - 11:01:44: Server cvar "pb_bot_quota_match" = "0"
L 07/31/2012 - 11:01:44: Server cvar "pb_chat" = "1"
L 07/31/2012 - 11:01:44: Server cvar "pb_dangerfactor" = "800"
L 07/31/2012 - 11:01:44: Server cvar "pb_detailnames" = "1"
L 07/31/2012 - 11:01:44: Server cvar "pb_ffa" = "0"
L 07/31/2012 - 11:01:44: Server cvar "pb_jasonmode" = "0"
L 07/31/2012 - 11:01:44: Server cvar "pb_mapstartbotdelay" = "10"
L 07/31/2012 - 11:01:44: Server cvar "pb_maxbots" = "16"
L 07/31/2012 - 11:01:44: Server cvar "pb_maxbotskill" = "100"
L 07/31/2012 - 11:01:44: Server cvar "pb_maxweaponpickup" = "10"
L 07/31/2012 - 11:01:44: Server cvar "pb_minbots" = "0"
L 07/31/2012 - 11:01:44: Server cvar "pb_minbotskill" = "95"
L 07/31/2012 - 11:01:44: Server cvar "pb_numfollowuser" = "5"
L 07/31/2012 - 11:01:44: Server cvar "pb_radio" = "1"
L 07/31/2012 - 11:01:44: Server cvar "pb_restrequipammo" = "000000000"
L 07/31/2012 - 11:01:44: Server cvar "pb_restrweapons" = "00000000000000000000000000"
L 07/31/2012 - 11:01:44: Server cvar "pb_shootthruwalls" = "1"
L 07/31/2012 - 11:01:44: Server cvar "pb_skin" = "5"
L 07/31/2012 - 11:01:44: Server cvar "pb_spray" = "1"
L 07/31/2012 - 11:01:44: Server cvar "pb_timer_grenade" = "0.5"
L 07/31/2012 - 11:01:44: Server cvar "pb_timer_pickup" = "0.3"
L 07/31/2012 - 11:01:44: Server cvar "pb_timer_sound" = "0.5"
L 07/31/2012 - 11:01:44: Server cvar "pb_usespeech" = "0"
L 07/31/2012 - 11:01:44: Server cvar "pb_version" = "3.0B18c"
L 07/31/2012 - 11:01:44: Server cvar "pb_welcomemsgs" = "0"
L 07/31/2012 - 11:01:44: Server cvar "pb_wptfolder" = "wptdefault"
L 07/31/2012 - 11:01:44: Server cvar "statsx_shell_ver" = "2.0.0 (BETA)"
L 07/31/2012 - 11:01:44: Server cvar "sv_accelerate" = "5"
L 07/31/2012 - 11:01:44: Server cvar "sv_aim" = "0"
L 07/31/2012 - 11:01:44: Server cvar "sv_airaccelerate" = "10""
L 07/31/2012 - 11:01:44: Server cvar "sv_airmove" = "1""
L 07/31/2012 - 11:01:44: Server cvar "sv_allowupload" = "1"
L 07/31/2012 - 11:01:44: Server cvar "sv_alltalk" = "1"
L 07/31/2012 - 11:01:44: Server cvar "sv_bounce" = "1"
L 07/31/2012 - 11:01:44: Server cvar "sv_cheats" = "0"
L 07/31/2012 - 11:01:44: Server cvar "sv_clienttrace" = "1.0"
L 07/31/2012 - 11:01:44: Server cvar "sv_clipmode" = "0"
L 07/31/2012 - 11:01:44: Server cvar "sv_contact" = "Skype: bloodik_18"
L 07/31/2012 - 11:01:44: Server cvar "sv_friction" = "4"
L 07/31/2012 - 11:01:44: Server cvar "sv_gravity" = "800"
L 07/31/2012 - 11:01:44: Server cvar "sv_logblocks" = "0"
L 07/31/2012 - 11:01:44: Server cvar "sv_maxrate" = "25000"
L 07/31/2012 - 11:01:44: Server cvar "sv_maxspeed" = "320"
L 07/31/2012 - 11:01:44: Server cvar "sv_minrate" = "10000"
L 07/31/2012 - 11:01:44: Server cvar "sv_password" = ""
L 07/31/2012 - 11:01:44: Server cvar "sv_proxies" = "1"
L 07/31/2012 - 11:01:44: Server cvar "sv_region" = "3"
L 07/31/2012 - 11:01:44: Server cvar "sv_restart" = "0"
L 07/31/2012 - 11:01:44: Server cvar "sv_restartround" = "0"
L 07/31/2012 - 11:01:44: Server cvar "sv_stepsize" = "18"
L 07/31/2012 - 11:01:44: Server cvar "sv_stopspeed" = "75"
L 07/31/2012 - 11:01:44: Server cvar "sv_uploadmax" = "0.5"
L 07/31/2012 - 11:01:44: Server cvar "sv_voiceenable" = "1"
L 07/31/2012 - 11:01:44: Server cvar "sv_wateraccelerate" = "10"
L 07/31/2012 - 11:01:44: Server cvar "sv_waterfriction" = "1"
L 07/31/2012 - 11:01:44: Server cvars end
L 07/31/2012 - 11:01:44: [DPROTO]: Unable to load strings pool from file './cstrike/estrpool/estrpool_main.dat'
L 07/31/2012 - 11:01:44: [DPROTO]: Unable to load strings pool from file './cstrike/estrpool/estrpool_cs_assault.dat'
L 07/31/2012 - 11:01:44: Server cvar "sv_maxspeed" = "900"
L 07/31/2012 - 11:01:45: Server cvar "amx_nextmap" = "cs_havana"
L 07/31/2012 - 11:01:45: Started map "cs_assault" (CRC "777915923")
L 07/31/2012 - 11:01:48: "BlooDik<2><STEAM_0:0:889048808><>" entered the game
L 07/31/2012 - 11:01:49: World triggered "Round_Start"
L 07/31/2012 - 11:01:49: "BlooDik<2><STEAM_0:0:889048808><>" joined team "CT"
L 07/31/2012 - 11:01:51: "BlooDik<2><STEAM_0:0:889048808><CT>" say "/rs"
L 07/31/2012 - 11:02:30: [META] ini: Begin re-reading plugins list: c:/documents and settings/Савелий Крыворот/Рабочий стол/bloodi_srver/cstrike/addons/metamod/plugins.ini
L 07/31/2012 - 11:02:30: [META] ini: Read plugin config for: AMX Mod X
L 07/31/2012 - 11:02:30: [META] ini: Read plugin config for: dproto_EF
L 07/31/2012 - 11:02:30: [META] ini: Read plugin config for: mmtimer
L 07/31/2012 - 11:02:30: [META] ini: Read plugin config for: POD-Bot mm
L 07/31/2012 - 11:02:30: [META] ini: Finished reading plugins list: c:/documents and settings/Савелий Крыворот/Рабочий стол/bloodi_srver/cstrike/addons/metamod/plugins.ini; Found 4 plugins
L 07/31/2012 - 11:02:30: [META] dll: Updating plugins...
L 07/31/2012 - 11:02:30: [META] dll: Finished updating 11 plugins; kept 4, loaded 0, unloaded 0, reloaded 0, delayed 0
L 07/31/2012 - 11:02:30: "BlooDik<-1><><CT>" disconnected
L 07/31/2012 - 11:02:30: World triggered "Round_Draw" (CT "0") (T "0")
L 07/31/2012 - 11:02:30: World triggered "Round_End"
L 07/31/2012 - 11:02:30: Server shutdown
L 07/31/2012 - 11:02:30: Log file closed
