L 11/29/2020 - 21:54:48: Log file started (file "cstrike/addons/amxmodx/logs/Detect_net_graph.log") (game "cstrike") (amx "1.9.0.5271")
L 11/29/2020 - 21:54:48: [Anti Net Graph 2] DETECT «unnamed» SteamID «STEAM_0:0:97480589» | Reason : [net_graph 2]
L 12/06/2020 - 13:37:16: [Anti Net Graph 2] DETECT «unnamed» SteamID «STEAM_0:0:97480589» | Reason : [net_graph 2]
L 12/10/2020 - 20:42:17: [Anti Net Graph 2] DETECT «kot_pley» SteamID «STEAM_1:0:1212037938» | Reason : [net_graph 2]
L 12/10/2020 - 20:42:32: [Anti Net Graph 2] DETECT «kot_pley» SteamID «STEAM_1:0:1212037938» | Reason : [net_graph 2]
L 12/10/2020 - 20:42:43: [Anti Net Graph 2] DETECT «kot_pley» SteamID «STEAM_1:0:1212037938» | Reason : [net_graph 2]
L 12/10/2020 - 20:42:56: [Anti Net Graph 2] DETECT «kot_pley» SteamID «STEAM_1:0:1212037938» | Reason : [net_graph 2]
L 12/10/2020 - 20:43:09: [Anti Net Graph 2] DETECT «kot_pley» SteamID «STEAM_1:0:1212037938» | Reason : [net_graph 2]
L 12/10/2020 - 20:43:35: [Anti Net Graph 2] DETECT «cs_pro» SteamID «STEAM_1:0:1212037938» | Reason : [net_graph 2]
L 12/13/2020 - 17:13:41: [Anti Net Graph 2] DETECT «baskeser» SteamID «STEAM_1:0:1805952814» | Reason : [net_graph 2]
L 12/13/2020 - 17:14:06: [Anti Net Graph 2] DETECT «baskeser» SteamID «STEAM_1:0:1805952814» | Reason : [net_graph 2]
L 12/13/2020 - 17:14:20: [Anti Net Graph 2] DETECT «baskeser» SteamID «STEAM_1:0:1805952814» | Reason : [net_graph 2]
L 12/13/2020 - 17:14:42: [Anti Net Graph 2] DETECT «Nub4ik» SteamID «STEAM_0:0:431136026» | Reason : [net_graph 2]
L 12/13/2020 - 17:14:44: [Anti Net Graph 2] DETECT «FANAT SNOKI 1» SteamID «STEAM_1:0:1129161682» | Reason : [net_graph 2]
L 12/13/2020 - 17:14:57: [Anti Net Graph 2] DETECT «FANAT SNOKI 1» SteamID «STEAM_1:0:1129161682» | Reason : [net_graph 2]
L 12/13/2020 - 17:15:01: [Anti Net Graph 2] DETECT «Nub4ik» SteamID «STEAM_0:0:431136026» | Reason : [net_graph 2]
L 12/16/2020 - 10:56:51: [Anti Net Graph 2] DETECT «baskeser» SteamID «STEAM_1:0:1805952814» | Reason : [net_graph 2]
L 12/16/2020 - 10:57:04: [Anti Net Graph 2] DETECT «baskeser» SteamID «STEAM_1:0:1805952814» | Reason : [net_graph 2]
L 12/21/2020 - 21:47:10: [Anti Net Graph 2] DETECT «RAM4IK» SteamID «STEAM_1:0:317296851» | Reason : [net_graph 2]
L 12/21/2020 - 21:47:45: [Anti Net Graph 2] DETECT «RAM4IK» SteamID «STEAM_1:0:317296851» | Reason : [net_graph 2]
L 12/21/2020 - 21:47:56: [Anti Net Graph 2] DETECT «RAM4IK» SteamID «STEAM_1:0:317296851» | Reason : [net_graph 2]
L 12/21/2020 - 21:48:31: [Anti Net Graph 2] DETECT «RAM4IK» SteamID «STEAM_1:0:317296851» | Reason : [net_graph 2]
L 12/21/2020 - 21:49:20: [Anti Net Graph 2] DETECT «RAM4IK» SteamID «STEAM_1:0:317296851» | Reason : [net_graph 2]
L 01/08/2021 - 19:46:15: [Anti Net Graph 2] DETECT «EXSTRIM» SteamID «STEAM_1:0:2036613931» | Reason : [net_graph 2]
L 01/08/2021 - 19:46:36: [Anti Net Graph 2] DETECT «EXSTRIM» SteamID «STEAM_1:0:2036613931» | Reason : [net_graph 2]
L 01/08/2021 - 19:50:35: [Anti Net Graph 2] DETECT «kc.er226» SteamID «STEAM_1:0:1011373110» | Reason : [net_graph 2]
L 01/08/2021 - 19:50:36: [Anti Net Graph 2] DETECT «kopateL» SteamID «STEAM_1:0:1707420303» | Reason : [net_graph 2]
L 01/08/2021 - 19:50:50: [Anti Net Graph 2] DETECT «kc.er226» SteamID «STEAM_1:0:1011373110» | Reason : [net_graph 2]
L 01/08/2021 - 19:50:57: [Anti Net Graph 2] DETECT «kopateL» SteamID «STEAM_1:0:1707420303» | Reason : [net_graph 2]
L 01/09/2021 - 11:56:57: [Anti Net Graph 2] DETECT «[T-B]  CTaRui^MaFIozNIk^Gamer» SteamID «STEAM_1:0:197932729» | Reason : [net_graph 2]
L 01/09/2021 - 11:57:09: [Anti Net Graph 2] DETECT «[T-B]  CTaRui^MaFIozNIk^Gamer» SteamID «STEAM_1:0:197932729» | Reason : [net_graph 2]
L 03/04/2021 - 22:53:40: [Anti Net Graph 2] DETECT «by PROST1 YouTube sub 1,65k» SteamID «STEAM_1:0:862283077» | Reason : [net_graph 2]
L 03/05/2021 - 12:09:00: [Anti Net Graph 2] DETECT «бро» SteamID «STEAM_1:0:599177519» | Reason : [net_graph 2]
L 03/07/2021 - 08:01:11: [Anti Net Graph 2] DETECT «бро» SteamID «STEAM_1:0:599177519» | Reason : [net_graph 2]
L 03/07/2021 - 08:01:27: [Anti Net Graph 2] DETECT «бро» SteamID «STEAM_1:0:599177519» | Reason : [net_graph 2]
L 03/07/2021 - 08:01:43: [Anti Net Graph 2] DETECT «бро» SteamID «STEAM_1:0:599177519» | Reason : [net_graph 2]
L 04/10/2021 - 12:27:41: [Anti Net Graph 2] DETECT «Князь Коваленко» SteamID «STEAM_0:1:62335189» | Reason : [net_graph 2]
L 04/27/2021 - 20:32:42: [Anti Net Graph 2] DETECT «6y6luk» SteamID «STEAM_0:0:97480589» | Reason : [net_graph 2]
L 05/15/2021 - 11:58:56: [Anti Net Graph 2] DETECT «Straberry» SteamID «STEAM_1:0:1103219644» | Reason : [net_graph 2]
L 05/15/2021 - 11:59:17: [Anti Net Graph 2] DETECT «Straberry» SteamID «STEAM_1:0:1103219644» | Reason : [net_graph 2]
L 05/15/2021 - 11:59:28: [Anti Net Graph 2] DETECT «Straberry» SteamID «STEAM_1:0:1103219644» | Reason : [net_graph 2]
L 05/15/2021 - 11:59:48: [Anti Net Graph 2] DETECT «123» SteamID «STEAM_1:0:1103219644» | Reason : [net_graph 2]
L 05/15/2021 - 12:00:08: [Anti Net Graph 2] DETECT «123» SteamID «STEAM_1:0:1103219644» | Reason : [net_graph 2]
L 05/15/2021 - 12:00:18: [Anti Net Graph 2] DETECT «123» SteamID «STEAM_1:0:1103219644» | Reason : [net_graph 2]
L 05/15/2021 - 12:48:20: [Anti Net Graph 2] DETECT «123» SteamID «STEAM_1:0:1103219644» | Reason : [net_graph 2]
L 05/15/2021 - 12:48:41: [Anti Net Graph 2] DETECT «Alena Za@ka» SteamID «STEAM_1:0:1103219644» | Reason : [net_graph 2]
L 05/20/2021 - 13:56:47: [Anti Net Graph 2] DETECT «hey6nbaй MEHЯ cpaзy!!!» SteamID «STEAM_1:0:577927044» | Reason : [net_graph 2]
L 05/20/2021 - 13:57:04: [Anti Net Graph 2] DETECT «hey6nbaй MEHЯ cpaзy!!!» SteamID «STEAM_1:0:577927044» | Reason : [net_graph 2]
L 05/20/2021 - 13:59:01: [Anti Net Graph 2] DETECT «hey6nbaй MEHЯ cpaзy!!!» SteamID «STEAM_1:0:577927044» | Reason : [net_graph 2]
L 06/07/2021 - 20:54:45: [Anti Net Graph 2] DETECT «Cherry» SteamID «STEAM_1:0:1103219644» | Reason : [net_graph 2]
L 07/19/2021 - 17:45:54: [Anti Net Graph 2] DETECT «[wH] KoNdiヅ» SteamID «STEAM_1:0:2124195872» | Reason : [net_graph 2]
L 07/19/2021 - 17:46:11: [Anti Net Graph 2] DETECT «[wH] KoNdiヅ» SteamID «STEAM_1:0:2124195872» | Reason : [net_graph 2]
