L 10/03/2016 - 08:13:53: Start of error session.
L 10/03/2016 - 08:13:53: Info (map "jail_west_v2") (file "addons/amxmodx/logs/error_20161003.log")
L 10/03/2016 - 08:13:53: [AMXX] Plugin file open error (plugin "jb_vipmenu.amxx")
L 10/03/2016 - 08:56:02: Start of error session.
L 10/03/2016 - 08:56:02: Info (map "de_airstrip") (file "addons/amxmodx/logs/error_20161003.log")
L 10/03/2016 - 08:56:02: [AMXX] Plugin file open error (plugin "jb_vipmenu.amxx")
L 10/03/2016 - 09:23:00: Start of error session.
L 10/03/2016 - 09:23:00: Info (map "jail_awesomeday") (file "addons/amxmodx/logs/error_20161003.log")
L 10/03/2016 - 09:23:00: [AMXX] Plugin file open error (plugin "jb_vipmenu.amxx")
L 10/03/2016 - 09:49:50: Start of error session.
L 10/03/2016 - 09:49:50: Info (map "jb_rush") (file "addons/amxmodx/logs/error_20161003.log")
L 10/03/2016 - 09:49:50: [AMXX] Plugin file open error (plugin "jb_vipmenu.amxx")
L 10/03/2016 - 10:16:56: Start of error session.
L 10/03/2016 - 10:16:56: Info (map "jail_crime") (file "addons/amxmodx/logs/error_20161003.log")
L 10/03/2016 - 10:16:56: [AMXX] Plugin file open error (plugin "jb_vipmenu.amxx")
L 10/03/2016 - 10:43:53: Start of error session.
L 10/03/2016 - 10:43:53: Info (map "de_chateau") (file "addons/amxmodx/logs/error_20161003.log")
L 10/03/2016 - 10:43:53: [AMXX] Plugin file open error (plugin "jb_vipmenu.amxx")
L 10/03/2016 - 11:00:43: Start of error session.
L 10/03/2016 - 11:00:43: Info (map "jail_west_v2") (file "addons/amxmodx/logs/error_20161003.log")
L 10/03/2016 - 11:00:43: [AMXX] Plugin file open error (plugin "jb_vipmenu.amxx")
L 10/03/2016 - 11:27:41: Start of error session.
L 10/03/2016 - 11:27:41: Info (map "jail_west_v2") (file "addons/amxmodx/logs/error_20161003.log")
L 10/03/2016 - 11:27:41: [AMXX] Plugin file open error (plugin "jb_vipmenu.amxx")
L 10/03/2016 - 11:54:39: Start of error session.
L 10/03/2016 - 11:54:39: Info (map "jail_west_v2") (file "addons/amxmodx/logs/error_20161003.log")
L 10/03/2016 - 11:54:39: [AMXX] Plugin file open error (plugin "jb_vipmenu.amxx")
L 10/03/2016 - 12:21:38: Start of error session.
L 10/03/2016 - 12:21:38: Info (map "jail_west_v2") (file "addons/amxmodx/logs/error_20161003.log")
L 10/03/2016 - 12:21:38: [AMXX] Plugin file open error (plugin "jb_vipmenu.amxx")
L 10/03/2016 - 12:48:35: Start of error session.
L 10/03/2016 - 12:48:35: Info (map "jail_west_v2") (file "addons/amxmodx/logs/error_20161003.log")
L 10/03/2016 - 12:48:35: [AMXX] Plugin file open error (plugin "jb_vipmenu.amxx")
L 10/03/2016 - 13:15:33: Start of error session.
L 10/03/2016 - 13:15:33: Info (map "jail_west_v2") (file "addons/amxmodx/logs/error_20161003.log")
L 10/03/2016 - 13:15:33: [AMXX] Plugin file open error (plugin "jb_vipmenu.amxx")
L 10/03/2016 - 13:42:46: Start of error session.
L 10/03/2016 - 13:42:46: Info (map "jail_west_v2") (file "addons/amxmodx/logs/error_20161003.log")
L 10/03/2016 - 13:42:46: [AMXX] Plugin file open error (plugin "jb_vipmenu.amxx")
L 10/03/2016 - 14:04:59: Start of error session.
L 10/03/2016 - 14:04:59: Info (map "jail_dust2x2") (file "addons/amxmodx/logs/error_20161003.log")
L 10/03/2016 - 14:04:59: [AMXX] Plugin file open error (plugin "jb_vipmenu.amxx")
L 10/03/2016 - 14:31:59: Start of error session.
L 10/03/2016 - 14:31:59: Info (map "jail_xmf") (file "addons/amxmodx/logs/error_20161003.log")
L 10/03/2016 - 14:31:59: [AMXX] Plugin file open error (plugin "jb_vipmenu.amxx")
