L 07/06/2009 - 11:01:06: Start of error session.
L 07/06/2009 - 11:01:06: Info (map "de_dust2_2x2") (file "addons/amxmodx/logs/error_20090706.log")
L 07/06/2009 - 11:01:06: Function "round_start" was not found
L 07/06/2009 - 11:01:06: [AMXX] Run time error 19 (plugin "Serva4ok_wins.amxx") - debug not enabled!
L 07/06/2009 - 11:01:06: [AMXX] To enable debug mode, add "debug" after the plugin name in plugins.ini (without quotes).
L 07/06/2009 - 17:25:46: Start of error session.
L 07/06/2009 - 17:25:46: Info (map "de_dust2_2x2") (file "addons/amxmodx/logs/error_20090706.log")
L 07/06/2009 - 17:25:46: Function "round_start" was not found
L 07/06/2009 - 17:25:46: [AMXX] Run time error 19 (plugin "Serva4ok_wins.amxx") - debug not enabled!
L 07/06/2009 - 17:25:46: [AMXX] To enable debug mode, add "debug" after the plugin name in plugins.ini (without quotes).
L 07/06/2009 - 17:30:44: Start of error session.
L 07/06/2009 - 17:30:44: Info (map "de_dust2_2x2") (file "addons/amxmodx/logs/error_20090706.log")
L 07/06/2009 - 17:30:44: Function "round_start" was not found
L 07/06/2009 - 17:30:44: [AMXX] Run time error 19 (plugin "Serva4ok_wins.amxx") - debug not enabled!
L 07/06/2009 - 17:30:44: [AMXX] To enable debug mode, add "debug" after the plugin name in plugins.ini (without quotes).
L 07/06/2009 - 17:31:31: Start of error session.
L 07/06/2009 - 17:31:31: Info (map "de_dust2_2x2") (file "addons/amxmodx/logs/error_20090706.log")
L 07/06/2009 - 17:31:31: Function "round_start" was not found
L 07/06/2009 - 17:31:31: [AMXX] Run time error 19 (plugin "Serva4ok_wins.amxx") - debug not enabled!
L 07/06/2009 - 17:31:31: [AMXX] To enable debug mode, add "debug" after the plugin name in plugins.ini (without quotes).
L 07/06/2009 - 17:32:41: Start of error session.
L 07/06/2009 - 17:32:41: Info (map "de_dust2_2x2") (file "addons/amxmodx/logs/error_20090706.log")
L 07/06/2009 - 17:32:41: Function "round_start" was not found
L 07/06/2009 - 17:32:41: [AMXX] Run time error 19 (plugin "Serva4ok_wins.amxx") - debug not enabled!
L 07/06/2009 - 17:32:41: [AMXX] To enable debug mode, add "debug" after the plugin name in plugins.ini (without quotes).
L 07/06/2009 - 17:34:44: Start of error session.
L 07/06/2009 - 17:34:44: Info (map "de_dust2_2x2") (file "addons/amxmodx/logs/error_20090706.log")
L 07/06/2009 - 17:34:44: Function "round_start" was not found
L 07/06/2009 - 17:34:44: [AMXX] Run time error 19 (plugin "Serva4ok_wins.amxx") - debug not enabled!
L 07/06/2009 - 17:34:44: [AMXX] To enable debug mode, add "debug" after the plugin name in plugins.ini (without quotes).
L 07/06/2009 - 17:36:12: Start of error session.
L 07/06/2009 - 17:36:12: Info (map "de_dust2_2x2") (file "addons/amxmodx/logs/error_20090706.log")
L 07/06/2009 - 17:36:12: Function "round_start" was not found
L 07/06/2009 - 17:36:12: [AMXX] Run time error 19 (plugin "Serva4ok_wins.amxx") - debug not enabled!
L 07/06/2009 - 17:36:12: [AMXX] To enable debug mode, add "debug" after the plugin name in plugins.ini (without quotes).
