L 07/27/2008 - 19:54:18: Start of error session.
L 07/27/2008 - 19:54:18: Info (map "de_dust2_2x2") (file "addons/amxmodx/logs/error_20080727.log")
L 07/27/2008 - 19:54:18: [AMXX] Plugin file open error (plugin "csds_mapa.amxx")
L 07/27/2008 - 19:54:20: Function "round_start" was not found
L 07/27/2008 - 19:54:20: [AMXX] Run time error 19 (plugin "Serva4ok_wins.amxx") - debug not enabled!
L 07/27/2008 - 19:54:20: [AMXX] To enable debug mode, add "debug" after the plugin name in plugins.ini (without quotes).
L 07/27/2008 - 20:24:21: Start of error session.
L 07/27/2008 - 20:24:21: Info (map "de_airstrip") (file "addons/amxmodx/logs/error_20080727.log")
L 07/27/2008 - 20:24:21: [AMXX] Plugin file open error (plugin "csds_mapa.amxx")
L 07/27/2008 - 20:24:21: Function "round_start" was not found
L 07/27/2008 - 20:24:21: [AMXX] Run time error 19 (plugin "Serva4ok_wins.amxx") - debug not enabled!
L 07/27/2008 - 20:24:21: [AMXX] To enable debug mode, add "debug" after the plugin name in plugins.ini (without quotes).
L 07/27/2008 - 20:38:48: Invalid player id 100
L 07/27/2008 - 20:38:48: [AMXX] Run time error 10 (plugin "Player_name.amxx") (native "get_user_weapon") - debug not enabled!
L 07/27/2008 - 20:38:48: [AMXX] To enable debug mode, add "debug" after the plugin name in plugins.ini (without quotes).
L 07/27/2008 - 20:38:55: Start of error session.
L 07/27/2008 - 20:38:55: Info (map "de_dust2_2x2") (file "addons/amxmodx/logs/error_20080727.log")
L 07/27/2008 - 20:38:55: [AMXX] Plugin file open error (plugin "csds_mapa.amxx")
L 07/27/2008 - 20:38:55: Function "round_start" was not found
L 07/27/2008 - 20:38:55: [AMXX] Run time error 19 (plugin "Serva4ok_wins.amxx") - debug not enabled!
L 07/27/2008 - 20:38:55: [AMXX] To enable debug mode, add "debug" after the plugin name in plugins.ini (without quotes).
L 07/27/2008 - 20:40:12: Invalid player id 100
L 07/27/2008 - 20:40:12: [AMXX] Run time error 10 (plugin "Player_name.amxx") (native "get_user_weapon") - debug not enabled!
L 07/27/2008 - 20:40:12: [AMXX] To enable debug mode, add "debug" after the plugin name in plugins.ini (without quotes).
L 07/27/2008 - 20:41:17: Invalid player id 100
L 07/27/2008 - 20:41:17: [AMXX] Run time error 10 (plugin "Player_name.amxx") (native "get_user_weapon") - debug not enabled!
L 07/27/2008 - 20:41:17: [AMXX] To enable debug mode, add "debug" after the plugin name in plugins.ini (without quotes).
L 07/27/2008 - 20:41:17: Invalid player id 100
L 07/27/2008 - 20:41:17: [AMXX] Run time error 10 (plugin "Player_name.amxx") (native "get_user_weapon") - debug not enabled!
L 07/27/2008 - 20:41:17: [AMXX] To enable debug mode, add "debug" after the plugin name in plugins.ini (without quotes).
L 07/27/2008 - 20:58:24: Start of error session.
L 07/27/2008 - 20:58:24: Info (map "de_dust2_2x2") (file "addons/amxmodx/logs/error_20080727.log")
L 07/27/2008 - 20:58:24: [AMXX] Plugin file open error (plugin "csds_mapa.amxx")
L 07/27/2008 - 20:58:24: Function "round_start" was not found
L 07/27/2008 - 20:58:24: [AMXX] Run time error 19 (plugin "Serva4ok_wins.amxx") - debug not enabled!
L 07/27/2008 - 20:58:24: [AMXX] To enable debug mode, add "debug" after the plugin name in plugins.ini (without quotes).
L 07/27/2008 - 21:00:11: Start of error session.
L 07/27/2008 - 21:00:11: Info (map "de_dust2") (file "addons/amxmodx/logs/error_20080727.log")
L 07/27/2008 - 21:00:11: [AMXX] Plugin file open error (plugin "csds_mapa.amxx")
L 07/27/2008 - 21:00:12: Function "round_start" was not found
L 07/27/2008 - 21:00:12: [AMXX] Run time error 19 (plugin "Serva4ok_wins.amxx") - debug not enabled!
L 07/27/2008 - 21:00:12: [AMXX] To enable debug mode, add "debug" after the plugin name in plugins.ini (without quotes).
L 07/27/2008 - 21:08:30: Start of error session.
L 07/27/2008 - 21:08:30: Info (map "de_dust2") (file "addons/amxmodx/logs/error_20080727.log")
L 07/27/2008 - 21:08:30: [AMXX] Plugin file open error (plugin "csds_mapa.amxx")
L 07/27/2008 - 21:08:31: Function "round_start" was not found
L 07/27/2008 - 21:08:31: [AMXX] Run time error 19 (plugin "Serva4ok_wins.amxx") - debug not enabled!
L 07/27/2008 - 21:08:31: [AMXX] To enable debug mode, add "debug" after the plugin name in plugins.ini (without quotes).
L 07/27/2008 - 21:09:15: Start of error session.
L 07/27/2008 - 21:09:15: Info (map "de_dust2") (file "addons/amxmodx/logs/error_20080727.log")
L 07/27/2008 - 21:09:15: [AMXX] Plugin file open error (plugin "csds_mapa.amxx")
L 07/27/2008 - 21:09:16: Function "round_start" was not found
L 07/27/2008 - 21:09:16: [AMXX] Run time error 19 (plugin "Serva4ok_wins.amxx") - debug not enabled!
L 07/27/2008 - 21:09:16: [AMXX] To enable debug mode, add "debug" after the plugin name in plugins.ini (without quotes).
L 07/27/2008 - 21:09:25: [AMXX] Run time error 4 (plugin "Serva4ok_vip_sirena.amxx") - debug not enabled!
L 07/27/2008 - 21:09:25: [AMXX] To enable debug mode, add "debug" after the plugin name in plugins.ini (without quotes).
L 07/27/2008 - 21:10:06: Start of error session.
L 07/27/2008 - 21:10:06: Info (map "de_dust2_2x2") (file "addons/amxmodx/logs/error_20080727.log")
L 07/27/2008 - 21:10:06: [AMXX] Plugin file open error (plugin "csds_mapa.amxx")
L 07/27/2008 - 21:10:06: Function "round_start" was not found
L 07/27/2008 - 21:10:06: [AMXX] Run time error 19 (plugin "Serva4ok_wins.amxx") - debug not enabled!
L 07/27/2008 - 21:10:06: [AMXX] To enable debug mode, add "debug" after the plugin name in plugins.ini (without quotes).
L 07/27/2008 - 21:14:24: Start of error session.
L 07/27/2008 - 21:14:24: Info (map "de_dust2") (file "addons/amxmodx/logs/error_20080727.log")
L 07/27/2008 - 21:14:24: [AMXX] Plugin file open error (plugin "csds_mapa.amxx")
L 07/27/2008 - 21:14:25: Function "round_start" was not found
L 07/27/2008 - 21:14:25: [AMXX] Run time error 19 (plugin "Serva4ok_wins.amxx") - debug not enabled!
L 07/27/2008 - 21:14:25: [AMXX] To enable debug mode, add "debug" after the plugin name in plugins.ini (without quotes).
L 07/27/2008 - 21:15:48: Start of error session.
L 07/27/2008 - 21:15:48: Info (map "de_dust2") (file "addons/amxmodx/logs/error_20080727.log")
L 07/27/2008 - 21:15:48: [AMXX] Plugin file open error (plugin "csds_mapa.amxx")
L 07/27/2008 - 21:16:02: Function "round_start" was not found
L 07/27/2008 - 21:16:02: [AMXX] Run time error 19 (plugin "Serva4ok_wins.amxx") - debug not enabled!
L 07/27/2008 - 21:16:02: [AMXX] To enable debug mode, add "debug" after the plugin name in plugins.ini (without quotes).
L 07/27/2008 - 21:16:10: [AMXX] Run time error 4 (plugin "Serva4ok_vip_sirena.amxx") - debug not enabled!
L 07/27/2008 - 21:16:10: [AMXX] To enable debug mode, add "debug" after the plugin name in plugins.ini (without quotes).
L 07/27/2008 - 21:17:15: Start of error session.
L 07/27/2008 - 21:17:15: Info (map "de_dust2_2x2") (file "addons/amxmodx/logs/error_20080727.log")
L 07/27/2008 - 21:17:15: [AMXX] Plugin file open error (plugin "csds_mapa.amxx")
L 07/27/2008 - 21:17:15: Function "round_start" was not found
L 07/27/2008 - 21:17:15: [AMXX] Run time error 19 (plugin "Serva4ok_wins.amxx") - debug not enabled!
L 07/27/2008 - 21:17:15: [AMXX] To enable debug mode, add "debug" after the plugin name in plugins.ini (without quotes).
L 07/27/2008 - 21:20:06: Start of error session.
L 07/27/2008 - 21:20:06: Info (map "de_dust2") (file "addons/amxmodx/logs/error_20080727.log")
L 07/27/2008 - 21:20:06: [AMXX] Plugin file open error (plugin "csds_mapa.amxx")
L 07/27/2008 - 21:20:06: Function "round_start" was not found
L 07/27/2008 - 21:20:06: [AMXX] Run time error 19 (plugin "Serva4ok_wins.amxx") - debug not enabled!
L 07/27/2008 - 21:20:06: [AMXX] To enable debug mode, add "debug" after the plugin name in plugins.ini (without quotes).
L 07/27/2008 - 21:20:19: Start of error session.
L 07/27/2008 - 21:20:19: Info (map "de_dust2") (file "addons/amxmodx/logs/error_20080727.log")
L 07/27/2008 - 21:20:19: [AMXX] Plugin file open error (plugin "csds_mapa.amxx")
L 07/27/2008 - 21:20:20: Function "round_start" was not found
L 07/27/2008 - 21:20:20: [AMXX] Run time error 19 (plugin "Serva4ok_wins.amxx") - debug not enabled!
L 07/27/2008 - 21:20:20: [AMXX] To enable debug mode, add "debug" after the plugin name in plugins.ini (without quotes).
L 07/27/2008 - 21:20:33: Start of error session.
L 07/27/2008 - 21:20:33: Info (map "de_dust2") (file "addons/amxmodx/logs/error_20080727.log")
L 07/27/2008 - 21:20:33: [AMXX] Plugin file open error (plugin "csds_mapa.amxx")
L 07/27/2008 - 21:20:33: Function "round_start" was not found
L 07/27/2008 - 21:20:33: [AMXX] Run time error 19 (plugin "Serva4ok_wins.amxx") - debug not enabled!
L 07/27/2008 - 21:20:33: [AMXX] To enable debug mode, add "debug" after the plugin name in plugins.ini (without quotes).
L 07/27/2008 - 21:20:39: Start of error session.
L 07/27/2008 - 21:20:39: Info (map "de_dust2") (file "addons/amxmodx/logs/error_20080727.log")
L 07/27/2008 - 21:20:39: [AMXX] Plugin file open error (plugin "csds_mapa.amxx")
L 07/27/2008 - 21:20:40: Function "round_start" was not found
L 07/27/2008 - 21:20:40: [AMXX] Run time error 19 (plugin "Serva4ok_wins.amxx") - debug not enabled!
L 07/27/2008 - 21:20:40: [AMXX] To enable debug mode, add "debug" after the plugin name in plugins.ini (without quotes).
L 07/27/2008 - 21:20:47: Start of error session.
L 07/27/2008 - 21:20:47: Info (map "de_dust2") (file "addons/amxmodx/logs/error_20080727.log")
L 07/27/2008 - 21:20:47: [AMXX] Plugin file open error (plugin "csds_mapa.amxx")
L 07/27/2008 - 21:20:48: Function "round_start" was not found
L 07/27/2008 - 21:20:48: [AMXX] Run time error 19 (plugin "Serva4ok_wins.amxx") - debug not enabled!
L 07/27/2008 - 21:20:48: [AMXX] To enable debug mode, add "debug" after the plugin name in plugins.ini (without quotes).
L 07/27/2008 - 21:20:53: [AMXX] Run time error 4 (plugin "Serva4ok_vip_sirena.amxx") - debug not enabled!
L 07/27/2008 - 21:20:53: [AMXX] To enable debug mode, add "debug" after the plugin name in plugins.ini (without quotes).
L 07/27/2008 - 21:21:38: Start of error session.
L 07/27/2008 - 21:21:38: Info (map "de_dust2_2x2") (file "addons/amxmodx/logs/error_20080727.log")
L 07/27/2008 - 21:21:38: [AMXX] Plugin file open error (plugin "csds_mapa.amxx")
L 07/27/2008 - 21:21:38: Function "round_start" was not found
L 07/27/2008 - 21:21:38: [AMXX] Run time error 19 (plugin "Serva4ok_wins.amxx") - debug not enabled!
L 07/27/2008 - 21:21:38: [AMXX] To enable debug mode, add "debug" after the plugin name in plugins.ini (without quotes).
L 07/27/2008 - 21:52:12: Start of error session.
L 07/27/2008 - 21:52:12: Info (map "cs_havana") (file "addons/amxmodx/logs/error_20080727.log")
L 07/27/2008 - 21:52:12: [AMXX] Plugin file open error (plugin "csds_mapa.amxx")
L 07/27/2008 - 21:52:12: Function "round_start" was not found
L 07/27/2008 - 21:52:12: [AMXX] Run time error 19 (plugin "Serva4ok_wins.amxx") - debug not enabled!
L 07/27/2008 - 21:52:12: [AMXX] To enable debug mode, add "debug" after the plugin name in plugins.ini (without quotes).
L 07/27/2008 - 21:52:21: [AMXX] Run time error 4 (plugin "Serva4ok_vip_sirena.amxx") - debug not enabled!
L 07/27/2008 - 21:52:21: [AMXX] To enable debug mode, add "debug" after the plugin name in plugins.ini (without quotes).
L 07/27/2008 - 21:57:43: Start of error session.
L 07/27/2008 - 21:57:43: Info (map "de_dust2") (file "addons/amxmodx/logs/error_20080727.log")
L 07/27/2008 - 21:57:43: [AMXX] Plugin file open error (plugin "csds_mapa.amxx")
L 07/27/2008 - 21:57:43: Function "round_start" was not found
L 07/27/2008 - 21:57:43: [AMXX] Run time error 19 (plugin "Serva4ok_wins.amxx") - debug not enabled!
L 07/27/2008 - 21:57:43: [AMXX] To enable debug mode, add "debug" after the plugin name in plugins.ini (without quotes).
L 07/27/2008 - 21:57:52: [AMXX] Run time error 4 (plugin "Serva4ok_vip_sirena.amxx") - debug not enabled!
L 07/27/2008 - 21:57:52: [AMXX] To enable debug mode, add "debug" after the plugin name in plugins.ini (without quotes).
L 07/27/2008 - 22:28:08: Start of error session.
L 07/27/2008 - 22:28:08: Info (map "de_aztec") (file "addons/amxmodx/logs/error_20080727.log")
L 07/27/2008 - 22:28:08: [AMXX] Plugin file open error (plugin "csds_mapa.amxx")
L 07/27/2008 - 22:28:09: Function "round_start" was not found
L 07/27/2008 - 22:28:09: [AMXX] Run time error 19 (plugin "Serva4ok_wins.amxx") - debug not enabled!
L 07/27/2008 - 22:28:09: [AMXX] To enable debug mode, add "debug" after the plugin name in plugins.ini (without quotes).
L 07/27/2008 - 22:28:18: [AMXX] Run time error 4 (plugin "Serva4ok_vip_sirena.amxx") - debug not enabled!
L 07/27/2008 - 22:28:18: [AMXX] To enable debug mode, add "debug" after the plugin name in plugins.ini (without quotes).
L 07/27/2008 - 22:58:22: Start of error session.
L 07/27/2008 - 22:58:22: Info (map "as_oilrig") (file "addons/amxmodx/logs/error_20080727.log")
L 07/27/2008 - 22:58:22: [AMXX] Plugin file open error (plugin "csds_mapa.amxx")
L 07/27/2008 - 22:58:22: Function "round_start" was not found
L 07/27/2008 - 22:58:22: [AMXX] Run time error 19 (plugin "Serva4ok_wins.amxx") - debug not enabled!
L 07/27/2008 - 22:58:22: [AMXX] To enable debug mode, add "debug" after the plugin name in plugins.ini (without quotes).
L 07/27/2008 - 22:58:31: [AMXX] Run time error 4 (plugin "Serva4ok_vip_sirena.amxx") - debug not enabled!
L 07/27/2008 - 22:58:31: [AMXX] To enable debug mode, add "debug" after the plugin name in plugins.ini (without quotes).
L 07/27/2008 - 23:28:37: Start of error session.
L 07/27/2008 - 23:28:37: Info (map "cs_siege") (file "addons/amxmodx/logs/error_20080727.log")
L 07/27/2008 - 23:28:37: [AMXX] Plugin file open error (plugin "csds_mapa.amxx")
L 07/27/2008 - 23:28:39: Function "round_start" was not found
L 07/27/2008 - 23:28:39: [AMXX] Run time error 19 (plugin "Serva4ok_wins.amxx") - debug not enabled!
L 07/27/2008 - 23:28:39: [AMXX] To enable debug mode, add "debug" after the plugin name in plugins.ini (without quotes).
L 07/27/2008 - 23:28:49: [AMXX] Run time error 4 (plugin "Serva4ok_vip_sirena.amxx") - debug not enabled!
L 07/27/2008 - 23:28:49: [AMXX] To enable debug mode, add "debug" after the plugin name in plugins.ini (without quotes).
