L 10/01/2016 - 07:22:53: Start of error session.
L 10/01/2016 - 07:22:53: Info (map "jail_especial_v2") (file "addons/amxmodx/logs/error_20161001.log")
L 10/01/2016 - 07:22:53: [AMXX] Plugin file open error (plugin "dm_hook.amxx")
L 10/01/2016 - 07:22:53: [AMXX] Plugin file open error (plugin "jb_vipmenu.amxx")
L 10/01/2016 - 07:22:53: [AMXX] Plugin file open error (plugin "M_hook.amxx")
L 10/01/2016 - 07:23:29: Start of error session.
L 10/01/2016 - 07:23:29: Info (map "jail_xmf") (file "addons/amxmodx/logs/error_20161001.log")
L 10/01/2016 - 07:23:29: [AMXX] Plugin file open error (plugin "dm_hook.amxx")
L 10/01/2016 - 07:23:29: [AMXX] Plugin file open error (plugin "jb_vipmenu.amxx")
L 10/01/2016 - 07:23:29: [AMXX] Plugin file open error (plugin "M_hook.amxx")
L 10/01/2016 - 07:24:54: Start of error session.
L 10/01/2016 - 07:24:54: Info (map "jail_xmf") (file "addons/amxmodx/logs/error_20161001.log")
L 10/01/2016 - 07:24:54: [AMXX] Plugin file open error (plugin "dm_hook.amxx")
L 10/01/2016 - 07:24:54: [AMXX] Plugin file open error (plugin "jb_vipmenu.amxx")
L 10/01/2016 - 07:24:54: [AMXX] Plugin file open error (plugin "M_hook.amxx")
L 10/01/2016 - 07:28:24: Start of error session.
L 10/01/2016 - 07:28:24: Info (map "jail_xmf") (file "addons/amxmodx/logs/error_20161001.log")
L 10/01/2016 - 07:28:24: [AMXX] Plugin file open error (plugin "dm_hook.amxx")
L 10/01/2016 - 07:28:24: [AMXX] Plugin file open error (plugin "jb_vipmenu.amxx")
L 10/01/2016 - 07:28:24: [AMXX] Plugin file open error (plugin "M_hook.amxx")
L 10/01/2016 - 07:30:34: Start of error session.
L 10/01/2016 - 07:30:34: Info (map "jail_xmf") (file "addons/amxmodx/logs/error_20161001.log")
L 10/01/2016 - 07:30:34: [AMXX] Plugin file open error (plugin "dm_hook.amxx")
L 10/01/2016 - 07:30:34: [AMXX] Plugin file open error (plugin "jb_vipmenu.amxx")
L 10/01/2016 - 07:30:34: [AMXX] Plugin file open error (plugin "M_hook.amxx")
L 10/01/2016 - 07:31:22: Start of error session.
L 10/01/2016 - 07:31:22: Info (map "jail_xmf") (file "addons/amxmodx/logs/error_20161001.log")
L 10/01/2016 - 07:31:22: [AMXX] Plugin file open error (plugin "dm_hook.amxx")
L 10/01/2016 - 07:31:22: [AMXX] Plugin file open error (plugin "jb_vipmenu.amxx")
L 10/01/2016 - 07:31:22: [AMXX] Plugin file open error (plugin "M_hook.amxx")
L 10/01/2016 - 07:31:52: Start of error session.
L 10/01/2016 - 07:31:52: Info (map "jail_xmf") (file "addons/amxmodx/logs/error_20161001.log")
L 10/01/2016 - 07:31:52: [AMXX] Plugin file open error (plugin "dm_hook.amxx")
L 10/01/2016 - 07:31:52: [AMXX] Plugin file open error (plugin "jb_vipmenu.amxx")
L 10/01/2016 - 07:31:52: [AMXX] Plugin file open error (plugin "M_hook.amxx")
L 10/01/2016 - 07:36:10: Start of error session.
L 10/01/2016 - 07:36:10: Info (map "jail_xmf") (file "addons/amxmodx/logs/error_20161001.log")
L 10/01/2016 - 07:36:10: [AMXX] Plugin file open error (plugin "dm_hook.amxx")
L 10/01/2016 - 07:36:10: [AMXX] Plugin file open error (plugin "jb_vipmenu.amxx")
L 10/01/2016 - 07:36:10: [AMXX] Plugin file open error (plugin "M_hook.amxx")
L 10/01/2016 - 07:40:09: Start of error session.
L 10/01/2016 - 07:40:09: Info (map "jail_xmf") (file "addons/amxmodx/logs/error_20161001.log")
L 10/01/2016 - 07:40:09: [AMXX] Plugin file open error (plugin "dm_hook.amxx")
L 10/01/2016 - 07:40:09: [AMXX] Plugin file open error (plugin "jb_vipmenu.amxx")
L 10/01/2016 - 07:40:09: [AMXX] Plugin file open error (plugin "M_hook.amxx")
L 10/01/2016 - 08:00:23: Start of error session.
L 10/01/2016 - 08:00:23: Info (map "jail_xmf") (file "addons/amxmodx/logs/error_20161001.log")
L 10/01/2016 - 08:00:23: [AMXX] Plugin file open error (plugin "dm_hook.amxx")
L 10/01/2016 - 08:00:23: [AMXX] Plugin file open error (plugin "jb_vipmenu.amxx")
L 10/01/2016 - 08:00:23: [AMXX] Plugin file open error (plugin "M_hook.amxx")
L 10/01/2016 - 08:01:01: Start of error session.
L 10/01/2016 - 08:01:01: Info (map "jail_xmf") (file "addons/amxmodx/logs/error_20161001.log")
L 10/01/2016 - 08:01:01: [AMXX] Plugin file open error (plugin "dm_hook.amxx")
L 10/01/2016 - 08:01:01: [AMXX] Plugin file open error (plugin "jb_vipmenu.amxx")
L 10/01/2016 - 08:01:01: [AMXX] Plugin file open error (plugin "M_hook.amxx")
L 10/01/2016 - 08:13:49: Start of error session.
L 10/01/2016 - 08:13:49: Info (map "jail_west_v2") (file "addons/amxmodx/logs/error_20161001.log")
L 10/01/2016 - 08:13:49: [AMXX] Plugin file open error (plugin "jb_vipmenu.amxx")
L 10/01/2016 - 08:14:11: Start of error session.
L 10/01/2016 - 08:14:11: Info (map "jail_xmf") (file "addons/amxmodx/logs/error_20161001.log")
L 10/01/2016 - 08:14:11: [AMXX] Plugin file open error (plugin "jb_vipmenu.amxx")
L 10/01/2016 - 08:24:22: Start of error session.
L 10/01/2016 - 08:24:22: Info (map "jail_xmf") (file "addons/amxmodx/logs/error_20161001.log")
L 10/01/2016 - 08:24:22: [AMXX] Plugin file open error (plugin "jb_vipmenu.amxx")
L 10/01/2016 - 08:24:42: Start of error session.
L 10/01/2016 - 08:24:42: Info (map "jail_west_v2") (file "addons/amxmodx/logs/error_20161001.log")
L 10/01/2016 - 08:24:42: [AMXX] Plugin file open error (plugin "jb_vipmenu.amxx")
L 10/01/2016 - 08:25:05: Start of error session.
L 10/01/2016 - 08:25:05: Info (map "jail_xmf") (file "addons/amxmodx/logs/error_20161001.log")
L 10/01/2016 - 08:25:05: [AMXX] Plugin file open error (plugin "jb_vipmenu.amxx")
L 10/01/2016 - 14:30:04: Start of error session.
L 10/01/2016 - 14:30:04: Info (map "jail_west_v2") (file "addons/amxmodx/logs/error_20161001.log")
L 10/01/2016 - 14:30:04: [AMXX] Plugin file open error (plugin "jb_vipmenu.amxx")
L 10/01/2016 - 14:30:31: Start of error session.
L 10/01/2016 - 14:30:31: Info (map "jail_xmf") (file "addons/amxmodx/logs/error_20161001.log")
L 10/01/2016 - 14:30:31: [AMXX] Plugin file open error (plugin "jb_vipmenu.amxx")
L 10/01/2016 - 14:34:32: Start of error session.
L 10/01/2016 - 14:34:32: Info (map "jail_xmf") (file "addons/amxmodx/logs/error_20161001.log")
L 10/01/2016 - 14:34:32: [AMXX] Plugin file open error (plugin "jb_vipmenu.amxx")
L 10/01/2016 - 14:38:43: Start of error session.
L 10/01/2016 - 14:38:43: Info (map "jail_xmf") (file "addons/amxmodx/logs/error_20161001.log")
L 10/01/2016 - 14:38:43: [AMXX] Plugin file open error (plugin "jb_vipmenu.amxx")
L 10/01/2016 - 14:40:00: Start of error session.
L 10/01/2016 - 14:40:00: Info (map "jail_xmf") (file "addons/amxmodx/logs/error_20161001.log")
L 10/01/2016 - 14:40:00: [AMXX] Plugin file open error (plugin "jb_vipmenu.amxx")
L 10/01/2016 - 14:41:29: Start of error session.
L 10/01/2016 - 14:41:29: Info (map "jail_xmf") (file "addons/amxmodx/logs/error_20161001.log")
L 10/01/2016 - 14:41:29: [AMXX] Plugin file open error (plugin "jb_vipmenu.amxx")
L 10/01/2016 - 14:44:05: Start of error session.
L 10/01/2016 - 14:44:05: Info (map "jail_xmf") (file "addons/amxmodx/logs/error_20161001.log")
L 10/01/2016 - 14:44:05: [AMXX] Plugin file open error (plugin "jb_vipmenu.amxx")
L 10/01/2016 - 14:45:04: Start of error session.
L 10/01/2016 - 14:45:04: Info (map "jail_xmf") (file "addons/amxmodx/logs/error_20161001.log")
L 10/01/2016 - 14:45:04: [AMXX] Plugin file open error (plugin "jb_vipmenu.amxx")
L 10/01/2016 - 14:45:25: Start of error session.
L 10/01/2016 - 14:45:25: Info (map "jail_xmf") (file "addons/amxmodx/logs/error_20161001.log")
L 10/01/2016 - 14:45:25: [AMXX] Plugin file open error (plugin "jb_vipmenu.amxx")
L 10/01/2016 - 14:46:11: Start of error session.
L 10/01/2016 - 14:46:11: Info (map "jail_xmf") (file "addons/amxmodx/logs/error_20161001.log")
L 10/01/2016 - 14:46:11: [AMXX] Plugin file open error (plugin "jb_vipmenu.amxx")
L 10/01/2016 - 14:47:03: Start of error session.
L 10/01/2016 - 14:47:03: Info (map "jail_xmf") (file "addons/amxmodx/logs/error_20161001.log")
L 10/01/2016 - 14:47:03: [AMXX] Plugin file open error (plugin "jb_vipmenu.amxx")
L 10/01/2016 - 14:49:29: Start of error session.
L 10/01/2016 - 14:49:29: Info (map "jail_xmf") (file "addons/amxmodx/logs/error_20161001.log")
L 10/01/2016 - 14:49:29: [AMXX] Plugin file open error (plugin "jb_vipmenu.amxx")
L 10/01/2016 - 14:51:16: Start of error session.
L 10/01/2016 - 14:51:16: Info (map "jail_xmf") (file "addons/amxmodx/logs/error_20161001.log")
L 10/01/2016 - 14:51:16: [AMXX] Plugin file open error (plugin "jb_vipmenu.amxx")
L 10/01/2016 - 14:52:38: Start of error session.
L 10/01/2016 - 14:52:38: Info (map "jail_xmf") (file "addons/amxmodx/logs/error_20161001.log")
L 10/01/2016 - 14:52:38: [AMXX] Plugin file open error (plugin "jb_vipmenu.amxx")
L 10/01/2016 - 14:54:49: Start of error session.
L 10/01/2016 - 14:54:49: Info (map "jail_xmf") (file "addons/amxmodx/logs/error_20161001.log")
L 10/01/2016 - 14:54:49: [AMXX] Plugin file open error (plugin "jb_vipmenu.amxx")
L 10/01/2016 - 14:55:19: Start of error session.
L 10/01/2016 - 14:55:19: Info (map "jail_xmf") (file "addons/amxmodx/logs/error_20161001.log")
L 10/01/2016 - 14:55:19: [AMXX] Plugin file open error (plugin "jb_vipmenu.amxx")
L 10/01/2016 - 14:56:05: Start of error session.
L 10/01/2016 - 14:56:05: Info (map "jail_xmf") (file "addons/amxmodx/logs/error_20161001.log")
L 10/01/2016 - 14:56:05: [AMXX] Plugin file open error (plugin "jb_vipmenu.amxx")
L 10/01/2016 - 14:56:33: Start of error session.
L 10/01/2016 - 14:56:33: Info (map "jail_xmf") (file "addons/amxmodx/logs/error_20161001.log")
L 10/01/2016 - 14:56:33: [AMXX] Plugin file open error (plugin "jb_vipmenu.amxx")
L 10/01/2016 - 14:56:58: Start of error session.
L 10/01/2016 - 14:56:58: Info (map "jail_xmf") (file "addons/amxmodx/logs/error_20161001.log")
L 10/01/2016 - 14:56:58: [AMXX] Plugin file open error (plugin "jb_vipmenu.amxx")
L 10/01/2016 - 14:57:14: Start of error session.
L 10/01/2016 - 14:57:14: Info (map "jail_xmf") (file "addons/amxmodx/logs/error_20161001.log")
L 10/01/2016 - 14:57:14: [AMXX] Plugin file open error (plugin "jb_vipmenu.amxx")
L 10/01/2016 - 14:57:46: Start of error session.
L 10/01/2016 - 14:57:46: Info (map "jail_xmf") (file "addons/amxmodx/logs/error_20161001.log")
L 10/01/2016 - 14:57:46: [AMXX] Plugin file open error (plugin "jb_vipmenu.amxx")
L 10/01/2016 - 14:58:08: Start of error session.
L 10/01/2016 - 14:58:08: Info (map "jail_xmf") (file "addons/amxmodx/logs/error_20161001.log")
L 10/01/2016 - 14:58:08: [AMXX] Plugin file open error (plugin "jb_vipmenu.amxx")
L 10/01/2016 - 14:58:26: Start of error session.
L 10/01/2016 - 14:58:26: Info (map "jail_xmf") (file "addons/amxmodx/logs/error_20161001.log")
L 10/01/2016 - 14:58:26: [AMXX] Plugin file open error (plugin "jb_vipmenu.amxx")
L 10/01/2016 - 14:58:45: Start of error session.
L 10/01/2016 - 14:58:45: Info (map "jail_xmf") (file "addons/amxmodx/logs/error_20161001.log")
L 10/01/2016 - 14:58:45: [AMXX] Plugin file open error (plugin "jb_vipmenu.amxx")
L 10/01/2016 - 14:59:00: Start of error session.
L 10/01/2016 - 14:59:00: Info (map "jail_xmf") (file "addons/amxmodx/logs/error_20161001.log")
L 10/01/2016 - 14:59:00: [AMXX] Plugin file open error (plugin "jb_vipmenu.amxx")
L 10/01/2016 - 14:59:19: Start of error session.
L 10/01/2016 - 14:59:19: Info (map "jail_xmf") (file "addons/amxmodx/logs/error_20161001.log")
L 10/01/2016 - 14:59:19: [AMXX] Plugin file open error (plugin "jb_vipmenu.amxx")
L 10/01/2016 - 15:01:47: Start of error session.
L 10/01/2016 - 15:01:47: Info (map "jail_xmf") (file "addons/amxmodx/logs/error_20161001.log")
L 10/01/2016 - 15:01:47: [AMXX] Plugin file open error (plugin "jb_vipmenu.amxx")
L 10/01/2016 - 15:02:51: Start of error session.
L 10/01/2016 - 15:02:51: Info (map "jail_xmf") (file "addons/amxmodx/logs/error_20161001.log")
L 10/01/2016 - 15:02:51: [AMXX] Plugin file open error (plugin "jb_vipmenu.amxx")
L 10/01/2016 - 15:03:28: Start of error session.
L 10/01/2016 - 15:03:28: Info (map "jail_xmf") (file "addons/amxmodx/logs/error_20161001.log")
L 10/01/2016 - 15:03:28: [AMXX] Plugin file open error (plugin "jb_vipmenu.amxx")
L 10/01/2016 - 15:33:35: Start of error session.
L 10/01/2016 - 15:33:35: Info (map "jail_xmf") (file "addons/amxmodx/logs/error_20161001.log")
L 10/01/2016 - 15:33:35: [AMXX] Plugin file open error (plugin "jb_vipmenu.amxx")
L 10/01/2016 - 15:37:03: Start of error session.
L 10/01/2016 - 15:37:03: Info (map "jail_xmf") (file "addons/amxmodx/logs/error_20161001.log")
L 10/01/2016 - 15:37:03: [AMXX] Plugin file open error (plugin "jb_vipmenu.amxx")
L 10/01/2016 - 15:37:50: Start of error session.
L 10/01/2016 - 15:37:50: Info (map "jail_xmf") (file "addons/amxmodx/logs/error_20161001.log")
L 10/01/2016 - 15:37:50: [AMXX] Plugin file open error (plugin "jb_vipmenu.amxx")
L 10/01/2016 - 15:38:06: Start of error session.
L 10/01/2016 - 15:38:06: Info (map "jail_xmf") (file "addons/amxmodx/logs/error_20161001.log")
L 10/01/2016 - 15:38:06: [AMXX] Plugin file open error (plugin "jb_vipmenu.amxx")
L 10/01/2016 - 15:38:29: Start of error session.
L 10/01/2016 - 15:38:29: Info (map "jail_xmf") (file "addons/amxmodx/logs/error_20161001.log")
L 10/01/2016 - 15:38:29: [AMXX] Plugin file open error (plugin "jb_vipmenu.amxx")
L 10/01/2016 - 15:39:05: Start of error session.
L 10/01/2016 - 15:39:05: Info (map "jail_xmf") (file "addons/amxmodx/logs/error_20161001.log")
L 10/01/2016 - 15:39:05: [AMXX] Plugin file open error (plugin "jb_vipmenu.amxx")
L 10/01/2016 - 15:39:22: Start of error session.
L 10/01/2016 - 15:39:22: Info (map "jail_xmf") (file "addons/amxmodx/logs/error_20161001.log")
L 10/01/2016 - 15:39:22: [AMXX] Plugin file open error (plugin "jb_vipmenu.amxx")
L 10/01/2016 - 15:39:39: Start of error session.
L 10/01/2016 - 15:39:39: Info (map "jail_xmf") (file "addons/amxmodx/logs/error_20161001.log")
L 10/01/2016 - 15:39:39: [AMXX] Plugin file open error (plugin "jb_vipmenu.amxx")
L 10/01/2016 - 15:39:56: Start of error session.
L 10/01/2016 - 15:39:56: Info (map "jail_xmf") (file "addons/amxmodx/logs/error_20161001.log")
L 10/01/2016 - 15:39:56: [AMXX] Plugin file open error (plugin "jb_vipmenu.amxx")
L 10/01/2016 - 15:40:12: Start of error session.
L 10/01/2016 - 15:40:12: Info (map "jail_xmf") (file "addons/amxmodx/logs/error_20161001.log")
L 10/01/2016 - 15:40:12: [AMXX] Plugin file open error (plugin "jb_vipmenu.amxx")
L 10/01/2016 - 15:40:31: Start of error session.
L 10/01/2016 - 15:40:31: Info (map "jail_xmf") (file "addons/amxmodx/logs/error_20161001.log")
L 10/01/2016 - 15:40:31: [AMXX] Plugin file open error (plugin "jb_vipmenu.amxx")
L 10/01/2016 - 15:40:52: Start of error session.
L 10/01/2016 - 15:40:52: Info (map "jail_xmf") (file "addons/amxmodx/logs/error_20161001.log")
L 10/01/2016 - 15:40:52: [AMXX] Plugin file open error (plugin "jb_vipmenu.amxx")
L 10/01/2016 - 15:41:07: Start of error session.
L 10/01/2016 - 15:41:07: Info (map "jail_xmf") (file "addons/amxmodx/logs/error_20161001.log")
L 10/01/2016 - 15:41:07: [AMXX] Plugin file open error (plugin "jb_vipmenu.amxx")
L 10/01/2016 - 15:41:35: Start of error session.
L 10/01/2016 - 15:41:35: Info (map "jail_xmf") (file "addons/amxmodx/logs/error_20161001.log")
L 10/01/2016 - 15:41:35: [AMXX] Plugin file open error (plugin "jb_vipmenu.amxx")
L 10/01/2016 - 15:41:51: Start of error session.
L 10/01/2016 - 15:41:51: Info (map "jail_xmf") (file "addons/amxmodx/logs/error_20161001.log")
L 10/01/2016 - 15:41:51: [AMXX] Plugin file open error (plugin "jb_vipmenu.amxx")
L 10/01/2016 - 15:42:11: Start of error session.
L 10/01/2016 - 15:42:11: Info (map "jail_xmf") (file "addons/amxmodx/logs/error_20161001.log")
L 10/01/2016 - 15:42:11: [AMXX] Plugin file open error (plugin "jb_vipmenu.amxx")
L 10/01/2016 - 15:42:32: Start of error session.
L 10/01/2016 - 15:42:32: Info (map "jail_xmf") (file "addons/amxmodx/logs/error_20161001.log")
L 10/01/2016 - 15:42:32: [AMXX] Plugin file open error (plugin "jb_vipmenu.amxx")
L 10/01/2016 - 15:42:48: Start of error session.
L 10/01/2016 - 15:42:48: Info (map "jail_xmf") (file "addons/amxmodx/logs/error_20161001.log")
L 10/01/2016 - 15:42:48: [AMXX] Plugin file open error (plugin "jb_vipmenu.amxx")
L 10/01/2016 - 15:44:22: Start of error session.
L 10/01/2016 - 15:44:22: Info (map "jail_xmf") (file "addons/amxmodx/logs/error_20161001.log")
L 10/01/2016 - 15:44:22: [AMXX] Plugin file open error (plugin "jb_vipmenu.amxx")
L 10/01/2016 - 15:44:41: Start of error session.
L 10/01/2016 - 15:44:41: Info (map "jail_xmf") (file "addons/amxmodx/logs/error_20161001.log")
L 10/01/2016 - 15:44:41: [AMXX] Plugin file open error (plugin "jb_vipmenu.amxx")
L 10/01/2016 - 15:45:34: Start of error session.
L 10/01/2016 - 15:45:34: Info (map "jail_xmf") (file "addons/amxmodx/logs/error_20161001.log")
L 10/01/2016 - 15:45:34: [AMXX] Plugin file open error (plugin "jb_vipmenu.amxx")
L 10/01/2016 - 15:47:19: Start of error session.
L 10/01/2016 - 15:47:19: Info (map "jail_xmf") (file "addons/amxmodx/logs/error_20161001.log")
L 10/01/2016 - 15:47:19: [AMXX] Plugin file open error (plugin "jb_vipmenu.amxx")
L 10/01/2016 - 16:19:18: Start of error session.
L 10/01/2016 - 16:19:18: Info (map "jail_west_v2") (file "addons/amxmodx/logs/error_20161001.log")
L 10/01/2016 - 16:19:18: [AMXX] Plugin file open error (plugin "jb_vipmenu.amxx")
L 10/01/2016 - 16:51:21: Start of error session.
L 10/01/2016 - 16:51:21: Info (map "de_chateau") (file "addons/amxmodx/logs/error_20161001.log")
L 10/01/2016 - 16:51:21: [AMXX] Plugin file open error (plugin "jb_vipmenu.amxx")
L 10/01/2016 - 17:08:54: Start of error session.
L 10/01/2016 - 17:08:54: Info (map "jb_rush") (file "addons/amxmodx/logs/error_20161001.log")
L 10/01/2016 - 17:08:54: [AMXX] Plugin file open error (plugin "jb_vipmenu.amxx")
L 10/01/2016 - 18:18:59: Start of error session.
L 10/01/2016 - 18:18:59: Info (map "jb_rush") (file "addons/amxmodx/logs/error_20161001.log")
L 10/01/2016 - 18:18:59: [AMXX] Plugin file open error (plugin "jb_vipmenu.amxx")
L 10/01/2016 - 18:24:07: Start of error session.
L 10/01/2016 - 18:24:07: Info (map "jb_snow") (file "addons/amxmodx/logs/error_20161001.log")
L 10/01/2016 - 18:24:07: [AMXX] Plugin file open error (plugin "jb_vipmenu.amxx")
L 10/01/2016 - 18:24:21: Start of error session.
L 10/01/2016 - 18:24:21: Info (map "jail_west_v2") (file "addons/amxmodx/logs/error_20161001.log")
L 10/01/2016 - 18:24:21: [AMXX] Plugin file open error (plugin "jb_vipmenu.amxx")
L 10/01/2016 - 19:06:12: Start of error session.
L 10/01/2016 - 19:06:12: Info (map "jail_secure") (file "addons/amxmodx/logs/error_20161001.log")
L 10/01/2016 - 19:06:12: [AMXX] Plugin file open error (plugin "jb_vipmenu.amxx")
