L 10/02/2016 - 08:02:12: Start of error session.
L 10/02/2016 - 08:02:12: Info (map "jail_west_v2") (file "addons/amxmodx/logs/error_20161002.log")
L 10/02/2016 - 08:02:12: [AMXX] Plugin file open error (plugin "jb_vipmenu.amxx")
L 10/02/2016 - 08:24:18: Start of error session.
L 10/02/2016 - 08:24:18: Info (map "jail_west_v2") (file "addons/amxmodx/logs/error_20161002.log")
L 10/02/2016 - 08:24:18: [AMXX] Plugin file open error (plugin "jb_vipmenu.amxx")
L 10/02/2016 - 08:25:31: Start of error session.
L 10/02/2016 - 08:25:31: Info (map "jail_west_v2") (file "addons/amxmodx/logs/error_20161002.log")
L 10/02/2016 - 08:25:31: [AMXX] Plugin file open error (plugin "jb_vipmenu.amxx")
L 10/02/2016 - 08:40:52: Start of error session.
L 10/02/2016 - 08:40:52: Info (map "jail_xmf") (file "addons/amxmodx/logs/error_20161002.log")
L 10/02/2016 - 08:40:52: [AMXX] Plugin file open error (plugin "jb_vipmenu.amxx")
L 10/02/2016 - 09:07:52: Start of error session.
L 10/02/2016 - 09:07:52: Info (map "jail_poseidon") (file "addons/amxmodx/logs/error_20161002.log")
L 10/02/2016 - 09:07:52: [AMXX] Plugin file open error (plugin "jb_vipmenu.amxx")
L 10/02/2016 - 09:32:26: Start of error session.
L 10/02/2016 - 09:32:26: Info (map "Jail_OurPain_b1") (file "addons/amxmodx/logs/error_20161002.log")
L 10/02/2016 - 09:32:26: [AMXX] Plugin file open error (plugin "jb_vipmenu.amxx")
L 10/02/2016 - 09:59:23: Start of error session.
L 10/02/2016 - 09:59:23: Info (map "jb_rush") (file "addons/amxmodx/logs/error_20161002.log")
L 10/02/2016 - 09:59:23: [AMXX] Plugin file open error (plugin "jb_vipmenu.amxx")
L 10/02/2016 - 10:26:20: Start of error session.
L 10/02/2016 - 10:26:20: Info (map "de_chateau") (file "addons/amxmodx/logs/error_20161002.log")
L 10/02/2016 - 10:26:20: [AMXX] Plugin file open error (plugin "jb_vipmenu.amxx")
L 10/02/2016 - 10:53:18: Start of error session.
L 10/02/2016 - 10:53:18: Info (map "de_aztec") (file "addons/amxmodx/logs/error_20161002.log")
L 10/02/2016 - 10:53:18: [AMXX] Plugin file open error (plugin "jb_vipmenu.amxx")
L 10/02/2016 - 11:20:15: Start of error session.
L 10/02/2016 - 11:20:15: Info (map "as_oilrig") (file "addons/amxmodx/logs/error_20161002.log")
L 10/02/2016 - 11:20:15: [AMXX] Plugin file open error (plugin "jb_vipmenu.amxx")
L 10/02/2016 - 11:47:12: Start of error session.
L 10/02/2016 - 11:47:12: Info (map "cs_siege") (file "addons/amxmodx/logs/error_20161002.log")
L 10/02/2016 - 11:47:12: [AMXX] Plugin file open error (plugin "jb_vipmenu.amxx")
L 10/02/2016 - 12:13:12: Start of error session.
L 10/02/2016 - 12:13:12: Info (map "jail_poseidon") (file "addons/amxmodx/logs/error_20161002.log")
L 10/02/2016 - 12:13:12: [AMXX] Plugin file open error (plugin "jb_vipmenu.amxx")
L 10/02/2016 - 12:54:57: Start of error session.
L 10/02/2016 - 12:54:57: Info (map "Jail_OurPain_b1") (file "addons/amxmodx/logs/error_20161002.log")
L 10/02/2016 - 12:54:57: [AMXX] Plugin file open error (plugin "jb_vipmenu.amxx")
L 10/02/2016 - 13:21:55: Start of error session.
L 10/02/2016 - 13:21:55: Info (map "cs_747") (file "addons/amxmodx/logs/error_20161002.log")
L 10/02/2016 - 13:21:55: [AMXX] Plugin file open error (plugin "jb_vipmenu.amxx")
L 10/02/2016 - 13:40:13: Start of error session.
L 10/02/2016 - 13:40:13: Info (map "jail_xmf") (file "addons/amxmodx/logs/error_20161002.log")
L 10/02/2016 - 13:40:13: [AMXX] Plugin file open error (plugin "jb_vipmenu.amxx")
L 10/02/2016 - 14:07:08: Start of error session.
L 10/02/2016 - 14:07:08: Info (map "jail_bakgit") (file "addons/amxmodx/logs/error_20161002.log")
L 10/02/2016 - 14:07:08: [AMXX] Plugin file open error (plugin "jb_vipmenu.amxx")
L 10/02/2016 - 14:07:24: Start of error session.
L 10/02/2016 - 14:07:24: Info (map "jb_snow") (file "addons/amxmodx/logs/error_20161002.log")
L 10/02/2016 - 14:07:24: [AMXX] Plugin file open error (plugin "jb_vipmenu.amxx")
L 10/02/2016 - 14:08:29: Start of error session.
L 10/02/2016 - 14:08:29: Info (map "jail_west_v2") (file "addons/amxmodx/logs/error_20161002.log")
L 10/02/2016 - 14:08:29: [AMXX] Plugin file open error (plugin "jb_vipmenu.amxx")
L 10/02/2016 - 14:35:30: Start of error session.
L 10/02/2016 - 14:35:30: Info (map "de_airstrip") (file "addons/amxmodx/logs/error_20161002.log")
L 10/02/2016 - 14:35:30: [AMXX] Plugin file open error (plugin "jb_vipmenu.amxx")
L 10/02/2016 - 14:52:02: Start of error session.
L 10/02/2016 - 14:52:02: Info (map "jail_xmf") (file "addons/amxmodx/logs/error_20161002.log")
L 10/02/2016 - 14:52:02: [AMXX] Plugin file open error (plugin "jb_vipmenu.amxx")
L 10/02/2016 - 15:19:00: Start of error session.
L 10/02/2016 - 15:19:00: Info (map "jail_Ground") (file "addons/amxmodx/logs/error_20161002.log")
L 10/02/2016 - 15:19:00: [AMXX] Plugin file open error (plugin "jb_vipmenu.amxx")
L 10/02/2016 - 15:45:16: Start of error session.
L 10/02/2016 - 15:45:16: Info (map "jail_especial_v2") (file "addons/amxmodx/logs/error_20161002.log")
L 10/02/2016 - 15:45:16: [AMXX] Plugin file open error (plugin "jb_vipmenu.amxx")
L 10/02/2016 - 15:45:37: Start of error session.
L 10/02/2016 - 15:45:37: Info (map "jail_rats") (file "addons/amxmodx/logs/error_20161002.log")
L 10/02/2016 - 15:45:37: [AMXX] Plugin file open error (plugin "jb_vipmenu.amxx")
L 10/02/2016 - 15:45:52: Start of error session.
L 10/02/2016 - 15:45:52: Info (map "Jb_mini") (file "addons/amxmodx/logs/error_20161002.log")
L 10/02/2016 - 15:45:52: [AMXX] Plugin file open error (plugin "jb_vipmenu.amxx")
L 10/02/2016 - 16:27:50: Start of error session.
L 10/02/2016 - 16:27:50: Info (map "jail_rehab_b4") (file "addons/amxmodx/logs/error_20161002.log")
L 10/02/2016 - 16:27:50: [AMXX] Plugin file open error (plugin "jb_vipmenu.amxx")
L 10/02/2016 - 16:55:22: Start of error session.
L 10/02/2016 - 16:55:22: Info (map "jail_xmf") (file "addons/amxmodx/logs/error_20161002.log")
L 10/02/2016 - 16:55:22: [AMXX] Plugin file open error (plugin "jb_vipmenu.amxx")
L 10/02/2016 - 17:22:20: Start of error session.
L 10/02/2016 - 17:22:20: Info (map "as_oilrig") (file "addons/amxmodx/logs/error_20161002.log")
L 10/02/2016 - 17:22:20: [AMXX] Plugin file open error (plugin "jb_vipmenu.amxx")
L 10/02/2016 - 17:49:19: Start of error session.
L 10/02/2016 - 17:49:19: Info (map "cs_siege") (file "addons/amxmodx/logs/error_20161002.log")
L 10/02/2016 - 17:49:19: [AMXX] Plugin file open error (plugin "jb_vipmenu.amxx")
L 10/02/2016 - 18:16:16: Start of error session.
L 10/02/2016 - 18:16:16: Info (map "de_cbble") (file "addons/amxmodx/logs/error_20161002.log")
L 10/02/2016 - 18:16:16: [AMXX] Plugin file open error (plugin "jb_vipmenu.amxx")
L 10/02/2016 - 18:43:15: Start of error session.
L 10/02/2016 - 18:43:15: Info (map "cs_747") (file "addons/amxmodx/logs/error_20161002.log")
L 10/02/2016 - 18:43:15: [AMXX] Plugin file open error (plugin "jb_vipmenu.amxx")
L 10/02/2016 - 19:10:14: Start of error session.
L 10/02/2016 - 19:10:14: Info (map "de_prodigy") (file "addons/amxmodx/logs/error_20161002.log")
L 10/02/2016 - 19:10:14: [AMXX] Plugin file open error (plugin "jb_vipmenu.amxx")
L 10/02/2016 - 19:37:14: Start of error session.
L 10/02/2016 - 19:37:14: Info (map "cs_assault") (file "addons/amxmodx/logs/error_20161002.log")
L 10/02/2016 - 19:37:14: [AMXX] Plugin file open error (plugin "jb_vipmenu.amxx")
L 10/02/2016 - 20:04:11: Start of error session.
L 10/02/2016 - 20:04:11: Info (map "cs_office") (file "addons/amxmodx/logs/error_20161002.log")
L 10/02/2016 - 20:04:11: [AMXX] Plugin file open error (plugin "jb_vipmenu.amxx")
L 10/02/2016 - 20:31:09: Start of error session.
L 10/02/2016 - 20:31:09: Info (map "cs_italy") (file "addons/amxmodx/logs/error_20161002.log")
L 10/02/2016 - 20:31:09: [AMXX] Plugin file open error (plugin "jb_vipmenu.amxx")
