L 07/25/2008 - 18:08:34: Start of error session.
L 07/25/2008 - 18:08:34: Info (map "de_dust2_2x2") (file "addons/amxmodx/logs/error_20080725.log")
L 07/25/2008 - 18:08:34: Function "round_start" was not found
L 07/25/2008 - 18:08:34: [AMXX] Run time error 19 (plugin "Serva4ok_wins.amxx") - debug not enabled!
L 07/25/2008 - 18:08:34: [AMXX] To enable debug mode, add "debug" after the plugin name in plugins.ini (without quotes).
L 07/25/2008 - 19:06:26: Start of error session.
L 07/25/2008 - 19:06:26: Info (map "de_dust2_2x2") (file "addons/amxmodx/logs/error_20080725.log")
L 07/25/2008 - 19:06:26: Function "round_start" was not found
L 07/25/2008 - 19:06:26: [AMXX] Run time error 19 (plugin "Serva4ok_wins.amxx") - debug not enabled!
L 07/25/2008 - 19:06:26: [AMXX] To enable debug mode, add "debug" after the plugin name in plugins.ini (without quotes).
L 07/25/2008 - 19:06:41: Start of error session.
L 07/25/2008 - 19:06:41: Info (map "de_dust2_2x2") (file "addons/amxmodx/logs/error_20080725.log")
L 07/25/2008 - 19:06:41: Function "round_start" was not found
L 07/25/2008 - 19:06:41: [AMXX] Run time error 19 (plugin "Serva4ok_wins.amxx") - debug not enabled!
L 07/25/2008 - 19:06:41: [AMXX] To enable debug mode, add "debug" after the plugin name in plugins.ini (without quotes).
L 07/25/2008 - 19:16:36: Start of error session.
L 07/25/2008 - 19:16:36: Info (map "de_dust2_2x2") (file "addons/amxmodx/logs/error_20080725.log")
L 07/25/2008 - 19:16:36: Function "round_start" was not found
L 07/25/2008 - 19:16:36: [AMXX] Run time error 19 (plugin "Serva4ok_wins.amxx") - debug not enabled!
L 07/25/2008 - 19:16:36: [AMXX] To enable debug mode, add "debug" after the plugin name in plugins.ini (without quotes).
L 07/25/2008 - 19:20:01: Invalid player id 100
L 07/25/2008 - 19:20:01: [AMXX] Run time error 10 (plugin "Player_name.amxx") (native "get_user_weapon") - debug not enabled!
L 07/25/2008 - 19:20:01: [AMXX] To enable debug mode, add "debug" after the plugin name in plugins.ini (without quotes).
L 07/25/2008 - 19:20:31: Invalid player id 100
L 07/25/2008 - 19:20:31: [AMXX] Run time error 10 (plugin "Player_name.amxx") (native "get_user_weapon") - debug not enabled!
L 07/25/2008 - 19:20:31: [AMXX] To enable debug mode, add "debug" after the plugin name in plugins.ini (without quotes).
L 07/25/2008 - 19:20:58: Invalid player id 100
L 07/25/2008 - 19:20:58: [AMXX] Run time error 10 (plugin "Player_name.amxx") (native "get_user_weapon") - debug not enabled!
L 07/25/2008 - 19:20:58: [AMXX] To enable debug mode, add "debug" after the plugin name in plugins.ini (without quotes).
L 07/25/2008 - 19:20:59: Invalid player id 100
L 07/25/2008 - 19:20:59: [AMXX] Run time error 10 (plugin "Player_name.amxx") (native "get_user_weapon") - debug not enabled!
L 07/25/2008 - 19:20:59: [AMXX] To enable debug mode, add "debug" after the plugin name in plugins.ini (without quotes).
L 07/25/2008 - 19:22:48: Start of error session.
L 07/25/2008 - 19:22:48: Info (map "de_dust2_2x2") (file "addons/amxmodx/logs/error_20080725.log")
L 07/25/2008 - 19:22:48: Function "round_start" was not found
L 07/25/2008 - 19:22:48: [AMXX] Run time error 19 (plugin "Serva4ok_wins.amxx") - debug not enabled!
L 07/25/2008 - 19:22:48: [AMXX] To enable debug mode, add "debug" after the plugin name in plugins.ini (without quotes).
L 07/25/2008 - 19:22:58: Start of error session.
L 07/25/2008 - 19:22:58: Info (map "de_dust2_2x2") (file "addons/amxmodx/logs/error_20080725.log")
L 07/25/2008 - 19:22:58: Function "round_start" was not found
L 07/25/2008 - 19:22:58: [AMXX] Run time error 19 (plugin "Serva4ok_wins.amxx") - debug not enabled!
L 07/25/2008 - 19:22:58: [AMXX] To enable debug mode, add "debug" after the plugin name in plugins.ini (without quotes).
L 07/25/2008 - 19:23:04: Start of error session.
L 07/25/2008 - 19:23:04: Info (map "de_dust2_2x2") (file "addons/amxmodx/logs/error_20080725.log")
L 07/25/2008 - 19:23:04: Function "round_start" was not found
L 07/25/2008 - 19:23:04: [AMXX] Run time error 19 (plugin "Serva4ok_wins.amxx") - debug not enabled!
L 07/25/2008 - 19:23:04: [AMXX] To enable debug mode, add "debug" after the plugin name in plugins.ini (without quotes).
L 07/25/2008 - 19:23:17: Start of error session.
L 07/25/2008 - 19:23:17: Info (map "de_dust2_2x2") (file "addons/amxmodx/logs/error_20080725.log")
L 07/25/2008 - 19:23:17: Function "round_start" was not found
L 07/25/2008 - 19:23:17: [AMXX] Run time error 19 (plugin "Serva4ok_wins.amxx") - debug not enabled!
L 07/25/2008 - 19:23:17: [AMXX] To enable debug mode, add "debug" after the plugin name in plugins.ini (without quotes).
L 07/25/2008 - 19:38:54: Start of error session.
L 07/25/2008 - 19:38:54: Info (map "de_dust2_2x2") (file "addons/amxmodx/logs/error_20080725.log")
L 07/25/2008 - 19:38:54: Function "round_start" was not found
L 07/25/2008 - 19:38:54: [AMXX] Run time error 19 (plugin "Serva4ok_wins.amxx") - debug not enabled!
L 07/25/2008 - 19:38:54: [AMXX] To enable debug mode, add "debug" after the plugin name in plugins.ini (without quotes).
L 07/25/2008 - 19:39:01: Start of error session.
L 07/25/2008 - 19:39:01: Info (map "de_dust2_2x2") (file "addons/amxmodx/logs/error_20080725.log")
L 07/25/2008 - 19:39:01: Function "round_start" was not found
L 07/25/2008 - 19:39:01: [AMXX] Run time error 19 (plugin "Serva4ok_wins.amxx") - debug not enabled!
L 07/25/2008 - 19:39:01: [AMXX] To enable debug mode, add "debug" after the plugin name in plugins.ini (without quotes).
L 07/25/2008 - 19:43:34: Start of error session.
L 07/25/2008 - 19:43:34: Info (map "de_dust2_2x2") (file "addons/amxmodx/logs/error_20080725.log")
L 07/25/2008 - 19:43:34: Function "round_start" was not found
L 07/25/2008 - 19:43:34: [AMXX] Run time error 19 (plugin "Serva4ok_wins.amxx") - debug not enabled!
L 07/25/2008 - 19:43:34: [AMXX] To enable debug mode, add "debug" after the plugin name in plugins.ini (without quotes).
L 07/25/2008 - 19:57:23: Start of error session.
L 07/25/2008 - 19:57:23: Info (map "de_dust2_2x2") (file "addons/amxmodx/logs/error_20080725.log")
L 07/25/2008 - 19:57:23: Function "round_start" was not found
L 07/25/2008 - 19:57:23: [AMXX] Run time error 19 (plugin "Serva4ok_wins.amxx") - debug not enabled!
L 07/25/2008 - 19:57:23: [AMXX] To enable debug mode, add "debug" after the plugin name in plugins.ini (without quotes).
L 07/25/2008 - 20:12:59: Start of error session.
L 07/25/2008 - 20:12:59: Info (map "de_dust2_2x2") (file "addons/amxmodx/logs/error_20080725.log")
L 07/25/2008 - 20:12:59: Function "round_start" was not found
L 07/25/2008 - 20:12:59: [AMXX] Run time error 19 (plugin "Serva4ok_wins.amxx") - debug not enabled!
L 07/25/2008 - 20:12:59: [AMXX] To enable debug mode, add "debug" after the plugin name in plugins.ini (without quotes).
L 07/25/2008 - 21:04:08: Start of error session.
L 07/25/2008 - 21:04:08: Info (map "de_dust2_2x2") (file "addons/amxmodx/logs/error_20080725.log")
L 07/25/2008 - 21:04:08: Function "round_start" was not found
L 07/25/2008 - 21:04:08: [AMXX] Run time error 19 (plugin "Serva4ok_wins.amxx") - debug not enabled!
L 07/25/2008 - 21:04:08: [AMXX] To enable debug mode, add "debug" after the plugin name in plugins.ini (without quotes).
L 07/25/2008 - 21:04:49: Start of error session.
L 07/25/2008 - 21:04:49: Info (map "de_dust2_2x2") (file "addons/amxmodx/logs/error_20080725.log")
L 07/25/2008 - 21:04:49: Function "round_start" was not found
L 07/25/2008 - 21:04:49: [AMXX] Run time error 19 (plugin "Serva4ok_wins.amxx") - debug not enabled!
L 07/25/2008 - 21:04:49: [AMXX] To enable debug mode, add "debug" after the plugin name in plugins.ini (without quotes).
L 07/25/2008 - 21:06:13: Invalid player id 25
L 07/25/2008 - 21:06:13: [AMXX] Run time error 10 (plugin "Player_name.amxx") (native "get_user_weapon") - debug not enabled!
L 07/25/2008 - 21:06:13: [AMXX] To enable debug mode, add "debug" after the plugin name in plugins.ini (without quotes).
L 07/25/2008 - 21:06:14: Invalid player id 25
L 07/25/2008 - 21:06:14: [AMXX] Run time error 10 (plugin "Player_name.amxx") (native "get_user_weapon") - debug not enabled!
L 07/25/2008 - 21:06:14: [AMXX] To enable debug mode, add "debug" after the plugin name in plugins.ini (without quotes).
L 07/25/2008 - 21:06:18: Invalid player id 25
L 07/25/2008 - 21:06:18: [AMXX] Run time error 10 (plugin "Player_name.amxx") (native "get_user_weapon") - debug not enabled!
L 07/25/2008 - 21:06:18: [AMXX] To enable debug mode, add "debug" after the plugin name in plugins.ini (without quotes).
L 07/25/2008 - 21:08:50: Invalid player id 45
L 07/25/2008 - 21:08:50: [AMXX] Run time error 10 (plugin "Player_name.amxx") (native "get_user_weapon") - debug not enabled!
L 07/25/2008 - 21:08:50: [AMXX] To enable debug mode, add "debug" after the plugin name in plugins.ini (without quotes).
L 07/25/2008 - 21:08:51: Invalid player id 45
L 07/25/2008 - 21:08:51: [AMXX] Run time error 10 (plugin "Player_name.amxx") (native "get_user_weapon") - debug not enabled!
L 07/25/2008 - 21:08:51: [AMXX] To enable debug mode, add "debug" after the plugin name in plugins.ini (without quotes).
L 07/25/2008 - 21:09:59: Invalid player id 100
L 07/25/2008 - 21:09:59: [AMXX] Run time error 10 (plugin "Player_name.amxx") (native "get_user_weapon") - debug not enabled!
L 07/25/2008 - 21:09:59: [AMXX] To enable debug mode, add "debug" after the plugin name in plugins.ini (without quotes).
L 07/25/2008 - 21:13:56: Invalid player id 100
L 07/25/2008 - 21:13:56: [AMXX] Run time error 10 (plugin "Player_name.amxx") (native "get_user_weapon") - debug not enabled!
L 07/25/2008 - 21:13:56: [AMXX] To enable debug mode, add "debug" after the plugin name in plugins.ini (without quotes).
L 07/25/2008 - 21:30:14: Start of error session.
L 07/25/2008 - 21:30:14: Info (map "de_dust2_2x2") (file "addons/amxmodx/logs/error_20080725.log")
L 07/25/2008 - 21:30:14: Function "round_start" was not found
L 07/25/2008 - 21:30:14: [AMXX] Run time error 19 (plugin "Serva4ok_wins.amxx") - debug not enabled!
L 07/25/2008 - 21:30:14: [AMXX] To enable debug mode, add "debug" after the plugin name in plugins.ini (without quotes).
L 07/25/2008 - 22:04:16: Start of error session.
L 07/25/2008 - 22:04:16: Info (map "cs_havana") (file "addons/amxmodx/logs/error_20080725.log")
L 07/25/2008 - 22:04:16: Function "round_start" was not found
L 07/25/2008 - 22:04:16: [AMXX] Run time error 19 (plugin "Serva4ok_wins.amxx") - debug not enabled!
L 07/25/2008 - 22:04:16: [AMXX] To enable debug mode, add "debug" after the plugin name in plugins.ini (without quotes).
L 07/25/2008 - 22:38:27: Start of error session.
L 07/25/2008 - 22:38:27: Info (map "de_chateau") (file "addons/amxmodx/logs/error_20080725.log")
L 07/25/2008 - 22:38:27: Function "round_start" was not found
L 07/25/2008 - 22:38:27: [AMXX] Run time error 19 (plugin "Serva4ok_wins.amxx") - debug not enabled!
L 07/25/2008 - 22:38:27: [AMXX] To enable debug mode, add "debug" after the plugin name in plugins.ini (without quotes).
L 07/25/2008 - 22:38:47: Start of error session.
L 07/25/2008 - 22:38:47: Info (map "de_dust2_2x2") (file "addons/amxmodx/logs/error_20080725.log")
L 07/25/2008 - 22:38:47: Function "round_start" was not found
L 07/25/2008 - 22:38:47: [AMXX] Run time error 19 (plugin "Serva4ok_wins.amxx") - debug not enabled!
L 07/25/2008 - 22:38:47: [AMXX] To enable debug mode, add "debug" after the plugin name in plugins.ini (without quotes).
L 07/25/2008 - 23:12:45: Start of error session.
L 07/25/2008 - 23:12:45: Info (map "as_oilrig") (file "addons/amxmodx/logs/error_20080725.log")
L 07/25/2008 - 23:12:45: Function "round_start" was not found
L 07/25/2008 - 23:12:45: [AMXX] Run time error 19 (plugin "Serva4ok_wins.amxx") - debug not enabled!
L 07/25/2008 - 23:12:45: [AMXX] To enable debug mode, add "debug" after the plugin name in plugins.ini (without quotes).
