L 07/04/2009 - 11:02:19: Start of error session.
L 07/04/2009 - 11:02:19: Info (map "de_dust2_2x2") (file "addons/amxmodx/logs/error_20090704.log")
L 07/04/2009 - 11:02:19: Function "round_start" was not found
L 07/04/2009 - 11:02:19: [AMXX] Run time error 19 (plugin "Serva4ok_wins.amxx") - debug not enabled!
L 07/04/2009 - 11:02:19: [AMXX] To enable debug mode, add "debug" after the plugin name in plugins.ini (without quotes).
L 07/04/2009 - 11:34:30: Start of error session.
L 07/04/2009 - 11:34:30: Info (map "de_airstrip") (file "addons/amxmodx/logs/error_20090704.log")
L 07/04/2009 - 11:34:30: Function "round_start" was not found
L 07/04/2009 - 11:34:30: [AMXX] Run time error 19 (plugin "Serva4ok_wins.amxx") - debug not enabled!
L 07/04/2009 - 11:34:30: [AMXX] To enable debug mode, add "debug" after the plugin name in plugins.ini (without quotes).
L 07/04/2009 - 12:36:18: Start of error session.
L 07/04/2009 - 12:36:18: Info (map "de_dust2_2x2") (file "addons/amxmodx/logs/error_20090704.log")
L 07/04/2009 - 12:36:18: Function "round_start" was not found
L 07/04/2009 - 12:36:18: [AMXX] Run time error 19 (plugin "Serva4ok_wins.amxx") - debug not enabled!
L 07/04/2009 - 12:36:18: [AMXX] To enable debug mode, add "debug" after the plugin name in plugins.ini (without quotes).
L 07/04/2009 - 13:00:43: Start of error session.
L 07/04/2009 - 13:00:43: Info (map "de_dust2_2x2") (file "addons/amxmodx/logs/error_20090704.log")
L 07/04/2009 - 13:00:43: Function "round_start" was not found
L 07/04/2009 - 13:00:43: [AMXX] Run time error 19 (plugin "Serva4ok_wins.amxx") - debug not enabled!
L 07/04/2009 - 13:00:43: [AMXX] To enable debug mode, add "debug" after the plugin name in plugins.ini (without quotes).
L 07/04/2009 - 13:00:46: Start of error session.
L 07/04/2009 - 13:00:46: Info (map "de_dust2_2x2") (file "addons/amxmodx/logs/error_20090704.log")
L 07/04/2009 - 13:00:46: Function "round_start" was not found
L 07/04/2009 - 13:00:46: [AMXX] Run time error 19 (plugin "Serva4ok_wins.amxx") - debug not enabled!
L 07/04/2009 - 13:00:46: [AMXX] To enable debug mode, add "debug" after the plugin name in plugins.ini (without quotes).
L 07/04/2009 - 14:02:53: Start of error session.
L 07/04/2009 - 14:02:53: Info (map "de_dust2_2x2") (file "addons/amxmodx/logs/error_20090704.log")
L 07/04/2009 - 14:02:53: Function "round_start" was not found
L 07/04/2009 - 14:02:53: [AMXX] Run time error 19 (plugin "Serva4ok_wins.amxx") - debug not enabled!
L 07/04/2009 - 14:02:53: [AMXX] To enable debug mode, add "debug" after the plugin name in plugins.ini (without quotes).
L 07/04/2009 - 19:54:11: Start of error session.
L 07/04/2009 - 19:54:11: Info (map "de_dust2_2x2") (file "addons/amxmodx/logs/error_20090704.log")
L 07/04/2009 - 19:54:11: Function "round_start" was not found
L 07/04/2009 - 19:54:11: [AMXX] Run time error 19 (plugin "Serva4ok_wins.amxx") - debug not enabled!
L 07/04/2009 - 19:54:11: [AMXX] To enable debug mode, add "debug" after the plugin name in plugins.ini (without quotes).
