L 10/15/2016 - 17:18:10: Start of error session.
L 10/15/2016 - 17:18:10: Info (map "jail_west_v2") (file "addons/amxmodx/logs/error_20161015.log")
L 10/15/2016 - 17:18:10: [AMXX] Plugin file open error (plugin "admin.amxx")
L 10/15/2016 - 17:18:10: [AMXX] Plugin file open error (plugin "adminchat.amxx")
L 10/15/2016 - 17:18:10: [AMXX] Plugin file open error (plugin "admincmd.amxx")
L 10/15/2016 - 17:18:10: [AMXX] Plugin file open error (plugin "antiflood.amxx")
L 10/15/2016 - 17:18:10: [AMXX] Plugin file open error (plugin "cmdmenu.amxx")
L 10/15/2016 - 17:18:10: [AMXX] Plugin file open error (plugin "imessage.amxx")
L 10/15/2016 - 17:18:10: [AMXX] Plugin file open error (plugin "mapsmenu.amxx")
L 10/15/2016 - 17:18:10: [AMXX] Plugin file open error (plugin "nextmap.amxx")
L 10/15/2016 - 17:18:10: [AMXX] Plugin file open error (plugin "pluginmenu.amxx")
L 10/15/2016 - 17:18:10: [AMXX] Plugin file open error (plugin "restmenu.amxx")
L 10/15/2016 - 17:18:10: [AMXX] Plugin file open error (plugin "timeleft.amxx")
L 10/15/2016 - 17:18:10: [AMXX] Plugin file open error (plugin "scrollmsg.amxx")
L 10/15/2016 - 17:18:10: [AMXX] Plugin file open error (plugin "adminvote.amxx")
L 10/15/2016 - 17:18:10: [AMXX] Plugin file open error (plugin "miscstats.amxx")
L 10/15/2016 - 17:18:10: [AMXX] Plugin file open error (plugin "stats_logging.amxx")
L 10/15/2016 - 17:18:10: [AMXX] Plugin file open error (plugin "statscfg.amxx")
L 10/15/2016 - 17:18:10: [AMXX] Plugin file open error (plugin "reklama_in_chat.amxx")
L 10/15/2016 - 17:18:10: [AMXX] Plugin file open error (plugin "ad_manager.amxx")
L 10/15/2016 - 17:18:10: [AMXX] Plugin file open error (plugin "fix_anticheat.amxx")
L 10/15/2016 - 17:18:10: [AMXX] Plugin file open error (plugin "jbe_ar4mode_hook.amxx")
L 10/15/2016 - 17:18:10: [AMXX] Plugin file open error (plugin "jbe_button_sound.amxx")
L 10/15/2016 - 17:18:10: [AMXX] Plugin file open error (plugin "jbe_hotpotato.amxx")
L 10/15/2016 - 17:18:10: [AMXX] Plugin file open error (plugin "jbe_prefixu.amxx")
L 10/15/2016 - 17:18:10: [AMXX] Plugin file open error (plugin "colored_translit.amxx")
L 10/15/2016 - 17:18:10: [AMXX] Plugin file open error (plugin "colored_translit_config.amxx")
L 10/15/2016 - 17:18:10: [AMXX] Plugin file open error (plugin "map_spawns_editor.amxx")
L 10/15/2016 - 17:18:10: [AMXX] Plugin file open error (plugin "weaponremover.amxx")
L 10/15/2016 - 17:18:31: Start of error session.
L 10/15/2016 - 17:18:31: Info (map "jail_west_v2") (file "addons/amxmodx/logs/error_20161015.log")
L 10/15/2016 - 17:18:31: [AMXX] Plugin file open error (plugin "admin.amxx")
L 10/15/2016 - 17:18:31: [AMXX] Plugin file open error (plugin "adminchat.amxx")
L 10/15/2016 - 17:18:31: [AMXX] Plugin file open error (plugin "admincmd.amxx")
L 10/15/2016 - 17:18:31: [AMXX] Plugin file open error (plugin "antiflood.amxx")
L 10/15/2016 - 17:18:31: [AMXX] Plugin file open error (plugin "cmdmenu.amxx")
L 10/15/2016 - 17:18:31: [AMXX] Plugin file open error (plugin "imessage.amxx")
L 10/15/2016 - 17:18:31: [AMXX] Plugin file open error (plugin "mapsmenu.amxx")
L 10/15/2016 - 17:18:31: [AMXX] Plugin file open error (plugin "nextmap.amxx")
L 10/15/2016 - 17:18:31: [AMXX] Plugin file open error (plugin "pluginmenu.amxx")
L 10/15/2016 - 17:18:31: [AMXX] Plugin file open error (plugin "restmenu.amxx")
L 10/15/2016 - 17:18:31: [AMXX] Plugin file open error (plugin "timeleft.amxx")
L 10/15/2016 - 17:18:31: [AMXX] Plugin file open error (plugin "scrollmsg.amxx")
L 10/15/2016 - 17:18:31: [AMXX] Plugin file open error (plugin "adminvote.amxx")
L 10/15/2016 - 17:18:31: [AMXX] Plugin file open error (plugin "miscstats.amxx")
L 10/15/2016 - 17:18:31: [AMXX] Plugin file open error (plugin "stats_logging.amxx")
L 10/15/2016 - 17:18:31: [AMXX] Plugin file open error (plugin "statscfg.amxx")
L 10/15/2016 - 17:18:31: [AMXX] Plugin file open error (plugin "reklama_in_chat.amxx")
L 10/15/2016 - 17:18:31: [AMXX] Plugin file open error (plugin "ad_manager.amxx")
L 10/15/2016 - 17:18:31: [AMXX] Plugin file open error (plugin "fix_anticheat.amxx")
L 10/15/2016 - 17:18:31: [AMXX] Plugin file open error (plugin "jbe_ar4mode_hook.amxx")
L 10/15/2016 - 17:18:31: [AMXX] Plugin file open error (plugin "jbe_button_sound.amxx")
L 10/15/2016 - 17:18:31: [AMXX] Plugin file open error (plugin "jbe_hotpotato.amxx")
L 10/15/2016 - 17:18:31: [AMXX] Plugin file open error (plugin "jbe_prefixu.amxx")
L 10/15/2016 - 17:18:31: [AMXX] Plugin file open error (plugin "colored_translit.amxx")
L 10/15/2016 - 17:18:31: [AMXX] Plugin file open error (plugin "colored_translit_config.amxx")
L 10/15/2016 - 17:18:31: [AMXX] Plugin file open error (plugin "map_spawns_editor.amxx")
L 10/15/2016 - 17:18:31: [AMXX] Plugin file open error (plugin "weaponremover.amxx")
L 10/15/2016 - 17:18:31: Called dynanative into a paused plugin.
L 10/15/2016 - 17:18:31: [AMXX] Displaying debug trace (plugin "jbe_dm_galaxy.amxx")
L 10/15/2016 - 17:18:31: [AMXX] Run time error 10: native error (native "jbe_register_day_mode")
L 10/15/2016 - 17:18:31: [AMXX]    [0] jbe_dm_galaxy.sma::plugin_init (line 64)
L 10/15/2016 - 17:18:31: Called dynanative into a paused plugin.
L 10/15/2016 - 17:18:31: [AMXX] Displaying debug trace (plugin "jbe_dm_predator.amxx")
L 10/15/2016 - 17:18:31: [AMXX] Run time error 10: native error (native "jbe_register_day_mode")
L 10/15/2016 - 17:18:31: [AMXX]    [0] jbe_dm_predator.sma::plugin_init (line 55)
L 10/15/2016 - 17:18:31: Called dynanative into a paused plugin.
L 10/15/2016 - 17:18:31: [AMXX] Displaying debug trace (plugin "jbe_dm_m9so.amxx")
L 10/15/2016 - 17:18:31: [AMXX] Run time error 10: native error (native "jbe_register_day_mode")
L 10/15/2016 - 17:18:31: [AMXX]    [0] jbe_dm_m9so.sma::plugin_init (line 62)
L 10/15/2016 - 17:18:31: Called dynanative into a paused plugin.
L 10/15/2016 - 17:18:31: [AMXX] Displaying debug trace (plugin "jbe_dm_hideandseek.amxx")
L 10/15/2016 - 17:18:31: [AMXX] Run time error 10: native error (native "jbe_register_day_mode")
L 10/15/2016 - 17:18:31: [AMXX]    [0] jbe_dm_hideandseek.sma::plugin_init (line 50)
L 10/15/2016 - 17:18:31: Called dynanative into a paused plugin.
L 10/15/2016 - 17:18:31: [AMXX] Displaying debug trace (plugin "jbe_dm_magic.amxx")
L 10/15/2016 - 17:18:31: [AMXX] Run time error 10: native error (native "jbe_register_day_mode")
L 10/15/2016 - 17:18:31: [AMXX]    [0] jbe_dm_magic.sma::plugin_init (line 60)
L 10/15/2016 - 17:18:31: Called dynanative into a paused plugin.
L 10/15/2016 - 17:18:31: [AMXX] Displaying debug trace (plugin "jbe_dm_ringolevio.amxx")
L 10/15/2016 - 17:18:31: [AMXX] Run time error 10: native error (native "jbe_register_day_mode")
L 10/15/2016 - 17:18:31: [AMXX]    [0] jbe_dm_ringolevio.sma::plugin_init (line 75)
L 10/15/2016 - 17:18:31: Called dynanative into a paused plugin.
L 10/15/2016 - 17:18:31: [AMXX] Displaying debug trace (plugin "jbe_dm_birthday.amxx")
L 10/15/2016 - 17:18:31: [AMXX] Run time error 10: native error (native "jbe_register_day_mode")
L 10/15/2016 - 17:18:31: [AMXX]    [0] jbe_dm_birthday.sma::plugin_init (line 68)
L 10/15/2016 - 17:18:31: Called dynanative into a paused plugin.
L 10/15/2016 - 17:18:31: [AMXX] Displaying debug trace (plugin "jbe_dm_ghosts.amxx")
L 10/15/2016 - 17:18:31: [AMXX] Run time error 10: native error (native "jbe_register_day_mode")
L 10/15/2016 - 17:18:31: [AMXX]    [0] jbe_dm_ghosts.sma::plugin_init (line 61)
L 10/15/2016 - 17:19:38: Called dynanative into a paused plugin.
L 10/15/2016 - 17:19:38: [AMXX] Displaying debug trace (plugin "jbe_roleplay.amxx")
L 10/15/2016 - 17:19:38: [AMXX] Run time error 10: native error (native "jbe_get_day_mode")
L 10/15/2016 - 17:19:38: [AMXX]    [0] jbe_roleplay.sma::startround (line 850)
L 10/15/2016 - 19:33:27: Start of error session.
L 10/15/2016 - 19:33:27: Info (map "jail_west_v2") (file "addons/amxmodx/logs/error_20161015.log")
L 10/15/2016 - 19:33:27: [AMXX] Plugins list not found (file "addons/amxmodx/configs/plugins.ini")
L 10/15/2016 - 19:34:54: Called dynanative into a paused plugin.
L 10/15/2016 - 19:34:54: [AMXX] Displaying debug trace (plugin "jbe_ranks_bonus.amxx")
L 10/15/2016 - 19:34:54: [AMXX] Run time error 10: native error (native "jbe_get_user_team")
L 10/15/2016 - 19:34:54: [AMXX]    [0] jbe_ranks_bonus.sma::Event_Round_Start (line 172)
