L 07/03/2009 - 09:29:13: Start of error session.
L 07/03/2009 - 09:29:13: Info (map "de_dust2_2x2") (file "addons/amxmodx/logs/error_20090703.log")
L 07/03/2009 - 09:29:13: Function "round_start" was not found
L 07/03/2009 - 09:29:13: [AMXX] Run time error 19 (plugin "Serva4ok_wins.amxx") - debug not enabled!
L 07/03/2009 - 09:29:13: [AMXX] To enable debug mode, add "debug" after the plugin name in plugins.ini (without quotes).
L 07/03/2009 - 12:12:01: Start of error session.
L 07/03/2009 - 12:12:01: Info (map "de_dust2_2x2") (file "addons/amxmodx/logs/error_20090703.log")
L 07/03/2009 - 12:12:01: Function "round_start" was not found
L 07/03/2009 - 12:12:01: [AMXX] Run time error 19 (plugin "Serva4ok_wins.amxx") - debug not enabled!
L 07/03/2009 - 12:12:01: [AMXX] To enable debug mode, add "debug" after the plugin name in plugins.ini (without quotes).
L 07/03/2009 - 12:13:54: Start of error session.
L 07/03/2009 - 12:13:54: Info (map "de_dust2_2x2") (file "addons/amxmodx/logs/error_20090703.log")
L 07/03/2009 - 12:13:54: Function "round_start" was not found
L 07/03/2009 - 12:13:54: [AMXX] Run time error 19 (plugin "Serva4ok_wins.amxx") - debug not enabled!
L 07/03/2009 - 12:13:54: [AMXX] To enable debug mode, add "debug" after the plugin name in plugins.ini (without quotes).
L 07/03/2009 - 12:55:45: Start of error session.
L 07/03/2009 - 12:55:45: Info (map "de_dust2_2x2") (file "addons/amxmodx/logs/error_20090703.log")
L 07/03/2009 - 12:55:45: Function "round_start" was not found
L 07/03/2009 - 12:55:45: [AMXX] Run time error 19 (plugin "Serva4ok_wins.amxx") - debug not enabled!
L 07/03/2009 - 12:55:45: [AMXX] To enable debug mode, add "debug" after the plugin name in plugins.ini (without quotes).
