L 09/30/2016 - 19:14:13: Start of error session.
L 09/30/2016 - 19:14:13: Info (map "jail_west_v2") (file "addons/amxmodx/logs/error_20160930.log")
L 09/30/2016 - 19:14:13: [AMXX] Plugin file open error (plugin "dm_hook.amxx")
L 09/30/2016 - 19:14:13: [AMXX] Plugin file open error (plugin "jb_vipmenu.amxx")
L 09/30/2016 - 19:14:22: Start of error session.
L 09/30/2016 - 19:14:22: Info (map "jail_xmf") (file "addons/amxmodx/logs/error_20160930.log")
L 09/30/2016 - 19:14:22: [AMXX] Plugin file open error (plugin "dm_hook.amxx")
L 09/30/2016 - 19:14:22: [AMXX] Plugin file open error (plugin "jb_vipmenu.amxx")
L 09/30/2016 - 19:25:07: Start of error session.
L 09/30/2016 - 19:25:07: Info (map "jail_xmf") (file "addons/amxmodx/logs/error_20160930.log")
L 09/30/2016 - 19:25:07: [AMXX] Plugin file open error (plugin "dm_hook.amxx")
L 09/30/2016 - 19:25:07: [AMXX] Plugin file open error (plugin "jb_vipmenu.amxx")
L 09/30/2016 - 19:31:03: Start of error session.
L 09/30/2016 - 19:31:03: Info (map "jail_xmf") (file "addons/amxmodx/logs/error_20160930.log")
L 09/30/2016 - 19:31:03: [AMXX] Plugin file open error (plugin "dm_hook.amxx")
L 09/30/2016 - 19:31:03: [AMXX] Plugin file open error (plugin "jb_vipmenu.amxx")
L 09/30/2016 - 19:32:55: Start of error session.
L 09/30/2016 - 19:32:55: Info (map "jail_xmf") (file "addons/amxmodx/logs/error_20160930.log")
L 09/30/2016 - 19:32:55: [AMXX] Plugin file open error (plugin "dm_hook.amxx")
L 09/30/2016 - 19:32:55: [AMXX] Plugin file open error (plugin "jb_vipmenu.amxx")
L 09/30/2016 - 19:34:02: Start of error session.
L 09/30/2016 - 19:34:02: Info (map "jail_xmf") (file "addons/amxmodx/logs/error_20160930.log")
L 09/30/2016 - 19:34:02: [AMXX] Plugin file open error (plugin "dm_hook.amxx")
L 09/30/2016 - 19:34:02: [AMXX] Plugin file open error (plugin "jb_vipmenu.amxx")
L 09/30/2016 - 19:35:52: Start of error session.
L 09/30/2016 - 19:35:52: Info (map "jail_xmf") (file "addons/amxmodx/logs/error_20160930.log")
L 09/30/2016 - 19:35:52: [AMXX] Plugin file open error (plugin "dm_hook.amxx")
L 09/30/2016 - 19:35:52: [AMXX] Plugin file open error (plugin "jb_vipmenu.amxx")
L 09/30/2016 - 19:40:27: Start of error session.
L 09/30/2016 - 19:40:27: Info (map "jail_xmf") (file "addons/amxmodx/logs/error_20160930.log")
L 09/30/2016 - 19:40:27: [AMXX] Plugin file open error (plugin "dm_hook.amxx")
L 09/30/2016 - 19:40:27: [AMXX] Plugin file open error (plugin "jb_vipmenu.amxx")
L 09/30/2016 - 19:42:33: Start of error session.
L 09/30/2016 - 19:42:33: Info (map "jail_xmf") (file "addons/amxmodx/logs/error_20160930.log")
L 09/30/2016 - 19:42:33: [AMXX] Plugin file open error (plugin "dm_hook.amxx")
L 09/30/2016 - 19:42:33: [AMXX] Plugin file open error (plugin "jb_vipmenu.amxx")
L 09/30/2016 - 19:45:23: Start of error session.
L 09/30/2016 - 19:45:23: Info (map "jail_xmf") (file "addons/amxmodx/logs/error_20160930.log")
L 09/30/2016 - 19:45:23: [AMXX] Plugin file open error (plugin "dm_hook.amxx")
L 09/30/2016 - 19:45:23: [AMXX] Plugin file open error (plugin "jb_vipmenu.amxx")
L 09/30/2016 - 19:49:52: Start of error session.
L 09/30/2016 - 19:49:52: Info (map "jail_xmf") (file "addons/amxmodx/logs/error_20160930.log")
L 09/30/2016 - 19:49:52: [AMXX] Plugin file open error (plugin "dm_hook.amxx")
L 09/30/2016 - 19:49:52: [AMXX] Plugin file open error (plugin "jb_vipmenu.amxx")
L 09/30/2016 - 19:52:44: Start of error session.
L 09/30/2016 - 19:52:44: Info (map "jail_xmf") (file "addons/amxmodx/logs/error_20160930.log")
L 09/30/2016 - 19:52:44: [AMXX] Plugin file open error (plugin "dm_hook.amxx")
L 09/30/2016 - 19:52:44: [AMXX] Plugin file open error (plugin "jb_vipmenu.amxx")
L 09/30/2016 - 19:53:39: Start of error session.
L 09/30/2016 - 19:53:39: Info (map "jail_xmf") (file "addons/amxmodx/logs/error_20160930.log")
L 09/30/2016 - 19:53:39: [AMXX] Plugin file open error (plugin "dm_hook.amxx")
L 09/30/2016 - 19:53:39: [AMXX] Plugin file open error (plugin "jb_vipmenu.amxx")
L 09/30/2016 - 19:55:04: Start of error session.
L 09/30/2016 - 19:55:04: Info (map "jail_xmf") (file "addons/amxmodx/logs/error_20160930.log")
L 09/30/2016 - 19:55:04: [AMXX] Plugin file open error (plugin "dm_hook.amxx")
L 09/30/2016 - 19:55:04: [AMXX] Plugin file open error (plugin "jb_vipmenu.amxx")
L 09/30/2016 - 20:04:42: Start of error session.
L 09/30/2016 - 20:04:42: Info (map "jail_xmf") (file "addons/amxmodx/logs/error_20160930.log")
L 09/30/2016 - 20:04:42: [AMXX] Plugin file open error (plugin "dm_hook.amxx")
L 09/30/2016 - 20:04:42: [AMXX] Plugin file open error (plugin "jb_vipmenu.amxx")
L 09/30/2016 - 20:09:08: Start of error session.
L 09/30/2016 - 20:09:08: Info (map "jail_xmf") (file "addons/amxmodx/logs/error_20160930.log")
L 09/30/2016 - 20:09:08: [AMXX] Plugin file open error (plugin "dm_hook.amxx")
L 09/30/2016 - 20:09:08: [AMXX] Plugin file open error (plugin "jb_vipmenu.amxx")
L 09/30/2016 - 20:14:12: Start of error session.
L 09/30/2016 - 20:14:12: Info (map "jail_xmf") (file "addons/amxmodx/logs/error_20160930.log")
L 09/30/2016 - 20:14:12: [AMXX] Plugin file open error (plugin "dm_hook.amxx")
L 09/30/2016 - 20:14:12: [AMXX] Plugin file open error (plugin "jb_vipmenu.amxx")
L 09/30/2016 - 20:17:20: Start of error session.
L 09/30/2016 - 20:17:20: Info (map "jail_xmf") (file "addons/amxmodx/logs/error_20160930.log")
L 09/30/2016 - 20:17:20: [AMXX] Plugin file open error (plugin "dm_hook.amxx")
L 09/30/2016 - 20:17:20: [AMXX] Plugin file open error (plugin "jb_vipmenu.amxx")
L 09/30/2016 - 20:20:41: Start of error session.
L 09/30/2016 - 20:20:41: Info (map "jail_xmf") (file "addons/amxmodx/logs/error_20160930.log")
L 09/30/2016 - 20:20:41: [AMXX] Plugin file open error (plugin "dm_hook.amxx")
L 09/30/2016 - 20:20:41: [AMXX] Plugin file open error (plugin "jb_vipmenu.amxx")
L 09/30/2016 - 20:21:48: Start of error session.
L 09/30/2016 - 20:21:48: Info (map "jail_xmf") (file "addons/amxmodx/logs/error_20160930.log")
L 09/30/2016 - 20:21:48: [AMXX] Plugin file open error (plugin "dm_hook.amxx")
L 09/30/2016 - 20:21:48: [AMXX] Plugin file open error (plugin "jb_vipmenu.amxx")
L 09/30/2016 - 20:28:57: Start of error session.
L 09/30/2016 - 20:28:57: Info (map "jail_xmf") (file "addons/amxmodx/logs/error_20160930.log")
L 09/30/2016 - 20:28:57: [AMXX] Plugin file open error (plugin "dm_hook.amxx")
L 09/30/2016 - 20:28:57: [AMXX] Plugin file open error (plugin "jb_vipmenu.amxx")
L 09/30/2016 - 20:29:44: Start of error session.
L 09/30/2016 - 20:29:44: Info (map "jail_xmf") (file "addons/amxmodx/logs/error_20160930.log")
L 09/30/2016 - 20:29:44: [AMXX] Plugin file open error (plugin "dm_hook.amxx")
L 09/30/2016 - 20:29:44: [AMXX] Plugin file open error (plugin "jb_vipmenu.amxx")
L 09/30/2016 - 20:37:55: Start of error session.
L 09/30/2016 - 20:37:55: Info (map "jail_xmf") (file "addons/amxmodx/logs/error_20160930.log")
L 09/30/2016 - 20:37:55: [AMXX] Plugin file open error (plugin "dm_hook.amxx")
L 09/30/2016 - 20:37:55: [AMXX] Plugin file open error (plugin "jb_vipmenu.amxx")
L 09/30/2016 - 20:39:22: Start of error session.
L 09/30/2016 - 20:39:22: Info (map "jail_xmf") (file "addons/amxmodx/logs/error_20160930.log")
L 09/30/2016 - 20:39:22: [AMXX] Plugin file open error (plugin "dm_hook.amxx")
L 09/30/2016 - 20:39:22: [AMXX] Plugin file open error (plugin "jb_vipmenu.amxx")
L 09/30/2016 - 20:42:55: Start of error session.
L 09/30/2016 - 20:42:55: Info (map "jail_xmf") (file "addons/amxmodx/logs/error_20160930.log")
L 09/30/2016 - 20:42:55: [AMXX] Plugin file open error (plugin "dm_hook.amxx")
L 09/30/2016 - 20:42:55: [AMXX] Plugin file open error (plugin "jb_vipmenu.amxx")
L 09/30/2016 - 20:42:55: [AMXX] Plugin file open error (plugin "M_hook.amxx")
L 09/30/2016 - 20:49:41: Start of error session.
L 09/30/2016 - 20:49:41: Info (map "jail_xmf") (file "addons/amxmodx/logs/error_20160930.log")
L 09/30/2016 - 20:49:41: [AMXX] Plugin file open error (plugin "dm_hook.amxx")
L 09/30/2016 - 20:49:41: [AMXX] Plugin file open error (plugin "jb_vipmenu.amxx")
L 09/30/2016 - 20:49:41: [AMXX] Plugin file open error (plugin "M_hook.amxx")
