L 10/17/2016 - 12:48:46: -------- Mapchange to jail_west_v2 --------
L 10/17/2016 - 12:48:46: [GEOIP] Database info: GEO-106FREE 20080801 Build 1 Copyright (c) 2007 MaxMind LLC All Rights Reserved
L 10/17/2016 - 12:48:46: [nextmap.amxx] WARNING: Couldn't find a valid map or the file doesn't exist (file "mapcycle.txt")
L 10/17/2016 - 12:48:46: Invalid multi-lingual line (file "cstrike\addons\amxmodx\data\lang\jbe_privilegii.txt" line 1)
L 10/17/2016 - 12:48:46: Invalid multi-lingual line (file "cstrike\addons\amxmodx\data\lang\jbe_core.txt" line 1)
L 10/17/2016 - 12:48:46: Invalid multi-lingual line (file "cstrike\addons\amxmodx\data\lang\jbe_ranks_prisoner.txt" line 1)
L 10/17/2016 - 12:48:46: Invalid multi-lingual line (file "cstrike\addons\amxmodx\data\lang\jbe_shop.txt" line 1)
L 10/17/2016 - 12:48:46: Invalid multi-lingual line (file "cstrike\addons\amxmodx\data\lang\jbe_costumes.txt" line 1)
L 10/17/2016 - 12:48:46: Invalid multi-lingual line (file "cstrike\addons\amxmodx\data\lang\jbe_grab.txt" line 1)
L 10/17/2016 - 12:48:46: Invalid multi-lingual line (file "cstrike\addons\amxmodx\data\lang\jbe_ar4mode_hook.txt" line 1)
L 10/17/2016 - 12:48:46: Invalid multi-lingual line (file "cstrike\addons\amxmodx\data\lang\jbe_roleplay.txt" line 1)
L 10/17/2016 - 12:48:46: Invalid multi-lingual line (file "cstrike\addons\amxmodx\data\lang\colored_translit.txt" line 1)
L 10/17/2016 - 12:48:46: Invalid multi-lingual line (file "cstrike\addons\amxmodx\data\lang\colored_translit_config.txt" line 1)
L 10/17/2016 - 12:48:46: [colored_translit_config.amxx] Can't add menu item "Настройки чата" from plugin "Colored Translit Config" to menu set because the Menus Front-End plugin itself is not loaded!
L 10/17/2016 - 12:48:46: [AMXX] Failed to open dictionary file: cstrike\addons\amxmodx\data\lang\map_spawns_editor.txt
L 10/17/2016 - 12:48:47: [pluginmenu.amxx] Can't add menu item "Настр. конваров" from plugin "pluginmenu.amxx" to menu set because the Menus Front-End plugin itself is not loaded!
L 10/17/2016 - 12:48:47: [pluginmenu.amxx] Can't add menu item "Настр. команд" from plugin "pluginmenu.amxx" to menu set because the Menus Front-End plugin itself is not loaded!
L 10/17/2016 - 12:48:47: [jbe_core.amxx] [RANK] MySQL connection failed
L 10/17/2016 - 12:48:47: [jbe_core.amxx] [ 2005 ] Unknown MySQL server host 'db2.myarena.ru' (11004)
L 10/17/2016 - 12:48:47: [jbe_core.amxx] Query state: 2
L 10/17/2016 - 15:19:44: -------- Mapchange to jail_west_v2 --------
L 10/17/2016 - 15:19:44: [GEOIP] Database info: GEO-106FREE 20080801 Build 1 Copyright (c) 2007 MaxMind LLC All Rights Reserved
L 10/17/2016 - 15:19:44: [nextmap.amxx] WARNING: Couldn't find a valid map or the file doesn't exist (file "mapcycle.txt")
L 10/17/2016 - 15:19:44: Invalid multi-lingual line (file "cstrike\addons\amxmodx\data\lang\jbe_privilegii.txt" line 1)
L 10/17/2016 - 15:19:44: Invalid multi-lingual line (file "cstrike\addons\amxmodx\data\lang\jbe_core.txt" line 1)
L 10/17/2016 - 15:19:44: Invalid multi-lingual line (file "cstrike\addons\amxmodx\data\lang\jbe_ranks_prisoner.txt" line 1)
L 10/17/2016 - 15:19:44: Invalid multi-lingual line (file "cstrike\addons\amxmodx\data\lang\jbe_shop.txt" line 1)
L 10/17/2016 - 15:19:44: Invalid multi-lingual line (file "cstrike\addons\amxmodx\data\lang\jbe_costumes.txt" line 1)
L 10/17/2016 - 15:19:44: Invalid multi-lingual line (file "cstrike\addons\amxmodx\data\lang\jbe_grab.txt" line 1)
L 10/17/2016 - 15:19:44: Invalid multi-lingual line (file "cstrike\addons\amxmodx\data\lang\jbe_ar4mode_hook.txt" line 1)
L 10/17/2016 - 15:19:44: Invalid multi-lingual line (file "cstrike\addons\amxmodx\data\lang\jbe_roleplay.txt" line 1)
L 10/17/2016 - 15:19:44: Invalid multi-lingual line (file "cstrike\addons\amxmodx\data\lang\colored_translit.txt" line 1)
L 10/17/2016 - 15:19:44: Invalid multi-lingual line (file "cstrike\addons\amxmodx\data\lang\colored_translit_config.txt" line 1)
L 10/17/2016 - 15:19:45: [colored_translit_config.amxx] Can't add menu item "Настройки чата" from plugin "Colored Translit Config" to menu set because the Menus Front-End plugin itself is not loaded!
L 10/17/2016 - 15:19:45: [AMXX] Failed to open dictionary file: cstrike\addons\amxmodx\data\lang\map_spawns_editor.txt
L 10/17/2016 - 15:19:45: [pluginmenu.amxx] Can't add menu item "Настр. конваров" from plugin "pluginmenu.amxx" to menu set because the Menus Front-End plugin itself is not loaded!
L 10/17/2016 - 15:19:45: [pluginmenu.amxx] Can't add menu item "Настр. команд" from plugin "pluginmenu.amxx" to menu set because the Menus Front-End plugin itself is not loaded!
L 10/17/2016 - 15:19:56: [admin.amxx] Login: "ZLOYTPEK<1><STEAM_0:0:87505889><>" became an admin (account "ZLOYTPEK") (access "abcdefghijklmnopqrstu") (address "10.39.61.38")
L 10/17/2016 - 15:20:06: [jbe_core.amxx] [RANK] MySQL connection failed
L 10/17/2016 - 15:20:06: [jbe_core.amxx] [ 2003 ] Can't connect to MySQL server on 'db2.myarena.ru' (10060)
L 10/17/2016 - 15:20:06: [jbe_core.amxx] Query state: 2
L 10/17/2016 - 15:20:27: [jbe_core.amxx] [RANK] MySQL connection failed
L 10/17/2016 - 15:20:27: [jbe_core.amxx] [ 2003 ] Can't connect to MySQL server on 'db2.myarena.ru' (10060)
L 10/17/2016 - 15:20:27: [jbe_core.amxx] Query state: 0
L 10/17/2016 - 15:21:03: [jbe_core.amxx] [RANK] MySQL connection failed
L 10/17/2016 - 15:21:03: [jbe_core.amxx] [ 2003 ] Can't connect to MySQL server on 'db2.myarena.ru' (10060)
L 10/17/2016 - 15:21:03: [jbe_core.amxx] Query state: 2
L 10/17/2016 - 15:35:47: -------- Mapchange to jail_west_v2 --------
L 10/17/2016 - 15:35:47: [nextmap.amxx] WARNING: Couldn't find a valid map or the file doesn't exist (file "mapcycle.txt")
L 10/17/2016 - 15:35:48: [colored_translit_config.amxx] Can't add menu item "Настройки чата" from plugin "Colored Translit Config" to menu set because the Menus Front-End plugin itself is not loaded!
L 10/17/2016 - 15:35:48: [AMXX] Failed to open dictionary file: cstrike\addons\amxmodx\data\lang\map_spawns_editor.txt
L 10/17/2016 - 15:35:48: [pluginmenu.amxx] Can't add menu item "Настр. конваров" from plugin "pluginmenu.amxx" to menu set because the Menus Front-End plugin itself is not loaded!
L 10/17/2016 - 15:35:48: [pluginmenu.amxx] Can't add menu item "Настр. команд" from plugin "pluginmenu.amxx" to menu set because the Menus Front-End plugin itself is not loaded!
L 10/17/2016 - 15:36:09: [jbe_core.amxx] [RANK] MySQL connection failed
L 10/17/2016 - 15:36:09: [jbe_core.amxx] [ 2003 ] Can't connect to MySQL server on 'db2.myarena.ru' (10060)
L 10/17/2016 - 15:36:09: [jbe_core.amxx] Query state: 2
L 10/17/2016 - 15:51:49: -------- Mapchange to jail_west_v2 --------
L 10/17/2016 - 15:51:49: [nextmap.amxx] WARNING: Couldn't find a valid map or the file doesn't exist (file "mapcycle.txt")
L 10/17/2016 - 15:51:49: [colored_translit_config.amxx] Can't add menu item "Настройки чата" from plugin "Colored Translit Config" to menu set because the Menus Front-End plugin itself is not loaded!
L 10/17/2016 - 15:51:49: [AMXX] Failed to open dictionary file: cstrike\addons\amxmodx\data\lang\map_spawns_editor.txt
L 10/17/2016 - 15:51:50: [pluginmenu.amxx] Can't add menu item "Настр. конваров" from plugin "pluginmenu.amxx" to menu set because the Menus Front-End plugin itself is not loaded!
L 10/17/2016 - 15:51:50: [pluginmenu.amxx] Can't add menu item "Настр. команд" from plugin "pluginmenu.amxx" to menu set because the Menus Front-End plugin itself is not loaded!
L 10/17/2016 - 15:52:11: [jbe_core.amxx] [RANK] MySQL connection failed
L 10/17/2016 - 15:52:11: [jbe_core.amxx] [ 2003 ] Can't connect to MySQL server on 'db2.myarena.ru' (10060)
L 10/17/2016 - 15:52:11: [jbe_core.amxx] Query state: 2
L 10/17/2016 - 16:07:50: -------- Mapchange to jail_west_v2 --------
L 10/17/2016 - 16:07:51: [nextmap.amxx] WARNING: Couldn't find a valid map or the file doesn't exist (file "mapcycle.txt")
L 10/17/2016 - 16:07:51: [colored_translit_config.amxx] Can't add menu item "Настройки чата" from plugin "Colored Translit Config" to menu set because the Menus Front-End plugin itself is not loaded!
L 10/17/2016 - 16:07:51: [AMXX] Failed to open dictionary file: cstrike\addons\amxmodx\data\lang\map_spawns_editor.txt
L 10/17/2016 - 16:07:51: [pluginmenu.amxx] Can't add menu item "Настр. конваров" from plugin "pluginmenu.amxx" to menu set because the Menus Front-End plugin itself is not loaded!
L 10/17/2016 - 16:07:51: [pluginmenu.amxx] Can't add menu item "Настр. команд" from plugin "pluginmenu.amxx" to menu set because the Menus Front-End plugin itself is not loaded!
L 10/17/2016 - 16:08:12: [jbe_core.amxx] [RANK] MySQL connection failed
L 10/17/2016 - 16:08:12: [jbe_core.amxx] [ 2003 ] Can't connect to MySQL server on 'db2.myarena.ru' (10060)
L 10/17/2016 - 16:08:12: [jbe_core.amxx] Query state: 2
L 10/17/2016 - 16:23:52: -------- Mapchange to jail_west_v2 --------
L 10/17/2016 - 16:23:54: [nextmap.amxx] WARNING: Couldn't find a valid map or the file doesn't exist (file "mapcycle.txt")
L 10/17/2016 - 16:23:55: [colored_translit_config.amxx] Can't add menu item "Настройки чата" from plugin "Colored Translit Config" to menu set because the Menus Front-End plugin itself is not loaded!
L 10/17/2016 - 16:23:55: [AMXX] Failed to open dictionary file: cstrike\addons\amxmodx\data\lang\map_spawns_editor.txt
L 10/17/2016 - 16:23:56: [pluginmenu.amxx] Can't add menu item "Настр. конваров" from plugin "pluginmenu.amxx" to menu set because the Menus Front-End plugin itself is not loaded!
L 10/17/2016 - 16:23:56: [pluginmenu.amxx] Can't add menu item "Настр. команд" from plugin "pluginmenu.amxx" to menu set because the Menus Front-End plugin itself is not loaded!
L 10/17/2016 - 16:24:17: [jbe_core.amxx] [RANK] MySQL connection failed
L 10/17/2016 - 16:24:17: [jbe_core.amxx] [ 2003 ] Can't connect to MySQL server on 'db2.myarena.ru' (10060)
L 10/17/2016 - 16:24:17: [jbe_core.amxx] Query state: 2
L 10/17/2016 - 16:39:59: -------- Mapchange to jail_west_v2 --------
L 10/17/2016 - 16:40:00: [nextmap.amxx] WARNING: Couldn't find a valid map or the file doesn't exist (file "mapcycle.txt")
L 10/17/2016 - 16:40:00: [colored_translit_config.amxx] Can't add menu item "Настройки чата" from plugin "Colored Translit Config" to menu set because the Menus Front-End plugin itself is not loaded!
L 10/17/2016 - 16:40:00: [AMXX] Failed to open dictionary file: cstrike\addons\amxmodx\data\lang\map_spawns_editor.txt
L 10/17/2016 - 16:40:00: [pluginmenu.amxx] Can't add menu item "Настр. конваров" from plugin "pluginmenu.amxx" to menu set because the Menus Front-End plugin itself is not loaded!
L 10/17/2016 - 16:40:00: [pluginmenu.amxx] Can't add menu item "Настр. команд" from plugin "pluginmenu.amxx" to menu set because the Menus Front-End plugin itself is not loaded!
L 10/17/2016 - 16:40:21: [jbe_core.amxx] [RANK] MySQL connection failed
L 10/17/2016 - 16:40:21: [jbe_core.amxx] [ 2003 ] Can't connect to MySQL server on 'db2.myarena.ru' (10060)
L 10/17/2016 - 16:40:21: [jbe_core.amxx] Query state: 2
L 10/17/2016 - 16:56:06: -------- Mapchange to jail_west_v2 --------
L 10/17/2016 - 16:56:06: [nextmap.amxx] WARNING: Couldn't find a valid map or the file doesn't exist (file "mapcycle.txt")
L 10/17/2016 - 16:56:07: [colored_translit_config.amxx] Can't add menu item "Настройки чата" from plugin "Colored Translit Config" to menu set because the Menus Front-End plugin itself is not loaded!
L 10/17/2016 - 16:56:07: [AMXX] Failed to open dictionary file: cstrike\addons\amxmodx\data\lang\map_spawns_editor.txt
L 10/17/2016 - 16:56:07: [pluginmenu.amxx] Can't add menu item "Настр. конваров" from plugin "pluginmenu.amxx" to menu set because the Menus Front-End plugin itself is not loaded!
L 10/17/2016 - 16:56:07: [pluginmenu.amxx] Can't add menu item "Настр. команд" from plugin "pluginmenu.amxx" to menu set because the Menus Front-End plugin itself is not loaded!
L 10/17/2016 - 16:56:30: [jbe_core.amxx] [RANK] MySQL connection failed
L 10/17/2016 - 16:56:30: [jbe_core.amxx] [ 2003 ] Can't connect to MySQL server on 'db2.myarena.ru' (10060)
L 10/17/2016 - 16:56:31: [jbe_core.amxx] Query state: 2
