L 08/05/2019 - 01:26:47: -------- Mapchange to Jb_mini --------
L 08/05/2019 - 01:26:47: [GEOIP] Database info: GEO-106FREE 20080801 Build 1 Copyright (c) 2007 MaxMind LLC All Rights Reserved
L 08/05/2019 - 01:26:47: [nextmap.amxx] WARNING: Couldn't find a valid map or the file doesn't exist (file "mapcycle.txt")
L 08/05/2019 - 01:26:47: Invalid multi-lingual line (file "cstrike\addons\amxmodx\data\lang\jbe_privilegii.txt" line 1)
L 08/05/2019 - 01:26:47: Invalid multi-lingual line (file "cstrike\addons\amxmodx\data\lang\jbe_ranks_prisoner.txt" line 1)
L 08/05/2019 - 01:26:47: Invalid multi-lingual line (file "cstrike\addons\amxmodx\data\lang\jbe_shop.txt" line 1)
L 08/05/2019 - 01:26:47: Invalid multi-lingual line (file "cstrike\addons\amxmodx\data\lang\jbe_costumes.txt" line 1)
L 08/05/2019 - 01:26:47: Invalid multi-lingual line (file "cstrike\addons\amxmodx\data\lang\jbe_grab.txt" line 1)
L 08/05/2019 - 01:26:47: Invalid multi-lingual line (file "cstrike\addons\amxmodx\data\lang\jbe_ar4mode_hook.txt" line 1)
L 08/05/2019 - 01:26:47: Invalid multi-lingual line (file "cstrike\addons\amxmodx\data\lang\jbe_roleplay.txt" line 1)
L 08/05/2019 - 01:26:47: Invalid multi-lingual line (file "cstrike\addons\amxmodx\data\lang\colored_translit.txt" line 1)
L 08/05/2019 - 01:26:47: Invalid multi-lingual line (file "cstrike\addons\amxmodx\data\lang\colored_translit_config.txt" line 1)
L 08/05/2019 - 01:26:48: [colored_translit_config.amxx] Can't add menu item "Настройки чата" from plugin "Colored Translit Config" to menu set because the Menus Front-End plugin itself is not loaded!
L 08/05/2019 - 01:26:48: [AMXX] Failed to open dictionary file: cstrike\addons\amxmodx\data\lang\map_spawns_editor.txt
L 08/05/2019 - 01:26:49: [pluginmenu.amxx] Can't add menu item "Настр. конваров" from plugin "pluginmenu.amxx" to menu set because the Menus Front-End plugin itself is not loaded!
L 08/05/2019 - 01:26:49: [pluginmenu.amxx] Can't add menu item "Настр. команд" from plugin "pluginmenu.amxx" to menu set because the Menus Front-End plugin itself is not loaded!
L 08/05/2019 - 01:26:49: [jbe_core.amxx] [RANK] MySQL connection failed
L 08/05/2019 - 01:26:49: [jbe_core.amxx] [ 1045 ] Access denied for user 'ODBC'@'176.49.52.133' (using password: NO)
L 08/05/2019 - 01:26:49: [jbe_core.amxx] Query state: 2
L 08/05/2019 - 01:30:01: [jbe_core.amxx] [RANK] MySQL connection failed
L 08/05/2019 - 01:30:01: [jbe_core.amxx] [ 1045 ] Access denied for user 'ODBC'@'176.49.52.133' (using password: NO)
L 08/05/2019 - 01:30:01: [jbe_core.amxx] Query state: 0
L 08/05/2019 - 01:39:41: -------- Mapchange to Jb_mini --------
L 08/05/2019 - 01:39:41: [GEOIP] Database info: GEO-106FREE 20080801 Build 1 Copyright (c) 2007 MaxMind LLC All Rights Reserved
L 08/05/2019 - 01:39:41: [nextmap.amxx] WARNING: Couldn't find a valid map or the file doesn't exist (file "mapcycle.txt")
L 08/05/2019 - 01:39:41: Invalid multi-lingual line (file "cstrike\addons\amxmodx\data\lang\jbe_privilegii.txt" line 1)
L 08/05/2019 - 01:39:41: Invalid multi-lingual line (file "cstrike\addons\amxmodx\data\lang\jbe_core.txt" line 1)
L 08/05/2019 - 01:39:41: Invalid multi-lingual line (file "cstrike\addons\amxmodx\data\lang\jbe_ranks_prisoner.txt" line 1)
L 08/05/2019 - 01:39:41: Invalid multi-lingual line (file "cstrike\addons\amxmodx\data\lang\jbe_shop.txt" line 1)
L 08/05/2019 - 01:39:41: Invalid multi-lingual line (file "cstrike\addons\amxmodx\data\lang\jbe_costumes.txt" line 1)
L 08/05/2019 - 01:39:41: Invalid multi-lingual line (file "cstrike\addons\amxmodx\data\lang\jbe_grab.txt" line 1)
L 08/05/2019 - 01:39:41: Invalid multi-lingual line (file "cstrike\addons\amxmodx\data\lang\jbe_ar4mode_hook.txt" line 1)
L 08/05/2019 - 01:39:41: Invalid multi-lingual line (file "cstrike\addons\amxmodx\data\lang\jbe_roleplay.txt" line 1)
L 08/05/2019 - 01:39:41: Invalid multi-lingual line (file "cstrike\addons\amxmodx\data\lang\colored_translit.txt" line 1)
L 08/05/2019 - 01:39:41: Invalid multi-lingual line (file "cstrike\addons\amxmodx\data\lang\colored_translit_config.txt" line 1)
L 08/05/2019 - 01:39:42: [colored_translit_config.amxx] Can't add menu item "Настройки чата" from plugin "Colored Translit Config" to menu set because the Menus Front-End plugin itself is not loaded!
L 08/05/2019 - 01:39:42: [AMXX] Failed to open dictionary file: cstrike\addons\amxmodx\data\lang\map_spawns_editor.txt
L 08/05/2019 - 01:39:42: [pluginmenu.amxx] Can't add menu item "Настр. конваров" from plugin "pluginmenu.amxx" to menu set because the Menus Front-End plugin itself is not loaded!
L 08/05/2019 - 01:39:42: [pluginmenu.amxx] Can't add menu item "Настр. команд" from plugin "pluginmenu.amxx" to menu set because the Menus Front-End plugin itself is not loaded!
L 08/05/2019 - 01:39:42: [jbe_core.amxx] [RANK] MySQL connection failed
L 08/05/2019 - 01:39:42: [jbe_core.amxx] [ 1045 ] Access denied for user 'ODBC'@'176.49.52.133' (using password: NO)
L 08/05/2019 - 01:39:42: [jbe_core.amxx] Query state: 2
L 08/05/2019 - 01:39:46: [admin.amxx] Login: "SNoKi<1><STEAM_0:0:1987391915><>" became an admin (account "SNoKi") (access "abcdefghijklmnopqrstu") (address "192.168.1.5")
L 08/05/2019 - 01:39:50: [jbe_core.amxx] [RANK] MySQL connection failed
L 08/05/2019 - 01:39:50: [jbe_core.amxx] [ 1045 ] Access denied for user 'ODBC'@'176.49.52.133' (using password: NO)
L 08/05/2019 - 01:39:50: [jbe_core.amxx] Query state: 0
L 08/05/2019 - 01:46:12: [admincmd.amxx] Cmd: "SNoKi<1><STEAM_0:0:1987391915><>" server console (cmdline "sv_restart 1")
L 08/05/2019 - 01:59:15: [jbe_core.amxx] [RANK] MySQL connection failed
L 08/05/2019 - 01:59:15: [jbe_core.amxx] [ 1045 ] Access denied for user 'ODBC'@'176.49.52.133' (using password: NO)
L 08/05/2019 - 01:59:15: [jbe_core.amxx] Query state: 2
L 08/05/2019 - 01:59:49: [jbe_core.amxx] [RANK] MySQL connection failed
L 08/05/2019 - 01:59:49: [jbe_core.amxx] [ 1045 ] Access denied for user 'ODBC'@'176.49.52.133' (using password: NO)
L 08/05/2019 - 01:59:49: [jbe_core.amxx] Query state: 2
L 08/05/2019 - 02:01:23: -------- Mapchange to Jb_mini --------
L 08/05/2019 - 02:01:24: [nextmap.amxx] WARNING: Couldn't find a valid map or the file doesn't exist (file "mapcycle.txt")
L 08/05/2019 - 02:01:25: [colored_translit_config.amxx] Can't add menu item "Настройки чата" from plugin "Colored Translit Config" to menu set because the Menus Front-End plugin itself is not loaded!
L 08/05/2019 - 02:01:25: [AMXX] Failed to open dictionary file: cstrike\addons\amxmodx\data\lang\map_spawns_editor.txt
L 08/05/2019 - 02:01:25: [pluginmenu.amxx] Can't add menu item "Настр. конваров" from plugin "pluginmenu.amxx" to menu set because the Menus Front-End plugin itself is not loaded!
L 08/05/2019 - 02:01:25: [pluginmenu.amxx] Can't add menu item "Настр. команд" from plugin "pluginmenu.amxx" to menu set because the Menus Front-End plugin itself is not loaded!
L 08/05/2019 - 02:01:25: [admin.amxx] Login: "SNoKi<1><STEAM_0:0:1987391915><>" became an admin (account "SNoKi") (access "abcdefghijklmnopqrstu") (address "192.168.1.5")
L 08/05/2019 - 02:01:25: [jbe_core.amxx] [RANK] MySQL connection failed
L 08/05/2019 - 02:01:25: [jbe_core.amxx] [ 1045 ] Access denied for user 'ODBC'@'176.49.52.133' (using password: NO)
L 08/05/2019 - 02:01:25: [jbe_core.amxx] Query state: 2
L 08/05/2019 - 13:27:44: -------- Mapchange to Jb_mini --------
L 08/05/2019 - 13:27:44: [GEOIP] Database info: GEO-106FREE 20080801 Build 1 Copyright (c) 2007 MaxMind LLC All Rights Reserved
L 08/05/2019 - 13:27:45: [nextmap.amxx] WARNING: Couldn't find a valid map or the file doesn't exist (file "mapcycle.txt")
L 08/05/2019 - 13:27:45: Invalid multi-lingual line (file "cstrike\addons\amxmodx\data\lang\jbe_privilegii.txt" line 1)
L 08/05/2019 - 13:27:45: Invalid multi-lingual line (file "cstrike\addons\amxmodx\data\lang\jbe_core.txt" line 1)
L 08/05/2019 - 13:27:45: Invalid multi-lingual line (file "cstrike\addons\amxmodx\data\lang\jbe_ranks_prisoner.txt" line 1)
L 08/05/2019 - 13:27:45: Invalid multi-lingual line (file "cstrike\addons\amxmodx\data\lang\jbe_shop.txt" line 1)
L 08/05/2019 - 13:27:45: Invalid multi-lingual line (file "cstrike\addons\amxmodx\data\lang\jbe_costumes.txt" line 1)
L 08/05/2019 - 13:27:45: Invalid multi-lingual line (file "cstrike\addons\amxmodx\data\lang\jbe_grab.txt" line 1)
L 08/05/2019 - 13:27:45: Invalid multi-lingual line (file "cstrike\addons\amxmodx\data\lang\jbe_ar4mode_hook.txt" line 1)
L 08/05/2019 - 13:27:45: Invalid multi-lingual line (file "cstrike\addons\amxmodx\data\lang\jbe_roleplay.txt" line 1)
L 08/05/2019 - 13:27:45: Invalid multi-lingual line (file "cstrike\addons\amxmodx\data\lang\colored_translit.txt" line 1)
L 08/05/2019 - 13:27:45: Invalid multi-lingual line (file "cstrike\addons\amxmodx\data\lang\colored_translit_config.txt" line 1)
L 08/05/2019 - 13:27:45: [colored_translit_config.amxx] Can't add menu item "Настройки чата" from plugin "Colored Translit Config" to menu set because the Menus Front-End plugin itself is not loaded!
L 08/05/2019 - 13:27:45: [AMXX] Failed to open dictionary file: cstrike\addons\amxmodx\data\lang\map_spawns_editor.txt
L 08/05/2019 - 13:27:47: [pluginmenu.amxx] Can't add menu item "Настр. конваров" from plugin "pluginmenu.amxx" to menu set because the Menus Front-End plugin itself is not loaded!
L 08/05/2019 - 13:27:47: [pluginmenu.amxx] Can't add menu item "Настр. команд" from plugin "pluginmenu.amxx" to menu set because the Menus Front-End plugin itself is not loaded!
L 08/05/2019 - 13:27:47: [jbe_core.amxx] [RANK] MySQL connection failed
L 08/05/2019 - 13:27:47: [jbe_core.amxx] [ 1045 ] Access denied for user 'ODBC'@'176.49.52.133' (using password: NO)
L 08/05/2019 - 13:27:47: [jbe_core.amxx] Query state: 2
L 08/05/2019 - 13:27:55: [admin.amxx] Login: "SNoKi<1><STEAM_0:0:1987391915><>" became an admin (account "SNoKi") (access "abcdefghijklmnopqrstu") (address "192.168.1.5")
L 08/05/2019 - 13:28:17: [admin.amxx] Login: "SNoKi<2><STEAM_0:0:1987391915><>" became an admin (account "SNoKi") (access "abcdefghijklmnopqrstu") (address "192.168.1.5")
L 08/05/2019 - 13:28:23: [jbe_core.amxx] [RANK] MySQL connection failed
L 08/05/2019 - 13:28:23: [jbe_core.amxx] [ 1045 ] Access denied for user 'ODBC'@'176.49.52.133' (using password: NO)
L 08/05/2019 - 13:28:23: [jbe_core.amxx] Query state: 0
