L 05/10/2016 - 22:26:26: -------- Mapchange to jail_xmf --------
L 05/10/2016 - 22:26:27: [GEOIP] Database info: GEO-106FREE 20080801 Build 1 Copyright (c) 2007 MaxMind LLC All Rights Reserved
L 05/10/2016 - 22:26:33: [AMXX] Failed to open dictionary file: cstrike\addons\amxmodx\data\lang\grab_plus.txt
L 05/10/2016 - 22:26:33: [umm.amxx] Plugin matching "nextmap.amxx" stopped
L 05/10/2016 - 22:26:33: [umm.amxx] Plugin matching "timeleft.amxx" stopped
L 05/10/2016 - 22:26:33: [umm.amxx] Plugin matching "mapchooser.amxx" stopped
L 05/10/2016 - 22:26:47: [admin.amxx] Login: "hanz0r~<1><STEAM_0:0:946943482><>" became an admin (account "hanz0r~") (access "abcdefijmnopqrstu") (address "192.168.0.103")
L 05/10/2016 - 22:26:51: [admin.amxx] Login: "hanz0r~<2><STEAM_0:0:946943482><>" became an admin (account "hanz0r~") (access "abcdefijmnopqrstu") (address "192.168.0.103")
L 05/10/2016 - 22:30:51: [admin.amxx] Login: "hanz0r~<3><STEAM_0:0:946943482><>" became an admin (account "hanz0r~") (access "abcdefijmnopqrstu") (address "192.168.0.103")
L 05/10/2016 - 22:44:36: -------- Mapchange to jail_xmf --------
L 05/10/2016 - 22:44:37: [GEOIP] Database info: GEO-106FREE 20080801 Build 1 Copyright (c) 2007 MaxMind LLC All Rights Reserved
L 05/10/2016 - 22:44:46: [AMXX] Failed to open dictionary file: cstrike\addons\amxmodx\data\lang\grab_plus.txt
L 05/10/2016 - 22:44:46: [umm.amxx] Plugin matching "nextmap.amxx" stopped
L 05/10/2016 - 22:44:46: [umm.amxx] Plugin matching "timeleft.amxx" stopped
L 05/10/2016 - 22:44:46: [umm.amxx] Plugin matching "mapchooser.amxx" stopped
L 05/10/2016 - 22:44:53: [admin.amxx] Login: "hanz0r~<1><STEAM_0:0:946943482><>" became an admin (account "hanz0r~") (access "abcdefijmnopqrstu") (address "192.168.0.103")
L 05/10/2016 - 22:54:25: -------- Mapchange to jail_xmf --------
L 05/10/2016 - 22:54:26: [GEOIP] Database info: GEO-106FREE 20080801 Build 1 Copyright (c) 2007 MaxMind LLC All Rights Reserved
L 05/10/2016 - 22:54:33: [AMXX] Failed to open dictionary file: cstrike\addons\amxmodx\data\lang\grab_plus.txt
L 05/10/2016 - 22:54:33: [umm.amxx] Plugin matching "nextmap.amxx" stopped
L 05/10/2016 - 22:54:33: [umm.amxx] Plugin matching "timeleft.amxx" stopped
L 05/10/2016 - 22:54:33: [umm.amxx] Plugin matching "mapchooser.amxx" stopped
L 05/10/2016 - 22:54:45: [admin.amxx] Login: "hanz0r~<1><STEAM_0:0:946943482><>" became an admin (account "hanz0r~") (access "abcdefijmnopqrstu") (address "192.168.0.103")
L 05/10/2016 - 22:57:01: -------- Mapchange to jail_xmf --------
L 05/10/2016 - 22:57:01: [GEOIP] Database info: GEO-106FREE 20080801 Build 1 Copyright (c) 2007 MaxMind LLC All Rights Reserved
L 05/10/2016 - 22:57:07: [AMXX] Failed to open dictionary file: cstrike\addons\amxmodx\data\lang\grab_plus.txt
L 05/10/2016 - 22:57:08: [umm.amxx] Plugin matching "nextmap.amxx" stopped
L 05/10/2016 - 22:57:08: [umm.amxx] Plugin matching "timeleft.amxx" stopped
L 05/10/2016 - 22:57:08: [umm.amxx] Plugin matching "mapchooser.amxx" stopped
