L 10/16/2016 - 15:44:17: -------- Mapchange to jail_west_v2 --------
L 10/16/2016 - 15:44:17: [GEOIP] Database info: GEO-106FREE 20080801 Build 1 Copyright (c) 2007 MaxMind LLC All Rights Reserved
L 10/16/2016 - 15:44:18: [nextmap.amxx] WARNING: Couldn't find a valid map or the file doesn't exist (file "mapcycle.txt")
L 10/16/2016 - 15:44:18: Invalid multi-lingual line (file "cstrike\addons\amxmodx\data\lang\jbe_privilegii.txt" line 1)
L 10/16/2016 - 15:44:18: Invalid multi-lingual line (file "cstrike\addons\amxmodx\data\lang\jbe_core.txt" line 1)
L 10/16/2016 - 15:44:18: Invalid multi-lingual line (file "cstrike\addons\amxmodx\data\lang\jbe_ranks_prisoner.txt" line 1)
L 10/16/2016 - 15:44:18: Invalid multi-lingual line (file "cstrike\addons\amxmodx\data\lang\jbe_shop.txt" line 1)
L 10/16/2016 - 15:44:18: Invalid multi-lingual line (file "cstrike\addons\amxmodx\data\lang\jbe_costumes.txt" line 1)
L 10/16/2016 - 15:44:18: Invalid multi-lingual line (file "cstrike\addons\amxmodx\data\lang\jbe_grab.txt" line 1)
L 10/16/2016 - 15:44:18: Invalid multi-lingual line (file "cstrike\addons\amxmodx\data\lang\jbe_ar4mode_hook.txt" line 1)
L 10/16/2016 - 15:44:18: Invalid multi-lingual line (file "cstrike\addons\amxmodx\data\lang\jbe_roleplay.txt" line 1)
L 10/16/2016 - 15:44:18: Invalid multi-lingual line (file "cstrike\addons\amxmodx\data\lang\colored_translit.txt" line 1)
L 10/16/2016 - 15:44:18: Invalid multi-lingual line (file "cstrike\addons\amxmodx\data\lang\colored_translit_config.txt" line 1)
L 10/16/2016 - 15:44:18: [colored_translit_config.amxx] Can't add menu item "Настройки чата" from plugin "Colored Translit Config" to menu set because the Menus Front-End plugin itself is not loaded!
L 10/16/2016 - 15:44:18: [AMXX] Failed to open dictionary file: cstrike\addons\amxmodx\data\lang\map_spawns_editor.txt
L 10/16/2016 - 15:44:19: [pluginmenu.amxx] Can't add menu item "Настр. конваров" from plugin "pluginmenu.amxx" to menu set because the Menus Front-End plugin itself is not loaded!
L 10/16/2016 - 15:44:19: [pluginmenu.amxx] Can't add menu item "Настр. команд" from plugin "pluginmenu.amxx" to menu set because the Menus Front-End plugin itself is not loaded!
L 10/16/2016 - 15:44:40: [jbe_core.amxx] [RANK] MySQL connection failed
L 10/16/2016 - 15:44:40: [jbe_core.amxx] [ 2003 ] Can't connect to MySQL server on 'db2.myarena.ru' (10060)
L 10/16/2016 - 15:44:40: [jbe_core.amxx] Query state: 2
L 10/16/2016 - 15:45:03: [jbe_core.amxx] [RANK] MySQL connection failed
L 10/16/2016 - 15:45:03: [jbe_core.amxx] [ 2003 ] Can't connect to MySQL server on 'db2.myarena.ru' (10060)
L 10/16/2016 - 15:45:03: [jbe_core.amxx] Query state: 0
L 10/16/2016 - 15:46:56: [jbe_core.amxx] [RANK] MySQL connection failed
L 10/16/2016 - 15:46:56: [jbe_core.amxx] [ 2003 ] Can't connect to MySQL server on 'db2.myarena.ru' (10060)
L 10/16/2016 - 15:46:56: [jbe_core.amxx] Query state: 2
L 10/16/2016 - 15:48:01: -------- Mapchange to jail_west_v2 --------
L 10/16/2016 - 15:48:01: [nextmap.amxx] WARNING: Couldn't find a valid map or the file doesn't exist (file "mapcycle.txt")
L 10/16/2016 - 15:48:02: [colored_translit_config.amxx] Can't add menu item "Настройки чата" from plugin "Colored Translit Config" to menu set because the Menus Front-End plugin itself is not loaded!
L 10/16/2016 - 15:48:02: [AMXX] Failed to open dictionary file: cstrike\addons\amxmodx\data\lang\map_spawns_editor.txt
L 10/16/2016 - 15:48:02: [pluginmenu.amxx] Can't add menu item "Настр. конваров" from plugin "pluginmenu.amxx" to menu set because the Menus Front-End plugin itself is not loaded!
L 10/16/2016 - 15:48:02: [pluginmenu.amxx] Can't add menu item "Настр. команд" from plugin "pluginmenu.amxx" to menu set because the Menus Front-End plugin itself is not loaded!
L 10/16/2016 - 15:48:02: [admin.amxx] Login: "ZLOYTPEK<2><STEAM_0:0:87505889><>" became an admin (account "ZLOYTPEK") (access "abcdefghijklmnopqrstu") (address "127.0.0.1")
L 10/16/2016 - 15:48:23: [jbe_core.amxx] [RANK] MySQL connection failed
L 10/16/2016 - 15:48:23: [jbe_core.amxx] [ 2003 ] Can't connect to MySQL server on 'db2.myarena.ru' (10060)
L 10/16/2016 - 15:48:23: [jbe_core.amxx] Query state: 2
L 10/16/2016 - 15:48:44: [jbe_core.amxx] [RANK] MySQL connection failed
L 10/16/2016 - 15:48:44: [jbe_core.amxx] [ 2003 ] Can't connect to MySQL server on 'db2.myarena.ru' (10060)
L 10/16/2016 - 15:48:44: [jbe_core.amxx] Query state: 0
L 10/16/2016 - 15:49:05: [jbe_core.amxx] [RANK] MySQL connection failed
L 10/16/2016 - 15:49:05: [jbe_core.amxx] [ 2003 ] Can't connect to MySQL server on 'db2.myarena.ru' (10060)
L 10/16/2016 - 15:49:05: [jbe_core.amxx] Query state: 2
L 10/16/2016 - 15:58:26: [jbe_core.amxx] [RANK] MySQL connection failed
L 10/16/2016 - 15:58:26: [jbe_core.amxx] [ 2003 ] Can't connect to MySQL server on 'db2.myarena.ru' (10060)
L 10/16/2016 - 15:58:26: [jbe_core.amxx] Query state: 2
L 10/16/2016 - 16:03:48: -------- Mapchange to jail_west_v2 --------
L 10/16/2016 - 16:03:48: [nextmap.amxx] WARNING: Couldn't find a valid map or the file doesn't exist (file "mapcycle.txt")
L 10/16/2016 - 16:03:49: [colored_translit_config.amxx] Can't add menu item "Настройки чата" from plugin "Colored Translit Config" to menu set because the Menus Front-End plugin itself is not loaded!
L 10/16/2016 - 16:03:49: [AMXX] Failed to open dictionary file: cstrike\addons\amxmodx\data\lang\map_spawns_editor.txt
L 10/16/2016 - 16:03:49: [pluginmenu.amxx] Can't add menu item "Настр. конваров" from plugin "pluginmenu.amxx" to menu set because the Menus Front-End plugin itself is not loaded!
L 10/16/2016 - 16:03:49: [pluginmenu.amxx] Can't add menu item "Настр. команд" from plugin "pluginmenu.amxx" to menu set because the Menus Front-End plugin itself is not loaded!
L 10/16/2016 - 16:04:10: [jbe_core.amxx] [RANK] MySQL connection failed
L 10/16/2016 - 16:04:10: [jbe_core.amxx] [ 2003 ] Can't connect to MySQL server on 'db2.myarena.ru' (10060)
L 10/16/2016 - 16:04:10: [jbe_core.amxx] Query state: 2
L 10/16/2016 - 16:13:24: [admin.amxx] Login: "ZLOYTPEK<3><STEAM_0:0:87505889><>" became an admin (account "ZLOYTPEK") (access "abcdefghijklmnopqrstu") (address "127.0.0.1")
L 10/16/2016 - 16:13:49: [jbe_core.amxx] [RANK] MySQL connection failed
L 10/16/2016 - 16:13:49: [jbe_core.amxx] [ 2003 ] Can't connect to MySQL server on 'db2.myarena.ru' (10060)
L 10/16/2016 - 16:13:49: [jbe_core.amxx] Query state: 0
L 10/16/2016 - 16:14:28: [jbe_core.amxx] [RANK] MySQL connection failed
L 10/16/2016 - 16:14:28: [jbe_core.amxx] [ 2003 ] Can't connect to MySQL server on 'db2.myarena.ru' (10060)
L 10/16/2016 - 16:14:28: [jbe_core.amxx] Query state: 2
L 10/16/2016 - 16:23:48: [jbe_core.amxx] [RANK] MySQL connection failed
L 10/16/2016 - 16:23:48: [jbe_core.amxx] [ 2003 ] Can't connect to MySQL server on 'db2.myarena.ru' (10060)
L 10/16/2016 - 16:23:48: [jbe_core.amxx] Query state: 2
L 10/16/2016 - 16:29:11: -------- Mapchange to jail_west_v2 --------
L 10/16/2016 - 16:29:11: [nextmap.amxx] WARNING: Couldn't find a valid map or the file doesn't exist (file "mapcycle.txt")
L 10/16/2016 - 16:29:11: [colored_translit_config.amxx] Can't add menu item "Настройки чата" from plugin "Colored Translit Config" to menu set because the Menus Front-End plugin itself is not loaded!
L 10/16/2016 - 16:29:11: [AMXX] Failed to open dictionary file: cstrike\addons\amxmodx\data\lang\map_spawns_editor.txt
L 10/16/2016 - 16:29:12: [pluginmenu.amxx] Can't add menu item "Настр. конваров" from plugin "pluginmenu.amxx" to menu set because the Menus Front-End plugin itself is not loaded!
L 10/16/2016 - 16:29:12: [pluginmenu.amxx] Can't add menu item "Настр. команд" from plugin "pluginmenu.amxx" to menu set because the Menus Front-End plugin itself is not loaded!
L 10/16/2016 - 16:29:33: [jbe_core.amxx] [RANK] MySQL connection failed
L 10/16/2016 - 16:29:33: [jbe_core.amxx] [ 2003 ] Can't connect to MySQL server on 'db2.myarena.ru' (10060)
L 10/16/2016 - 16:29:33: [jbe_core.amxx] Query state: 2
L 10/16/2016 - 16:54:36: -------- Mapchange to jail_west_v2 --------
L 10/16/2016 - 16:54:36: [nextmap.amxx] WARNING: Couldn't find a valid map or the file doesn't exist (file "mapcycle.txt")
L 10/16/2016 - 16:54:37: [colored_translit_config.amxx] Can't add menu item "Настройки чата" from plugin "Colored Translit Config" to menu set because the Menus Front-End plugin itself is not loaded!
L 10/16/2016 - 16:54:37: [AMXX] Failed to open dictionary file: cstrike\addons\amxmodx\data\lang\map_spawns_editor.txt
L 10/16/2016 - 16:54:37: [pluginmenu.amxx] Can't add menu item "Настр. конваров" from plugin "pluginmenu.amxx" to menu set because the Menus Front-End plugin itself is not loaded!
L 10/16/2016 - 16:54:37: [pluginmenu.amxx] Can't add menu item "Настр. команд" from plugin "pluginmenu.amxx" to menu set because the Menus Front-End plugin itself is not loaded!
L 10/16/2016 - 16:54:59: [jbe_core.amxx] [RANK] MySQL connection failed
L 10/16/2016 - 16:54:59: [jbe_core.amxx] [ 2003 ] Can't connect to MySQL server on 'db2.myarena.ru' (10060)
L 10/16/2016 - 16:54:59: [jbe_core.amxx] Query state: 2
L 10/16/2016 - 16:56:33: [admin.amxx] Login: "ZLOYTPEK<4><STEAM_0:0:87505889><>" became an admin (account "ZLOYTPEK") (access "abcdefghijklmnopqrstu") (address "127.0.0.1")
L 10/16/2016 - 16:56:58: [jbe_core.amxx] [RANK] MySQL connection failed
L 10/16/2016 - 16:56:58: [jbe_core.amxx] [ 2003 ] Can't connect to MySQL server on 'db2.myarena.ru' (10060)
L 10/16/2016 - 16:56:58: [jbe_core.amxx] Query state: 0
L 10/16/2016 - 16:57:38: [jbe_core.amxx] [RANK] MySQL connection failed
L 10/16/2016 - 16:57:38: [jbe_core.amxx] [ 2003 ] Can't connect to MySQL server on 'db2.myarena.ru' (10060)
L 10/16/2016 - 16:57:38: [jbe_core.amxx] Query state: 2
L 10/16/2016 - 17:00:22: -------- Mapchange to jail_west_v2 --------
L 10/16/2016 - 17:00:22: [nextmap.amxx] WARNING: Couldn't find a valid map or the file doesn't exist (file "mapcycle.txt")
L 10/16/2016 - 17:00:22: Invalid multi-lingual line (file "cstrike\addons\amxmodx\data\lang\jbe_core.txt" line 1)
L 10/16/2016 - 17:00:23: [colored_translit_config.amxx] Can't add menu item "Настройки чата" from plugin "Colored Translit Config" to menu set because the Menus Front-End plugin itself is not loaded!
L 10/16/2016 - 17:00:23: [AMXX] Failed to open dictionary file: cstrike\addons\amxmodx\data\lang\map_spawns_editor.txt
L 10/16/2016 - 17:00:23: [pluginmenu.amxx] Can't add menu item "Настр. конваров" from plugin "pluginmenu.amxx" to menu set because the Menus Front-End plugin itself is not loaded!
L 10/16/2016 - 17:00:23: [pluginmenu.amxx] Can't add menu item "Настр. команд" from plugin "pluginmenu.amxx" to menu set because the Menus Front-End plugin itself is not loaded!
L 10/16/2016 - 17:00:23: [admin.amxx] Login: "ZLOYTPEK<4><STEAM_0:0:87505889><>" became an admin (account "ZLOYTPEK") (access "abcdefghijklmnopqrstu") (address "127.0.0.1")
L 10/16/2016 - 17:00:23: [admin.amxx] Login: "ZLOYTPEK<4><STEAM_0:0:87505889><>" became an admin (account "ZLOYTPEK") (access "abcdefghijklmnopqrstu") (address "127.0.0.1")
L 10/16/2016 - 17:00:24: [admin.amxx] Login: "ZLOYTPEK<6><STEAM_0:0:87505889><>" became an admin (account "ZLOYTPEK") (access "abcdefghijklmnopqrstu") (address "127.0.0.1")
L 10/16/2016 - 17:00:44: [jbe_core.amxx] [RANK] MySQL connection failed
L 10/16/2016 - 17:00:44: [jbe_core.amxx] [ 2003 ] Can't connect to MySQL server on 'db2.myarena.ru' (10060)
L 10/16/2016 - 17:00:44: [jbe_core.amxx] Query state: 2
L 10/16/2016 - 17:01:06: [jbe_core.amxx] [RANK] MySQL connection failed
L 10/16/2016 - 17:01:06: [jbe_core.amxx] [ 2003 ] Can't connect to MySQL server on 'db2.myarena.ru' (10060)
L 10/16/2016 - 17:01:06: [jbe_core.amxx] Query state: 0
L 10/16/2016 - 17:01:27: [jbe_core.amxx] [RANK] MySQL connection failed
L 10/16/2016 - 17:01:27: [jbe_core.amxx] [ 2003 ] Can't connect to MySQL server on 'db2.myarena.ru' (10060)
L 10/16/2016 - 17:01:27: [jbe_core.amxx] Query state: 2
L 10/16/2016 - 17:02:45: [plmenu.amxx] Cmd: "ZLOYTPEK<6><STEAM_0:0:87505889><>" slay "ZLOYTPEK<6><STEAM_0:0:87505889><>"
L 10/16/2016 - 17:09:16: -------- Mapchange to jail_west_v2 --------
L 10/16/2016 - 17:09:17: [nextmap.amxx] WARNING: Couldn't find a valid map or the file doesn't exist (file "mapcycle.txt")
L 10/16/2016 - 17:09:17: Invalid multi-lingual line (file "cstrike\addons\amxmodx\data\lang\jbe_privilegii.txt" line 1)
L 10/16/2016 - 17:09:17: [colored_translit_config.amxx] Can't add menu item "Настройки чата" from plugin "Colored Translit Config" to menu set because the Menus Front-End plugin itself is not loaded!
L 10/16/2016 - 17:09:17: [AMXX] Failed to open dictionary file: cstrike\addons\amxmodx\data\lang\map_spawns_editor.txt
L 10/16/2016 - 17:09:18: [pluginmenu.amxx] Can't add menu item "Настр. конваров" from plugin "pluginmenu.amxx" to menu set because the Menus Front-End plugin itself is not loaded!
L 10/16/2016 - 17:09:18: [pluginmenu.amxx] Can't add menu item "Настр. команд" from plugin "pluginmenu.amxx" to menu set because the Menus Front-End plugin itself is not loaded!
L 10/16/2016 - 17:09:18: [admin.amxx] Login: "ZLOYTPEK<6><STEAM_0:0:87505889><>" became an admin (account "ZLOYTPEK") (access "abcdefghijklmnopqrstu") (address "127.0.0.1")
L 10/16/2016 - 17:09:18: [admin.amxx] Login: "ZLOYTPEK<6><STEAM_0:0:87505889><>" became an admin (account "ZLOYTPEK") (access "abcdefghijklmnopqrstu") (address "127.0.0.1")
L 10/16/2016 - 17:09:19: [admin.amxx] Login: "ZLOYTPEK<8><STEAM_0:0:87505889><>" became an admin (account "ZLOYTPEK") (access "abcdefghijklmnopqrstu") (address "127.0.0.1")
L 10/16/2016 - 17:09:39: [jbe_core.amxx] [RANK] MySQL connection failed
L 10/16/2016 - 17:09:39: [jbe_core.amxx] [ 2003 ] Can't connect to MySQL server on 'db2.myarena.ru' (10060)
L 10/16/2016 - 17:09:39: [jbe_core.amxx] Query state: 2
L 10/16/2016 - 17:10:00: [jbe_core.amxx] [RANK] MySQL connection failed
L 10/16/2016 - 17:10:00: [jbe_core.amxx] [ 2003 ] Can't connect to MySQL server on 'db2.myarena.ru' (10060)
L 10/16/2016 - 17:10:00: [jbe_core.amxx] Query state: 0
L 10/16/2016 - 17:10:22: [jbe_core.amxx] [RANK] MySQL connection failed
L 10/16/2016 - 17:10:22: [jbe_core.amxx] [ 2003 ] Can't connect to MySQL server on 'db2.myarena.ru' (10060)
L 10/16/2016 - 17:10:22: [jbe_core.amxx] Query state: 2
L 10/16/2016 - 17:19:43: [jbe_core.amxx] [RANK] MySQL connection failed
L 10/16/2016 - 17:19:43: [jbe_core.amxx] [ 2003 ] Can't connect to MySQL server on 'db2.myarena.ru' (10060)
L 10/16/2016 - 17:19:43: [jbe_core.amxx] Query state: 2
L 10/16/2016 - 17:20:10: -------- Mapchange to jail_west_v2 --------
L 10/16/2016 - 17:20:11: [nextmap.amxx] WARNING: Couldn't find a valid map or the file doesn't exist (file "mapcycle.txt")
L 10/16/2016 - 17:20:11: Invalid multi-lingual line (file "cstrike\addons\amxmodx\data\lang\jbe_ar4mode_hook.txt" line 1)
L 10/16/2016 - 17:20:11: [colored_translit_config.amxx] Can't add menu item "Настройки чата" from plugin "Colored Translit Config" to menu set because the Menus Front-End plugin itself is not loaded!
L 10/16/2016 - 17:20:11: [AMXX] Failed to open dictionary file: cstrike\addons\amxmodx\data\lang\map_spawns_editor.txt
L 10/16/2016 - 17:20:12: [pluginmenu.amxx] Can't add menu item "Настр. конваров" from plugin "pluginmenu.amxx" to menu set because the Menus Front-End plugin itself is not loaded!
L 10/16/2016 - 17:20:12: [pluginmenu.amxx] Can't add menu item "Настр. команд" from plugin "pluginmenu.amxx" to menu set because the Menus Front-End plugin itself is not loaded!
L 10/16/2016 - 17:20:12: [admin.amxx] Login: "ZLOYTPEK<8><STEAM_0:0:87505889><>" became an admin (account "ZLOYTPEK") (access "nst") (address "127.0.0.1")
L 10/16/2016 - 17:20:14: [admin.amxx] Login: "ZLOYTPEK<9><STEAM_0:0:87505889><>" became an admin (account "ZLOYTPEK") (access "nst") (address "127.0.0.1")
L 10/16/2016 - 17:20:33: [jbe_core.amxx] [RANK] MySQL connection failed
L 10/16/2016 - 17:20:33: [jbe_core.amxx] [ 2003 ] Can't connect to MySQL server on 'db2.myarena.ru' (10060)
L 10/16/2016 - 17:20:33: [jbe_core.amxx] Query state: 2
L 10/16/2016 - 17:20:54: [jbe_core.amxx] [RANK] MySQL connection failed
L 10/16/2016 - 17:20:54: [jbe_core.amxx] [ 2003 ] Can't connect to MySQL server on 'db2.myarena.ru' (10060)
L 10/16/2016 - 17:20:54: [jbe_core.amxx] Query state: 0
L 10/16/2016 - 17:21:17: [jbe_core.amxx] [RANK] MySQL connection failed
L 10/16/2016 - 17:21:17: [jbe_core.amxx] [ 2003 ] Can't connect to MySQL server on 'db2.myarena.ru' (10060)
L 10/16/2016 - 17:21:17: [jbe_core.amxx] Query state: 2
L 10/16/2016 - 17:29:36: -------- Mapchange to jail_west_v2 --------
L 10/16/2016 - 17:29:37: [nextmap.amxx] WARNING: Couldn't find a valid map or the file doesn't exist (file "mapcycle.txt")
L 10/16/2016 - 17:29:37: [colored_translit_config.amxx] Can't add menu item "Настройки чата" from plugin "Colored Translit Config" to menu set because the Menus Front-End plugin itself is not loaded!
L 10/16/2016 - 17:29:37: [AMXX] Failed to open dictionary file: cstrike\addons\amxmodx\data\lang\map_spawns_editor.txt
L 10/16/2016 - 17:29:38: [pluginmenu.amxx] Can't add menu item "Настр. конваров" from plugin "pluginmenu.amxx" to menu set because the Menus Front-End plugin itself is not loaded!
L 10/16/2016 - 17:29:38: [pluginmenu.amxx] Can't add menu item "Настр. команд" from plugin "pluginmenu.amxx" to menu set because the Menus Front-End plugin itself is not loaded!
L 10/16/2016 - 17:29:38: [admin.amxx] Login: "ZLOYTPEK<9><STEAM_0:0:87505889><>" became an admin (account "ZLOYTPEK") (access "nst") (address "127.0.0.1")
L 10/16/2016 - 17:29:38: [admin.amxx] Login: "ZLOYTPEK<9><STEAM_0:0:87505889><>" became an admin (account "ZLOYTPEK") (access "nst") (address "127.0.0.1")
L 10/16/2016 - 17:29:38: [admin.amxx] Login: "ZLOYTPEK<10><STEAM_0:0:87505889><>" became an admin (account "ZLOYTPEK") (access "nst") (address "127.0.0.1")
L 10/16/2016 - 17:29:59: [jbe_core.amxx] [RANK] MySQL connection failed
L 10/16/2016 - 17:29:59: [jbe_core.amxx] [ 2003 ] Can't connect to MySQL server on 'db2.myarena.ru' (10060)
L 10/16/2016 - 17:29:59: [jbe_core.amxx] Query state: 2
L 10/16/2016 - 17:30:20: [jbe_core.amxx] [RANK] MySQL connection failed
L 10/16/2016 - 17:30:20: [jbe_core.amxx] [ 2003 ] Can't connect to MySQL server on 'db2.myarena.ru' (10060)
L 10/16/2016 - 17:30:20: [jbe_core.amxx] Query state: 0
L 10/16/2016 - 17:30:41: [jbe_core.amxx] [RANK] MySQL connection failed
L 10/16/2016 - 17:30:41: [jbe_core.amxx] [ 2003 ] Can't connect to MySQL server on 'db2.myarena.ru' (10060)
L 10/16/2016 - 17:30:41: [jbe_core.amxx] Query state: 2
L 10/16/2016 - 17:31:00: -------- Mapchange to jail_west_v2 --------
L 10/16/2016 - 17:31:14: -------- Mapchange to jail_west_v2 --------
L 10/16/2016 - 17:31:14: [GEOIP] Database info: GEO-106FREE 20080801 Build 1 Copyright (c) 2007 MaxMind LLC All Rights Reserved
L 10/16/2016 - 17:31:15: [nextmap.amxx] WARNING: Couldn't find a valid map or the file doesn't exist (file "mapcycle.txt")
L 10/16/2016 - 17:31:15: Invalid multi-lingual line (file "cstrike\addons\amxmodx\data\lang\jbe_privilegii.txt" line 1)
L 10/16/2016 - 17:31:15: Invalid multi-lingual line (file "cstrike\addons\amxmodx\data\lang\jbe_core.txt" line 1)
L 10/16/2016 - 17:31:15: Invalid multi-lingual line (file "cstrike\addons\amxmodx\data\lang\jbe_ranks_prisoner.txt" line 1)
L 10/16/2016 - 17:31:15: Invalid multi-lingual line (file "cstrike\addons\amxmodx\data\lang\jbe_shop.txt" line 1)
L 10/16/2016 - 17:31:15: Invalid multi-lingual line (file "cstrike\addons\amxmodx\data\lang\jbe_costumes.txt" line 1)
L 10/16/2016 - 17:31:15: Invalid multi-lingual line (file "cstrike\addons\amxmodx\data\lang\jbe_grab.txt" line 1)
L 10/16/2016 - 17:31:15: Invalid multi-lingual line (file "cstrike\addons\amxmodx\data\lang\jbe_ar4mode_hook.txt" line 1)
L 10/16/2016 - 17:31:15: Invalid multi-lingual line (file "cstrike\addons\amxmodx\data\lang\jbe_roleplay.txt" line 1)
L 10/16/2016 - 17:31:15: Invalid multi-lingual line (file "cstrike\addons\amxmodx\data\lang\colored_translit.txt" line 1)
L 10/16/2016 - 17:31:15: Invalid multi-lingual line (file "cstrike\addons\amxmodx\data\lang\colored_translit_config.txt" line 1)
L 10/16/2016 - 17:31:15: [colored_translit_config.amxx] Can't add menu item "Настройки чата" from plugin "Colored Translit Config" to menu set because the Menus Front-End plugin itself is not loaded!
L 10/16/2016 - 17:31:15: [AMXX] Failed to open dictionary file: cstrike\addons\amxmodx\data\lang\map_spawns_editor.txt
L 10/16/2016 - 17:31:15: [pluginmenu.amxx] Can't add menu item "Настр. конваров" from plugin "pluginmenu.amxx" to menu set because the Menus Front-End plugin itself is not loaded!
L 10/16/2016 - 17:31:15: [pluginmenu.amxx] Can't add menu item "Настр. команд" from plugin "pluginmenu.amxx" to menu set because the Menus Front-End plugin itself is not loaded!
L 10/16/2016 - 17:31:19: [admin.amxx] Login: "ZLOYTPEK<1><STEAM_0:0:87505889><>" became an admin (account "ZLOYTPEK") (access "nst") (address "127.0.0.1")
L 10/16/2016 - 17:31:36: [jbe_core.amxx] [RANK] MySQL connection failed
L 10/16/2016 - 17:31:36: [jbe_core.amxx] [ 2003 ] Can't connect to MySQL server on 'db2.myarena.ru' (10060)
L 10/16/2016 - 17:31:36: [jbe_core.amxx] Query state: 2
L 10/16/2016 - 17:31:58: [jbe_core.amxx] [RANK] MySQL connection failed
L 10/16/2016 - 17:31:58: [jbe_core.amxx] [ 2003 ] Can't connect to MySQL server on 'db2.myarena.ru' (10060)
L 10/16/2016 - 17:31:58: [jbe_core.amxx] Query state: 0
L 10/16/2016 - 17:32:11: -------- Mapchange to jail_west_v2 --------
L 10/16/2016 - 17:32:11: [nextmap.amxx] WARNING: Couldn't find a valid map or the file doesn't exist (file "mapcycle.txt")
L 10/16/2016 - 17:32:12: [colored_translit_config.amxx] Can't add menu item "Настройки чата" from plugin "Colored Translit Config" to menu set because the Menus Front-End plugin itself is not loaded!
L 10/16/2016 - 17:32:12: [AMXX] Failed to open dictionary file: cstrike\addons\amxmodx\data\lang\map_spawns_editor.txt
L 10/16/2016 - 17:32:12: [pluginmenu.amxx] Can't add menu item "Настр. конваров" from plugin "pluginmenu.amxx" to menu set because the Menus Front-End plugin itself is not loaded!
L 10/16/2016 - 17:32:12: [pluginmenu.amxx] Can't add menu item "Настр. команд" from plugin "pluginmenu.amxx" to menu set because the Menus Front-End plugin itself is not loaded!
L 10/16/2016 - 17:32:12: [admin.amxx] Login: "ZLOYTPEK<1><STEAM_0:0:87505889><>" became an admin (account "ZLOYTPEK") (access "nst") (address "127.0.0.1")
L 10/16/2016 - 17:32:33: [jbe_core.amxx] [RANK] MySQL connection failed
L 10/16/2016 - 17:32:33: [jbe_core.amxx] [ 2003 ] Can't connect to MySQL server on 'db2.myarena.ru' (10060)
L 10/16/2016 - 17:32:33: [jbe_core.amxx] Query state: 2
L 10/16/2016 - 17:32:54: [jbe_core.amxx] [RANK] MySQL connection failed
L 10/16/2016 - 17:32:54: [jbe_core.amxx] [ 2003 ] Can't connect to MySQL server on 'db2.myarena.ru' (10060)
L 10/16/2016 - 17:32:54: [jbe_core.amxx] Query state: 0
L 10/16/2016 - 17:33:16: [jbe_core.amxx] [RANK] MySQL connection failed
L 10/16/2016 - 17:33:16: [jbe_core.amxx] [ 2003 ] Can't connect to MySQL server on 'db2.myarena.ru' (10060)
L 10/16/2016 - 17:33:16: [jbe_core.amxx] Query state: 2
L 10/16/2016 - 17:33:35: -------- Mapchange to jail_west_v2 --------
L 10/16/2016 - 17:33:35: [GEOIP] Database info: GEO-106FREE 20080801 Build 1 Copyright (c) 2007 MaxMind LLC All Rights Reserved
L 10/16/2016 - 17:33:35: [nextmap.amxx] WARNING: Couldn't find a valid map or the file doesn't exist (file "mapcycle.txt")
L 10/16/2016 - 17:33:35: Invalid multi-lingual line (file "cstrike\addons\amxmodx\data\lang\jbe_privilegii.txt" line 1)
L 10/16/2016 - 17:33:35: Invalid multi-lingual line (file "cstrike\addons\amxmodx\data\lang\jbe_core.txt" line 1)
L 10/16/2016 - 17:33:35: Invalid multi-lingual line (file "cstrike\addons\amxmodx\data\lang\jbe_ranks_prisoner.txt" line 1)
L 10/16/2016 - 17:33:35: Invalid multi-lingual line (file "cstrike\addons\amxmodx\data\lang\jbe_shop.txt" line 1)
L 10/16/2016 - 17:33:35: Invalid multi-lingual line (file "cstrike\addons\amxmodx\data\lang\jbe_costumes.txt" line 1)
L 10/16/2016 - 17:33:35: Invalid multi-lingual line (file "cstrike\addons\amxmodx\data\lang\jbe_grab.txt" line 1)
L 10/16/2016 - 17:33:35: Invalid multi-lingual line (file "cstrike\addons\amxmodx\data\lang\jbe_ar4mode_hook.txt" line 1)
L 10/16/2016 - 17:33:35: Invalid multi-lingual line (file "cstrike\addons\amxmodx\data\lang\jbe_roleplay.txt" line 1)
L 10/16/2016 - 17:33:35: Invalid multi-lingual line (file "cstrike\addons\amxmodx\data\lang\colored_translit.txt" line 1)
L 10/16/2016 - 17:33:35: Invalid multi-lingual line (file "cstrike\addons\amxmodx\data\lang\colored_translit_config.txt" line 1)
L 10/16/2016 - 17:33:36: [colored_translit_config.amxx] Can't add menu item "Настройки чата" from plugin "Colored Translit Config" to menu set because the Menus Front-End plugin itself is not loaded!
L 10/16/2016 - 17:33:36: [AMXX] Failed to open dictionary file: cstrike\addons\amxmodx\data\lang\map_spawns_editor.txt
L 10/16/2016 - 17:33:36: [pluginmenu.amxx] Can't add menu item "Настр. конваров" from plugin "pluginmenu.amxx" to menu set because the Menus Front-End plugin itself is not loaded!
L 10/16/2016 - 17:33:36: [pluginmenu.amxx] Can't add menu item "Настр. команд" from plugin "pluginmenu.amxx" to menu set because the Menus Front-End plugin itself is not loaded!
L 10/16/2016 - 17:33:41: [admin.amxx] Login: "ZLOYTPEK<1><STEAM_0:0:87505889><>" became an admin (account "ZLOYTPEK") (access "nst") (address "127.0.0.1")
L 10/16/2016 - 17:33:57: [jbe_core.amxx] [RANK] MySQL connection failed
L 10/16/2016 - 17:33:57: [jbe_core.amxx] [ 2003 ] Can't connect to MySQL server on 'db2.myarena.ru' (10060)
L 10/16/2016 - 17:33:57: [jbe_core.amxx] Query state: 2
L 10/16/2016 - 17:34:19: [jbe_core.amxx] [RANK] MySQL connection failed
L 10/16/2016 - 17:34:19: [jbe_core.amxx] [ 2003 ] Can't connect to MySQL server on 'db2.myarena.ru' (10060)
L 10/16/2016 - 17:34:19: [jbe_core.amxx] Query state: 0
L 10/16/2016 - 17:34:44: [jbe_core.amxx] [RANK] MySQL connection failed
L 10/16/2016 - 17:34:44: [jbe_core.amxx] [ 2003 ] Can't connect to MySQL server on 'db2.myarena.ru' (10060)
L 10/16/2016 - 17:34:44: [jbe_core.amxx] Query state: 2
L 10/16/2016 - 17:40:04: -------- Mapchange to jail_west_v2 --------
L 10/16/2016 - 17:40:05: [nextmap.amxx] WARNING: Couldn't find a valid map or the file doesn't exist (file "mapcycle.txt")
L 10/16/2016 - 17:40:05: [colored_translit_config.amxx] Can't add menu item "Настройки чата" from plugin "Colored Translit Config" to menu set because the Menus Front-End plugin itself is not loaded!
L 10/16/2016 - 17:40:05: [AMXX] Failed to open dictionary file: cstrike\addons\amxmodx\data\lang\map_spawns_editor.txt
L 10/16/2016 - 17:40:06: [pluginmenu.amxx] Can't add menu item "Настр. конваров" from plugin "pluginmenu.amxx" to menu set because the Menus Front-End plugin itself is not loaded!
L 10/16/2016 - 17:40:06: [pluginmenu.amxx] Can't add menu item "Настр. команд" from plugin "pluginmenu.amxx" to menu set because the Menus Front-End plugin itself is not loaded!
L 10/16/2016 - 17:40:06: [admin.amxx] Login: "ZLOYTPEK<1><STEAM_0:0:87505889><>" became an admin (account "ZLOYTPEK") (access "abcdefghijklmnopqrstu") (address "127.0.0.1")
L 10/16/2016 - 17:40:06: [admin.amxx] Login: "ZLOYTPEK<2><STEAM_0:0:87505889><>" became an admin (account "ZLOYTPEK") (access "abcdefghijklmnopqrstu") (address "127.0.0.1")
L 10/16/2016 - 17:40:27: [jbe_core.amxx] [RANK] MySQL connection failed
L 10/16/2016 - 17:40:27: [jbe_core.amxx] [ 2003 ] Can't connect to MySQL server on 'db2.myarena.ru' (10060)
L 10/16/2016 - 17:40:27: [jbe_core.amxx] Query state: 2
L 10/16/2016 - 17:40:48: [jbe_core.amxx] [RANK] MySQL connection failed
L 10/16/2016 - 17:40:48: [jbe_core.amxx] [ 2003 ] Can't connect to MySQL server on 'db2.myarena.ru' (10060)
L 10/16/2016 - 17:40:48: [jbe_core.amxx] Query state: 0
L 10/16/2016 - 17:41:09: [jbe_core.amxx] [RANK] MySQL connection failed
L 10/16/2016 - 17:41:09: [jbe_core.amxx] [ 2003 ] Can't connect to MySQL server on 'db2.myarena.ru' (10060)
L 10/16/2016 - 17:41:09: [jbe_core.amxx] Query state: 2
L 10/16/2016 - 17:46:01: -------- Mapchange to jail_west_v2 --------
L 10/16/2016 - 17:46:01: [GEOIP] Database info: GEO-106FREE 20080801 Build 1 Copyright (c) 2007 MaxMind LLC All Rights Reserved
L 10/16/2016 - 17:46:02: [nextmap.amxx] WARNING: Couldn't find a valid map or the file doesn't exist (file "mapcycle.txt")
L 10/16/2016 - 17:46:02: Invalid multi-lingual line (file "cstrike\addons\amxmodx\data\lang\jbe_privilegii.txt" line 1)
L 10/16/2016 - 17:46:02: Invalid multi-lingual line (file "cstrike\addons\amxmodx\data\lang\jbe_core.txt" line 1)
L 10/16/2016 - 17:46:02: Invalid multi-lingual line (file "cstrike\addons\amxmodx\data\lang\jbe_ranks_prisoner.txt" line 1)
L 10/16/2016 - 17:46:02: Invalid multi-lingual line (file "cstrike\addons\amxmodx\data\lang\jbe_shop.txt" line 1)
L 10/16/2016 - 17:46:02: Invalid multi-lingual line (file "cstrike\addons\amxmodx\data\lang\jbe_costumes.txt" line 1)
L 10/16/2016 - 17:46:02: Invalid multi-lingual line (file "cstrike\addons\amxmodx\data\lang\jbe_grab.txt" line 1)
L 10/16/2016 - 17:46:02: Invalid multi-lingual line (file "cstrike\addons\amxmodx\data\lang\jbe_ar4mode_hook.txt" line 1)
L 10/16/2016 - 17:46:02: Invalid multi-lingual line (file "cstrike\addons\amxmodx\data\lang\jbe_roleplay.txt" line 1)
L 10/16/2016 - 17:46:02: Invalid multi-lingual line (file "cstrike\addons\amxmodx\data\lang\colored_translit.txt" line 1)
L 10/16/2016 - 17:46:02: Invalid multi-lingual line (file "cstrike\addons\amxmodx\data\lang\colored_translit_config.txt" line 1)
L 10/16/2016 - 17:46:02: [colored_translit_config.amxx] Can't add menu item "Настройки чата" from plugin "Colored Translit Config" to menu set because the Menus Front-End plugin itself is not loaded!
L 10/16/2016 - 17:46:02: [AMXX] Failed to open dictionary file: cstrike\addons\amxmodx\data\lang\map_spawns_editor.txt
L 10/16/2016 - 17:46:03: [pluginmenu.amxx] Can't add menu item "Настр. конваров" from plugin "pluginmenu.amxx" to menu set because the Menus Front-End plugin itself is not loaded!
L 10/16/2016 - 17:46:03: [pluginmenu.amxx] Can't add menu item "Настр. команд" from plugin "pluginmenu.amxx" to menu set because the Menus Front-End plugin itself is not loaded!
L 10/16/2016 - 17:46:05: [admin.amxx] Login: "ZLOYTPEK<1><STEAM_0:0:87505889><>" became an admin (account "ZLOYTPEK") (access "abcdefghijklmnopqrstu") (address "127.0.0.1")
L 10/16/2016 - 17:46:24: [jbe_core.amxx] [RANK] MySQL connection failed
L 10/16/2016 - 17:46:24: [jbe_core.amxx] [ 2003 ] Can't connect to MySQL server on 'db2.myarena.ru' (10060)
L 10/16/2016 - 17:46:24: [jbe_core.amxx] Query state: 2
L 10/16/2016 - 17:46:45: [jbe_core.amxx] [RANK] MySQL connection failed
L 10/16/2016 - 17:46:45: [jbe_core.amxx] [ 2003 ] Can't connect to MySQL server on 'db2.myarena.ru' (10060)
L 10/16/2016 - 17:46:45: [jbe_core.amxx] Query state: 0
L 10/16/2016 - 17:47:08: [jbe_core.amxx] [RANK] MySQL connection failed
L 10/16/2016 - 17:47:08: [jbe_core.amxx] [ 2003 ] Can't connect to MySQL server on 'db2.myarena.ru' (10060)
L 10/16/2016 - 17:47:08: [jbe_core.amxx] Query state: 2
L 10/16/2016 - 17:56:28: [jbe_core.amxx] [RANK] MySQL connection failed
L 10/16/2016 - 17:56:28: [jbe_core.amxx] [ 2003 ] Can't connect to MySQL server on 'db2.myarena.ru' (10060)
L 10/16/2016 - 17:56:28: [jbe_core.amxx] Query state: 2
L 10/16/2016 - 18:01:51: -------- Mapchange to jail_west_v2 --------
L 10/16/2016 - 18:01:51: [nextmap.amxx] WARNING: Couldn't find a valid map or the file doesn't exist (file "mapcycle.txt")
L 10/16/2016 - 18:01:52: [colored_translit_config.amxx] Can't add menu item "Настройки чата" from plugin "Colored Translit Config" to menu set because the Menus Front-End plugin itself is not loaded!
L 10/16/2016 - 18:01:52: [AMXX] Failed to open dictionary file: cstrike\addons\amxmodx\data\lang\map_spawns_editor.txt
L 10/16/2016 - 18:01:52: [pluginmenu.amxx] Can't add menu item "Настр. конваров" from plugin "pluginmenu.amxx" to menu set because the Menus Front-End plugin itself is not loaded!
L 10/16/2016 - 18:01:52: [pluginmenu.amxx] Can't add menu item "Настр. команд" from plugin "pluginmenu.amxx" to menu set because the Menus Front-End plugin itself is not loaded!
L 10/16/2016 - 18:02:13: [jbe_core.amxx] [RANK] MySQL connection failed
L 10/16/2016 - 18:02:13: [jbe_core.amxx] [ 2003 ] Can't connect to MySQL server on 'db2.myarena.ru' (10060)
L 10/16/2016 - 18:02:13: [jbe_core.amxx] Query state: 2
L 10/16/2016 - 18:17:40: -------- Mapchange to jail_west_v2 --------
L 10/16/2016 - 18:17:40: [nextmap.amxx] WARNING: Couldn't find a valid map or the file doesn't exist (file "mapcycle.txt")
L 10/16/2016 - 18:17:41: [colored_translit_config.amxx] Can't add menu item "Настройки чата" from plugin "Colored Translit Config" to menu set because the Menus Front-End plugin itself is not loaded!
L 10/16/2016 - 18:17:41: [AMXX] Failed to open dictionary file: cstrike\addons\amxmodx\data\lang\map_spawns_editor.txt
L 10/16/2016 - 18:17:41: [pluginmenu.amxx] Can't add menu item "Настр. конваров" from plugin "pluginmenu.amxx" to menu set because the Menus Front-End plugin itself is not loaded!
L 10/16/2016 - 18:17:41: [pluginmenu.amxx] Can't add menu item "Настр. команд" from plugin "pluginmenu.amxx" to menu set because the Menus Front-End plugin itself is not loaded!
L 10/16/2016 - 18:18:02: [jbe_core.amxx] [RANK] MySQL connection failed
L 10/16/2016 - 18:18:02: [jbe_core.amxx] [ 2003 ] Can't connect to MySQL server on 'db2.myarena.ru' (10060)
L 10/16/2016 - 18:18:02: [jbe_core.amxx] Query state: 2
L 10/16/2016 - 18:33:37: -------- Mapchange to jail_west_v2 --------
L 10/16/2016 - 18:33:37: [nextmap.amxx] WARNING: Couldn't find a valid map or the file doesn't exist (file "mapcycle.txt")
L 10/16/2016 - 18:33:38: [colored_translit_config.amxx] Can't add menu item "Настройки чата" from plugin "Colored Translit Config" to menu set because the Menus Front-End plugin itself is not loaded!
L 10/16/2016 - 18:33:38: [AMXX] Failed to open dictionary file: cstrike\addons\amxmodx\data\lang\map_spawns_editor.txt
L 10/16/2016 - 18:33:38: [pluginmenu.amxx] Can't add menu item "Настр. конваров" from plugin "pluginmenu.amxx" to menu set because the Menus Front-End plugin itself is not loaded!
L 10/16/2016 - 18:33:38: [pluginmenu.amxx] Can't add menu item "Настр. команд" from plugin "pluginmenu.amxx" to menu set because the Menus Front-End plugin itself is not loaded!
L 10/16/2016 - 18:33:59: [jbe_core.amxx] [RANK] MySQL connection failed
L 10/16/2016 - 18:33:59: [jbe_core.amxx] [ 2003 ] Can't connect to MySQL server on 'db2.myarena.ru' (10060)
L 10/16/2016 - 18:33:59: [jbe_core.amxx] Query state: 2
L 10/16/2016 - 18:41:38: -------- Mapchange to jail_west_v2 --------
L 10/16/2016 - 18:41:39: [nextmap.amxx] WARNING: Couldn't find a valid map or the file doesn't exist (file "mapcycle.txt")
L 10/16/2016 - 18:41:39: [colored_translit_config.amxx] Can't add menu item "Настройки чата" from plugin "Colored Translit Config" to menu set because the Menus Front-End plugin itself is not loaded!
L 10/16/2016 - 18:41:39: [AMXX] Failed to open dictionary file: cstrike\addons\amxmodx\data\lang\map_spawns_editor.txt
L 10/16/2016 - 18:41:39: [pluginmenu.amxx] Can't add menu item "Настр. конваров" from plugin "pluginmenu.amxx" to menu set because the Menus Front-End plugin itself is not loaded!
L 10/16/2016 - 18:41:39: [pluginmenu.amxx] Can't add menu item "Настр. команд" from plugin "pluginmenu.amxx" to menu set because the Menus Front-End plugin itself is not loaded!
L 10/16/2016 - 18:41:45: [admin.amxx] Login: "ZLOYTPEK<2><STEAM_0:0:87505889><>" became an admin (account "ZLOYTPEK") (access "abcdefghijklmnopqrstu") (address "127.0.0.1")
L 10/16/2016 - 18:42:01: [jbe_core.amxx] [RANK] MySQL connection failed
L 10/16/2016 - 18:42:01: [jbe_core.amxx] [ 2003 ] Can't connect to MySQL server on 'db2.myarena.ru' (10060)
L 10/16/2016 - 18:42:01: [jbe_core.amxx] Query state: 2
L 10/16/2016 - 18:42:22: [jbe_core.amxx] [RANK] MySQL connection failed
L 10/16/2016 - 18:42:22: [jbe_core.amxx] [ 2003 ] Can't connect to MySQL server on 'db2.myarena.ru' (10060)
L 10/16/2016 - 18:42:22: [jbe_core.amxx] Query state: 0
L 10/16/2016 - 18:42:49: [jbe_core.amxx] [RANK] MySQL connection failed
L 10/16/2016 - 18:42:49: [jbe_core.amxx] [ 2003 ] Can't connect to MySQL server on 'db2.myarena.ru' (10060)
L 10/16/2016 - 18:42:49: [jbe_core.amxx] Query state: 2
L 10/16/2016 - 18:45:58: -------- Mapchange to jail_west_v2 --------
L 10/16/2016 - 18:46:12: -------- Mapchange to jail_west_v2 --------
L 10/16/2016 - 18:46:12: [GEOIP] Database info: GEO-106FREE 20080801 Build 1 Copyright (c) 2007 MaxMind LLC All Rights Reserved
L 10/16/2016 - 18:46:12: [nextmap.amxx] WARNING: Couldn't find a valid map or the file doesn't exist (file "mapcycle.txt")
L 10/16/2016 - 18:46:12: Invalid multi-lingual line (file "cstrike\addons\amxmodx\data\lang\jbe_privilegii.txt" line 1)
L 10/16/2016 - 18:46:12: Invalid multi-lingual line (file "cstrike\addons\amxmodx\data\lang\jbe_core.txt" line 1)
L 10/16/2016 - 18:46:12: Invalid multi-lingual line (file "cstrike\addons\amxmodx\data\lang\jbe_ranks_prisoner.txt" line 1)
L 10/16/2016 - 18:46:12: Invalid multi-lingual line (file "cstrike\addons\amxmodx\data\lang\jbe_shop.txt" line 1)
L 10/16/2016 - 18:46:12: Invalid multi-lingual line (file "cstrike\addons\amxmodx\data\lang\jbe_costumes.txt" line 1)
L 10/16/2016 - 18:46:13: Invalid multi-lingual line (file "cstrike\addons\amxmodx\data\lang\jbe_grab.txt" line 1)
L 10/16/2016 - 18:46:13: Invalid multi-lingual line (file "cstrike\addons\amxmodx\data\lang\jbe_ar4mode_hook.txt" line 1)
L 10/16/2016 - 18:46:13: Invalid multi-lingual line (file "cstrike\addons\amxmodx\data\lang\jbe_roleplay.txt" line 1)
L 10/16/2016 - 18:46:13: Invalid multi-lingual line (file "cstrike\addons\amxmodx\data\lang\colored_translit.txt" line 1)
L 10/16/2016 - 18:46:13: Invalid multi-lingual line (file "cstrike\addons\amxmodx\data\lang\colored_translit_config.txt" line 1)
L 10/16/2016 - 18:46:13: [colored_translit_config.amxx] Can't add menu item "Настройки чата" from plugin "Colored Translit Config" to menu set because the Menus Front-End plugin itself is not loaded!
L 10/16/2016 - 18:46:13: [AMXX] Failed to open dictionary file: cstrike\addons\amxmodx\data\lang\map_spawns_editor.txt
L 10/16/2016 - 18:46:13: [pluginmenu.amxx] Can't add menu item "Настр. конваров" from plugin "pluginmenu.amxx" to menu set because the Menus Front-End plugin itself is not loaded!
L 10/16/2016 - 18:46:13: [pluginmenu.amxx] Can't add menu item "Настр. команд" from plugin "pluginmenu.amxx" to menu set because the Menus Front-End plugin itself is not loaded!
L 10/16/2016 - 18:46:17: [admin.amxx] Login: "ZLOYTPEK<1><STEAM_0:0:87505889><>" became an admin (account "ZLOYTPEK") (access "abcdefghijklmnopqrstu") (address "127.0.0.1")
L 10/16/2016 - 18:46:34: [jbe_core.amxx] [RANK] MySQL connection failed
L 10/16/2016 - 18:46:34: [jbe_core.amxx] [ 2003 ] Can't connect to MySQL server on 'db2.myarena.ru' (10060)
L 10/16/2016 - 18:46:34: [jbe_core.amxx] Query state: 2
L 10/16/2016 - 18:46:56: [jbe_core.amxx] [RANK] MySQL connection failed
L 10/16/2016 - 18:46:56: [jbe_core.amxx] [ 2003 ] Can't connect to MySQL server on 'db2.myarena.ru' (10060)
L 10/16/2016 - 18:46:56: [jbe_core.amxx] Query state: 0
L 10/16/2016 - 18:47:21: [jbe_core.amxx] [RANK] MySQL connection failed
L 10/16/2016 - 18:47:21: [jbe_core.amxx] [ 2003 ] Can't connect to MySQL server on 'db2.myarena.ru' (10060)
L 10/16/2016 - 18:47:21: [jbe_core.amxx] Query state: 2
L 10/16/2016 - 18:47:52: [jbe_core.amxx] [RANK] MySQL connection failed
L 10/16/2016 - 18:47:52: [jbe_core.amxx] [ 2003 ] Can't connect to MySQL server on 'db2.myarena.ru' (10060)
L 10/16/2016 - 18:47:52: [jbe_core.amxx] Query state: 2
L 10/16/2016 - 18:52:44: -------- Mapchange to jail_west_v2 --------
L 10/16/2016 - 18:52:45: [nextmap.amxx] WARNING: Couldn't find a valid map or the file doesn't exist (file "mapcycle.txt")
L 10/16/2016 - 18:52:45: Invalid multi-lingual line (file "cstrike\addons\amxmodx\data\lang\jbe_core.txt" line 1)
L 10/16/2016 - 18:52:45: [colored_translit_config.amxx] Can't add menu item "Настройки чата" from plugin "Colored Translit Config" to menu set because the Menus Front-End plugin itself is not loaded!
L 10/16/2016 - 18:52:45: [AMXX] Failed to open dictionary file: cstrike\addons\amxmodx\data\lang\map_spawns_editor.txt
L 10/16/2016 - 18:52:45: [pluginmenu.amxx] Can't add menu item "Настр. конваров" from plugin "pluginmenu.amxx" to menu set because the Menus Front-End plugin itself is not loaded!
L 10/16/2016 - 18:52:45: [pluginmenu.amxx] Can't add menu item "Настр. команд" from plugin "pluginmenu.amxx" to menu set because the Menus Front-End plugin itself is not loaded!
L 10/16/2016 - 18:52:45: [admin.amxx] Login: "ZLOYTPEK<1><STEAM_0:0:87505889><>" became an admin (account "ZLOYTPEK") (access "abcdefghijklmnopqrstu") (address "127.0.0.1")
L 10/16/2016 - 18:52:45: [admin.amxx] Login: "ZLOYTPEK<1><STEAM_0:0:87505889><>" became an admin (account "ZLOYTPEK") (access "abcdefghijklmnopqrstu") (address "127.0.0.1")
L 10/16/2016 - 18:52:46: [admin.amxx] Login: "ZLOYTPEK<2><STEAM_0:0:87505889><>" became an admin (account "ZLOYTPEK") (access "abcdefghijklmnopqrstu") (address "127.0.0.1")
L 10/16/2016 - 18:53:06: [jbe_core.amxx] [RANK] MySQL connection failed
L 10/16/2016 - 18:53:06: [jbe_core.amxx] [ 2003 ] Can't connect to MySQL server on 'db2.myarena.ru' (10060)
L 10/16/2016 - 18:53:06: [jbe_core.amxx] Query state: 2
L 10/16/2016 - 18:53:28: [jbe_core.amxx] [RANK] MySQL connection failed
L 10/16/2016 - 18:53:28: [jbe_core.amxx] [ 2003 ] Can't connect to MySQL server on 'db2.myarena.ru' (10060)
L 10/16/2016 - 18:53:28: [jbe_core.amxx] Query state: 0
L 10/16/2016 - 18:54:10: -------- Mapchange to jail_west_v2 --------
L 10/16/2016 - 18:54:11: [nextmap.amxx] WARNING: Couldn't find a valid map or the file doesn't exist (file "mapcycle.txt")
L 10/16/2016 - 18:54:11: Invalid multi-lingual line (file "cstrike\addons\amxmodx\data\lang\jbe_core.txt" line 1)
L 10/16/2016 - 18:54:11: [colored_translit_config.amxx] Can't add menu item "Настройки чата" from plugin "Colored Translit Config" to menu set because the Menus Front-End plugin itself is not loaded!
L 10/16/2016 - 18:54:11: [AMXX] Failed to open dictionary file: cstrike\addons\amxmodx\data\lang\map_spawns_editor.txt
L 10/16/2016 - 18:54:11: [pluginmenu.amxx] Can't add menu item "Настр. конваров" from plugin "pluginmenu.amxx" to menu set because the Menus Front-End plugin itself is not loaded!
L 10/16/2016 - 18:54:11: [pluginmenu.amxx] Can't add menu item "Настр. команд" from plugin "pluginmenu.amxx" to menu set because the Menus Front-End plugin itself is not loaded!
L 10/16/2016 - 18:54:11: [admin.amxx] Login: "ZLOYTPEK<2><STEAM_0:0:87505889><>" became an admin (account "ZLOYTPEK") (access "abcdefghijklmnopqrstu") (address "127.0.0.1")
L 10/16/2016 - 18:54:11: [admin.amxx] Login: "ZLOYTPEK<2><STEAM_0:0:87505889><>" became an admin (account "ZLOYTPEK") (access "abcdefghijklmnopqrstu") (address "127.0.0.1")
L 10/16/2016 - 18:54:12: [admin.amxx] Login: "ZLOYTPEK<3><STEAM_0:0:87505889><>" became an admin (account "ZLOYTPEK") (access "abcdefghijklmnopqrstu") (address "127.0.0.1")
L 10/16/2016 - 18:54:32: [jbe_core.amxx] [RANK] MySQL connection failed
L 10/16/2016 - 18:54:32: [jbe_core.amxx] [ 2003 ] Can't connect to MySQL server on 'db2.myarena.ru' (10060)
L 10/16/2016 - 18:54:32: [jbe_core.amxx] Query state: 2
L 10/16/2016 - 18:54:54: [jbe_core.amxx] [RANK] MySQL connection failed
L 10/16/2016 - 18:54:54: [jbe_core.amxx] [ 2003 ] Can't connect to MySQL server on 'db2.myarena.ru' (10060)
L 10/16/2016 - 18:54:54: [jbe_core.amxx] Query state: 0
L 10/16/2016 - 18:55:16: [jbe_core.amxx] [RANK] MySQL connection failed
L 10/16/2016 - 18:55:16: [jbe_core.amxx] [ 2003 ] Can't connect to MySQL server on 'db2.myarena.ru' (10060)
L 10/16/2016 - 18:55:16: [jbe_core.amxx] Query state: 2
