L 05/13/2016 - 00:20:01: -------- Mapchange to jail_xmf --------
L 05/13/2016 - 00:20:02: [GEOIP] Database info: GEO-106FREE 20080801 Build 1 Copyright (c) 2007 MaxMind LLC All Rights Reserved
L 05/13/2016 - 00:20:10: [AMXX] Failed to open dictionary file: cstrike\addons\amxmodx\data\lang\grab_plus.txt
L 05/13/2016 - 00:20:10: [umm.amxx] Plugin matching "nextmap.amxx" stopped
L 05/13/2016 - 00:20:10: [umm.amxx] Plugin matching "timeleft.amxx" stopped
L 05/13/2016 - 00:20:10: [umm.amxx] Plugin matching "mapchooser.amxx" stopped
L 05/13/2016 - 00:20:25: [admin.amxx] Login: "hanz0r~<1><STEAM_0:0:946943482><>" became an admin (account "hanz0r~") (access "abcdefijmnopqrstu") (address "192.168.0.103")
L 05/13/2016 - 00:20:29: [admin.amxx] Login: "hanz0r~<2><STEAM_0:0:946943482><>" became an admin (account "hanz0r~") (access "abcdefijmnopqrstu") (address "192.168.0.103")
L 05/13/2016 - 14:44:03: -------- Mapchange to jail_xmf --------
L 05/13/2016 - 14:44:04: [GEOIP] Database info: GEO-106FREE 20080801 Build 1 Copyright (c) 2007 MaxMind LLC All Rights Reserved
L 05/13/2016 - 14:44:13: [AMXX] Failed to open dictionary file: cstrike\addons\amxmodx\data\lang\grab_plus.txt
L 05/13/2016 - 14:44:13: [umm.amxx] Plugin matching "nextmap.amxx" stopped
L 05/13/2016 - 14:44:13: [umm.amxx] Plugin matching "timeleft.amxx" stopped
L 05/13/2016 - 14:44:13: [umm.amxx] Plugin matching "mapchooser.amxx" stopped
L 05/13/2016 - 14:48:20: -------- Mapchange to jail_xmf --------
L 05/13/2016 - 14:48:20: [GEOIP] Database info: GEO-106FREE 20080801 Build 1 Copyright (c) 2007 MaxMind LLC All Rights Reserved
L 05/13/2016 - 14:48:21: [AMXX] Failed to open dictionary file: cstrike\addons\amxmodx\data\lang\grab_plus.txt
L 05/13/2016 - 14:48:22: [umm.amxx] Plugin matching "nextmap.amxx" stopped
L 05/13/2016 - 14:48:22: [umm.amxx] Plugin matching "timeleft.amxx" stopped
L 05/13/2016 - 14:48:22: [umm.amxx] Plugin matching "mapchooser.amxx" stopped
L 05/13/2016 - 16:03:17: -------- Mapchange to jail_xmf --------
L 05/13/2016 - 16:03:18: [GEOIP] Database info: GEO-106FREE 20080801 Build 1 Copyright (c) 2007 MaxMind LLC All Rights Reserved
L 05/13/2016 - 16:03:26: [AMXX] Failed to open dictionary file: cstrike\addons\amxmodx\data\lang\grab_plus.txt
L 05/13/2016 - 16:03:26: [umm.amxx] Plugin matching "nextmap.amxx" stopped
L 05/13/2016 - 16:03:26: [umm.amxx] Plugin matching "timeleft.amxx" stopped
L 05/13/2016 - 16:03:26: [umm.amxx] Plugin matching "mapchooser.amxx" stopped
L 05/13/2016 - 17:38:24: -------- Mapchange to jail_xmf --------
L 05/13/2016 - 17:38:25: [GEOIP] Database info: GEO-106FREE 20080801 Build 1 Copyright (c) 2007 MaxMind LLC All Rights Reserved
