L 05/23/2016 - 17:13:43: -------- Mapchange to jail_xmf --------
L 05/23/2016 - 17:13:44: [GEOIP] Database info: GEO-106FREE 20080801 Build 1 Copyright (c) 2007 MaxMind LLC All Rights Reserved
L 05/23/2016 - 17:13:51: [AMXX] Failed to open dictionary file: cstrike\addons\amxmodx\data\lang\grab_plus.txt
L 05/23/2016 - 17:13:51: [colored_translit_config.amxx] Can't add menu item "Настройки чата" from plugin "Colored Translit Config" to menu set because the Menus Front-End plugin itself is not loaded!
L 05/23/2016 - 17:15:39: [admin.amxx] Login: "[Lolz*Sek]_Maks_<1><STEAM_0:0:373846881><>" became an admin (account "[Lolz*Sek]_Maks_") (access "abcdefghijklmnopqrstu") (address "192.168.0.101")
L 05/23/2016 - 17:17:35: [plmenu.amxx] Cmd: "[Lolz*Sek]_Maks_<1><STEAM_0:0:373846881><>" slap with 0 damage "[Lolz*Sek]_Maks_<1><STEAM_0:0:373846881><>"
L 05/23/2016 - 17:17:35: [plmenu.amxx] Cmd: "[Lolz*Sek]_Maks_<1><STEAM_0:0:373846881><>" slap with 0 damage "[Lolz*Sek]_Maks_<1><STEAM_0:0:373846881><>"
L 05/23/2016 - 17:17:35: [plmenu.amxx] Cmd: "[Lolz*Sek]_Maks_<1><STEAM_0:0:373846881><>" slap with 0 damage "[Lolz*Sek]_Maks_<1><STEAM_0:0:373846881><>"
L 05/23/2016 - 17:17:35: [plmenu.amxx] Cmd: "[Lolz*Sek]_Maks_<1><STEAM_0:0:373846881><>" slap with 0 damage "[Lolz*Sek]_Maks_<1><STEAM_0:0:373846881><>"
L 05/23/2016 - 17:17:35: [plmenu.amxx] Cmd: "[Lolz*Sek]_Maks_<1><STEAM_0:0:373846881><>" slap with 0 damage "[Lolz*Sek]_Maks_<1><STEAM_0:0:373846881><>"
L 05/23/2016 - 17:17:36: [plmenu.amxx] Cmd: "[Lolz*Sek]_Maks_<1><STEAM_0:0:373846881><>" slap with 0 damage "[Lolz*Sek]_Maks_<1><STEAM_0:0:373846881><>"
L 05/23/2016 - 17:17:36: [plmenu.amxx] Cmd: "[Lolz*Sek]_Maks_<1><STEAM_0:0:373846881><>" slap with 0 damage "[Lolz*Sek]_Maks_<1><STEAM_0:0:373846881><>"
L 05/23/2016 - 17:17:36: [plmenu.amxx] Cmd: "[Lolz*Sek]_Maks_<1><STEAM_0:0:373846881><>" slap with 0 damage "[Lolz*Sek]_Maks_<1><STEAM_0:0:373846881><>"
L 05/23/2016 - 17:17:36: [plmenu.amxx] Cmd: "[Lolz*Sek]_Maks_<1><STEAM_0:0:373846881><>" slap with 0 damage "[Lolz*Sek]_Maks_<1><STEAM_0:0:373846881><>"
L 05/23/2016 - 17:17:36: [plmenu.amxx] Cmd: "[Lolz*Sek]_Maks_<1><STEAM_0:0:373846881><>" slap with 0 damage "[Lolz*Sek]_Maks_<1><STEAM_0:0:373846881><>"
L 05/23/2016 - 17:17:36: [plmenu.amxx] Cmd: "[Lolz*Sek]_Maks_<1><STEAM_0:0:373846881><>" slap with 0 damage "[Lolz*Sek]_Maks_<1><STEAM_0:0:373846881><>"
L 05/23/2016 - 17:17:37: [plmenu.amxx] Cmd: "[Lolz*Sek]_Maks_<1><STEAM_0:0:373846881><>" slap with 0 damage "[Lolz*Sek]_Maks_<1><STEAM_0:0:373846881><>"
L 05/23/2016 - 17:17:37: [plmenu.amxx] Cmd: "[Lolz*Sek]_Maks_<1><STEAM_0:0:373846881><>" slap with 0 damage "[Lolz*Sek]_Maks_<1><STEAM_0:0:373846881><>"
L 05/23/2016 - 17:17:37: [plmenu.amxx] Cmd: "[Lolz*Sek]_Maks_<1><STEAM_0:0:373846881><>" slap with 0 damage "[Lolz*Sek]_Maks_<1><STEAM_0:0:373846881><>"
L 05/23/2016 - 17:17:37: [plmenu.amxx] Cmd: "[Lolz*Sek]_Maks_<1><STEAM_0:0:373846881><>" slap with 0 damage "[Lolz*Sek]_Maks_<1><STEAM_0:0:373846881><>"
L 05/23/2016 - 17:17:38: [plmenu.amxx] Cmd: "[Lolz*Sek]_Maks_<1><STEAM_0:0:373846881><>" slap with 0 damage "[Lolz*Sek]_Maks_<1><STEAM_0:0:373846881><>"
L 05/23/2016 - 17:17:38: [plmenu.amxx] Cmd: "[Lolz*Sek]_Maks_<1><STEAM_0:0:373846881><>" slap with 0 damage "[Lolz*Sek]_Maks_<1><STEAM_0:0:373846881><>"
L 05/23/2016 - 17:17:38: [plmenu.amxx] Cmd: "[Lolz*Sek]_Maks_<1><STEAM_0:0:373846881><>" slap with 0 damage "[Lolz*Sek]_Maks_<1><STEAM_0:0:373846881><>"
L 05/23/2016 - 17:17:38: [plmenu.amxx] Cmd: "[Lolz*Sek]_Maks_<1><STEAM_0:0:373846881><>" slap with 0 damage "[Lolz*Sek]_Maks_<1><STEAM_0:0:373846881><>"
L 05/23/2016 - 17:17:39: [plmenu.amxx] Cmd: "[Lolz*Sek]_Maks_<1><STEAM_0:0:373846881><>" slap with 0 damage "[Lolz*Sek]_Maks_<1><STEAM_0:0:373846881><>"
L 05/23/2016 - 17:17:39: [plmenu.amxx] Cmd: "[Lolz*Sek]_Maks_<1><STEAM_0:0:373846881><>" slap with 0 damage "[Lolz*Sek]_Maks_<1><STEAM_0:0:373846881><>"
L 05/23/2016 - 17:17:39: [plmenu.amxx] Cmd: "[Lolz*Sek]_Maks_<1><STEAM_0:0:373846881><>" slap with 0 damage "[Lolz*Sek]_Maks_<1><STEAM_0:0:373846881><>"
L 05/23/2016 - 17:17:39: [plmenu.amxx] Cmd: "[Lolz*Sek]_Maks_<1><STEAM_0:0:373846881><>" slap with 0 damage "[Lolz*Sek]_Maks_<1><STEAM_0:0:373846881><>"
L 05/23/2016 - 17:17:40: [plmenu.amxx] Cmd: "[Lolz*Sek]_Maks_<1><STEAM_0:0:373846881><>" slap with 0 damage "[Lolz*Sek]_Maks_<1><STEAM_0:0:373846881><>"
L 05/23/2016 - 17:17:40: [plmenu.amxx] Cmd: "[Lolz*Sek]_Maks_<1><STEAM_0:0:373846881><>" slap with 0 damage "[Lolz*Sek]_Maks_<1><STEAM_0:0:373846881><>"
