L 10/20/2016 - 15:23:29: -------- Mapchange to jail_west_v2 --------
L 10/20/2016 - 15:23:29: [GEOIP] Database info: GEO-106FREE 20080801 Build 1 Copyright (c) 2007 MaxMind LLC All Rights Reserved
L 10/20/2016 - 15:23:32: [nextmap.amxx] WARNING: Couldn't find a valid map or the file doesn't exist (file "mapcycle.txt")
L 10/20/2016 - 15:23:32: Invalid multi-lingual line (file "cstrike\addons\amxmodx\data\lang\jbe_privilegii.txt" line 1)
L 10/20/2016 - 15:23:32: Invalid multi-lingual line (file "cstrike\addons\amxmodx\data\lang\jbe_core.txt" line 1)
L 10/20/2016 - 15:23:32: Invalid multi-lingual line (file "cstrike\addons\amxmodx\data\lang\jbe_ranks_prisoner.txt" line 1)
L 10/20/2016 - 15:23:32: Invalid multi-lingual line (file "cstrike\addons\amxmodx\data\lang\jbe_shop.txt" line 1)
L 10/20/2016 - 15:23:32: Invalid multi-lingual line (file "cstrike\addons\amxmodx\data\lang\jbe_costumes.txt" line 1)
L 10/20/2016 - 15:23:32: Invalid multi-lingual line (file "cstrike\addons\amxmodx\data\lang\jbe_grab.txt" line 1)
L 10/20/2016 - 15:23:32: Invalid multi-lingual line (file "cstrike\addons\amxmodx\data\lang\jbe_ar4mode_hook.txt" line 1)
L 10/20/2016 - 15:23:32: Invalid multi-lingual line (file "cstrike\addons\amxmodx\data\lang\jbe_roleplay.txt" line 1)
L 10/20/2016 - 15:23:32: Invalid multi-lingual line (file "cstrike\addons\amxmodx\data\lang\colored_translit.txt" line 1)
L 10/20/2016 - 15:23:32: Invalid multi-lingual line (file "cstrike\addons\amxmodx\data\lang\colored_translit_config.txt" line 1)
L 10/20/2016 - 15:23:33: [colored_translit_config.amxx] Can't add menu item "Настройки чата" from plugin "Colored Translit Config" to menu set because the Menus Front-End plugin itself is not loaded!
L 10/20/2016 - 15:23:33: [AMXX] Failed to open dictionary file: cstrike\addons\amxmodx\data\lang\map_spawns_editor.txt
L 10/20/2016 - 15:23:34: [pluginmenu.amxx] Can't add menu item "Настр. конваров" from plugin "pluginmenu.amxx" to menu set because the Menus Front-End plugin itself is not loaded!
L 10/20/2016 - 15:23:34: [pluginmenu.amxx] Can't add menu item "Настр. команд" from plugin "pluginmenu.amxx" to menu set because the Menus Front-End plugin itself is not loaded!
L 10/20/2016 - 15:23:42: [admin.amxx] Login: "ZLOYTPEK<1><STEAM_0:0:87505889><>" became an admin (account "ZLOYTPEK") (access "abcdefghijklmnopqrstu") (address "10.54.170.230")
L 10/20/2016 - 15:23:55: [jbe_core.amxx] [RANK] MySQL connection failed
L 10/20/2016 - 15:23:55: [jbe_core.amxx] [ 2003 ] Can't connect to MySQL server on 'db2.myarena.ru' (10060)
L 10/20/2016 - 15:23:55: [jbe_core.amxx] Query state: 2
L 10/20/2016 - 15:24:17: [jbe_core.amxx] [RANK] MySQL connection failed
L 10/20/2016 - 15:24:17: [jbe_core.amxx] [ 2003 ] Can't connect to MySQL server on 'db2.myarena.ru' (10060)
L 10/20/2016 - 15:24:17: [jbe_core.amxx] Query state: 0
L 10/20/2016 - 15:24:50: [jbe_core.amxx] [RANK] MySQL connection failed
L 10/20/2016 - 15:24:50: [jbe_core.amxx] [ 2003 ] Can't connect to MySQL server on 'db2.myarena.ru' (10060)
L 10/20/2016 - 15:24:50: [jbe_core.amxx] Query state: 2
